0 0
0.0009765625 9.765625e-06
0.001953125 1.95360182784498e-05
0.0029296875 2.93111819771639e-05
0.00390625 3.90911182387295e-05
0.0048828125 4.88758292065067e-05
0.005859375 5.86653170246283e-05
0.0068359375 6.84595838380003e-05
0.0078125 7.82586317923014e-05
0.0087890625 8.80624630339838e-05
0.009765625 9.78710797102724e-05
0.0107421875 0.000107684483969166
0.01171875 0.000117502677959436
0.0126953125 0.000127325663830628
0.013671875 0.00013715344373306
0.0146484375 0.000146986019817825
0.015625 0.000156823394236789
0.0166015625 0.000166665569142591
0.017578125 0.000176512546688645
0.0185546875 0.000186364329029138
0.01953125 0.000196220918319032
0.0205078125 0.000206082316714062
0.021484375 0.000215948526370738
0.0224609375 0.000225819549446343
0.0234375 0.000235695388098935
0.0244140625 0.000245576044487346
0.025390625 0.000255461520771184
0.0263671875 0.00026535181911083
0.02734375 0.000275246941667439
0.0283203125 0.000285146890602942
0.029296875 0.000295051668080043
0.0302734375 0.000304961276262224
0.03125 0.000314875717313739
0.0322265625 0.000324794993399617
0.033203125 0.000334719106685664
0.0341796875 0.00034464805933846
0.03515625 0.000354581853525359
0.0361328125 0.000364520491414491
0.037109375 0.000374463975174763
0.0380859375 0.000384412306975856
0.0390625 0.000394365488988225
0.0400390625 0.000404323523383103
0.041015625 0.000414286412332498
0.0419921875 0.000424254158009192
0.04296875 0.000434226762586745
0.0439453125 0.000444204228239491
0.044921875 0.000454186557142541
0.0458984375 0.000464173751471782
0.046875 0.000474165813403876
0.0478515625 0.000484162745116262
0.048828125 0.000494164548787155
0.0498046875 0.000504171226595546
0.05078125 0.000514182780721202
0.0517578125 0.000524199213344667
0.052734375 0.000534220526647262
0.0537109375 0.000544246722811083
0.0546875 0.000554277804019003
0.0556640625 0.000564313772454673
0.056640625 0.000574354630302518
0.0576171875 0.000584400379747742
0.05859375 0.000594451022976326
0.0595703125 0.000604506562175027
0.060546875 0.000614566999531378
0.0615234375 0.000624632337233692
0.0625 0.000634702577471055
0.0634765625 0.000644777722433334
0.064453125 0.000654857774311171
0.0654296875 0.000664942735295986
0.06640625 0.000675032607579978
0.0673828125 0.000685127393356119
0.068359375 0.000695227094818163
0.0693359375 0.000705331714160639
0.0703125 0.000715441253578855
0.0712890625 0.000725555715268896
0.072265625 0.000735675101427625
0.0732421875 0.000745799414252683
0.07421875 0.000755928655942488
0.0751953125 0.000766062828696236
0.076171875 0.000776201934713903
0.0771484375 0.00078634597619624
0.078125 0.000796494955344779
0.0791015625 0.000806648874361828
0.080078125 0.000816807735450475
0.0810546875 0.000826971540814585
0.08203125 0.000837140292658802
0.0830078125 0.000847313993188548
0.083984375 0.000857492644610024
0.0849609375 0.000867676249130209
0.0859375 0.000877864808956861
0.0869140625 0.000888058326298517
0.087890625 0.000898256803364492
0.0888671875 0.00090846024236488
0.08984375 0.000918668645510554
0.0908203125 0.000928882015013166
0.091796875 0.000939100353085147
0.0927734375 0.000949323661939707
0.09375 0.000959551943790835
0.0947265625 0.000969785200853299
0.095703125 0.000980023435342645
0.0966796875 0.000990266649475201
0.09765625 0.00100051484546807
0.0986328125 0.00101076802553915
0.099609375 0.00102102619190708
0.1005859375 0.00103128934679133
0.1015625 0.00104155749241211
0.1025390625 0.00105183063099043
0.103515625 0.00106210876474806
0.1044921875 0.00107239189590758
0.10546875 0.00108268002669232
0.1064453125 0.00109297315932641
0.107421875 0.00110327129603475
0.1083984375 0.00111357443904301
0.109375 0.00112388259057767
0.1103515625 0.00113419575286596
0.111328125 0.00114451392813591
0.1123046875 0.00115483711861632
0.11328125 0.00116516532653676
0.1142578125 0.00117549855412761
0.115234375 0.00118583680362001
0.1162109375 0.00119618007724587
0.1171875 0.00120652837723791
0.1181640625 0.0012168817058296
0.119140625 0.00122724006525522
0.1201171875 0.0012376034577498
0.12109375 0.00124797188554917
0.1220703125 0.00125834535088994
0.123046875 0.00126872385600949
0.1240234375 0.001279107403146
0.125 0.0012894959945384
0.1259765625 0.00129988963242644
0.126953125 0.00131028831905062
0.1279296875 0.00132069205665223
0.12890625 0.00133110084747334
0.1298828125 0.0013415146937568
0.130859375 0.00135193359774626
0.1318359375 0.00136235756168613
0.1328125 0.00137278658782159
0.1337890625 0.00138322067839864
0.134765625 0.00139365983566402
0.1357421875 0.00140410406186529
0.13671875 0.00141455335925075
0.1376953125 0.00142500773006952
0.138671875 0.00143546717657148
0.1396484375 0.00144593170100729
0.140625 0.0014564013056284
0.1416015625 0.00146687599268705
0.142578125 0.00147735576443623
0.1435546875 0.00148784062312975
0.14453125 0.00149833057102218
0.1455078125 0.00150882561036887
0.146484375 0.00151932574342596
0.1474609375 0.00152983097245037
0.1484375 0.00154034129969981
0.1494140625 0.00155085672743275
0.150390625 0.00156137725790846
0.1513671875 0.00157190289338698
0.15234375 0.00158243363612916
0.1533203125 0.00159296948839659
0.154296875 0.00160351045245168
0.1552734375 0.00161405653055759
0.15625 0.00162460772497829
0.1572265625 0.00163516403797851
0.158203125 0.00164572547182378
0.1591796875 0.00165629202878041
0.16015625 0.00166686371111547
0.1611328125 0.00167744052109685
0.162109375 0.00168802246099318
0.1630859375 0.00169860953307391
0.1640625 0.00170920173960925
0.1650390625 0.00171979908287021
0.166015625 0.00173040156512856
0.1669921875 0.00174100918865687
0.16796875 0.00175162195572848
0.1689453125 0.00176223986861753
0.169921875 0.00177286292959893
0.1708984375 0.00178349114094838
0.171875 0.00179412450494235
0.1728515625 0.0018047630238581
0.173828125 0.00181540669997368
0.1748046875 0.00182605553556792
0.17578125 0.00183670953292043
0.1767578125 0.00184736869431159
0.177734375 0.00185803302202259
0.1787109375 0.00186870251833538
0.1796875 0.00187937718553271
0.1806640625 0.0018900570258981
0.181640625 0.00190074204171587
0.1826171875 0.00191143223527109
0.18359375 0.00192212760884965
0.1845703125 0.0019328281647382
0.185546875 0.0019435339052242
0.1865234375 0.00195424483259585
0.1875 0.00196496094914217
0.1884765625 0.00197568225715295
0.189453125 0.00198640875891876
0.1904296875 0.00199714045673097
0.19140625 0.00200787735288172
0.1923828125 0.00201861944966392
0.193359375 0.00202936674937129
0.1943359375 0.00204011925429833
0.1953125 0.0020508769667403
0.1962890625 0.00206163988899326
0.197265625 0.00207240802335407
0.1982421875 0.00208318137212034
0.19921875 0.00209395993759049
0.2001953125 0.0021047437220637
0.201171875 0.00211553272783997
0.2021484375 0.00212632695722005
0.203125 0.00213712641250548
0.2041015625 0.00214793109599859
0.205078125 0.0021587410100025
0.2060546875 0.00216955615682111
0.20703125 0.00218037653875909
0.2080078125 0.00219120215812191
0.208984375 0.00220203301721582
0.2099609375 0.00221286911834785
0.2109375 0.00222371046382582
0.2119140625 0.00223455705595833
0.212890625 0.00224540889705475
0.2138671875 0.00225626598942527
0.21484375 0.00226712833538084
0.2158203125 0.00227799593723318
0.216796875 0.00228886879729483
0.2177734375 0.00229974691787908
0.21875 0.00231063030130003
0.2197265625 0.00232151894987256
0.220703125 0.0023324128659123
0.2216796875 0.00234331205173572
0.22265625 0.00235421650966003
0.2236328125 0.00236512624200325
0.224609375 0.00237604125108417
0.2255859375 0.00238696153922237
0.2265625 0.00239788710873821
0.2275390625 0.00240881796195284
0.228515625 0.0024197541011882
0.2294921875 0.00243069552876699
0.23046875 0.00244164224701272
0.2314453125 0.00245259425824968
0.232421875 0.00246355156480293
0.2333984375 0.00247451416899833
0.234375 0.00248548207316251
0.2353515625 0.00249645527962291
0.236328125 0.00250743379070772
0.2373046875 0.00251841760874594
0.23828125 0.00252940673606735
0.2392578125 0.00254040117500251
0.240234375 0.00255140092788275
0.2412109375 0.00256240599704022
0.2421875 0.00257341638480782
0.2431640625 0.00258443209351926
0.244140625 0.00259545312550902
0.2451171875 0.00260647948311237
0.24609375 0.00261751116866536
0.2470703125 0.00262854818450482
0.248046875 0.00263959053296839
0.2490234375 0.00265063821639447
0.25 0.00266169123712225
0.2509765625 0.0026727495974917
0.251953125 0.00268381329984359
0.2529296875 0.00269488234651946
0.25390625 0.00270595673986165
0.2548828125 0.00271703648221326
0.255859375 0.0027281215759182
0.2568359375 0.00273921202332116
0.2578125 0.0027503078267676
0.2587890625 0.00276140898860377
0.259765625 0.00277251551117672
0.2607421875 0.00278362739683427
0.26171875 0.00279474464792502
0.2626953125 0.00280586726679838
0.263671875 0.00281699525580451
0.2646484375 0.00282812861729438
0.265625 0.00283926735361975
0.2666015625 0.00285041146713313
0.267578125 0.00286156096018785
0.2685546875 0.00287271583513801
0.26953125 0.0028838760943385
0.2705078125 0.00289504174014499
0.271484375 0.00290621277491393
0.2724609375 0.00291738920100256
0.2734375 0.00292857102076892
0.2744140625 0.00293975823657181
0.275390625 0.00295095085077083
0.2763671875 0.00296214886572636
0.27734375 0.00297335228379956
0.2783203125 0.00298456110735239
0.279296875 0.00299577533874758
0.2802734375 0.00300699498034865
0.28125 0.0030182200345199
0.2822265625 0.00302945050362643
0.283203125 0.0030406863900341
0.2841796875 0.00305192769610959
0.28515625 0.00306317442422032
0.2861328125 0.00307442657673454
0.287109375 0.00308568415602125
0.2880859375 0.00309694716445025
0.2890625 0.00310821560439213
0.2900390625 0.00311948947821826
0.291015625 0.00313076878830078
0.2919921875 0.00314205353701264
0.29296875 0.00315334372672756
0.2939453125 0.00316463935982005
0.294921875 0.00317594043866539
0.2958984375 0.00318724696563967
0.296875 0.00319855894311975
0.2978515625 0.00320987637348327
0.298828125 0.00322119925910867
0.2998046875 0.00323252760237516
0.30078125 0.00324386140566275
0.3017578125 0.00325520067135221
0.302734375 0.00326654540182513
0.3037109375 0.00327789559946385
0.3046875 0.00328925126665152
0.3056640625 0.00330061240577205
0.306640625 0.00331197901921017
0.3076171875 0.00332335110935136
0.30859375 0.00333472867858191
0.3095703125 0.00334611172928887
0.310546875 0.0033575002638601
0.3115234375 0.00336889428468423
0.3125 0.00338029379415068
0.3134765625 0.00339169879464964
0.314453125 0.00340310928857212
0.3154296875 0.00341452527830987
0.31640625 0.00342594676625545
0.3173828125 0.00343737375480221
0.318359375 0.00344880624634427
0.3193359375 0.00346024424327655
0.3203125 0.00347168774799472
0.3212890625 0.00348313676289529
0.322265625 0.0034945912903755
0.3232421875 0.00350605133283341
0.32421875 0.00351751689266786
0.3251953125 0.00352898797227844
0.326171875 0.00354046457406558
0.3271484375 0.00355194670043046
0.328125 0.00356343435377504
0.3291015625 0.00357492753650209
0.330078125 0.00358642625101513
0.3310546875 0.00359793049971851
0.33203125 0.00360944028501731
0.3330078125 0.00362095560931745
0.333984375 0.00363247647502559
0.3349609375 0.00364400288454919
0.3359375 0.00365553484029651
0.3369140625 0.00366707234467657
0.337890625 0.00367861540009918
0.3388671875 0.00369016400897495
0.33984375 0.00370171817371526
0.3408203125 0.00371327789673227
0.341796875 0.00372484318043894
0.3427734375 0.003736414027249
0.34375 0.00374799043957697
0.3447265625 0.00375957241983815
0.345703125 0.00377115997044864
0.3466796875 0.0037827530938253
0.34765625 0.00379435179238579
0.3486328125 0.00380595606854855
0.349609375 0.00381756592473281
0.3505859375 0.00382918136335857
0.3515625 0.00384080238684662
0.3525390625 0.00385242899761854
0.353515625 0.0038640611980967
0.3544921875 0.00387569899070422
0.35546875 0.00388734237786505
0.3564453125 0.00389899136200388
0.357421875 0.00391064594554623
0.3583984375 0.00392230613091836
0.359375 0.00393397192054734
0.3603515625 0.00394564331686101
0.361328125 0.00395732032228801
0.3623046875 0.00396900293925775
0.36328125 0.00398069117020042
0.3642578125 0.00399238501754701
0.365234375 0.00400408448372928
0.3662109375 0.00401578957117978
0.3671875 0.00402750028233184
0.3681640625 0.00403921661961958
0.369140625 0.00405093858547789
0.3701171875 0.00406266618234246
0.37109375 0.00407439941264974
0.3720703125 0.004086138278837
0.373046875 0.00409788278334226
0.3740234375 0.00410963292860433
0.375 0.00412138871706283
0.3759765625 0.00413315015115811
0.376953125 0.00414491723333136
0.3779296875 0.00415668996602452
0.37890625 0.00416846835168032
0.3798828125 0.00418025239274227
0.380859375 0.00419204209165468
0.3818359375 0.00420383745086262
0.3828125 0.00421563847281195
0.3837890625 0.00422744515994933
0.384765625 0.00423925751472217
0.3857421875 0.0042510755395787
0.38671875 0.00426289923696791
0.3876953125 0.00427472860933957
0.388671875 0.00428656365914424
0.3896484375 0.00429840438883327
0.390625 0.00431025080085879
0.3916015625 0.00432210289767369
0.392578125 0.00433396068173168
0.3935546875 0.00434582415548722
0.39453125 0.00435769332139558
0.3955078125 0.00436956818191278
0.396484375 0.00438144873949565
0.3974609375 0.00439333499660179
0.3984375 0.00440522695568959
0.3994140625 0.00441712461921822
0.400390625 0.00442902798964762
0.4013671875 0.00444093706943853
0.40234375 0.00445285186105246
0.4033203125 0.00446477236695171
0.404296875 0.00447669858959935
0.4052734375 0.00448863053145925
0.40625 0.00450056819499605
0.4072265625 0.00451251158267517
0.408203125 0.00452446069696282
0.4091796875 0.00453641554032599
0.41015625 0.00454837611523244
0.4111328125 0.00456034242415073
0.412109375 0.0045723144695502
0.4130859375 0.00458429225390095
0.4140625 0.00459627577967388
0.4150390625 0.00460826504934067
0.416015625 0.00462026006537378
0.4169921875 0.00463226083024645
0.41796875 0.0046442673464327
0.4189453125 0.00465627961640734
0.419921875 0.00466829764264595
0.4208984375 0.0046803214276249
0.421875 0.00469235097382133
0.4228515625 0.00470438628371318
0.423828125 0.00471642735977915
0.4248046875 0.00472847420449873
0.42578125 0.00474052682035219
0.4267578125 0.00475258520982059
0.427734375 0.00476464937538576
0.4287109375 0.00477671931953031
0.4296875 0.00478879504473764
0.4306640625 0.00480087655349193
0.431640625 0.00481296384827812
0.4326171875 0.00482505693158197
0.43359375 0.00483715580588997
0.4345703125 0.00484926047368944
0.435546875 0.00486137093746845
0.4365234375 0.00487348719971585
0.4375 0.00488560926292129
0.4384765625 0.00489773712957519
0.439453125 0.00490987080216874
0.4404296875 0.00492201028319393
0.44140625 0.00493415557514351
0.4423828125 0.00494630668051102
0.443359375 0.00495846360179078
0.4443359375 0.0049706263414779
0.4453125 0.00498279490206824
0.4462890625 0.00499496928605847
0.447265625 0.00500714949594603
0.4482421875 0.00501933553422914
0.44921875 0.00503152740340678
0.4501953125 0.00504372510597875
0.451171875 0.00505592864444559
0.4521484375 0.00506813802130864
0.453125 0.00508035323907002
0.4541015625 0.00509257430023262
0.455078125 0.00510480120730011
0.4560546875 0.00511703396277695
0.45703125 0.00512927256916837
0.4580078125 0.00514151702898037
0.458984375 0.00515376734471976
0.4599609375 0.00516602351889409
0.4609375 0.00517828555401172
0.4619140625 0.00519055345258176
0.462890625 0.00520282721711413
0.4638671875 0.00521510685011951
0.46484375 0.00522739235410936
0.4658203125 0.00523968373159591
0.466796875 0.00525198098509219
0.4677734375 0.00526428411711199
0.46875 0.00527659313016989
0.4697265625 0.00528890802678124
0.470703125 0.00530122880946218
0.4716796875 0.0053135554807296
0.47265625 0.0053258880431012
0.4736328125 0.00533822649909544
0.474609375 0.00535057085123157
0.4755859375 0.00536292110202959
0.4765625 0.00537527725401033
0.4775390625 0.00538763930969533
0.478515625 0.00540000727160697
0.4794921875 0.00541238114226837
0.48046875 0.00542476092420343
0.4814453125 0.00543714661993684
0.482421875 0.00544953823199407
0.4833984375 0.00546193576290135
0.484375 0.0054743392151857
0.4853515625 0.00548674859137491
0.486328125 0.00549916389399755
0.4873046875 0.00551158512558297
0.48828125 0.00552401228866128
0.4892578125 0.0055364453857634
0.490234375 0.00554888441942099
0.4912109375 0.0055613293921665
0.4921875 0.00557378030653318
0.4931640625 0.00558623716505502
0.494140625 0.0055986999702668
0.4951171875 0.00561116872470408
0.49609375 0.00562364343090319
0.4970703125 0.00563612409140125
0.498046875 0.00564861070873614
0.4990234375 0.00566110328544652
0.5 0.00567360182407183
0.5009765625 0.00568610632715228
0.501953125 0.00569861679722885
0.5029296875 0.00571113323684332
0.50390625 0.00572365564853821
0.5048828125 0.00573618403485685
0.505859375 0.00574871839834332
0.5068359375 0.00576125874154249
0.5078125 0.005773805067
0.5087890625 0.00578635737726225
0.509765625 0.00579891567487644
0.5107421875 0.00581147996239054
0.51171875 0.00582405024235327
0.5126953125 0.00583662651731416
0.513671875 0.0058492087898235
0.5146484375 0.00586179706243233
0.515625 0.0058743913376925
0.5166015625 0.00588699161815662
0.517578125 0.00589959790637807
0.5185546875 0.00591221020491101
0.51953125 0.00592482851631037
0.5205078125 0.00593745284313187
0.521484375 0.00595008318793197
0.5224609375 0.00596271955326793
0.5234375 0.00597536194169777
0.5244140625 0.00598801035578031
0.525390625 0.0060006647980751
0.5263671875 0.0060133252711425
0.52734375 0.00602599177754363
0.5283203125 0.00603866431984037
0.529296875 0.00605134290059541
0.5302734375 0.00606402752237216
0.53125 0.00607671818773485
0.5322265625 0.00608941489924846
0.533203125 0.00610211765947874
0.5341796875 0.00611482647099223
0.53515625 0.00612754133635622
0.5361328125 0.00614026225813879
0.537109375 0.00615298923890878
0.5380859375 0.00616572228123581
0.5390625 0.00617846138769027
0.5400390625 0.00619120656084332
0.541015625 0.0062039578032669
0.5419921875 0.0062167151175337
0.54296875 0.00622947850621721
0.5439453125 0.00624224797189168
0.544921875 0.00625502351713211
0.5458984375 0.0062678051445143
0.546875 0.00628059285661482
0.5478515625 0.00629338665601099
0.548828125 0.00630618654528091
0.5498046875 0.00631899252700347
0.55078125 0.0063318046037583
0.5517578125 0.00634462277812581
0.552734375 0.00635744705268721
0.5537109375 0.00637027743002443
0.5546875 0.00638311391272021
0.5556640625 0.00639595650335804
0.556640625 0.00640880520452218
0.5576171875 0.00642166001879768
0.55859375 0.00643452094877034
0.5595703125 0.00644738799702673
0.560546875 0.0064602611661542
0.5615234375 0.00647314045874086
0.5625 0.0064860258773756
0.5634765625 0.00649891742464807
0.564453125 0.00651181510314869
0.5654296875 0.00652471891546864
0.56640625 0.0065376288641999
0.5673828125 0.00655054495193519
0.568359375 0.006563467181268
0.5693359375 0.00657639555479261
0.5703125 0.00658933007510403
0.5712890625 0.00660227074479809
0.572265625 0.00661521756647134
0.5732421875 0.00662817054272113
0.57421875 0.00664112967614556
0.5751953125 0.00665409496934351
0.576171875 0.00666706642491461
0.5771484375 0.00668004404545929
0.578125 0.0066930278335787
0.5791015625 0.0067060177918748
0.580078125 0.0067190139229503
0.5810546875 0.00673201622940868
0.58203125 0.00674502471385418
0.5830078125 0.00675803937889181
0.583984375 0.00677106022712736
0.5849609375 0.00678408726116736
0.5859375 0.00679712048361914
0.5869140625 0.00681015989709076
0.587890625 0.00682320550419107
0.5888671875 0.00683625730752969
0.58984375 0.00684931530971698
0.5908203125 0.0068623795133641
0.591796875 0.00687544992108294
0.5927734375 0.00688852653548619
0.59375 0.00690160935918728
0.5947265625 0.00691469839480041
0.595703125 0.00692779364494055
0.5966796875 0.00694089511222345
0.59765625 0.00695400279926559
0.5986328125 0.00696711670868424
0.599609375 0.00698023684309744
0.6005859375 0.00699336320512396
0.6015625 0.00700649579738338
0.6025390625 0.00701963462249601
0.603515625 0.00703277968308294
0.6044921875 0.00704593098176601
0.60546875 0.00705908852116785
0.6064453125 0.00707225230391183
0.607421875 0.00708542233262209
0.6083984375 0.00709859860992354
0.609375 0.00711178113844183
0.6103515625 0.00712496992080342
0.611328125 0.00713816495963548
0.6123046875 0.00715136625756597
0.61328125 0.00716457381722362
0.6142578125 0.00717778764123791
0.615234375 0.00719100773223907
0.6162109375 0.00720423409285813
0.6171875 0.00721746672572685
0.6181640625 0.00723070563347775
0.619140625 0.00724395081874414
0.6201171875 0.00725720228416006
0.62109375 0.00727046003236034
0.6220703125 0.00728372406598056
0.623046875 0.00729699438765704
0.6240234375 0.0073102710000269
0.625 0.00732355390572799
0.6259765625 0.00733684310739894
0.626953125 0.00735013860767914
0.6279296875 0.00736344040920871
0.62890625 0.00737674851462858
0.6298828125 0.0073900629265804
0.630859375 0.00740338364770661
0.6318359375 0.00741671068065038
0.6328125 0.00743004402805565
0.6337890625 0.00744338369256715
0.634765625 0.00745672967683032
0.6357421875 0.0074700819834914
0.63671875 0.00748344061519736
0.6376953125 0.00749680557459595
0.638671875 0.00751017686433567
0.6396484375 0.00752355448706578
0.640625 0.0075369384454363
0.6416015625 0.00755032874209801
0.642578125 0.00756372537970244
0.6435546875 0.00757712836090188
0.64453125 0.0075905376883494
0.6455078125 0.00760395336469879
0.646484375 0.00761737539260462
0.6474609375 0.00763080377472223
0.6484375 0.00764423851370769
0.6494140625 0.00765767961221785
0.650390625 0.0076711270729103
0.6513671875 0.00768458089844339
0.65234375 0.00769804109147624
0.6533203125 0.00771150765466871
0.654296875 0.00772498059068143
0.6552734375 0.00773845990217578
0.65625 0.0077519455918139
0.6572265625 0.00776543766225867
0.658203125 0.00777893611617375
0.6591796875 0.00779244095622354
0.66015625 0.00780595218507321
0.6611328125 0.00781946980538866
0.662109375 0.00783299381983656
0.6630859375 0.00784652423108435
0.6640625 0.00786006104180021
0.6650390625 0.00787360425465306
0.666015625 0.0078871538723126
0.6669921875 0.00790070989744927
0.66796875 0.00791427233273427
0.6689453125 0.00792784118083955
0.669921875 0.00794141644443782
0.6708984375 0.00795499812620255
0.671875 0.00796858622880793
0.6728515625 0.00798218075492894
0.673828125 0.00799578170724131
0.6748046875 0.00800938908842149
0.67578125 0.00802300290114673
0.6767578125 0.00803662314809499
0.677734375 0.00805024983194502
0.6787109375 0.00806388295537628
0.6796875 0.00807752252106902
0.6806640625 0.00809116853170424
0.681640625 0.00810482098996365
0.6826171875 0.00811847989852977
0.68359375 0.00813214526008583
0.6845703125 0.00814581707731582
0.685546875 0.00815949535290449
0.6865234375 0.00817318008953734
0.6875 0.00818687128990062
0.6884765625 0.00820056895668131
0.689453125 0.00821427309256718
0.6904296875 0.00822798370024671
0.69140625 0.00824170078240917
0.6923828125 0.00825542434174454
0.693359375 0.00826915438094357
0.6943359375 0.00828289090269776
0.6953125 0.00829663390969937
0.6962890625 0.00831038340464138
0.697265625 0.00832413939021754
0.6982421875 0.00833790186912235
0.69921875 0.00835167084405104
0.7001953125 0.00836544631769961
0.701171875 0.0083792282927648
0.7021484375 0.0083930167719441
0.703125 0.00840681175793574
0.7041015625 0.0084206132534387
0.705078125 0.00843442126115272
0.7060546875 0.00844823578377828
0.70703125 0.00846205682401659
0.7080078125 0.00847588438456963
0.708984375 0.00848971846814012
0.7099609375 0.00850355907743153
0.7109375 0.00851740621514806
0.7119140625 0.00853125988399469
0.712890625 0.0085451200866771
0.7138671875 0.00855898682590175
0.71484375 0.00857286010437584
0.7158203125 0.0085867399248073
0.716796875 0.00860062628990483
0.7177734375 0.00861451920237785
0.71875 0.00862841866493654
0.7197265625 0.00864232468029182
0.720703125 0.00865623725115536
0.7216796875 0.00867015638023957
0.72265625 0.0086840820702576
0.7236328125 0.00869801432392335
0.724609375 0.00871195314395146
0.7255859375 0.00872589853305731
0.7265625 0.00873985049395704
0.7275390625 0.00875380902936751
0.728515625 0.00876777414200634
0.7294921875 0.00878174583459188
0.73046875 0.00879572410984324
0.7314453125 0.00880970897048026
0.732421875 0.00882370041922351
0.7333984375 0.00883769845879434
0.734375 0.00885170309191479
0.7353515625 0.00886571432130769
0.736328125 0.00887973214969659
0.7373046875 0.00889375657980577
0.73828125 0.00890778761436026
0.7392578125 0.00892182525608584
0.740234375 0.00893586950770903
0.7412109375 0.00894992037195707
0.7421875 0.00896397785155797
0.7431640625 0.00897804194924044
0.744140625 0.00899211266773398
0.7451171875 0.00900619000976878
0.74609375 0.0090202739780758
0.7470703125 0.00903436457538674
0.748046875 0.00904846180443401
0.7490234375 0.0090625656679508
0.75 0.00907667616867101
0.7509765625 0.00909079330932927
0.751953125 0.00910491709266098
0.7529296875 0.00911904752140226
0.75390625 0.00913318459828996
0.7548828125 0.00914732832606167
0.755859375 0.00916147870745574
0.7568359375 0.00917563574521123
0.7578125 0.00918979944206795
0.7587890625 0.00920396980076643
0.759765625 0.00921814682404797
0.7607421875 0.00923233051465456
0.76171875 0.00924652087532897
0.7626953125 0.00926071790881468
0.763671875 0.00927492161785591
0.7646484375 0.00928913200519762
0.765625 0.0093033490735855
0.7666015625 0.00931757282576598
0.767578125 0.00933180326448621
0.7685546875 0.0093460403924941
0.76953125 0.00936028421253827
0.7705078125 0.00937453472736808
0.771484375 0.00938879193973364
0.7724609375 0.00940305585238576
0.7734375 0.00941732646807603
0.7744140625 0.00943160378955672
0.775390625 0.00944588781958088
0.7763671875 0.00946017856090225
0.77734375 0.00947447601627535
0.7783203125 0.00948878018845538
0.779296875 0.00950309108019831
0.7802734375 0.00951740869426083
0.78125 0.00953173303340036
0.7822265625 0.00954606410037505
0.783203125 0.00956040189794378
0.7841796875 0.00957474642886616
0.78515625 0.00958909769590255
0.7861328125 0.009603455701814
0.787109375 0.00961782044936233
0.7880859375 0.00963219194131007
0.7890625 0.00964657018042048
0.7900390625 0.00966095516945756
0.791015625 0.00967534691118602
0.7919921875 0.00968974540837131
0.79296875 0.00970415066377962
0.7939453125 0.00971856268017784
0.794921875 0.00973298146033363
0.7958984375 0.00974740700701532
0.796875 0.00976183932299203
0.7978515625 0.00977627841103356
0.798828125 0.00979072427391046
0.7998046875 0.00980517691439401
0.80078125 0.00981963633525619
0.8017578125 0.00983410253926974
0.802734375 0.0098485755292081
0.8037109375 0.00986305530784545
0.8046875 0.0098775418779567
0.8056640625 0.00989203524231747
0.806640625 0.00990653540370411
0.8076171875 0.00992104236489371
0.80859375 0.00993555612866406
0.8095703125 0.0099500766977937
0.810546875 0.00996460407506187
0.8115234375 0.00997913826324854
0.8125 0.00999367926513443
0.8134765625 0.0100082270835009
0.814453125 0.0100227817211302
0.8154296875 0.0100373431808052
0.81640625 0.0100519114653094
0.8173828125 0.0100664865774271
0.818359375 0.0100810685199434
0.8193359375 0.010095657295644
0.8203125 0.0101102529073155
0.8212890625 0.010124855357745
0.822265625 0.0101394646497205
0.8232421875 0.0101540807860305
0.82421875 0.0101687037694645
0.8251953125 0.0101833336028125
0.826171875 0.0101979702888654
0.8271484375 0.0102126138304146
0.828125 0.0102272642302525
0.8291015625 0.0102419214911719
0.830078125 0.0102565856159666
0.8310546875 0.0102712566074309
0.83203125 0.01028593446836
0.8330078125 0.0103006192015498
0.833984375 0.0103153108097967
0.8349609375 0.0103300092958981
0.8359375 0.0103447146626519
0.8369140625 0.0103594269128568
0.837890625 0.0103741460493123
0.8388671875 0.0103888720748186
0.83984375 0.0104036049921764
0.8408203125 0.0104183448041874
0.841796875 0.0104330915136539
0.8427734375 0.0104478451233788
0.84375 0.0104626056361658
0.8447265625 0.0104773730548195
0.845703125 0.010492147382145
0.8466796875 0.0105069286209481
0.84765625 0.0105217167740354
0.8486328125 0.0105365118442143
0.849609375 0.0105513138342927
0.8505859375 0.0105661227470793
0.8515625 0.0105809385853836
0.8525390625 0.0105957613520158
0.853515625 0.0106105910497867
0.8544921875 0.0106254276815079
0.85546875 0.0106402712499916
0.8564453125 0.0106551217580509
0.857421875 0.0106699792084995
0.8583984375 0.0106848436041518
0.859375 0.0106997149478229
0.8603515625 0.0107145932423287
0.861328125 0.0107294784904857
0.8623046875 0.0107443706951113
0.86328125 0.0107592698590233
0.8642578125 0.0107741759850405
0.865234375 0.0107890890759823
0.8662109375 0.0108040091346687
0.8671875 0.0108189361639206
0.8681640625 0.0108338701665595
0.869140625 0.0108488111454077
0.8701171875 0.010863759103288
0.87109375 0.0108787140430241
0.8720703125 0.0108936759674404
0.873046875 0.0109086448793619
0.8740234375 0.0109236207816144
0.875 0.0109386036770244
0.8759765625 0.010953593568419
0.876953125 0.0109685904586262
0.8779296875 0.0109835943504745
0.87890625 0.0109986052467933
0.8798828125 0.0110136231504124
0.880859375 0.0110286480641627
0.8818359375 0.0110436799908756
0.8828125 0.0110587189333831
0.8837890625 0.0110737648945181
0.884765625 0.0110888178771141
0.8857421875 0.0111038778840054
0.88671875 0.0111189449180268
0.8876953125 0.011134018982014
0.888671875 0.0111491000788034
0.8896484375 0.0111641882112319
0.890625 0.0111792833821374
0.8916015625 0.0111943855943582
0.892578125 0.0112094948507336
0.8935546875 0.0112246111541032
0.89453125 0.0112397345073078
0.8955078125 0.0112548649131885
0.896484375 0.0112700023745874
0.8974609375 0.0112851468943469
0.8984375 0.0113002984753105
0.8994140625 0.0113154571203223
0.900390625 0.0113306228322269
0.9013671875 0.0113457956138698
0.90234375 0.0113609754680972
0.9033203125 0.0113761623977558
0.904296875 0.0113913564056933
0.9052734375 0.0114065574947578
0.90625 0.0114217656677983
0.9072265625 0.0114369809276645
0.908203125 0.0114522032772066
0.9091796875 0.0114674327192756
0.91015625 0.0114826692567233
0.9111328125 0.0114979128924021
0.912109375 0.0115131636291652
0.9130859375 0.0115284214698662
0.9140625 0.0115436864173597
0.9150390625 0.0115589584745009
0.916015625 0.0115742376441456
0.9169921875 0.0115895239291505
0.91796875 0.0116048173323729
0.9189453125 0.0116201178566706
0.919921875 0.0116354255049024
0.9208984375 0.0116507402799275
0.921875 0.0116660621846061
0.9228515625 0.0116813912217989
0.923828125 0.0116967273943673
0.9248046875 0.0117120707051734
0.92578125 0.01172742115708
0.9267578125 0.0117427787529507
0.927734375 0.0117581434956495
0.9287109375 0.0117735153880415
0.9296875 0.0117888944329921
0.9306640625 0.0118042806333676
0.931640625 0.011819673992035
0.9326171875 0.0118350745118619
0.93359375 0.0118504821957166
0.9345703125 0.0118658970464682
0.935546875 0.0118813190669863
0.9365234375 0.0118967482601413
0.9375 0.0119121846288043
0.9384765625 0.011927628175847
0.939453125 0.0119430789041419
0.9404296875 0.0119585368165622
0.94140625 0.0119740019159816
0.9423828125 0.0119894742052747
0.943359375 0.0120049536873166
0.9443359375 0.0120204403649833
0.9453125 0.0120359342411511
0.9462890625 0.0120514353186975
0.947265625 0.0120669436005004
0.9482421875 0.0120824590894383
0.94921875 0.0120979817883905
0.9501953125 0.012113511700237
0.951171875 0.0121290488278585
0.9521484375 0.0121445931741363
0.953125 0.0121601447419524
0.9541015625 0.0121757035341896
0.955078125 0.0121912695537311
0.9560546875 0.0122068428034611
0.95703125 0.0122224232862643
0.9580078125 0.0122380110050262
0.958984375 0.0122536059626328
0.9599609375 0.0122692081619709
0.9609375 0.012284817605928
0.9619140625 0.0123004342973922
0.962890625 0.0123160582392524
0.9638671875 0.0123316894343979
0.96484375 0.0123473278857191
0.9658203125 0.0123629735961068
0.966796875 0.0123786265684524
0.9677734375 0.0123942868056482
0.96875 0.0124099543105871
0.9697265625 0.0124256290861625
0.970703125 0.0124413111352689
0.9716796875 0.012457000460801
0.97265625 0.0124726970656544
0.9736328125 0.0124884009527255
0.974609375 0.012504112124911
0.9755859375 0.0125198305851087
0.9765625 0.0125355563362168
0.9775390625 0.0125512893811342
0.978515625 0.0125670297227606
0.9794921875 0.0125827773639963
0.98046875 0.0125985323077422
0.9814453125 0.0126142945569
0.982421875 0.0126300641143719
0.9833984375 0.012645840983061
0.984375 0.0126616251658709
0.9853515625 0.012677416665706
0.986328125 0.0126932154854712
0.9873046875 0.0127090216280721
0.98828125 0.0127248350964152
0.9892578125 0.0127406558934074
0.990234375 0.0127564840219563
0.9912109375 0.0127723194849703
0.9921875 0.0127881622853585
0.9931640625 0.0128040124260304
0.994140625 0.0128198699098964
0.9951171875 0.0128357347398675
0.99609375 0.0128516069188555
0.9970703125 0.0128674864497725
0.998046875 0.0128833733355316
0.9990234375 0.0128992675790465
1 0.0129151691832315
Total steps: 1024
