0 0
9.765625e-05 9.765625e-07
0.0001953125 1.95317268362269e-06
0.00029296875 2.92983055301008e-06
0.000390625 3.90653611030428e-06
0.00048828125 4.88328935764746e-06
0.0005859375 5.86009029718186e-06
0.00068359375 6.83693893104983e-06
0.00078125 7.81383526139375e-06
0.00087890625 8.79077929035612e-06
0.0009765625 9.7677710200795e-06
0.00107421875 1.07448104527065e-05
0.001171875 1.17218975903799e-05
0.00126953125 1.26990324352424e-05
0.0013671875 1.3676214989437e-05
0.00146484375 1.46534452551065e-05
0.0015625 1.5630723234394e-05
0.00166015625 1.66080489294426e-05
0.0017578125 1.75854223423955e-05
0.00185546875 1.85628434753959e-05
0.001953125 1.95403123305871e-05
0.00205078125 2.05178289101127e-05
0.0021484375 2.1495393216116e-05
0.00224609375 2.24730052507406e-05
0.00234375 2.34506650161302e-05
0.00244140625 2.44283725144285e-05
0.0025390625 2.54061277477792e-05
0.00263671875 2.63839307183264e-05
0.002734375 2.73617814282138e-05
0.00283203125 2.83396798795856e-05
0.0029296875 2.93176260745858e-05
0.00302734375 3.02956200153587e-05
0.003125 3.12736617040484e-05
0.00322265625 3.22517511427994e-05
0.0033203125 3.3229888333756e-05
0.00341796875 3.42080732790628e-05
0.003515625 3.51863059808643e-05
0.00361328125 3.61645864413052e-05
0.0037109375 3.71429146625301e-05
0.00380859375 3.81212906466839e-05
0.00390625 3.90997143959115e-05
0.00400390625 4.00781859123578e-05
0.0041015625 4.10567051981679e-05
0.00419921875 4.20352722554869e-05
0.004296875 4.30138870864599e-05
0.00439453125 4.39925496932322e-05
0.0044921875 4.49712600779492e-05
0.00458984375 4.59500182427563e-05
0.0046875 4.6928824189799e-05
0.00478515625 4.79076779212229e-05
0.0048828125 4.88865794391736e-05
0.00498046875 4.98655287457968e-05
0.005078125 5.08445258432384e-05
0.00517578125 5.18235707336442e-05
0.0052734375 5.28026634191603e-05
0.00537109375 5.37818039019326e-05
0.00546875 5.47609921841072e-05
0.00556640625 5.57402282678305e-05
0.0056640625 5.67195121552485e-05
0.00576171875 5.76988438485077e-05
0.00585937499999999 5.86782233497546e-05
0.00595703124999999 5.96576506611355e-05
0.00605468749999999 6.06371257847972e-05
0.00615234374999999 6.16166487228862e-05
0.00624999999999999 6.25962194775493e-05
0.00634765624999999 6.35758380509333e-05
0.00644531249999999 6.45555044451851e-05
0.00654296874999999 6.55352186624516e-05
0.00664062499999999 6.651498070488e-05
0.00673828124999999 6.74947905746172e-05
0.00683593749999999 6.84746482738107e-05
0.00693359374999999 6.94545538046075e-05
0.00703124999999999 7.04345071691551e-05
0.00712890624999999 7.14145083696009e-05
0.00722656249999999 7.23945574080923e-05
0.00732421874999999 7.33746542867771e-05
0.00742187499999999 7.43547990078028e-05
0.00751953124999999 7.53349915733173e-05
0.00761718749999999 7.63152319854682e-05
0.00771484374999999 7.72955202464036e-05
0.00781249999999999 7.82758563582713e-05
0.00791015624999999 7.92562403232195e-05
0.00800781249999999 8.02366721433963e-05
0.00810546874999999 8.12171518209498e-05
0.00820312499999999 8.21976793580284e-05
0.00830078124999999 8.31782547567804e-05
0.00839843749999999 8.41588780193542e-05
0.00849609374999999 8.51395491478985e-05
0.00859374999999999 8.61202681445617e-05
0.00869140624999998 8.71010350114925e-05
0.00878906249999998 8.80818497508397e-05
0.00888671874999998 8.90627123647521e-05
0.00898437499999998 9.00436228553787e-05
0.00908203124999998 9.10245812248683e-05
0.00917968749999998 9.20055874753701e-05
0.00927734374999998 9.29866416090331e-05
0.00937499999999998 9.39677436280066e-05
0.00947265624999998 9.49488935344399e-05
0.00957031249999998 9.59300913304824e-05
0.00966796874999998 9.69113370182835e-05
0.00976562499999998 9.78926305999926e-05
0.00986328124999998 9.88739720777595e-05
0.00996093749999998 9.98553614537338e-05
0.01005859375 0.000100836798730065
0.01015625 0.000101818283908904
0.01025390625 0.000102799816992399
0.0103515625 0.000103781397982701
0.01044921875 0.00010476302688196
0.010546875 0.000105744703692326
0.01064453125 0.00010672642841595
0.0107421875 0.000107708201054981
0.01083984375 0.00010869002161157
0.0109375 0.000109671890087867
0.01103515625 0.000110653806486023
0.0111328125 0.000111635770808189
0.01123046875 0.000112617783056515
0.011328125 0.000113599843233152
0.01142578125 0.000114581951340251
0.0115234375 0.000115564107379963
0.01162109375 0.000116546311354438
0.01171875 0.000117528563265828
0.01181640625 0.000118510863116284
0.0119140625 0.000119493210907957
0.01201171875 0.000120475606642999
0.012109375 0.00012145805032356
0.01220703125 0.000122440541951793
0.0123046875 0.000123423081529849
0.01240234375 0.000124405669059879
0.0125 0.000125388304544035
0.01259765625 0.000126370987984469
0.0126953125 0.000127353719383333
0.01279296875 0.000128336498742778
0.012890625 0.000129319326064957
0.01298828125 0.000130302201352022
0.0130859375 0.000131285124606125
0.01318359375 0.000132268095829418
0.01328125 0.000133251115024053
0.01337890625 0.000134234182192183
0.0134765625 0.000135217297335961
0.01357421875 0.000136200460457538
0.013671875 0.000137183671559068
0.01376953125 0.000138166930642702
0.0138671875 0.000139150237710595
0.01396484375 0.000140133592764898
0.0140625 0.000141116995807765
0.01416015625 0.000142100446841349
0.0142578125 0.000143083945867803
0.01435546875 0.000144067492889279
0.014453125 0.000145051087907932
0.01455078125 0.000146034730925914
0.0146484375 0.000147018421945379
0.01474609375 0.00014800216096848
0.01484375 0.000148985947997371
0.01494140625 0.000149969783034205
0.0150390625 0.000150953666081137
0.01513671875 0.00015193759714032
0.015234375 0.000152921576213907
0.01533203125 0.000153905603304054
0.0154296875 0.000154889678412913
0.01552734375 0.000155873801542639
0.015625 0.000156857972695386
0.01572265625 0.000157842191873308
0.0158203125 0.00015882645907856
0.01591796875 0.000159810774313296
0.016015625 0.00016079513757967
0.01611328125 0.000161779548879838
0.0162109375 0.000162764008215952
0.01630859375 0.00016374851559017
0.01640625 0.000164733071004644
0.01650390625 0.000165717674461531
0.0166015625 0.000166702325962984
0.01669921875 0.00016768702551116
0.016796875 0.000168671773108212
0.01689453125 0.000169656568756297
0.0169921875 0.000170641412457569
0.01708984375 0.000171626304214184
0.0171875 0.000172611244028297
0.01728515625 0.000173596231902064
0.0173828125 0.00017458126783764
0.01748046875 0.000175566351837181
0.017578125 0.000176551483902843
0.01767578125 0.000177536664036781
0.0177734375 0.000178521892241151
0.01787109375 0.000179507168518109
0.01796875 0.000180492492869812
0.01806640625 0.000181477865298415
0.0181640625 0.000182463285806075
0.01826171875 0.000183448754394947
0.018359375 0.000184434271067188
0.01845703125 0.000185419835824955
0.0185546875 0.000186405448670404
0.01865234375 0.000187391109605692
0.01875 0.000188376818632974
0.01884765625 0.000189362575754409
0.0189453125 0.000190348380972152
0.01904296875 0.000191334234288361
0.019140625 0.000192320135705193
0.01923828125 0.000193306085224804
0.0193359375 0.000194292082849352
0.01943359375 0.000195278128580993
0.01953125 0.000196264222421886
0.01962890625 0.000197250364374188
0.0197265625 0.000198236554440055
0.01982421875 0.000199222792621646
0.019921875 0.000200209078921117
0.02001953125 0.000201195413340628
0.0201171875 0.000202181795882334
0.02021484375 0.000203168226548395
0.0203125 0.000204154705340968
0.02041015625 0.000205141232262211
0.0205078125 0.000206127807314282
0.02060546875 0.000207114430499339
0.020703125 0.00020810110181954
0.02080078125 0.000209087821277044
0.0208984375 0.000210074588874009
0.02099609375 0.000211061404612594
0.02109375 0.000212048268494956
0.02119140625 0.000213035180523255
0.0212890625 0.000214022140699648
0.02138671875 0.000215009149026296
0.021484375 0.000215996205505357
0.02158203125 0.000216983310138989
0.0216796875 0.000217970462929351
0.02177734375 0.000218957663878603
0.021875 0.000219944912988904
0.02197265625 0.000220932210262413
0.0220703125 0.000221919555701289
0.0221679687500001 0.000222906949307691
0.0222656250000001 0.00022389439108378
0.0223632812500001 0.000224881881031714
0.0224609375000001 0.000225869419153653
0.0225585937500001 0.000226857005451757
0.0226562500000001 0.000227844639928185
0.0227539062500001 0.000228832322585097
0.0228515625000001 0.000229820053424654
0.0229492187500001 0.000230807832449015
0.0230468750000001 0.00023179565966034
0.0231445312500001 0.000232783535060789
0.0232421875000001 0.000233771458652523
0.0233398437500001 0.000234759430437702
0.0234375000000001 0.000235747450418486
0.0235351562500001 0.000236735518597036
0.0236328125000001 0.000237723634975512
0.0237304687500001 0.000238711799556075
0.0238281250000001 0.000239700012340885
0.0239257812500001 0.000240688273332103
0.0240234375000001 0.00024167658253189
0.0241210937500001 0.000242664939942407
0.0242187500000001 0.000243653345565815
0.0243164062500001 0.000244641799404275
0.0244140625000001 0.000245630301459948
0.0245117187500001 0.000246618851734996
0.0246093750000001 0.000247607450231579
0.0247070312500001 0.000248596096951858
0.0248046875000001 0.000249584791897997
0.0249023437500001 0.000250573535072155
0.0250000000000001 0.000251562326476495
0.0250976562500001 0.000252551166113178
0.0251953125000001 0.000253540053984366
0.0252929687500001 0.000254528990092221
0.0253906250000001 0.000255517974438904
0.0254882812500001 0.000256507007026578
0.0255859375000001 0.000257496087857405
0.0256835937500001 0.000258485216933547
0.0257812500000001 0.000259474394257166
0.0258789062500001 0.000260463619830425
0.0259765625000001 0.000261452893655485
0.0260742187500001 0.00026244221573451
0.0261718750000001 0.000263431586069661
0.0262695312500001 0.000264421004663102
0.0263671875000001 0.000265410471516995
0.0264648437500001 0.000266399986633503
0.0265625000000001 0.000267389550014789
0.0266601562500001 0.000268379161663015
0.0267578125000001 0.000269368821580345
0.0268554687500001 0.000270358529768941
0.0269531250000001 0.000271348286230967
0.0270507812500001 0.000272338090968587
0.0271484375000001 0.000273327943983963
0.0272460937500001 0.000274317845279258
0.0273437500000001 0.000275307794856637
0.0274414062500001 0.000276297792718263
0.0275390625000001 0.000277287838866299
0.0276367187500001 0.000278277933302909
0.0277343750000001 0.000279268076030257
0.0278320312500001 0.000280258267050507
0.0279296875000001 0.000281248506365822
0.0280273437500001 0.000282238793978367
0.0281250000000001 0.000283229129890306
0.0282226562500001 0.000284219514103802
0.0283203125000001 0.000285209946621021
0.0284179687500001 0.000286200427444126
0.0285156250000001 0.000287190956575282
0.0286132812500001 0.000288181534016653
0.0287109375000001 0.000289172159770404
0.0288085937500001 0.0002901628338387
0.0289062500000001 0.000291153556223705
0.0290039062500001 0.000292144326927584
0.0291015625000001 0.000293135145952501
0.0291992187500002 0.000294126013300623
0.0292968750000002 0.000295116928974113
0.0293945312500002 0.000296107892975137
0.0294921875000002 0.00029709890530586
0.0295898437500002 0.000298089965968447
0.0296875000000002 0.000299081074965064
0.0297851562500002 0.000300072232297876
0.0298828125000002 0.000301063437969048
0.0299804687500002 0.000302054691980746
0.0300781250000002 0.000303045994335136
0.0301757812500002 0.000304037345034384
0.0302734375000002 0.000305028744080654
0.0303710937500002 0.000306020191476114
0.0304687500000002 0.000307011687222928
0.0305664062500002 0.000308003231323264
0.0306640625000002 0.000308994823779286
0.0307617187500002 0.000309986464593162
0.0308593750000002 0.000310978153767057
0.0309570312500002 0.000311969891303138
0.0310546875000002 0.000312961677203572
0.0311523437500002 0.000313953511470524
0.0312500000000002 0.000314945394106162
0.0313476562500002 0.000315937325112651
0.0314453125000002 0.000316929304492159
0.0315429687500002 0.000317921332246853
0.0316406250000002 0.000318913408378899
0.0317382812500002 0.000319905532890464
0.0318359375000002 0.000320897705783715
0.0319335937500002 0.00032188992706082
0.0320312500000002 0.000322882196723946
0.0321289062500002 0.000323874514775259
0.0322265625000002 0.000324866881216928
0.0323242187500002 0.000325859296051119
0.0324218750000002 0.00032685175928
0.0325195312500002 0.000327844270905739
0.0326171875000002 0.000328836830930503
0.0327148437500002 0.000329829439356461
0.0328125000000002 0.000330822096185779
0.0329101562500002 0.000331814801420626
0.0330078125000002 0.00033280755506317
0.0331054687500002 0.000333800357115578
0.0332031250000002 0.00033479320758002
0.0333007812500002 0.000335786106458662
0.0333984375000002 0.000336779053753674
0.0334960937500002 0.000337772049467223
0.0335937500000002 0.000338765093601479
0.0336914062500002 0.000339758186158609
0.0337890625000002 0.000340751327140782
0.0338867187500002 0.000341744516550167
0.0339843750000002 0.000342737754388933
0.0340820312500002 0.000343731040659248
0.0341796875000002 0.000344724375363281
0.0342773437500002 0.000345717758503202
0.0343750000000002 0.000346711190081179
0.0344726562500002 0.000347704670099381
0.0345703125000002 0.000348698198559978
0.0346679687500002 0.000349691775465139
0.0347656250000002 0.000350685400817033
0.0348632812500002 0.000351679074617829
0.0349609375000002 0.000352672796869698
0.0350585937500002 0.000353666567574809
0.0351562500000002 0.000354660386735331
0.0352539062500002 0.000355654254353434
0.0353515625000002 0.000356648170431289
0.0354492187500002 0.000357642134971064
0.0355468750000002 0.00035863614797493
0.0356445312500002 0.000359630209445057
0.0357421875000002 0.000360624319383615
0.0358398437500002 0.000361618477792774
0.0359375000000002 0.000362612684674705
0.0360351562500002 0.000363606940031578
0.0361328125000002 0.000364601243865564
0.0362304687500003 0.000365595596178832
0.0363281250000003 0.000366589996973553
0.0364257812500003 0.000367584446251899
0.0365234375000003 0.00036857894401604
0.0366210937500003 0.000369573490268146
0.0367187500000003 0.000370568085010389
0.0368164062500003 0.00037156272824494
0.0369140625000003 0.00037255741997397
0.0370117187500003 0.000373552160199649
0.0371093750000003 0.000374546948924149
0.0372070312500003 0.000375541786149642
0.0373046875000003 0.000376536671878298
0.0374023437500003 0.00037753160611229
0.0375000000000003 0.000378526588853788
0.0375976562500003 0.000379521620104965
0.0376953125000003 0.000380516699867991
0.0377929687500003 0.00038151182814504
0.0378906250000003 0.000382507004938282
0.0379882812500003 0.000383502230249889
0.0380859375000003 0.000384497504082034
0.0381835937500003 0.000385492826436889
0.0382812500000003 0.000386488197316625
0.0383789062500003 0.000387483616723415
0.0384765625000003 0.000388479084659432
0.0385742187500003 0.000389474601126847
0.0386718750000003 0.000390470166127833
0.0387695312500003 0.000391465779664563
0.0388671875000003 0.000392461441739209
0.0389648437500003 0.000393457152353944
0.0390625000000003 0.00039445291151094
0.0391601562500003 0.000395448719212372
0.0392578125000003 0.00039644457546041
0.0393554687500003 0.00039744048025723
0.0394531250000003 0.000398436433605002
0.0395507812500003 0.000399432435505902
0.0396484375000003 0.000400428485962101
0.0397460937500003 0.000401424584975774
0.0398437500000003 0.000402420732549093
0.0399414062500003 0.000403416928684233
0.0400390625000003 0.000404413173383366
0.0401367187500003 0.000405409466648667
0.0402343750000003 0.000406405808482308
0.0403320312500003 0.000407402198886464
0.0404296875000003 0.000408398637863309
0.0405273437500003 0.000409395125415017
0.0406250000000003 0.000410391661543761
0.0407226562500003 0.000411388246251715
0.0408203125000003 0.000412384879541055
0.0409179687500003 0.000413381561413953
0.0410156250000003 0.000414378291872585
0.0411132812500003 0.000415375070919125
0.0412109375000003 0.000416371898555747
0.0413085937500003 0.000417368774784626
0.0414062500000003 0.000418365699607937
0.0415039062500003 0.000419362673027853
0.0416015625000003 0.000420359695046551
0.0416992187500003 0.000421356765666204
0.0417968750000003 0.000422353884888988
0.0418945312500003 0.000423351052717078
0.0419921875000003 0.000424348269152649
0.0420898437500003 0.000425345534197876
0.0421875000000003 0.000426342847854934
0.0422851562500003 0.000427340210125998
0.0423828125000003 0.000428337621013245
0.0424804687500003 0.00042933508051885
0.0425781250000003 0.000430332588644987
0.0426757812500003 0.000431330145393833
0.0427734375000003 0.000432327750767564
0.0428710937500003 0.000433325404768355
0.0429687500000003 0.000434323107398382
0.0430664062500003 0.000435320858659822
0.0431640625000003 0.000436318658554849
0.0432617187500004 0.00043731650708564
0.0433593750000004 0.000438314404254372
0.0434570312500004 0.000439312350063221
0.0435546875000004 0.000440310344514363
0.0436523437500004 0.000441308387609974
0.0437500000000004 0.000442306479352231
0.0438476562500004 0.00044330461974331
0.0439453125000004 0.000444302808785389
0.0440429687500004 0.000445301046480644
0.0441406250000004 0.000446299332831251
0.0442382812500004 0.000447297667839388
0.0443359375000004 0.000448296051507231
0.0444335937500004 0.000449294483836958
0.0445312500000004 0.000450292964830746
0.0446289062500004 0.000451291494490771
0.0447265625000004 0.000452290072819212
0.0448242187500004 0.000453288699818245
0.0449218750000004 0.000454287375490048
0.0450195312500004 0.000455286099836799
0.0451171875000004 0.000456284872860674
0.0452148437500004 0.000457283694563853
0.0453125000000004 0.000458282564948511
0.0454101562500004 0.000459281484016828
0.0455078125000004 0.000460280451770981
0.0456054687500004 0.000461279468213148
0.0457031250000004 0.000462278533345507
0.0458007812500004 0.000463277647170237
0.0458984375000004 0.000464276809689515
0.0459960937500004 0.00046527602090552
0.0460937500000004 0.00046627528082043
0.0461914062500004 0.000467274589436423
0.0462890625000004 0.000468273946755679
0.0463867187500004 0.000469273352780375
0.0464843750000004 0.00047027280751269
0.0465820312500004 0.000471272310954804
0.0466796875000004 0.000472271863108894
0.0467773437500004 0.000473271463977141
0.0468750000000004 0.000474271113561722
0.0469726562500004 0.000475270811864816
0.0470703125000004 0.000476270558888604
0.0471679687500004 0.000477270354635264
0.0472656250000004 0.000478270199106976
0.0473632812500004 0.000479270092305918
0.0474609375000004 0.000480270034234271
0.0475585937500004 0.000481270024894214
0.0476562500000004 0.000482270064287926
0.0477539062500004 0.000483270152417587
0.0478515625000004 0.000484270289285376
0.0479492187500004 0.000485270474893475
0.0480468750000004 0.000486270709244062
0.0481445312500004 0.000487270992339318
0.0482421875000004 0.000488271324181423
0.0483398437500004 0.000489271704772556
0.0484375000000004 0.000490272134114898
0.0485351562500004 0.00049127261221063
0.0486328125000004 0.000492273139061931
0.0487304687500004 0.000493273714670983
0.0488281250000004 0.000494274339039965
0.0489257812500004 0.000495275012171058
0.0490234375000004 0.000496275734066444
0.0491210937500004 0.000497276504728302
0.0492187500000004 0.000498277324158814
0.0493164062500004 0.00049927819236016
0.0494140625000004 0.000500279109334523
0.0495117187500004 0.000501280075084081
0.0496093750000004 0.000502281089611017
0.0497070312500004 0.000503282152917513
0.0498046875000004 0.000504283265005748
0.0499023437500004 0.000505284425877906
0.0500000000000004 0.000506285635536166
0.0500976562500004 0.000507286893982712
0.0501953125000004 0.000508288201219723
0.0502929687500005 0.000509289557249383
0.0503906250000005 0.000510290962073872
0.0504882812500005 0.000511292415695373
0.0505859375000005 0.000512293918116068
0.0506835937500005 0.000513295469338138
0.0507812500000005 0.000514297069363766
0.0508789062500005 0.000515298718195134
0.0509765625000005 0.000516300415834424
0.0510742187500005 0.000517302162283818
0.0511718750000005 0.000518303957545499
0.0512695312500005 0.00051930580162165
0.0513671875000005 0.000520307694514452
0.0514648437500005 0.000521309636226089
0.0515625000000005 0.000522311626758743
0.0516601562500005 0.000523313666114597
0.0517578125000005 0.000524315754295833
0.0518554687500005 0.000525317891304636
0.0519531250000005 0.000526320077143187
0.0520507812500005 0.00052732231181367
0.0521484375000005 0.000528324595318269
0.0522460937500005 0.000529326927659165
0.0523437500000005 0.000530329308838543
0.0524414062500005 0.000531331738858587
0.0525390625000005 0.000532334217721479
0.0526367187500005 0.000533336745429403
0.0527343750000005 0.000534339321984542
0.0528320312500005 0.000535341947389082
0.0529296875000005 0.000536344621645204
0.0530273437500005 0.000537347344755094
0.0531250000000005 0.000538350116720934
0.0532226562500005 0.00053935293754491
0.0533203125000005 0.000540355807229205
0.0534179687500005 0.000541358725776004
0.0535156250000005 0.00054236169318749
0.0536132812500005 0.000543364709465848
0.0537109375000005 0.000544367774613262
0.0538085937500005 0.000545370888631918
0.0539062500000005 0.000546374051523999
0.0540039062500005 0.00054737726329169
0.0541015625000005 0.000548380523937176
0.0541992187500005 0.000549383833462642
0.0542968750000005 0.000550387191870272
0.0543945312500005 0.000551390599162252
0.0544921875000005 0.000552394055340767
0.0545898437500005 0.000553397560408001
0.0546875000000005 0.00055440111436614
0.0547851562500005 0.000555404717217369
0.0548828125000005 0.000556408368963874
0.0549804687500005 0.00055741206960784
0.0550781250000005 0.000558415819151452
0.0551757812500005 0.000559419617596896
0.0552734375000005 0.000560423464946358
0.0553710937500005 0.000561427361202023
0.0554687500000005 0.000562431306366078
0.0555664062500005 0.000563435300440708
0.0556640625000005 0.000564439343428099
0.0557617187500005 0.000565443435330437
0.0558593750000005 0.000566447576149908
0.0559570312500005 0.000567451765888699
0.0560546875000005 0.000568456004548996
0.0561523437500005 0.000569460292132985
0.0562500000000005 0.000570464628642852
0.0563476562500005 0.000571469014080784
0.0564453125000005 0.000572473448448969
0.0565429687500005 0.000573477931749591
0.0566406250000005 0.000574482463984839
0.0567382812500005 0.000575487045156899
0.0568359375000005 0.000576491675267957
0.0569335937500005 0.000577496354320201
0.0570312500000005 0.000578501082315819
0.0571289062500005 0.000579505859256996
0.0572265625000005 0.000580510685145921
0.0573242187500006 0.00058151555998478
0.0574218750000006 0.000582520483775761
0.0575195312500006 0.000583525456521051
0.0576171875000006 0.000584530478222838
0.0577148437500006 0.00058553554888331
0.0578125000000006 0.000586540668504654
0.0579101562500006 0.000587545837089058
0.0580078125000006 0.00058855105463871
0.0581054687500006 0.000589556321155797
0.0582031250000006 0.000590561636642509
0.0583007812500006 0.000591567001101032
0.0583984375000006 0.000592572414533554
0.0584960937500006 0.000593577876942265
0.0585937500000006 0.000594583388329353
0.0586914062500006 0.000595588948697005
0.0587890625000006 0.00059659455804741
0.0588867187500006 0.000597600216382758
0.0589843750000006 0.000598605923705236
0.0590820312500006 0.000599611680017033
0.0591796875000006 0.000600617485320337
0.0592773437500006 0.000601623339617339
0.0593750000000006 0.000602629242910226
0.0594726562500006 0.000603635195201188
0.0595703125000006 0.000604641196492414
0.0596679687500006 0.000605647246786093
0.0597656250000006 0.000606653346084414
0.0598632812500006 0.000607659494389566
0.0599609375000006 0.000608665691703739
0.0600585937500006 0.000609671938029123
0.0601562500000006 0.000610678233367906
0.0602539062500006 0.000611684577722279
0.0603515625000006 0.000612690971094431
0.0604492187500006 0.000613697413486553
0.0605468750000006 0.000614703904900833
0.0606445312500006 0.000615710445339462
0.0607421875000006 0.000616717034804629
0.0608398437500006 0.000617723673298526
0.0609375000000006 0.000618730360823342
0.0610351562500006 0.000619737097381267
0.0611328125000006 0.000620743882974491
0.0612304687500006 0.000621750717605206
0.0613281250000006 0.000622757601275601
0.0614257812500006 0.000623764533987868
0.0615234375000006 0.000624771515744196
0.0616210937500006 0.000625778546546776
0.0617187500000006 0.0006267856263978
0.0618164062500006 0.000627792755299458
0.0619140625000006 0.000628799933253941
0.0620117187500006 0.00062980716026344
0.0621093750000006 0.000630814436330147
0.0622070312500006 0.000631821761456251
0.0623046875000006 0.000632829135643946
0.0624023437500006 0.000633836558895421
0.0625000000000006 0.000634844031212869
0.0625976562500006 0.00063585155259848
0.0626953125000006 0.000636859123054447
0.0627929687500006 0.000637866742582961
0.0628906250000006 0.000638874411186214
0.0629882812500006 0.000639882128866398
0.0630859375000006 0.000640889895625704
0.0631835937500006 0.000641897711466325
0.0632812500000006 0.000642905576390452
0.0633789062500006 0.000643913490400277
0.0634765625000006 0.000644921453497994
0.0635742187500006 0.000645929465685793
0.0636718750000006 0.000646937526965868
0.0637695312500006 0.000647945637340411
0.0638671875000005 0.000648953796811614
0.0639648437500005 0.000649962005381671
0.0640625000000005 0.000650970263052773
0.0641601562500005 0.000651978569827113
0.0642578125000005 0.000652986925706884
0.0643554687500005 0.000653995330694279
0.0644531250000005 0.000655003784791492
0.0645507812500005 0.000656012288000714
0.0646484375000005 0.00065702084032414
0.0647460937500005 0.000658029441763962
0.0648437500000005 0.000659038092322373
0.0649414062500005 0.000660046792001568
0.0650390625000005 0.000661055540803739
0.0651367187500005 0.000662064338731081
0.0652343750000005 0.000663073185785785
0.0653320312500005 0.000664082081970047
0.0654296875000005 0.00066509102728606
0.0655273437500005 0.000666100021736018
0.0656250000000004 0.000667109065322115
0.0657226562500004 0.000668118158046544
0.0658203125000004 0.0006691272999115
0.0659179687500004 0.000670136490919177
0.0660156250000004 0.000671145731071769
0.0661132812500004 0.000672155020371471
0.0662109375000004 0.000673164358820476
0.0663085937500004 0.00067417374642098
0.0664062500000004 0.000675183183175176
0.0665039062500004 0.00067619266908526
0.0666015625000004 0.000677202204153425
0.0666992187500004 0.000678211788381868
0.0667968750000004 0.000679221421772782
0.0668945312500004 0.000680231104328363
0.0669921875000004 0.000681240836050805
0.0670898437500004 0.000682250616942304
0.0671875000000004 0.000683260447005055
0.0672851562500004 0.000684270326241252
0.0673828125000003 0.000685280254653092
0.0674804687500003 0.00068629023224277
0.0675781250000003 0.000687300259012481
0.0676757812500003 0.00068831033496442
0.0677734375000003 0.000689320460100784
0.0678710937500003 0.000690330634423768
0.0679687500000003 0.000691340857935567
0.0680664062500003 0.000692351130638378
0.0681640625000003 0.000693361452534397
0.0682617187500003 0.000694371823625819
0.0683593750000003 0.000695382243914841
0.0684570312500003 0.000696392713403659
0.0685546875000003 0.000697403232094468
0.0686523437500003 0.000698413799989466
0.0687500000000003 0.000699424417090849
0.0688476562500003 0.000700435083400813
0.0689453125000003 0.000701445798921555
0.0690429687500003 0.000702456563655271
0.0691406250000002 0.000703467377604158
0.0692382812500002 0.000704478240770413
0.0693359375000002 0.000705489153156232
0.0694335937500002 0.000706500114763813
0.0695312500000002 0.000707511125595353
0.0696289062500002 0.000708522185653049
0.0697265625000002 0.000709533294939098
0.0698242187500002 0.000710544453455697
0.0699218750000002 0.000711555661205043
0.0700195312500002 0.000712566918189335
0.0701171875000002 0.000713578224410768
0.0702148437500002 0.000714589579871542
0.0703125000000002 0.000715600984573853
0.0704101562500002 0.0007166124385199
0.0705078125000002 0.00071762394171188
0.0706054687500002 0.000718635494151991
0.0707031250000002 0.00071964709584243
0.0708007812500002 0.000720658746785397
0.0708984375000001 0.000721670446983089
0.0709960937500001 0.000722682196437704
0.0710937500000001 0.00072369399515144
0.0711914062500001 0.000724705843126497
0.0712890625000001 0.000725717740365071
0.0713867187500001 0.000726729686869363
0.0714843750000001 0.00072774168264157
0.0715820312500001 0.00072875372768389
0.0716796875000001 0.000729765821998524
0.0717773437500001 0.000730777965587669
0.0718750000000001 0.000731790158453524
0.0719726562500001 0.000732802400598289
0.0720703125000001 0.000733814692024162
0.0721679687500001 0.000734827032733342
0.0722656250000001 0.00073583942272803
0.0723632812500001 0.000736851862010423
0.0724609375000001 0.000737864350582722
0.0725585937500001 0.000738876888447125
0.07265625 0.000739889475605833
0.07275390625 0.000740902112061045
0.0728515625 0.00074191479781496
0.07294921875 0.000742927532869778
0.073046875 0.0007439403172277
0.07314453125 0.000744953150890924
0.0732421875 0.000745966033861651
0.07333984375 0.000746978966142082
0.0734375 0.000747991947734415
0.07353515625 0.000749004978640852
0.0736328125 0.000750018058863593
0.07373046875 0.000751031188404837
0.073828125 0.000752044367266786
0.07392578125 0.00075305759545164
0.0740234375 0.000754070872961599
0.07412109375 0.000755084199798865
0.07421875 0.000756097575965637
0.07431640625 0.000757111001464118
0.0744140624999999 0.000758124476296507
0.0745117187499999 0.000759138000465005
0.0746093749999999 0.000760151573971815
0.0747070312499999 0.000761165196819136
0.0748046874999999 0.000762178869009171
0.0749023437499999 0.000763192590544119
0.0749999999999999 0.000764206361426184
0.0750976562499999 0.000765220181657566
0.0751953124999999 0.000766234051240466
0.0752929687499999 0.000767247970177088
0.0753906249999999 0.000768261938469631
0.0754882812499999 0.000769275956120297
0.0755859374999999 0.00077029002313129
0.0756835937499999 0.00077130413950481
0.0757812499999999 0.00077231830524306
0.0758789062499999 0.000773332520348241
0.0759765624999999 0.000774346784822556
0.0760742187499999 0.000775361098668207
0.0761718749999998 0.000776375461887397
0.0762695312499998 0.000777389874482327
0.0763671874999998 0.000778404336455201
0.0764648437499998 0.00077941884780822
0.0765624999999998 0.000780433408543587
0.0766601562499998 0.000781448018663506
0.0767578124999998 0.000782462678170179
0.0768554687499998 0.000783477387065808
0.0769531249999998 0.000784492145352597
0.0770507812499998 0.000785506953032748
0.0771484374999998 0.000786521810108465
0.0772460937499998 0.000787536716581951
0.0773437499999998 0.000788551672455409
0.0774414062499998 0.000789566677731043
0.0775390624999998 0.000790581732411055
0.0776367187499998 0.00079159683649765
0.0777343749999998 0.000792611989993031
0.0778320312499998 0.000793627192899401
0.0779296874999997 0.000794642445218964
0.0780273437499997 0.000795657746953924
0.0781249999999997 0.000796673098106485
0.0782226562499997 0.000797688498678851
0.0783203124999997 0.000798703948673226
0.0784179687499997 0.000799719448091814
0.0785156249999997 0.000800734996936819
0.0786132812499997 0.000801750595210445
0.0787109374999997 0.000802766242914897
0.0788085937499997 0.000803781940052379
0.0789062499999997 0.000804797686625096
0.0790039062499997 0.000805813482635252
0.0791015624999997 0.000806829328085052
0.0791992187499997 0.0008078452229767
0.0792968749999997 0.000808861167312401
0.0793945312499997 0.000809877161094361
0.0794921874999997 0.000810893204324784
0.0795898437499997 0.000811909297005875
0.0796874999999996 0.00081292543913984
0.0797851562499996 0.000813941630728883
0.0798828124999996 0.000814957871775209
0.0799804687499996 0.000815974162281025
0.0800781249999996 0.000816990502248536
0.0801757812499996 0.000818006891679946
0.0802734374999996 0.000819023330577462
0.0803710937499996 0.00082003981894329
0.0804687499999996 0.000821056356779634
0.0805664062499996 0.000822072944088702
0.0806640624999996 0.000823089580872698
0.0807617187499996 0.000824106267133828
0.0808593749999996 0.0008251230028743
0.0809570312499996 0.000826139788096318
0.0810546874999996 0.000827156622802089
0.0811523437499996 0.00082817350699382
0.0812499999999996 0.000829190440673716
0.0813476562499996 0.000830207423843985
0.0814453124999995 0.000831224456506832
0.0815429687499995 0.000832241538664465
0.0816406249999995 0.000833258670319089
0.0817382812499995 0.000834275851472912
0.0818359374999995 0.000835293082128141
0.0819335937499995 0.000836310362286981
0.0820312499999995 0.000837327691951642
0.0821289062499995 0.000838345071124329
0.0822265624999995 0.000839362499807249
0.0823242187499995 0.00084037997800261
0.0824218749999995 0.000841397505712619
0.0825195312499995 0.000842415082939484
0.0826171874999995 0.000843432709685411
0.0827148437499995 0.000844450385952609
0.0828124999999995 0.000845468111743285
0.0829101562499995 0.000846485887059647
0.0830078124999995 0.000847503711903902
0.0831054687499995 0.000848521586278258
0.0832031249999994 0.000849539510184924
0.0833007812499994 0.000850557483626107
0.0833984374999994 0.000851575506604015
0.0834960937499994 0.000852593579120857
0.0835937499999994 0.00085361170117884
0.0836914062499994 0.000854629872780173
0.0837890624999994 0.000855648093927065
0.0838867187499994 0.000856666364621724
0.0839843749999994 0.000857684684866357
0.0840820312499994 0.000858703054663175
0.0841796874999994 0.000859721474014386
0.0842773437499994 0.000860739942922198
0.0843749999999994 0.00086175846138882
0.0844726562499994 0.000862777029416461
0.0845703124999994 0.000863795647007331
0.0846679687499994 0.000864814314163638
0.0847656249999994 0.000865833030887592
0.0848632812499994 0.000866851797181401
0.0849609374999993 0.000867870613047275
0.0850585937499993 0.000868889478487424
0.0851562499999993 0.000869908393504057
0.0852539062499993 0.000870927358099383
0.0853515624999993 0.000871946372275612
0.0854492187499993 0.000872965436034954
0.0855468749999993 0.000873984549379618
0.0856445312499993 0.000875003712311815
0.0857421874999993 0.000876022924833755
0.0858398437499993 0.000877042186947647
0.0859374999999993 0.000878061498655701
0.0860351562499993 0.000879080859960128
0.0861328124999993 0.000880100270863138
0.0862304687499993 0.000881119731366941
0.0863281249999993 0.000882139241473748
0.0864257812499993 0.000883158801185769
0.0865234374999993 0.000884178410505215
0.0866210937499993 0.000885198069434296
0.0867187499999992 0.000886217777975223
0.0868164062499992 0.000887237536130207
0.0869140624999992 0.000888257343901459
0.0870117187499992 0.00088927720129119
0.0871093749999992 0.00089029710830161
0.0872070312499992 0.000891317064934932
0.0873046874999992 0.000892337071193365
0.0874023437499992 0.000893357127079122
0.0874999999999992 0.000894377232594413
0.0875976562499992 0.00089539738774145
0.0876953124999992 0.000896417592522445
0.0877929687499992 0.000897437846939609
0.0878906249999992 0.000898458150995154
0.0879882812499992 0.000899478504691292
0.0880859374999992 0.000900498908030234
0.0881835937499992 0.000901519361014192
0.0882812499999992 0.000902539863645378
0.0883789062499992 0.000903560415926005
0.0884765624999991 0.000904581017858284
0.0885742187499991 0.000905601669444428
0.0886718749999991 0.000906622370686648
0.0887695312499991 0.000907643121587158
0.0888671874999991 0.00090866392214817
0.0889648437499991 0.000909684772371895
0.0890624999999991 0.000910705672260548
0.0891601562499991 0.00091172662181634
0.0892578124999991 0.000912747621041484
0.0893554687499991 0.000913768669938193
0.0894531249999991 0.00091478976850868
0.0895507812499991 0.000915810916755158
0.0896484374999991 0.00091683211467984
0.0897460937499991 0.000917853362284939
0.0898437499999991 0.000918874659572668
0.0899414062499991 0.000919896006545241
0.0900390624999991 0.000920917403204871
0.0901367187499991 0.000921938849553771
0.090234374999999 0.000922960345594155
0.090332031249999 0.000923981891328237
0.090429687499999 0.00092500348675823
0.090527343749999 0.000926025131886348
0.090624999999999 0.000927046826714805
0.090722656249999 0.000928068571245814
0.090820312499999 0.000929090365481591
0.090917968749999 0.000930112209424348
0.091015624999999 0.0009311341030763
0.091113281249999 0.000932156046439661
0.091210937499999 0.000933178039516646
0.091308593749999 0.000934200082309469
0.091406249999999 0.000935222174820344
0.091503906249999 0.000936244317051486
0.091601562499999 0.000937266509005109
0.091699218749999 0.000938288750683429
0.091796874999999 0.00093931104208866
0.091894531249999 0.000940333383223016
0.0919921874999989 0.000941355774088714
0.0920898437499989 0.000942378214687967
0.0921874999999989 0.00094340070502299
0.0922851562499989 0.000944423245096
0.0923828124999989 0.000945445834909211
0.0924804687499989 0.000946468474464839
0.0925781249999989 0.000947491163765099
0.0926757812499989 0.000948513902812206
0.0927734374999989 0.000949536691608376
0.0928710937499989 0.000950559530155825
0.0929687499999989 0.000951582418456768
0.0930664062499989 0.000952605356513421
0.0931640624999989 0.000953628344328
0.0932617187499989 0.000954651381902722
0.0933593749999989 0.000955674469239801
0.0934570312499989 0.000956697606341454
0.0935546874999989 0.000957720793209897
0.0936523437499989 0.000958744029847347
0.0937499999999988 0.00095976731625602
0.0938476562499988 0.000960790652438132
0.0939453124999988 0.0009618140383959
0.0940429687499988 0.00096283747413154
0.0941406249999988 0.000963860959647269
0.0942382812499988 0.000964884494945303
0.0943359374999988 0.00096590808002786
0.0944335937499988 0.000966931714897157
0.0945312499999988 0.000967955399555409
0.0946289062499988 0.000968979134004835
0.0947265624999988 0.000970002918247652
0.0948242187499988 0.000971026752286076
0.0949218749999988 0.000972050636122325
0.0950195312499988 0.000973074569758616
0.0951171874999988 0.000974098553197167
0.0952148437499988 0.000975122586440195
0.0953124999999988 0.000976146669489918
0.0954101562499988 0.000977170802348553
0.0955078124999987 0.000978194985018319
0.0956054687499987 0.000979219217501432
0.0957031249999987 0.000980243499800111
0.0958007812499987 0.000981267831916574
0.0958984374999987 0.000982292213853039
0.0959960937499987 0.000983316645611724
0.0960937499999987 0.000984341127194847
0.0961914062499987 0.000985365658604627
0.0962890624999987 0.000986390239843281
0.0963867187499987 0.000987414870913029
0.0964843749999987 0.000988439551816088
0.0965820312499987 0.000989464282554678
0.0966796874999987 0.000990489063131017
0.0967773437499987 0.000991513893547324
0.0968749999999987 0.000992538773805817
0.0969726562499987 0.000993563703908716
0.0970703124999987 0.00099458868385824
0.0971679687499987 0.000995613713656607
0.0972656249999986 0.000996638793306037
0.0973632812499986 0.000997663922808748
0.0974609374999986 0.000998689102166961
0.0975585937499986 0.000999714331382895
0.0976562499999986 0.00100073961045877
0.0977539062499986 0.0010017649393968
0.0978515624999986 0.00100279031819921
0.0979492187499986 0.00100381574686823
0.0980468749999986 0.00100484122540606
0.0981445312499986 0.00100586675381493
0.0982421874999986 0.00100689233209705
0.0983398437499986 0.00100791796025466
0.0984374999999986 0.00100894363828996
0.0985351562499986 0.00100996936620518
0.0986328124999986 0.00101099514400255
0.0987304687499986 0.00101202097168427
0.0988281249999986 0.00101304684925257
0.0989257812499986 0.00101407277670967
0.0990234374999985 0.00101509875405779
0.0991210937499985 0.00101612478129915
0.0992187499999985 0.00101715085843597
0.0993164062499985 0.00101817698547048
0.0994140624999985 0.00101920316240489
0.0995117187499985 0.00102022938924143
0.0996093749999985 0.00102125566598231
0.0997070312499985 0.00102228199262975
0.0998046874999985 0.00102330836918599
0.0999023437499985 0.00102433479565323
0.0999999999999985 0.00102536127203371
Total steps: 1024
