0 0
9.765625e-05 9.76610185950981e-07
0.0001953125 1.95326805999528e-06
0.00029296875 2.92997362427518e-06
0.000390625 3.90672688093307e-06
0.00048828125 4.8835278321114e-06
0.0005859375 5.86037647995268e-06
0.00068359375 6.83727282659954e-06
0.00078125 7.81421687419466e-06
0.00087890625 8.79120862488078e-06
0.0009765625 9.76824808080076e-06
0.00107421875 1.07453352440975e-05
0.001171875 1.1722470116914e-05
0.00126953125 1.26996527013933e-05
0.0013671875 1.36768829996786e-05
0.00146484375 1.46541610139131e-05
0.0015625 1.56314867462402e-05
0.00166015625 1.66088601988031e-05
0.0017578125 1.75862813737453e-05
0.00185546875 1.85637502732104e-05
0.001953125 1.9541266899342e-05
0.00205078125 2.05188312542837e-05
0.0021484375 2.14964433401794e-05
0.00224609375 2.24741031591729e-05
0.00234375 2.3451810713408e-05
0.00244140625 2.44295660050289e-05
0.0025390625 2.54073690361795e-05
0.00263671875 2.63852198090041e-05
0.002734375 2.73631183256468e-05
0.00283203125 2.8341064588252e-05
0.0029296875 2.9319058598964e-05
0.00302734375 3.02971003599273e-05
0.003125 3.12751898732865e-05
0.00322265625 3.22533271411862e-05
0.0033203125 3.32315121657709e-05
0.00341796875 3.42097449491857e-05
0.003515625 3.51880254935752e-05
0.00361328125 3.61663538010844e-05
0.0037109375 3.71447298738583e-05
0.00380859375 3.8123153714042e-05
0.00390625 3.91016253237806e-05
0.00400390625 4.00801447052194e-05
0.0041015625 4.10587118605037e-05
0.00419921875 4.20373267917789e-05
0.004296875 4.30159895011904e-05
0.00439453125 4.39946999908839e-05
0.0044921875 4.49734582630048e-05
0.00458984375 4.59522643196989e-05
0.0046875 4.69311181631121e-05
0.00478515625 4.79100197953901e-05
0.0048828125 4.88889692186788e-05
0.00498046875 4.98679664351244e-05
0.005078125 5.08470114468728e-05
0.00517578125 5.18261042560702e-05
0.0052734375 5.28052448648629e-05
0.00537109375 5.37844332753972e-05
0.00546875 5.47636694898195e-05
0.00556640625 5.57429535102763e-05
0.0056640625 5.6722285338914e-05
0.00576171875 5.77016649778794e-05
0.00585937499999999 5.86810924293192e-05
0.00595703124999999 5.966056769538e-05
0.00605468749999999 6.06400907782089e-05
0.00615234374999999 6.16196616799526e-05
0.00624999999999999 6.25992804027583e-05
0.00634765624999999 6.3578946948773e-05
0.00644531249999999 6.45586613201439e-05
0.00654296874999999 6.55384235190183e-05
0.00664062499999999 6.65182335475434e-05
0.00673828124999999 6.74980914078667e-05
0.00683593749999999 6.84779971021356e-05
0.00693359374999999 6.94579506324978e-05
0.00703124999999999 7.04379520011007e-05
0.00712890624999999 7.14180012100922e-05
0.00722656249999999 7.23980982616201e-05
0.00732421874999999 7.33782431578321e-05
0.00742187499999999 7.43584359008762e-05
0.00751953124999999 7.53386764929006e-05
0.00761718749999999 7.63189649360531e-05
0.00771484374999999 7.72993012324822e-05
0.00781249999999999 7.82796853843359e-05
0.00791015624999999 7.92601173937626e-05
0.00800781249999999 8.02405972629107e-05
0.00810546874999999 8.12211249939287e-05
0.00820312499999999 8.22017005889652e-05
0.00830078124999999 8.31823240501688e-05
0.00839843749999999 8.41629953796882e-05
0.00849609374999999 8.51437145796723e-05
0.00859374999999999 8.61244816522698e-05
0.00869140624999998 8.71052965996298e-05
0.00878906249999998 8.80861594239012e-05
0.00888671874999998 8.90670701272332e-05
0.00898437499999998 9.00480287117749e-05
0.00908203124999998 9.10290351796756e-05
0.00917968749999998 9.20100895330847e-05
0.00927734374999998 9.29911917741515e-05
0.00937499999999998 9.39723419050255e-05
0.00947265624999998 9.49535399278564e-05
0.00957031249999998 9.59347858447937e-05
0.00966796874999998 9.69160796579872e-05
0.00976562499999998 9.78974213695867e-05
0.00986328124999998 9.8878810981742e-05
0.00996093749999998 9.98602484966031e-05
0.01005859375 0.00010084173391632
0.01015625 0.000101823267243043
0.01025390625 0.000102804848478922
0.0103515625 0.000103786477626107
0.01044921875 0.00010476815468675
0.010546875 0.000105749879662999
0.01064453125 0.000106731652557006
0.0107421875 0.000107713473370921
0.01083984375 0.000108695342106895
0.0109375 0.000109677258767079
0.01103515625 0.000110659223353623
0.0111328125 0.000111641235868679
0.01123046875 0.000112623296314396
0.011328125 0.000113605404692927
0.01142578125 0.000114587561006423
0.0115234375 0.000115569765257034
0.01162109375 0.000116552017446912
0.01171875 0.000117534317578208
0.01181640625 0.000118516665653073
0.0119140625 0.00011949906167366
0.01201171875 0.00012048150564212
0.012109375 0.000121463997560604
0.01220703125 0.000122446537431264
0.0123046875 0.000123429125256252
0.01240234375 0.00012441176103772
0.0125 0.00012539444477782
0.01259765625 0.000126377176478703
0.0126953125 0.000127359956142523
0.01279296875 0.000128342783771431
0.012890625 0.000129325659367579
0.01298828125 0.00013030858293312
0.0130859375 0.000131291554470206
0.01318359375 0.000132274573980989
0.01328125 0.000133257641467624
0.01337890625 0.000134240756932261
0.0134765625 0.000135223920377054
0.01357421875 0.000136207131804155
0.013671875 0.000137190391215718
0.01376953125 0.000138173698613895
0.0138671875 0.00013915705400084
0.01396484375 0.000140140457378705
0.0140625 0.000141123908749644
0.01416015625 0.00014210740811581
0.0142578125 0.000143090955479357
0.01435546875 0.000144074550842437
0.014453125 0.000145058194207205
0.01455078125 0.000146041885575814
0.0146484375 0.000147025624950417
0.01474609375 0.000148009412333169
0.01484375 0.000148993247726223
0.01494140625 0.000149977131131733
0.0150390625 0.000150961062551854
0.01513671875 0.000151945041988738
0.015234375 0.000152929069444541
0.01533203125 0.000153913144921416
0.0154296875 0.000154897268421519
0.01552734375 0.000155881439947002
0.015625 0.000156865659500021
0.01572265625 0.00015784992708273
0.0158203125 0.000158834242697284
0.01591796875 0.000159818606345837
0.016015625 0.000160803018030544
0.01611328125 0.000161787477753561
0.0162109375 0.000162771985517041
0.01630859375 0.00016375654132314
0.01640625 0.000164741145174013
0.01650390625 0.000165725797071816
0.0166015625 0.000166710497018702
0.01669921875 0.000167695245016828
0.016796875 0.000168680041068349
0.01689453125 0.000169664885175421
0.0169921875 0.000170649777340199
0.01708984375 0.000171634717564838
0.0171875 0.000172619705851494
0.01728515625 0.000173604742202324
0.0173828125 0.000174589826619482
0.01748046875 0.000175574959105125
0.017578125 0.000176560139661409
0.01767578125 0.00017754536829049
0.0177734375 0.000178530644994523
0.01787109375 0.000179515969775666
0.01796875 0.000180501342636075
0.01806640625 0.000181486763577905
0.0181640625 0.000182472232603313
0.01826171875 0.000183457749714457
0.018359375 0.000184443314913492
0.01845703125 0.000185428928202575
0.0185546875 0.000186414589583864
0.01865234375 0.000187400299059514
0.01875 0.000188386056631682
0.01884765625 0.000189371862302527
0.0189453125 0.000190357716074204
0.01904296875 0.000191343617948872
0.019140625 0.000192329567928686
0.01923828125 0.000193315566015805
0.0193359375 0.000194301612212386
0.01943359375 0.000195287706520586
0.01953125 0.000196273848942563
0.01962890625 0.000197260039480475
0.0197265625 0.000198246278136479
0.01982421875 0.000199232564912733
0.019921875 0.000200218899811395
0.02001953125 0.000201205282834622
0.0201171875 0.000202191713984574
0.02021484375 0.000203178193263407
0.0203125 0.00020416472067328
0.02041015625 0.000205151296216352
0.0205078125 0.00020613791989478
0.02060546875 0.000207124591710723
0.020703125 0.00020811131166634
0.02080078125 0.000209098079763788
0.0208984375 0.000210084896005228
0.02099609375 0.000211071760392816
0.02109375 0.000212058672928713
0.02119140625 0.000213045633615077
0.0212890625 0.000214032642454066
0.02138671875 0.000215019699447841
0.021484375 0.000216006804598559
0.02158203125 0.000216993957908381
0.0216796875 0.000217981159379465
0.02177734375 0.000218968409013971
0.021875 0.000219955706814059
0.02197265625 0.000220943052781887
0.0220703125 0.000221930446919615
0.0221679687500001 0.000222917889229402
0.0222656250000001 0.00022390537971341
0.0223632812500001 0.000224892918373797
0.0224609375000001 0.000225880505212723
0.0225585937500001 0.000226868140232348
0.0226562500000001 0.000227855823434832
0.0227539062500001 0.000228843554822336
0.0228515625000001 0.000229831334397019
0.0229492187500001 0.000230819162161042
0.0230468750000001 0.000231807038116565
0.0231445312500001 0.000232794962265748
0.0232421875000001 0.000233782934610752
0.0233398437500001 0.000234770955153738
0.0234375000000001 0.000235759023896866
0.0235351562500001 0.000236747140842297
0.0236328125000001 0.000237735305992191
0.0237304687500001 0.00023872351934871
0.0238281250000001 0.000239711780914015
0.0239257812500001 0.000240700090690266
0.0240234375000001 0.000241688448679624
0.0241210937500001 0.000242676854884252
0.0242187500000001 0.000243665309306309
0.0243164062500001 0.000244653811947958
0.0244140625000001 0.00024564236281136
0.0245117187500001 0.000246630961898676
0.0246093750000001 0.000247619609212068
0.0247070312500001 0.000248608304753698
0.0248046875000001 0.000249597048525727
0.0249023437500001 0.000250585840530317
0.0250000000000001 0.000251574680769629
0.0250976562500001 0.000252563569245827
0.0251953125000001 0.000253552505961072
0.0252929687500001 0.000254541490917526
0.0253906250000001 0.000255530524117351
0.0254882812500001 0.000256519605562709
0.0255859375000001 0.000257508735255764
0.0256835937500001 0.000258497913198677
0.0257812500000001 0.00025948713939361
0.0258789062500001 0.000260476413842727
0.0259765625000001 0.00026146573654819
0.0260742187500001 0.000262455107512162
0.0261718750000001 0.000263444526736806
0.0262695312500001 0.000264433994224283
0.0263671875000001 0.000265423509976759
0.0264648437500001 0.000266413073996395
0.0265625000000001 0.000267402686285354
0.0266601562500001 0.0002683923468458
0.0267578125000001 0.000269382055679897
0.0268554687500001 0.000270371812789807
0.0269531250000001 0.000271361618177693
0.0270507812500001 0.00027235147184572
0.0271484375000001 0.000273341373796051
0.0272460937500001 0.00027433132403085
0.0273437500000001 0.00027532132255228
0.0274414062500001 0.000276311369362506
0.0275390625000001 0.00027730146446369
0.0276367187500001 0.000278291607857998
0.0277343750000001 0.000279281799547592
0.0278320312500001 0.000280272039534638
0.0279296875000001 0.000281262327821299
0.0280273437500001 0.000282252664409741
0.0281250000000001 0.000283243049302126
0.0282226562500001 0.00028423348250062
0.0283203125000001 0.000285223964007387
0.0284179687500001 0.000286214493824591
0.0285156250000001 0.000287205071954398
0.0286132812500001 0.000288195698398972
0.0287109375000001 0.000289186373160478
0.0288085937500001 0.000290177096241081
0.0289062500000001 0.000291167867642945
0.0290039062500001 0.000292158687368237
0.0291015625000001 0.00029314955541912
0.0291992187500002 0.000294140471797761
0.0292968750000002 0.000295131436506324
0.0293945312500002 0.000296122449546975
0.0294921875000002 0.00029711351092188
0.0295898437500002 0.000298104620633203
0.0296875000000002 0.000299095778683111
0.0297851562500002 0.000300086985073769
0.0298828125000002 0.000301078239807342
0.0299804687500002 0.000302069542885998
0.0300781250000002 0.000303060894311901
0.0301757812500002 0.000304052294087218
0.0302734375000002 0.000305043742214115
0.0303710937500002 0.000306035238694757
0.0304687500000002 0.000307026783531312
0.0305664062500002 0.000308018376725945
0.0306640625000002 0.000309010018280822
0.0307617187500002 0.000310001708198111
0.0308593750000002 0.000310993446479978
0.0309570312500002 0.000311985233128589
0.0310546875000002 0.000312977068146111
0.0311523437500002 0.000313968951534711
0.0312500000000002 0.000314960883296556
0.0313476562500002 0.000315952863433812
0.0314453125000002 0.000316944891948647
0.0315429687500002 0.000317936968843227
0.0316406250000002 0.000318929094119721
0.0317382812500002 0.000319921267780294
0.0318359375000002 0.000320913489827115
0.0319335937500002 0.00032190576026235
0.0320312500000002 0.000322898079088168
0.0321289062500002 0.000323890446306736
0.0322265625000002 0.00032488286192022
0.0323242187500002 0.00032587532593079
0.0324218750000002 0.000326867838340613
0.0325195312500002 0.000327860399151857
0.0326171875000002 0.000328853008366689
0.0327148437500002 0.000329845665987278
0.0328125000000002 0.000330838372015791
0.0329101562500002 0.000331831126454397
0.0330078125000002 0.000332823929305265
0.0331054687500002 0.000333816780570562
0.0332031250000002 0.000334809680252457
0.0333007812500002 0.000335802628353118
0.0333984375000002 0.000336795624874714
0.0334960937500002 0.000337788669819414
0.0335937500000002 0.000338781763189385
0.0336914062500002 0.000339774904986798
0.0337890625000002 0.000340768095213821
0.0338867187500002 0.000341761333872622
0.0339843750000002 0.000342754620965371
0.0340820312500002 0.000343747956494237
0.0341796875000002 0.000344741340461389
0.0342773437500002 0.000345734772868997
0.0343750000000002 0.000346728253719229
0.0344726562500002 0.000347721783014255
0.0345703125000002 0.000348715360756244
0.0346679687500002 0.000349708986947367
0.0347656250000002 0.000350702661589793
0.0348632812500002 0.000351696384685691
0.0349609375000002 0.000352690156237231
0.0350585937500002 0.000353683976246583
0.0351562500000002 0.000354677844715917
0.0352539062500002 0.000355671761647404
0.0353515625000002 0.000356665727043212
0.0354492187500002 0.000357659740905513
0.0355468750000002 0.000358653803236477
0.0356445312500002 0.000359647914038273
0.0357421875000002 0.000360642073313073
0.0358398437500002 0.000361636281063047
0.0359375000000002 0.000362630537290365
0.0360351562500002 0.000363624841997198
0.0361328125000002 0.000364619195185717
0.0362304687500003 0.000365613596858092
0.0363281250000003 0.000366608047016495
0.0364257812500003 0.000367602545663097
0.0365234375000003 0.000368597092800068
0.0366210937500003 0.000369591688429579
0.0367187500000003 0.000370586332553802
0.0368164062500003 0.000371581025174909
0.0369140625000003 0.000372575766295069
0.0370117187500003 0.000373570555916456
0.0371093750000003 0.000374565394041239
0.0372070312500003 0.000375560280671592
0.0373046875000003 0.000376555215809685
0.0374023437500003 0.00037755019945769
0.0375000000000003 0.00037854523161778
0.0375976562500003 0.000379540312292125
0.0376953125000003 0.000380535441482898
0.0377929687500003 0.000381530619192271
0.0378906250000003 0.000382525845422417
0.0379882812500003 0.000383521120175506
0.0380859375000003 0.000384516443453712
0.0381835937500003 0.000385511815259207
0.0382812500000003 0.000386507235594164
0.0383789062500003 0.000387502704460754
0.0384765625000003 0.00038849822186115
0.0385742187500003 0.000389493787797526
0.0386718750000003 0.000390489402272054
0.0387695312500003 0.000391485065286906
0.0388671875000003 0.000392480776844255
0.0389648437500003 0.000393476536946276
0.0390625000000003 0.000394472345595139
0.0391601562500003 0.00039546820279302
0.0392578125000003 0.00039646410854209
0.0393554687500003 0.000397460062844524
0.0394531250000003 0.000398456065702494
0.0395507812500003 0.000399452117118174
0.0396484375000003 0.000400448217093738
0.0397460937500003 0.000401444365631358
0.0398437500000003 0.00040244056273321
0.0399414062500003 0.000403436808401466
0.0400390625000003 0.0004044331026383
0.0401367187500003 0.000405429445445887
0.0402343750000003 0.000406425836826399
0.0403320312500003 0.000407422276782013
0.0404296875000003 0.0004084187653149
0.0405273437500003 0.000409415302427236
0.0406250000000003 0.000410411888121195
0.0407226562500003 0.000411408522398952
0.0408203125000003 0.00041240520526268
0.0409179687500003 0.000413401936714555
0.0410156250000003 0.00041439871675675
0.0411132812500003 0.000415395545391441
0.0412109375000003 0.000416392422620802
0.0413085937500003 0.000417389348447009
0.0414062500000003 0.000418386322872235
0.0415039062500003 0.000419383345898657
0.0416015625000003 0.000420380417528449
0.0416992187500003 0.000421377537763786
0.0417968750000003 0.000422374706606843
0.0418945312500003 0.000423371924059797
0.0419921875000003 0.000424369190124821
0.0420898437500003 0.000425366504804092
0.0421875000000003 0.000426363868099786
0.0422851562500003 0.000427361280014077
0.0423828125000003 0.000428358740549142
0.0424804687500003 0.000429356249707156
0.0425781250000003 0.000430353807490295
0.0426757812500003 0.000431351413900735
0.0427734375000003 0.000432349068940652
0.0428710937500003 0.000433346772612222
0.0429687500000003 0.000434344524917622
0.0430664062500003 0.000435342325859027
0.0431640625000003 0.000436340175438614
0.0432617187500004 0.000437338073658559
0.0433593750000004 0.000438336020521039
0.0434570312500004 0.00043933401602823
0.0435546875000004 0.000440332060182308
0.0436523437500004 0.000441330152985452
0.0437500000000004 0.000442328294439836
0.0438476562500004 0.000443326484547639
0.0439453125000004 0.000444324723311037
0.0440429687500004 0.000445323010732207
0.0441406250000004 0.000446321346813326
0.0442382812500004 0.000447319731556572
0.0443359375000004 0.000448318164964121
0.0444335937500004 0.000449316647038151
0.0445312500000004 0.00045031517778084
0.0446289062500004 0.000451313757194364
0.0447265625000004 0.000452312385280902
0.0448242187500004 0.00045331106204263
0.0449218750000004 0.000454309787481728
0.0450195312500004 0.000455308561600371
0.0451171875000004 0.00045630738440074
0.0452148437500004 0.00045730625588501
0.0453125000000004 0.000458305176055361
0.0454101562500004 0.00045930414491397
0.0455078125000004 0.000460303162463016
0.0456054687500004 0.000461302228704676
0.0457031250000004 0.00046230134364113
0.0458007812500004 0.000463300507274556
0.0458984375000004 0.000464299719607131
0.0459960937500004 0.000465298980641035
0.0460937500000004 0.000466298290378447
0.0461914062500004 0.000467297648821544
0.0462890625000004 0.000468297055972506
0.0463867187500004 0.000469296511833512
0.0464843750000004 0.00047029601640674
0.0465820312500004 0.00047129556969437
0.0466796875000004 0.000472295171698581
0.0467773437500004 0.000473294822421552
0.0468750000000004 0.000474294521865462
0.0469726562500004 0.00047529427003249
0.0470703125000004 0.000476294066924817
0.0471679687500004 0.000477293912544621
0.0472656250000004 0.000478293806894082
0.0473632812500004 0.000479293749975379
0.0474609375000004 0.000480293741790693
0.0475585937500004 0.000481293782342204
0.0476562500000004 0.00048229387163209
0.0477539062500004 0.000483294009662532
0.0478515625000004 0.000484294196435711
0.0479492187500004 0.000485294431953806
0.0480468750000004 0.000486294716218997
0.0481445312500004 0.000487295049233465
0.0482421875000004 0.000488295430999389
0.0483398437500004 0.000489295861518952
0.0484375000000004 0.000490296340794332
0.0485351562500004 0.000491296868827711
0.0486328125000004 0.000492297445621269
0.0487304687500004 0.000493298071177187
0.0488281250000004 0.000494298745497646
0.0489257812500004 0.000495299468584826
0.0490234375000004 0.000496300240440909
0.0491210937500004 0.000497301061068076
0.0492187500000004 0.000498301930468507
0.0493164062500004 0.000499302848644385
0.0494140625000004 0.00050030381559789
0.0495117187500004 0.000501304831331203
0.0496093750000004 0.000502305895846507
0.0497070312500004 0.000503307009145982
0.0498046875000004 0.000504308171231811
0.0499023437500004 0.000505309382106174
0.0500000000000004 0.000506310641771254
0.0500976562500004 0.000507311950229232
0.0501953125000004 0.000508313307482291
0.0502929687500005 0.000509314713532612
0.0503906250000005 0.000510316168382378
0.0504882812500005 0.00051131767203377
0.0505859375000005 0.00051231922448897
0.0506835937500005 0.000513320825750162
0.0507812500000005 0.000514322475819527
0.0508789062500005 0.000515324174699248
0.0509765625000005 0.000516325922391508
0.0510742187500005 0.000517327718898488
0.0511718750000005 0.000518329564222372
0.0512695312500005 0.000519331458365343
0.0513671875000005 0.000520333401329582
0.0514648437500005 0.000521335393117274
0.0515625000000005 0.000522337433730601
0.0516601562500005 0.000523339523171747
0.0517578125000005 0.000524341661442894
0.0518554687500005 0.000525343848546225
0.0519531250000005 0.000526346084483924
0.0520507812500005 0.000527348369258175
0.0521484375000005 0.00052835070287116
0.0522460937500005 0.000529353085325064
0.0523437500000005 0.000530355516622069
0.0524414062500005 0.00053135799676436
0.0525390625000005 0.00053236052575412
0.0526367187500005 0.000533363103593534
0.0527343750000005 0.000534365730284785
0.0528320312500005 0.000535368405830057
0.0529296875000005 0.000536371130231534
0.0530273437500005 0.0005373739034914
0.0531250000000005 0.00053837672561184
0.0532226562500005 0.000539379596595038
0.0533203125000005 0.000540382516443178
0.0534179687500005 0.000541385485158445
0.0535156250000005 0.000542388502743024
0.0536132812500005 0.000543391569199098
0.0537109375000005 0.000544394684528853
0.0538085937500005 0.000545397848734474
0.0539062500000005 0.000546401061818144
0.0540039062500005 0.00054740432378205
0.0541015625000005 0.000548407634628376
0.0541992187500005 0.000549410994359308
0.0542968750000005 0.000550414402977029
0.0543945312500005 0.000551417860483727
0.0544921875000005 0.000552421366881586
0.0545898437500005 0.000553424922172791
0.0546875000000005 0.000554428526359528
0.0547851562500005 0.000555432179443982
0.0548828125000005 0.00055643588142834
0.0549804687500005 0.000557439632314787
0.0550781250000005 0.000558443432105508
0.0551757812500005 0.000559447280802689
0.0552734375000005 0.000560451178408517
0.0553710937500005 0.000561455124925178
0.0554687500000005 0.000562459120354857
0.0555664062500005 0.000563463164699741
0.0556640625000005 0.000564467257962016
0.0557617187500005 0.000565471400143868
0.0558593750000005 0.000566475591247484
0.0559570312500005 0.00056747983127505
0.0560546875000005 0.000568484120228753
0.0561523437500005 0.000569488458110779
0.0562500000000005 0.000570492844923316
0.0563476562500005 0.000571497280668549
0.0564453125000005 0.000572501765348667
0.0565429687500005 0.000573506298965855
0.0566406250000005 0.000574510881522301
0.0567382812500005 0.000575515513020192
0.0568359375000005 0.000576520193461715
0.0569335937500005 0.000577524922849058
0.0570312500000005 0.000578529701184407
0.0571289062500005 0.00057953452846995
0.0572265625000005 0.000580539404707875
0.0573242187500006 0.000581544329900369
0.0574218750000006 0.000582549304049621
0.0575195312500006 0.000583554327157816
0.0576171875000006 0.000584559399227145
0.0577148437500006 0.000585564520259793
0.0578125000000006 0.00058656969025795
0.0579101562500006 0.000587574909223803
0.0580078125000006 0.000588580177159541
0.0581054687500006 0.000589585494067351
0.0582031250000006 0.000590590859949422
0.0583007812500006 0.000591596274807943
0.0583984375000006 0.000592601738645101
0.0584960937500006 0.000593607251463086
0.0585937500000006 0.000594612813264085
0.0586914062500006 0.000595618424050288
0.0587890625000006 0.000596624083823883
0.0588867187500006 0.000597629792587059
0.0589843750000006 0.000598635550342005
0.0590820312500006 0.00059964135709091
0.0591796875000006 0.000600647212835963
0.0592773437500006 0.000601653117579353
0.0593750000000006 0.000602659071323269
0.0594726562500006 0.000603665074069901
0.0595703125000006 0.000604671125821438
0.0596679687500006 0.00060567722658007
0.0597656250000006 0.000606683376347985
0.0598632812500006 0.000607689575127374
0.0599609375000006 0.000608695822920426
0.0600585937500006 0.000609702119729332
0.0601562500000006 0.000610708465556279
0.0602539062500006 0.00061171486040346
0.0603515625000006 0.000612721304273064
0.0604492187500006 0.00061372779716728
0.0605468750000006 0.000614734339088299
0.0606445312500006 0.000615740930038311
0.0607421875000006 0.000616747570019507
0.0608398437500006 0.000617754259034076
0.0609375000000006 0.00061876099708421
0.0610351562500006 0.000619767784172098
0.0611328125000006 0.000620774620299932
0.0612304687500006 0.000621781505469902
0.0613281250000006 0.000622788439684199
0.0614257812500006 0.000623795422945014
0.0615234375000006 0.000624802455254537
0.0616210937500006 0.00062580953661496
0.0617187500000006 0.000626816667028473
0.0618164062500006 0.000627823846497269
0.0619140625000006 0.000628831075023537
0.0620117187500006 0.00062983835260947
0.0621093750000006 0.000630845679257259
0.0622070312500006 0.000631853054969095
0.0623046875000006 0.00063286047974717
0.0624023437500006 0.000633867953593675
0.0625000000000006 0.000634875476510802
0.0625976562500006 0.000635883048500743
0.0626953125000006 0.00063689066956569
0.0627929687500006 0.000637898339707835
0.0628906250000006 0.000638906058929369
0.0629882812500006 0.000639913827232485
0.0630859375000006 0.000640921644619375
0.0631835937500006 0.000641929511092232
0.0632812500000006 0.000642937426653246
0.0633789062500006 0.000643945391304612
0.0634765625000006 0.000644953405048521
0.0635742187500006 0.000645961467887166
0.0636718750000006 0.00064696957982274
0.0637695312500006 0.000647977740857434
0.0638671875000005 0.000648985950993443
0.0639648437500005 0.000649994210232959
0.0640625000000005 0.000651002518578175
0.0641601562500005 0.000652010876031283
0.0642578125000005 0.000653019282594478
0.0643554687500005 0.000654027738269952
0.0644531250000005 0.000655036243059898
0.0645507812500005 0.00065604479696651
0.0646484375000005 0.000657053399991981
0.0647460937500005 0.000658062052138505
0.0648437500000005 0.000659070753408275
0.0649414062500005 0.000660079503803485
0.0650390625000005 0.000661088303326328
0.0651367187500005 0.000662097151978999
0.0652343750000005 0.000663106049763691
0.0653320312500005 0.000664114996682599
0.0654296875000005 0.000665123992737915
0.0655273437500005 0.000666133037931835
0.0656250000000004 0.000667142132266553
0.0657226562500004 0.000668151275744262
0.0658203125000004 0.000669160468367158
0.0659179687500004 0.000670169710137434
0.0660156250000004 0.000671179001057285
0.0661132812500004 0.000672188341128906
0.0662109375000004 0.000673197730354491
0.0663085937500004 0.000674207168736235
0.0664062500000004 0.000675216656276333
0.0665039062500004 0.00067622619297698
0.0666015625000004 0.000677235778840371
0.0666992187500004 0.0006782454138687
0.0667968750000004 0.000679255098064163
0.0668945312500004 0.000680264831428955
0.0669921875000004 0.000681274613965272
0.0670898437500004 0.000682284445675308
0.0671875000000004 0.00068329432656126
0.0672851562500004 0.000684304256625322
0.0673828125000003 0.00068531423586969
0.0674804687500003 0.00068632426429656
0.0675781250000003 0.000687334341908128
0.0676757812500003 0.000688344468706589
0.0677734375000003 0.00068935464469414
0.0678710937500003 0.000690364869872976
0.0679687500000003 0.000691375144245294
0.0680664062500003 0.000692385467813289
0.0681640625000003 0.000693395840579158
0.0682617187500003 0.000694406262545097
0.0683593750000003 0.000695416733713302
0.0684570312500003 0.00069642725408597
0.0685546875000003 0.000697437823665297
0.0686523437500003 0.000698448442453481
0.0687500000000003 0.000699459110452717
0.0688476562500003 0.000700469827665202
0.0689453125000003 0.000701480594093134
0.0690429687500003 0.000702491409738709
0.0691406250000002 0.000703502274604124
0.0692382812500002 0.000704513188691577
0.0693359375000002 0.000705524152003263
0.0694335937500002 0.000706535164541381
0.0695312500000002 0.000707546226308128
0.0696289062500002 0.000708557337305702
0.0697265625000002 0.000709568497536299
0.0698242187500002 0.000710579707002117
0.0699218750000002 0.000711590965705355
0.0700195312500002 0.000712602273648208
0.0701171875000002 0.000713613630832876
0.0702148437500002 0.000714625037261557
0.0703125000000002 0.000715636492936447
0.0704101562500002 0.000716647997859746
0.0705078125000002 0.00071765955203365
0.0706054687500002 0.000718671155460359
0.0707031250000002 0.00071968280814207
0.0708007812500002 0.000720694510080983
0.0708984375000001 0.000721706261279294
0.0709960937500001 0.000722718061739204
0.0710937500000001 0.000723729911462909
0.0711914062500001 0.00072474181045261
0.0712890625000001 0.000725753758710504
0.0713867187500001 0.000726765756238791
0.0714843750000001 0.000727777803039668
0.0715820312500001 0.000728789899115336
0.0716796875000001 0.000729802044467993
0.0717773437500001 0.000730814239099839
0.0718750000000001 0.000731826483013072
0.0719726562500001 0.000732838776209891
0.0720703125000001 0.000733851118692497
0.0721679687500001 0.000734863510463087
0.0722656250000001 0.000735875951523863
0.0723632812500001 0.000736888441877024
0.0724609375000001 0.000737900981524768
0.0725585937500001 0.000738913570469296
0.07265625 0.000739926208712808
0.07275390625 0.000740938896257503
0.0728515625 0.000741951633105582
0.07294921875 0.000742964419259244
0.073046875 0.00074397725472069
0.07314453125 0.000744990139492119
0.0732421875 0.000746003073575733
0.07333984375 0.00074701605697373
0.0734375 0.000748029089688313
0.07353515625 0.00074904217172168
0.0736328125 0.000750055303076034
0.07373046875 0.000751068483753574
0.073828125 0.000752081713756501
0.07392578125 0.000753094993087016
0.0740234375 0.00075410832174732
0.07412109375 0.000755121699739613
0.07421875 0.000756135127066098
0.07431640625 0.000757148603728974
0.0744140624999999 0.000758162129730444
0.0745117187499999 0.000759175705072708
0.0746093749999999 0.000760189329757968
0.0747070312499999 0.000761203003788425
0.0748046874999999 0.000762216727166281
0.0749023437499999 0.000763230499893737
0.0749999999999999 0.000764244321972995
0.0750976562499999 0.000765258193406256
0.0751953124999999 0.000766272114195723
0.0752929687499999 0.000767286084343598
0.0753906249999999 0.000768300103852082
0.0754882812499999 0.000769314172723377
0.0755859374999999 0.000770328290959686
0.0756835937499999 0.000771342458563211
0.0757812499999999 0.000772356675536153
0.0758789062499999 0.000773370941880716
0.0759765624999999 0.000774385257599102
0.0760742187499999 0.000775399622693513
0.0761718749999998 0.000776414037166153
0.0762695312499998 0.000777428501019222
0.0763671874999998 0.000778443014254925
0.0764648437499998 0.000779457576875465
0.0765624999999998 0.000780472188883043
0.0766601562499998 0.000781486850279864
0.0767578124999998 0.000782501561068129
0.0768554687499998 0.000783516321250043
0.0769531249999998 0.000784531130827809
0.0770507812499998 0.000785545989803629
0.0771484374999998 0.000786560898179707
0.0772460937499998 0.000787575855958247
0.0773437499999998 0.000788590863141452
0.0774414062499998 0.000789605919731526
0.0775390624999998 0.000790621025730672
0.0776367187499998 0.000791636181141095
0.0777343749999998 0.000792651385964997
0.0778320312499998 0.000793666640204584
0.0779296874999997 0.000794681943862058
0.0780273437499997 0.000795697296939625
0.0781249999999997 0.000796712699439487
0.0782226562499997 0.00079772815136385
0.0783203124999997 0.000798743652714918
0.0784179687499997 0.000799759203494895
0.0785156249999997 0.000800774803705985
0.0786132812499997 0.000801790453350393
0.0787109374999997 0.000802806152430325
0.0788085937499997 0.000803821900947983
0.0789062499999997 0.000804837698905574
0.0790039062499997 0.000805853546305302
0.0791015624999997 0.000806869443149372
0.0791992187499997 0.000807885389439989
0.0792968749999997 0.000808901385179358
0.0793945312499997 0.000809917430369684
0.0794921874999997 0.000810933525013172
0.0795898437499997 0.000811949669112029
0.0796874999999996 0.000812965862668458
0.0797851562499996 0.000813982105684667
0.0798828124999996 0.000814998398162859
0.0799804687499996 0.000816014740105242
0.0800781249999996 0.00081703113151402
0.0801757812499996 0.000818047572391399
0.0802734374999996 0.000819064062739585
0.0803710937499996 0.000820080602560785
0.0804687499999996 0.000821097191857204
0.0805664062499996 0.000822113830631048
0.0806640624999996 0.000823130518884523
0.0807617187499996 0.000824147256619837
0.0808593749999996 0.000825164043839194
0.0809570312499996 0.000826180880544802
0.0810546874999996 0.000827197766738867
0.0811523437499996 0.000828214702423595
0.0812499999999996 0.000829231687601193
0.0813476562499996 0.000830248722273868
0.0814453124999995 0.000831265806443827
0.0815429687499995 0.000832282940113277
0.0816406249999995 0.000833300123284424
0.0817382812499995 0.000834317355959476
0.0818359374999995 0.000835334638140639
0.0819335937499995 0.000836351969830121
0.0820312499999995 0.000837369351030129
0.0821289062499995 0.000838386781742871
0.0822265624999995 0.000839404261970553
0.0823242187499995 0.000840421791715384
0.0824218749999995 0.000841439370979571
0.0825195312499995 0.000842456999765322
0.0826171874999995 0.000843474678074843
0.0827148437499995 0.000844492405910344
0.0828124999999995 0.000845510183274032
0.0829101562499995 0.000846528010168116
0.0830078124999995 0.000847545886594802
0.0831054687499995 0.000848563812556299
0.0832031249999994 0.000849581788054816
0.0833007812499994 0.00085059981309256
0.0833984374999994 0.000851617887671741
0.0834960937499994 0.000852636011794566
0.0835937499999994 0.000853654185463244
0.0836914062499994 0.000854672408679983
0.0837890624999994 0.000855690681446993
0.0838867187499994 0.000856709003766482
0.0839843749999994 0.000857727375640658
0.0840820312499994 0.000858745797071732
0.0841796874999994 0.000859764268061911
0.0842773437499994 0.000860782788613405
0.0843749999999994 0.000861801358728422
0.0844726562499994 0.000862819978409173
0.0845703124999994 0.000863838647657866
0.0846679687499994 0.000864857366476711
0.0847656249999994 0.000865876134867918
0.0848632812499994 0.000866894952833695
0.0849609374999993 0.000867913820376252
0.0850585937499993 0.000868932737497799
0.0851562499999993 0.000869951704200547
0.0852539062499993 0.000870970720486703
0.0853515624999993 0.00087198978635848
0.0854492187499993 0.000873008901818086
0.0855468749999993 0.000874028066867731
0.0856445312499993 0.000875047281509627
0.0857421874999993 0.000876066545745982
0.0858398437499993 0.000877085859579008
0.0859374999999993 0.000878105223010914
0.0860351562499993 0.000879124636043912
0.0861328124999993 0.000880144098680211
0.0862304687499993 0.000881163610922023
0.0863281249999993 0.000882183172771557
0.0864257812499993 0.000883202784231026
0.0865234374999993 0.000884222445302639
0.0866210937499993 0.000885242155988607
0.0867187499999992 0.000886261916291142
0.0868164062499992 0.000887281726212455
0.0869140624999992 0.000888301585754757
0.0870117187499992 0.000889321494920259
0.0871093749999992 0.000890341453711172
0.0872070312499992 0.000891361462129708
0.0873046874999992 0.000892381520178078
0.0874023437499992 0.000893401627858494
0.0874999999999992 0.000894421785173167
0.0875976562499992 0.00089544199212431
0.0876953124999992 0.000896462248714133
0.0877929687499992 0.000897482554944849
0.0878906249999992 0.00089850291081867
0.0879882812499992 0.000899523316337808
0.0880859374999992 0.000900543771504475
0.0881835937499992 0.000901564276320882
0.0882812499999992 0.000902584830789243
0.0883789062499992 0.00090360543491177
0.0884765624999991 0.000904626088690675
0.0885742187499991 0.00090564679212817
0.0886718749999991 0.000906667545226468
0.0887695312499991 0.000907688347987782
0.0888671874999991 0.000908709200414325
0.0889648437499991 0.000909730102508308
0.0890624999999991 0.000910751054271946
0.0891601562499991 0.000911772055707451
0.0892578124999991 0.000912793106817036
0.0893554687499991 0.000913814207602915
0.0894531249999991 0.000914835358067299
0.0895507812499991 0.000915856558212404
0.0896484374999991 0.000916877808040441
0.0897460937499991 0.000917899107553626
0.0898437499999991 0.000918920456754169
0.0899414062499991 0.000919941855644287
0.0900390624999991 0.000920963304226192
0.0901367187499991 0.000921984802502097
0.090234374999999 0.000923006350474218
0.090332031249999 0.000924027948144767
0.090429687499999 0.000925049595515958
0.090527343749999 0.000926071292590007
0.090624999999999 0.000927093039369126
0.090722656249999 0.00092811483585553
0.090820312499999 0.000929136682051433
0.090917968749999 0.00093015857795905
0.091015624999999 0.000931180523580595
0.091113281249999 0.000932202518918283
0.091210937499999 0.000933224563974328
0.091308593749999 0.000934246658750945
0.091406249999999 0.000935268803250348
0.091503906249999 0.000936290997474753
0.091601562499999 0.000937313241426374
0.091699218749999 0.000938335535107426
0.091796874999999 0.000939357878520125
0.091894531249999 0.000940380271666685
0.0919921874999989 0.000941402714549322
0.0920898437499989 0.000942425207170251
0.0921874999999989 0.000943447749531687
0.0922851562499989 0.000944470341635847
0.0923828124999989 0.000945492983484944
0.0924804687499989 0.000946515675081196
0.0925781249999989 0.000947538416426817
0.0926757812499989 0.000948561207524024
0.0927734374999989 0.000949584048375032
0.0928710937499989 0.000950606938982057
0.0929687499999989 0.000951629879347315
0.0930664062499989 0.000952652869473023
0.0931640624999989 0.000953675909361396
0.0932617187499989 0.00095469899901465
0.0933593749999989 0.000955722138435003
0.0934570312499989 0.00095674532762467
0.0935546874999989 0.000957768566585867
0.0936523437499989 0.000958791855320813
0.0937499999999988 0.000959815193831722
0.0938476562499988 0.000960838582120811
0.0939453124999988 0.000961862020190298
0.0940429687499988 0.0009628855080424
0.0941406249999988 0.000963909045679332
0.0942382812499988 0.000964932633103313
0.0943359374999988 0.000965956270316559
0.0944335937499988 0.000966979957321288
0.0945312499999988 0.000968003694119717
0.0946289062499988 0.000969027480714062
0.0947265624999988 0.000970051317106542
0.0948242187499988 0.000971075203299374
0.0949218749999988 0.000972099139294775
0.0950195312499988 0.000973123125094963
0.0951171874999988 0.000974147160702157
0.0952148437499988 0.000975171246118573
0.0953124999999988 0.000976195381346429
0.0954101562499988 0.000977219566387944
0.0955078124999987 0.000978243801245335
0.0956054687499987 0.000979268085920821
0.0957031249999987 0.000980292420416619
0.0958007812499987 0.000981316804734949
0.0958984374999987 0.000982341238878028
0.0959960937499987 0.000983365722848075
0.0960937499999987 0.000984390256647308
0.0961914062499987 0.000985414840277946
0.0962890624999987 0.000986439473742207
0.0963867187499987 0.00098746415704231
0.0964843749999987 0.000988488890180475
0.0965820312499987 0.000989513673158919
0.0966796874999987 0.000990538505979862
0.0967773437499987 0.000991563388645523
0.0968749999999987 0.000992588321158121
0.0969726562499987 0.000993613303519875
0.0970703124999987 0.000994638335733004
0.0971679687499987 0.000995663417799729
0.0972656249999986 0.000996688549722267
0.0973632812499986 0.00099771373150284
0.0974609374999986 0.000998738963143665
0.0975585937499986 0.000999764244646964
0.0976562499999986 0.00100078957601495
0.0977539062499986 0.00100181495724986
0.0978515624999986 0.0010028403883539
0.0979492187499986 0.00100386586932928
0.0980468749999986 0.00100489140017824
0.0981445312499986 0.001005916980903
0.0982421874999986 0.00100694261150576
0.0983398437499986 0.00100796829198876
0.0984374999999986 0.00100899402235422
0.0985351562499986 0.00101001980260434
0.0986328124999986 0.00101104563274137
0.0987304687499986 0.0010120715127675
0.0988281249999986 0.00101309744268497
0.0989257812499986 0.001014123422496
0.0990234374999985 0.00101514945220281
0.0991210937499985 0.00101617553180761
0.0992187499999985 0.00101720166131263
0.0993164062499985 0.0010182278407201
0.0994140624999985 0.00101925407003222
0.0995117187499985 0.00102028034925123
0.0996093749999985 0.00102130667837934
0.0997070312499985 0.00102233305741878
0.0998046874999985 0.00102335948637176
0.0999023437499985 0.00102438596524051
0.0999999999999985 0.00102541249402725
Total steps: 4096
