0 0
0.00048828125 4.88400487228375e-06
0.0009765625 9.76920238478841e-06
0.00146484375 1.46555928054284e-05
0.001953125 1.95431764021666e-05
0.00244140625 2.4431953443014e-05
0.0029296875 2.93219241960302e-05
0.00341796875 3.42130889293229e-05
0.00390625 3.91054479110484e-05
0.00439453125 4.39990014094111e-05
0.0048828125 4.8893749692664e-05
0.00537109375 5.37896930291082e-05
0.005859375 5.86868316870933e-05
0.00634765625 6.35851659350173e-05
0.0068359375 6.84846960413265e-05
0.00732421875 7.33854222745155e-05
0.0078125 7.82873449031275e-05
0.00830078125 8.31904641957537e-05
0.0087890625 8.80947804210341e-05
0.00927734375 9.30002938476567e-05
0.009765625 9.79070047443582e-05
0.01025390625 0.000102814913379923
0.0107421875 0.000107724020023186
0.01123046875 0.000112634324943027
0.01171875 0.000117545828408376
0.01220703125 0.000122458530688213
0.0126953125 0.000127372432051564
0.01318359375 0.000132287532767505
0.013671875 0.000137203833105159
0.01416015625 0.000142121333333697
0.0146484375 0.000147040033722341
0.01513671875 0.00015195993454036
0.015625 0.00015688103605707
0.01611328125 0.000161803338541838
0.0166015625 0.000166726842264077
0.01708984375 0.00017165154749325
0.017578125 0.000176577454498868
0.01806640625 0.00018150456355049
0.0185546875 0.000186432874917724
0.01904296875 0.000191362388870227
0.01953125 0.000196293105677702
0.02001953125 0.000201225025609903
0.0205078125 0.000206158148936631
0.02099609375 0.000211092475927736
0.021484375 0.000216028006853117
0.02197265625 0.00022096474198272
0.0224609375 0.000225902681586541
0.02294921875 0.000230841825934623
0.0234375 0.000235782175297059
0.02392578125 0.000240723729943988
0.0244140625 0.0002456664901456
0.02490234375 0.000250610456172132
0.025390625 0.000255555628293871
0.02587890625 0.00026050200678115
0.0263671875 0.000265449591904353
0.02685546875 0.000270398383933911
0.02734375 0.000275348383140303
0.02783203125 0.000280299589794058
0.0283203125 0.000285252004165752
0.02880859375 0.000290205626526011
0.029296875 0.000295160457145508
0.02978515625 0.000300116496294966
0.0302734375 0.000305073744245154
0.03076171875 0.000310032201266893
0.03125 0.000314991867631049
0.03173828125 0.000319952743608538
0.0322265625 0.000324914829470326
0.03271484375 0.000329878125487425
0.033203125 0.000334842631930897
0.03369140625 0.000339808349071851
0.0341796875 0.000344775277181447
0.03466796875 0.00034974341653089
0.03515625 0.000354712767391438
0.03564453125 0.000359683330034393
0.0361328125 0.000364655104731108
0.03662109375 0.000369628091752984
0.037109375 0.000374602291371471
0.03759765625 0.000379577703858067
0.0380859375 0.000384554329484318
0.03857421875 0.00038953216852182
0.0390625 0.000394511221242215
0.03955078125 0.000399491487917197
0.0400390625 0.000404472968818505
0.04052734375 0.000409455664217929
0.041015625 0.000414439574387306
0.04150390625 0.000419424699598523
0.0419921875 0.000424411040123515
0.04248046875 0.000429398596234264
0.04296875 0.000434387368202803
0.04345703125 0.000439377356301212
0.0439453125 0.00044436856080162
0.04443359375 0.000449360981976204
0.044921875 0.00045435462009719
0.04541015625 0.000459349475436853
0.0458984375 0.000464345548267516
0.04638671875 0.00046934283886155
0.046875 0.000474341347491376
0.04736328125 0.000479341074429463
0.0478515625 0.000484342019948327
0.04833984375 0.000489344184320535
0.048828125 0.0004943475678187
0.04931640625 0.000499352170715487
0.0498046875 0.000504357993283606
0.05029296875 0.000509365035795818
0.05078125 0.000514373298524931
0.05126953125 0.000519382781743803
0.0517578125 0.00052439348572534
0.05224609375 0.000529405410742495
0.052734375 0.000534418557068272
0.05322265625 0.000539432924975723
0.0537109375 0.000544448514737947
0.05419921875 0.000549465326628093
0.0546875 0.00055448336091936
0.05517578125 0.000559502617884992
0.0556640625 0.000564523097798284
0.05615234375 0.00056954480093258
0.056640625 0.000574567727561271
0.05712890625 0.000579591877957797
0.0576171875 0.000584617252395647
0.05810546875 0.000589643851148359
0.05859375 0.000594671674489519
0.05908203125 0.000599700722692761
0.0595703125 0.00060473099603177
0.06005859375 0.000609762494780276
0.060546875 0.000614795219212061
0.06103515625 0.000619829169600954
0.0615234375 0.000624864346220832
0.06201171875 0.000629900749345622
0.0625 0.000634938379249299
0.06298828125 0.000639977236205886
0.0634765625 0.000645017320489457
0.06396484375 0.000650058632374131
0.064453125 0.000655101172134078
0.06494140625 0.000660144940043517
0.0654296875 0.000665189936376714
0.06591796875 0.000670236161407985
0.06640625 0.000675283615411694
0.06689453125 0.000680332298662253
0.0673828125 0.000685382211434124
0.06787109375 0.000690433354001818
0.068359375 0.000695485726639891
0.06884765625 0.000700539329622953
0.0693359375 0.000705594163225658
0.06982421875 0.000710650227722711
0.0703125 0.000715707523388867
0.07080078125 0.000720766050498925
0.0712890625 0.000725825809327738
0.07177734375 0.000730886800150205
0.072265625 0.000735949023241272
0.07275390625 0.000741012478875937
0.0732421875 0.000746077167329246
0.07373046875 0.000751143088876291
0.07421875 0.000756210243792216
0.07470703125 0.000761278632352211
0.0751953125 0.000766348254831517
0.07568359375 0.000771419111505422
0.076171875 0.000776491202649263
0.07666015625 0.000781564528538427
0.0771484375 0.000786639089448347
0.07763671875 0.000791714885654508
0.078125 0.000796791917432441
0.07861328125 0.000801870185057727
0.0791015625 0.000806949688805995
0.07958984375 0.000812030428952923
0.080078125 0.000817112405774238
0.08056640625 0.000822195619545716
0.0810546875 0.00082728007054318
0.08154296875 0.000832365759042504
0.08203125 0.000837452685319608
0.08251953125 0.000842540849650463
0.0830078125 0.000847630252311089
0.08349609375 0.000852720893577552
0.083984375 0.000857812773725969
0.08447265625 0.000862905893032505
0.0849609375 0.000868000251773374
0.08544921875 0.000873095850224838
0.0859375 0.000878192688663208
0.08642578125 0.000883290767364845
0.0869140625 0.000888390086606157
0.08740234375 0.000893490646663602
0.087890625 0.000898592447813684
0.08837890625 0.00090369549033296
0.0888671875 0.000908799774498032
0.08935546875 0.000913905300585554
0.08984375 0.000919012068872225
0.09033203125 0.000924120079634796
0.0908203125 0.000929229333150065
0.09130859375 0.000934339829694879
0.091796875 0.000939451569546135
0.09228515625 0.000944564552980776
0.0927734375 0.000949678780275796
0.09326171875 0.000954794251708238
0.09375 0.000959910967555191
0.09423828125 0.000965028928093797
0.0947265625 0.000970148133601243
0.09521484375 0.000975268584354765
0.095703125 0.000980390280631652
0.09619140625 0.000985513222709236
0.0966796875 0.0009906374108649
0.09716796875 0.000995762845376079
0.09765625 0.00100088952652025
0.09814453125 0.00100601745457495
0.0986328125 0.00101114662981775
0.09912109375 0.00101627705252627
0.099609375 0.00102140872297821
0.10009765625 0.00102654164145127
0.1005859375 0.00103167580822324
0.10107421875 0.00103681122357193
0.1015625 0.00104194788777522
0.10205078125 0.00104708580111102
0.1025390625 0.00105222496385731
0.10302734375 0.00105736537629211
0.103515625 0.00106250703869347
0.10400390625 0.00106764995133951
0.1044921875 0.0010727941145084
0.10498046875 0.00107793952847836
0.10546875 0.00108308619352763
0.10595703125 0.00108823410993453
0.1064453125 0.00109338327797742
0.10693359375 0.00109853369793471
0.107421875 0.00110368537008486
0.10791015625 0.00110883829470636
0.1083984375 0.00111399247207778
0.10888671875 0.00111914790247771
0.109375 0.00112430458618481
0.10986328125 0.00112946252347777
0.1103515625 0.00113462171463536
0.11083984375 0.00113978215993635
0.111328125 0.00114494385965961
0.11181640625 0.00115010681408403
0.1123046875 0.00115527102348855
0.11279296875 0.00116043648815216
0.11328125 0.00116560320835392
0.11376953125 0.00117077118437289
0.1142578125 0.00117594041648824
0.11474609375 0.00118111090497914
0.115234375 0.00118628265012484
0.11572265625 0.00119145565220461
0.1162109375 0.0011966299114978
0.11669921875 0.00120180542828379
0.1171875 0.00120698220284201
0.11767578125 0.00121216023545194
0.1181640625 0.00121733952639311
0.11865234375 0.00122252007594511
0.119140625 0.00122770188438755
0.11962890625 0.00123288495200012
0.1201171875 0.00123806927906254
0.12060546875 0.00124325486585459
0.12109375 0.00124844171265609
0.12158203125 0.0012536298197469
0.1220703125 0.00125881918740697
0.12255859375 0.00126400981591624
0.123046875 0.00126920170555474
0.12353515625 0.00127439485660254
0.1240234375 0.00127958926933976
0.12451171875 0.00128478494404656
0.125 0.00128998188100315
0.12548828125 0.00129518008048979
0.1259765625 0.00130037954278681
0.12646484375 0.00130558026817455
0.126953125 0.00131078225693343
0.12744140625 0.00131598550934391
0.1279296875 0.00132119002568649
0.12841796875 0.00132639580624173
0.12890625 0.00133160285129024
0.12939453125 0.00133681116111266
0.1298828125 0.0013420207359897
0.13037109375 0.00134723157620212
0.130859375 0.00135244368203071
0.13134765625 0.00135765705375632
0.1318359375 0.00136287169165985
0.13232421875 0.00136808759602225
0.1328125 0.0013733047671245
0.13330078125 0.00137852320524767
0.1337890625 0.00138374291067284
0.13427734375 0.00138896388368115
0.134765625 0.00139418612455379
0.13525390625 0.00139940963357201
0.1357421875 0.00140463441101709
0.13623046875 0.00140986045717037
0.13671875 0.00141508777231324
0.13720703125 0.00142031635672714
0.1376953125 0.00142554621069354
0.13818359375 0.00143077733449399
0.138671875 0.00143600972841006
0.13916015625 0.00144124339272338
0.1396484375 0.00144647832771565
0.14013671875 0.00145171453366857
0.140625 0.00145695201086394
0.14111328125 0.00146219075958358
0.1416015625 0.00146743078010937
0.14208984375 0.00147267207272322
0.142578125 0.00147791463770712
0.14306640625 0.00148315847534308
0.1435546875 0.00148840358591318
0.14404296875 0.00149364996969954
0.14453125 0.00149889762698433
0.14501953125 0.00150414655804976
0.1455078125 0.0015093967631781
0.14599609375 0.00151464824265168
0.146484375 0.00151990099675284
0.14697265625 0.00152515502576401
0.1474609375 0.00153041032996765
0.14794921875 0.00153566690964627
0.1484375 0.00154092476508243
0.14892578125 0.00154618389655874
0.1494140625 0.00155144430435786
0.14990234375 0.00155670598876249
0.150390625 0.0015619689500554
0.15087890625 0.00156723318851938
0.1513671875 0.0015724987044373
0.15185546875 0.00157776549809204
0.15234375 0.00158303356976658
0.15283203125 0.0015883029197439
0.1533203125 0.00159357354830706
0.15380859375 0.00159884545573915
0.154296875 0.00160411864232332
0.15478515625 0.00160939310834278
0.1552734375 0.00161466885408075
0.15576171875 0.00161994587982055
0.15625 0.00162522418584551
0.15673828125 0.00163050377243902
0.1572265625 0.00163578463988453
0.15771484375 0.00164106678846552
0.158203125 0.00164635021846554
0.15869140625 0.00165163493016817
0.1591796875 0.00165692092385705
0.15966796875 0.00166220819981586
0.16015625 0.00166749675832835
0.16064453125 0.00167278659967829
0.1611328125 0.00167807772414952
0.16162109375 0.00168337013202591
0.162109375 0.00168866382359141
0.16259765625 0.00169395879912998
0.1630859375 0.00169925505892566
0.16357421875 0.00170455260326252
0.1640625 0.0017098514324247
0.16455078125 0.00171515154669636
0.1650390625 0.00172045294636174
0.16552734375 0.00172575563170509
0.166015625 0.00173105960301076
0.16650390625 0.0017363648605631
0.1669921875 0.00174167140464654
0.16748046875 0.00174697923554555
0.16796875 0.00175228835354464
0.16845703125 0.00175759875892839
0.1689453125 0.0017629104519814
0.16943359375 0.00176822343298835
0.169921875 0.00177353770223395
0.17041015625 0.00177885326000296
0.1708984375 0.00178417010658018
0.17138671875 0.0017894882422505
0.171875 0.0017948076672988
0.17236328125 0.00180012838201006
0.1728515625 0.00180545038666928
0.17333984375 0.00181077368156152
0.173828125 0.00181609826697188
0.17431640625 0.00182142414318551
0.1748046875 0.00182675131048763
0.17529296875 0.00183207976916348
0.17578125 0.00183740951949837
0.17626953125 0.00184274056177765
0.1767578125 0.00184807289628671
0.17724609375 0.00185340652331101
0.177734375 0.00185874144313604
0.17822265625 0.00186407765604734
0.1787109375 0.00186941516233053
0.17919921875 0.00187475396227123
0.1796875 0.00188009405615515
0.18017578125 0.00188543544426802
0.1806640625 0.00189077812689564
0.18115234375 0.00189612210432385
0.181640625 0.00190146737683854
0.18212890625 0.00190681394472564
0.1826171875 0.00191216180827115
0.18310546875 0.0019175109677611
0.18359375 0.00192286142348157
0.18408203125 0.00192821317571871
0.1845703125 0.00193356622475869
0.18505859375 0.00193892057088774
0.185546875 0.00194427621439216
0.18603515625 0.00194963315555826
0.1865234375 0.00195499139467244
0.18701171875 0.00196035093202111
0.1875 0.00196571176789075
0.18798828125 0.0019710739025679
0.1884765625 0.00197643733633912
0.18896484375 0.00198180206949105
0.189453125 0.00198716810231035
0.18994140625 0.00199253543508376
0.1904296875 0.00199790406809803
0.19091796875 0.00200327400163999
0.19140625 0.00200864523599651
0.19189453125 0.00201401777145451
0.1923828125 0.00201939160830096
0.19287109375 0.00202476674682287
0.193359375 0.00203014318730732
0.19384765625 0.0020355209300414
0.1943359375 0.00204089997531229
0.19482421875 0.00204628032340721
0.1953125 0.00205166197461341
0.19580078125 0.0020570449292182
0.1962890625 0.00206242918750894
0.19677734375 0.00206781474977305
0.197265625 0.00207320161629798
0.19775390625 0.00207858978737123
0.1982421875 0.00208397926328037
0.19873046875 0.00208937004431299
0.19921875 0.00209476213075676
0.19970703125 0.00210015552289938
0.2001953125 0.00210555022102859
0.20068359375 0.0021109462254322
0.201171875 0.00211634353639806
0.20166015625 0.00212174215421406
0.2021484375 0.00212714207916816
0.20263671875 0.00213254331154836
0.203125 0.0021379458516427
0.20361328125 0.00214334969973927
0.2041015625 0.00214875485612622
0.20458984375 0.00215416132109174
0.205078125 0.00215956909492408
0.20556640625 0.00216497817791153
0.2060546875 0.00217038857034242
0.20654296875 0.00217580027250515
0.20703125 0.00218121328468815
0.20751953125 0.00218662760717992
0.2080078125 0.00219204324026899
0.20849609375 0.00219746018424394
0.208984375 0.00220287843939341
0.20947265625 0.00220829800600609
0.2099609375 0.0022137188843707
0.21044921875 0.00221914107477604
0.2109375 0.00222456457751092
0.21142578125 0.00222998939286423
0.2119140625 0.0022354155211249
0.21240234375 0.00224084296258191
0.212890625 0.00224627171752428
0.21337890625 0.00225170178624109
0.2138671875 0.00225713316902147
0.21435546875 0.00226256586615458
0.21484375 0.00226799987792966
0.21533203125 0.00227343520463597
0.2158203125 0.00227887184656284
0.21630859375 0.00228430980399964
0.216796875 0.00228974907723579
0.21728515625 0.00229518966656074
0.2177734375 0.00230063157226404
0.21826171875 0.00230607479463523
0.21875 0.00231151933396394
0.21923828125 0.00231696519053982
0.2197265625 0.00232241236465261
0.22021484375 0.00232786085659205
0.220703125 0.00233331066664795
0.22119140625 0.00233876179511019
0.2216796875 0.00234421424226867
0.22216796875 0.00234966800841335
0.22265625 0.00235512309383423
0.22314453125 0.00236057949882138
0.2236328125 0.0023660372236649
0.22412109375 0.00237149626865495
0.224609375 0.00237695663408173
0.22509765625 0.00238241832023549
0.2255859375 0.00238788132740654
0.22607421875 0.00239334565588523
0.2265625 0.00239881130596196
0.22705078125 0.00240427827792718
0.2275390625 0.00240974657207138
0.22802734375 0.00241521618868513
0.228515625 0.002420687128059
0.22900390625 0.00242615939048366
0.2294921875 0.00243163297624979
0.22998046875 0.00243710788564814
0.23046875 0.0024425841189695
0.23095703125 0.00244806167650472
0.2314453125 0.00245354055854468
0.23193359375 0.00245902076538033
0.232421875 0.00246450229730265
0.23291015625 0.00246998515460269
0.2333984375 0.00247546933757153
0.23388671875 0.00248095484650031
0.234375 0.00248644168168021
0.23486328125 0.00249192984340248
0.2353515625 0.00249741933195839
0.23583984375 0.00250291014763927
0.236328125 0.00250840229073652
0.23681640625 0.00251389576154155
0.2373046875 0.00251939056034586
0.23779296875 0.00252488668744096
0.23828125 0.00253038414311845
0.23876953125 0.00253588292766994
0.2392578125 0.00254138304138711
0.23974609375 0.0025468844845617
0.240234375 0.00255238725748546
0.24072265625 0.00255789136045023
0.2412109375 0.00256339679374789
0.24169921875 0.00256890355767034
0.2421875 0.00257441165250957
0.24267578125 0.00257992107855759
0.2431640625 0.00258543183610647
0.24365234375 0.00259094392544834
0.244140625 0.00259645734687535
0.24462890625 0.00260197210067973
0.2451171875 0.00260748818715374
0.24560546875 0.0026130056065897
0.24609375 0.00261852435927996
0.24658203125 0.00262404444551695
0.2470703125 0.00262956586559312
0.24755859375 0.00263508861980098
0.248046875 0.0026406127084331
0.24853515625 0.00264613813178208
0.2490234375 0.00265166489014059
0.24951171875 0.00265719298380133
0.25 0.00266272241305705
0.25048828125 0.00266825317820056
0.2509765625 0.00267378527952473
0.25146484375 0.00267931871732244
0.251953125 0.00268485349188665
0.25244140625 0.00269038960351037
0.2529296875 0.00269592705248664
0.25341796875 0.00270146583910858
0.25390625 0.00270700596366931
0.25439453125 0.00271254742646205
0.2548828125 0.00271809022778004
0.25537109375 0.00272363436791658
0.255859375 0.00272917984716501
0.25634765625 0.00273472666581873
0.2568359375 0.00274027482417117
0.25732421875 0.00274582432251585
0.2578125 0.00275137516114628
0.25830078125 0.00275692734035608
0.2587890625 0.00276248086043887
0.25927734375 0.00276803572168834
0.259765625 0.00277359192439824
0.26025390625 0.00277914946886236
0.2607421875 0.00278470835537452
0.26123046875 0.00279026858422861
0.26171875 0.00279583015571857
0.26220703125 0.00280139307013838
0.2626953125 0.00280695732778208
0.26318359375 0.00281252292894374
0.263671875 0.0028180898739175
0.26416015625 0.00282365816299754
0.2646484375 0.00282922779647808
0.26513671875 0.00283479877465341
0.265625 0.00284037109781785
0.26611328125 0.00284594476626578
0.2666015625 0.00285151978029163
0.26708984375 0.00285709614018986
0.267578125 0.002862673846255
0.26806640625 0.00286825289878163
0.2685546875 0.00287383329806437
0.26904296875 0.00287941504439789
0.26953125 0.0028849981380769
0.27001953125 0.00289058257939618
0.2705078125 0.00289616836865055
0.27099609375 0.00290175550613487
0.271484375 0.00290734399214406
0.27197265625 0.00291293382697309
0.2724609375 0.00291852501091696
0.27294921875 0.00292411754427075
0.2734375 0.00292971142732957
0.27392578125 0.00293530666038858
0.2744140625 0.00294090324374298
0.27490234375 0.00294650117768805
0.275390625 0.00295210046251908
0.27587890625 0.00295770109853144
0.2763671875 0.00296330308602054
0.27685546875 0.00296890642528183
0.27734375 0.00297451111661081
0.27783203125 0.00298011716030305
0.2783203125 0.00298572455665414
0.27880859375 0.00299133330595974
0.279296875 0.00299694340851555
0.27978515625 0.00300255486461733
0.2802734375 0.00300816767456086
0.28076171875 0.00301378183864201
0.28125 0.00301939735715667
0.28173828125 0.00302501423040078
0.2822265625 0.00303063245867035
0.28271484375 0.00303625204226141
0.283203125 0.00304187298147008
0.28369140625 0.00304749527659248
0.2841796875 0.00305311892792481
0.28466796875 0.00305874393576331
0.28515625 0.00306437030040428
0.28564453125 0.00306999802214405
0.2861328125 0.00307562710127902
0.28662109375 0.00308125753810562
0.287109375 0.00308688933292034
0.28759765625 0.00309252248601971
0.2880859375 0.00309815699770033
0.28857421875 0.00310379286825883
0.2890625 0.00310943009799188
0.28955078125 0.00311506868719623
0.2900390625 0.00312070863616866
0.29052734375 0.00312634994520599
0.291015625 0.00313199261460512
0.29150390625 0.00313763664466296
0.2919921875 0.00314328203567649
0.29248046875 0.00314892878794275
0.29296875 0.00315457690175881
0.29345703125 0.00316022637742179
0.2939453125 0.00316587721522888
0.29443359375 0.00317152941547729
0.294921875 0.0031771829784643
0.29541015625 0.00318283790448722
0.2958984375 0.00318849419384344
0.29638671875 0.00319415184683037
0.296875 0.00319981086374548
0.29736328125 0.00320547124488629
0.2978515625 0.00321113299055037
0.29833984375 0.00321679610103533
0.298828125 0.00322246057663884
0.29931640625 0.00322812641765862
0.2998046875 0.00323379362439242
0.30029296875 0.00323946219713806
0.30078125 0.00324513213619341
0.30126953125 0.00325080344185637
0.3017578125 0.00325647611442491
0.30224609375 0.00326215015419704
0.302734375 0.0032678255614708
0.30322265625 0.00327350233654432
0.3037109375 0.00327918047971574
0.30419921875 0.00328485999128328
0.3046875 0.00329054087154519
0.30517578125 0.00329622312079976
0.3056640625 0.00330190673934537
0.30615234375 0.0033075917274804
0.306640625 0.00331327808550331
0.30712890625 0.00331896581371259
0.3076171875 0.00332465491240681
0.30810546875 0.00333034538188455
0.30859375 0.00333603722244447
0.30908203125 0.00334173043438526
0.3095703125 0.00334742501800566
0.31005859375 0.00335312097360448
0.310546875 0.00335881830148055
0.31103515625 0.00336451700193277
0.3115234375 0.00337021707526008
0.31201171875 0.00337591852176147
0.3125 0.00338162134173599
0.31298828125 0.00338732553548271
0.3134765625 0.00339303110330079
0.31396484375 0.0033987380454894
0.314453125 0.00340444636234779
0.31494140625 0.00341015605417524
0.3154296875 0.00341586712127108
0.31591796875 0.0034215795639347
0.31640625 0.00342729338246553
0.31689453125 0.00343300857716305
0.3173828125 0.0034387251483268
0.31787109375 0.00344444309625635
0.318359375 0.00345016242125133
0.31884765625 0.00345588312361143
0.3193359375 0.00346160520363636
0.31982421875 0.00346732866162592
0.3203125 0.00347305349787991
0.32080078125 0.00347877971269822
0.3212890625 0.00348450730638077
0.32177734375 0.00349023627922753
0.322265625 0.00349596663153852
0.32275390625 0.00350169836361382
0.3232421875 0.00350743147575354
0.32373046875 0.00351316596825786
0.32421875 0.00351890184142699
0.32470703125 0.0035246390955612
0.3251953125 0.00353037773096081
0.32568359375 0.00353611774792618
0.326171875 0.00354185914675772
0.32666015625 0.0035476019277559
0.3271484375 0.00355334609122124
0.32763671875 0.00355909163745428
0.328125 0.00356483856675565
0.32861328125 0.00357058687942601
0.3291015625 0.00357633657576605
0.32958984375 0.00358208765607655
0.330078125 0.00358784012065831
0.33056640625 0.00359359396981217
0.3310546875 0.00359934920383906
0.33154296875 0.00360510582303992
0.33203125 0.00361086382771576
0.33251953125 0.00361662321816762
0.3330078125 0.00362238399469661
0.33349609375 0.00362814615760389
0.333984375 0.00363390970719064
0.33447265625 0.00363967464375812
0.3349609375 0.00364544096760763
0.33544921875 0.00365120867904051
0.3359375 0.00365697777835816
0.33642578125 0.00366274826586202
0.3369140625 0.00366852014185359
0.33740234375 0.0036742934066344
0.337890625 0.00368006806050606
0.33837890625 0.00368584410377021
0.3388671875 0.00369162153672852
0.33935546875 0.00369740035968275
0.33984375 0.00370318057293468
0.34033203125 0.00370896217678614
0.3408203125 0.00371474517153903
0.34130859375 0.00372052955749528
0.341796875 0.00372631533495687
0.34228515625 0.00373210250422583
0.3427734375 0.00373789106560426
0.34326171875 0.00374368101939428
0.34375 0.00374947236589807
0.34423828125 0.00375526510541786
0.3447265625 0.00376105923825593
0.34521484375 0.00376685476471461
0.345703125 0.00377265168509627
0.34619140625 0.00377844999970335
0.3466796875 0.00378424970883831
0.34716796875 0.00379005081280367
0.34765625 0.00379585331190202
0.34814453125 0.00380165720643598
0.3486328125 0.00380746249670821
0.34912109375 0.00381326918302143
0.349609375 0.00381907726567842
0.35009765625 0.00382488674498199
0.3505859375 0.00383069762123501
0.35107421875 0.0038365098947404
0.3515625 0.00384232356580112
0.35205078125 0.00384813863472018
0.3525390625 0.00385395510180065
0.35302734375 0.00385977296734565
0.353515625 0.00386559223165832
0.35400390625 0.00387141289504189
0.3544921875 0.00387723495779962
0.35498046875 0.0038830584202348
0.35546875 0.0038888832826508
0.35595703125 0.00389470954535103
0.3564453125 0.00390053720863894
0.35693359375 0.00390636627281804
0.357421875 0.00391219673819187
0.35791015625 0.00391802860506405
0.3583984375 0.00392386187373822
0.35888671875 0.00392969654451808
0.359375 0.00393553261770739
0.35986328125 0.00394137009360994
0.3603515625 0.00394720897252958
0.36083984375 0.00395304925477021
0.361328125 0.00395889094063577
0.36181640625 0.00396473403043026
0.3623046875 0.00397057852445773
0.36279296875 0.00397642442302225
0.36328125 0.00398227172642799
0.36376953125 0.00398812043497912
0.3642578125 0.00399397054897989
0.36474609375 0.00399982206873459
0.365234375 0.00400567499454755
0.36572265625 0.00401152932672316
0.3662109375 0.00401738506556587
0.36669921875 0.00402324221138014
0.3671875 0.00402910076447052
0.36767578125 0.00403496072514159
0.3681640625 0.00404082209369798
0.36865234375 0.00404668487044437
0.369140625 0.0040525490556855
0.36962890625 0.00405841464972614
0.3701171875 0.00406428165287112
0.37060546875 0.00407015006542531
0.37109375 0.00407601988769365
0.37158203125 0.00408189111998111
0.3720703125 0.0040877637625927
0.37255859375 0.00409363781583352
0.373046875 0.00409951328000866
0.37353515625 0.00410539015542332
0.3740234375 0.0041112684423827
0.37451171875 0.00411714814119209
0.375 0.00412302925215678
0.37548828125 0.00412891177558216
0.3759765625 0.00413479571177364
0.37646484375 0.00414068106103667
0.376953125 0.00414656782367679
0.37744140625 0.00415245599999954
0.3779296875 0.00415834559031055
0.37841796875 0.00416423659491547
0.37890625 0.00417012901412001
0.37939453125 0.00417602284822993
0.3798828125 0.00418191809755104
0.38037109375 0.0041878147623892
0.380859375 0.0041937128430503
0.38134765625 0.00419961233984032
0.3818359375 0.00420551325306524
0.38232421875 0.00421141558303113
0.3828125 0.00421731933004408
0.38330078125 0.00422322449441024
0.3837890625 0.00422913107643583
0.38427734375 0.00423503907642707
0.384765625 0.00424094849469027
0.38525390625 0.00424685933153179
0.3857421875 0.004252771587258
0.38623046875 0.00425868526217536
0.38671875 0.00426460035659037
0.38720703125 0.00427051687080955
0.3876953125 0.00427643480513951
0.38818359375 0.00428235415988689
0.388671875 0.00428827493535837
0.38916015625 0.00429419713186069
0.3896484375 0.00430012074970064
0.39013671875 0.00430604578918506
0.390625 0.00431197225062083
0.39111328125 0.00431790013431488
0.3916015625 0.0043238294405742
0.39208984375 0.00432976016970582
0.392578125 0.00433569232201682
0.39306640625 0.00434162589781433
0.3935546875 0.00434756089740553
0.39404296875 0.00435349732109765
0.39453125 0.00435943516919796
0.39501953125 0.00436537444201379
0.3955078125 0.00437131513985252
0.39599609375 0.00437725726302156
0.396484375 0.00438320081182839
0.39697265625 0.00438914578658053
0.3974609375 0.00439509218758555
0.39794921875 0.00440104001515108
0.3984375 0.00440698926958477
0.39892578125 0.00441293995119435
0.3994140625 0.00441889206028758
0.39990234375 0.00442484559717227
0.400390625 0.0044308005621563
0.40087890625 0.00443675695554757
0.4013671875 0.00444271477765405
0.40185546875 0.00444867402878374
0.40234375 0.00445463470924471
0.40283203125 0.00446059681934506
0.4033203125 0.00446656035939295
0.40380859375 0.00447252532969659
0.404296875 0.00447849173056424
0.40478515625 0.00448445956230419
0.4052734375 0.0044904288252248
0.40576171875 0.00449639951963447
0.40625 0.00450237164584165
0.40673828125 0.00450834520415485
0.4072265625 0.00451432019488261
0.40771484375 0.00452029661833353
0.408203125 0.00452627447481625
0.40869140625 0.00453225376463948
0.4091796875 0.00453823448811195
0.40966796875 0.00454421664554246
0.41015625 0.00455020023723985
0.41064453125 0.00455618526351301
0.4111328125 0.00456217172467088
0.41162109375 0.00456815962102245
0.412109375 0.00457414895287676
0.41259765625 0.00458013972054289
0.4130859375 0.00458613192432999
0.41357421875 0.00459212556454723
0.4140625 0.00459812064150384
0.41455078125 0.00460411715550912
0.4150390625 0.00461011510687238
0.41552734375 0.00461611449590302
0.416015625 0.00462211532291045
0.41650390625 0.00462811758820417
0.4169921875 0.00463412129209368
0.41748046875 0.00464012643488858
0.41796875 0.00464613301689847
0.41845703125 0.00465214103843305
0.4189453125 0.00465815049980202
0.41943359375 0.00466416140131516
0.419921875 0.00467017374328229
0.42041015625 0.00467618752601327
0.4208984375 0.00468220274981803
0.42138671875 0.00468821941500653
0.421875 0.00469423752188879
0.42236328125 0.00470025707077487
0.4228515625 0.00470627806197488
0.42333984375 0.00471230049579898
0.423828125 0.00471832437255739
0.42431640625 0.00472434969256037
0.4248046875 0.00473037645611822
0.42529296875 0.0047364046635413
0.42578125 0.00474243431514001
0.42626953125 0.00474846541122482
0.4267578125 0.00475449795210622
0.42724609375 0.00476053193809476
0.427734375 0.00476656736950106
0.42822265625 0.00477260424663575
0.4287109375 0.00477864256980954
0.42919921875 0.00478468233933318
0.4296875 0.00479072355551746
0.43017578125 0.00479676621867323
0.4306640625 0.00480281032911137
0.43115234375 0.00480885588714285
0.431640625 0.00481490289307864
0.43212890625 0.00482095134722979
0.4326171875 0.00482700124990738
0.43310546875 0.00483305260142257
0.43359375 0.00483910540208652
0.43408203125 0.00484515965221049
0.4345703125 0.00485121535210575
0.43505859375 0.00485727250208363
0.435546875 0.00486333110245553
0.43603515625 0.00486939115353287
0.4365234375 0.00487545265562713
0.43701171875 0.00488151560904984
0.4375 0.00488758001411258
0.43798828125 0.00489364587112698
0.4384765625 0.0048997131804047
0.43896484375 0.00490578194225748
0.439453125 0.00491185215699709
0.43994140625 0.00491792382493535
0.4404296875 0.00492399694638412
0.44091796875 0.00493007152165534
0.44140625 0.00493614755106096
0.44189453125 0.00494222503491301
0.4423828125 0.00494830397352354
0.44287109375 0.00495438436720468
0.443359375 0.00496046621626859
0.44384765625 0.00496654952102747
0.4443359375 0.0049726342817936
0.44482421875 0.00497872049887927
0.4453125 0.00498480817259686
0.44580078125 0.00499089730325875
0.4462890625 0.00499698789117742
0.44677734375 0.00500307993666537
0.447265625 0.00500917344003514
0.44775390625 0.00501526840159934
0.4482421875 0.00502136482167063
0.44873046875 0.0050274627005617
0.44921875 0.00503356203858529
0.44970703125 0.00503966283605421
0.4501953125 0.00504576509328131
0.45068359375 0.00505186881057948
0.451171875 0.00505797398826165
0.45166015625 0.00506408062664083
0.4521484375 0.00507018872603005
0.45263671875 0.00507629828674241
0.453125 0.00508240930909103
0.45361328125 0.00508852179338912
0.4541015625 0.0050946357399499
0.45458984375 0.00510075114908666
0.455078125 0.00510686802111274
0.45556640625 0.00511298635634151
0.4560546875 0.0051191061550864
0.45654296875 0.0051252274176609
0.45703125 0.00513135014437853
0.45751953125 0.00513747433555288
0.4580078125 0.00514359999149756
0.45849609375 0.00514972711252625
0.458984375 0.00515585569895267
0.45947265625 0.0051619857510906
0.4599609375 0.00516811726925386
0.46044921875 0.00517425025375631
0.4609375 0.00518038470491187
0.46142578125 0.00518652062303451
0.4619140625 0.00519265800843825
0.46240234375 0.00519879686143715
0.462890625 0.00520493718234532
0.46337890625 0.00521107897147692
0.4638671875 0.00521722222914616
0.46435546875 0.00522336695566731
0.46484375 0.00522951315135466
0.46533203125 0.00523566081652259
0.4658203125 0.00524180995148548
0.46630859375 0.00524796055655779
0.466796875 0.00525411263205404
0.46728515625 0.00526026617828876
0.4677734375 0.00526642119557655
0.46826171875 0.00527257768423207
0.46875 0.00527873564457002
0.46923828125 0.00528489507690513
0.4697265625 0.0052910559815522
0.47021484375 0.00529721835882608
0.470703125 0.00530338220904165
0.47119140625 0.00530954753251386
0.4716796875 0.00531571432955769
0.47216796875 0.00532188260048819
0.47265625 0.00532805234562044
0.47314453125 0.00533422356526957
0.4736328125 0.00534039625975077
0.47412109375 0.00534657042937926
0.474609375 0.00535274607447034
0.47509765625 0.00535892319533932
0.4755859375 0.0053651017923016
0.47607421875 0.00537128186567259
0.4765625 0.00537746341576776
0.47705078125 0.00538364644290265
0.4775390625 0.00538983094739283
0.47802734375 0.00539601692955392
0.478515625 0.00540220438970158
0.47900390625 0.00540839332815153
0.4794921875 0.00541458374521955
0.47998046875 0.00542077564122145
0.48046875 0.00542696901647309
0.48095703125 0.00543316387129038
0.4814453125 0.00543936020598929
0.48193359375 0.00544555802088583
0.482421875 0.00545175731629606
0.48291015625 0.00545795809253607
0.4833984375 0.00546416034992204
0.48388671875 0.00547036408877016
0.484375 0.00547656930939669
0.48486328125 0.00548277601211792
0.4853515625 0.00548898419725021
0.48583984375 0.00549519386510996
0.486328125 0.00550140501601361
0.48681640625 0.00550761765027767
0.4873046875 0.00551383176821867
0.48779296875 0.00552004737015321
0.48828125 0.00552626445639793
0.48876953125 0.00553248302726952
0.4892578125 0.00553870308308471
0.48974609375 0.00554492462416031
0.490234375 0.00555114765081314
0.49072265625 0.00555737216336008
0.4912109375 0.00556359816211808
0.49169921875 0.00556982564740411
0.4921875 0.0055760546195352
0.49267578125 0.00558228507882843
0.4931640625 0.00558851702560093
0.49365234375 0.00559475046016988
0.494140625 0.00560098538285249
0.49462890625 0.00560722179396605
0.4951171875 0.00561345969382787
0.49560546875 0.00561969908275532
0.49609375 0.00562593996106582
0.49658203125 0.00563218232907685
0.4970703125 0.00563842618710591
0.49755859375 0.00564467153547056
0.498046875 0.00565091837448843
0.49853515625 0.00565716670447717
0.4990234375 0.0056634165257545
0.49951171875 0.00566966783863816
0.5 0.00567592064344597
Total steps: 4096
