0 0
0.00048828125 4.88340861338443e-06
0.0009765625 9.76800958745727e-06
0.00146484375 1.46538031900462e-05
0.001953125 1.95407896890274e-05
0.00244140625 2.4428969352325e-05
0.0029296875 2.93183424479119e-05
0.00341796875 3.42089092438091e-05
0.00390625 3.91006700080859e-05
0.00439453125 4.399362500886e-05
0.0048828125 4.88877745142974e-05
0.00537109375 5.37831187926125e-05
0.005859375 5.8679658112068e-05
0.00634765625 6.35773927409749e-05
0.0068359375 6.84763229476927e-05
0.00732421875 7.33764490006292e-05
0.0078125 7.82777711682403e-05
0.00830078125 8.31802897190306e-05
0.0087890625 8.80840049215529e-05
0.00927734375 9.29889170444083e-05
0.009765625 9.78950263562464e-05
0.01025390625 0.000102802333125765
0.0107421875 0.000107710837621711
0.01123046875 0.000112620540112878
0.01171875 0.000117531440868109
0.01220703125 0.000122443540156297
0.0126953125 0.00012735683824638
0.01318359375 0.000132271335407346
0.013671875 0.000137187031908233
0.01416015625 0.000142103928018126
0.0146484375 0.000147022024006156
0.01513671875 0.000151941320141507
0.015625 0.000156861816693408
0.01611328125 0.000161783513931138
0.0166015625 0.000166706412124023
0.01708984375 0.000171630511541439
0.017578125 0.000176555812452809
0.01806640625 0.000181482315127606
0.0185546875 0.00018641001983535
0.01904296875 0.00019133892684561
0.01953125 0.000196269036428002
0.02001953125 0.000201200348852194
0.0205078125 0.000206132864387898
0.02099609375 0.000211066583304878
0.021484375 0.000216001505872944
0.02197265625 0.000220937632361956
0.0224609375 0.000225874963041822
0.02294921875 0.000230813498182497
0.0234375 0.000235753238053986
0.02392578125 0.000240694182926344
0.0244140625 0.00024563633306967
0.02490234375 0.000250579688754115
0.025390625 0.000255524250249877
0.02587890625 0.000260470017827203
0.0263671875 0.000265416991756389
0.02685546875 0.000270365172307778
0.02734375 0.000275314559751763
0.02783203125 0.000280265154358783
0.0283203125 0.000285216956399328
0.02880859375 0.000290169966143936
0.029296875 0.000295124183863192
0.02978515625 0.000300079609827731
0.0302734375 0.000305036244308236
0.03076171875 0.000309994087575439
0.03125 0.000314953139900118
0.03173828125 0.000319913401553102
0.0322265625 0.000324874872805269
0.03271484375 0.000329837553927543
0.033203125 0.000334801445190898
0.03369140625 0.000339766546866357
0.0341796875 0.000344732859224989
0.03466796875 0.000349700382537915
0.03515625 0.000354669117076301
0.03564453125 0.000359639063111364
0.0361328125 0.000364610220914369
0.03662109375 0.000369582590756628
0.037109375 0.000374556172909504
0.03759765625 0.000379530967644406
0.0380859375 0.000384506975232792
0.03857421875 0.000389484195946171
0.0390625 0.000394462630056098
0.03955078125 0.000399442277834176
0.0400390625 0.000404423139552059
0.04052734375 0.000409405215481447
0.041015625 0.00041438850589409
0.04150390625 0.000419373011061786
0.0419921875 0.000424358731256383
0.04248046875 0.000429345666749774
0.04296875 0.000434333817813905
0.04345703125 0.000439323184720766
0.0439453125 0.000444313767742399
0.04443359375 0.000449305567150894
0.044921875 0.000454298583218387
0.04541015625 0.000459292816217065
0.0458984375 0.000464288266419164
0.04638671875 0.000469284934096966
0.046875 0.000474282819522804
0.04736328125 0.000479281922969057
0.0478515625 0.000484282244708156
0.04833984375 0.000489283785012577
0.048828125 0.000494286544154846
0.04931640625 0.000499290522407539
0.0498046875 0.000504295720043279
0.05029296875 0.000509302137334737
0.05078125 0.000514309774554633
0.05126953125 0.000519318631975737
0.0517578125 0.000524328709870867
0.05224609375 0.000529340008512887
0.052734375 0.000534352528174712
0.05322265625 0.000539366269129307
0.0537109375 0.000544381231649681
0.05419921875 0.000549397416008897
0.0546875 0.000554414822480062
0.05517578125 0.000559433451336333
0.0556640625 0.000564453302850918
0.05615234375 0.00056947437729707
0.056640625 0.000574496674948093
0.05712890625 0.000579520196077338
0.0576171875 0.000584544940958206
0.05810546875 0.000589570909864146
0.05859375 0.000594598103068654
0.05908203125 0.000599626520845278
0.0595703125 0.000604656163467612
0.06005859375 0.000609687031209299
0.060546875 0.00061471912434403
0.06103515625 0.000619752443145548
0.0615234375 0.00062478698788764
0.06201171875 0.000629822758844144
0.0625 0.000634859756288946
0.06298828125 0.000639897980495982
0.0634765625 0.000644937431739235
0.06396484375 0.000649978110292737
0.064453125 0.000655020016430569
0.06494140625 0.000660063150426859
0.0654296875 0.000665107512555787
0.06591796875 0.000670153103091579
0.06640625 0.000675199922308509
0.06689453125 0.000680247970480902
0.0673828125 0.00068529724788313
0.06787109375 0.000690347754789614
0.068359375 0.000695399491474823
0.06884765625 0.000700452458213277
0.0693359375 0.000705506655279543
0.06982421875 0.000710562082948235
0.0703125 0.000715618741494018
0.07080078125 0.000720676631191604
0.0712890625 0.000725735752315757
0.07177734375 0.000730796105141284
0.072265625 0.000735857689943047
0.07275390625 0.00074092050699595
0.0732421875 0.000745984556574952
0.07373046875 0.000751049838955057
0.07421875 0.000756116354411318
0.07470703125 0.000761184103218836
0.0751953125 0.000766253085652764
0.07568359375 0.0007713233019883
0.076171875 0.000776394752500693
0.07666015625 0.000781467437465238
0.0771484375 0.000786541357157282
0.07763671875 0.000791616511852218
0.078125 0.00079669290182549
0.07861328125 0.000801770527352588
0.0791015625 0.000806849388709052
0.07958984375 0.000811929486170472
0.080078125 0.000817010820012485
0.08056640625 0.000822093390510776
0.0810546875 0.000827177197941081
0.08154296875 0.000832262242579183
0.08203125 0.000837348524700914
0.08251953125 0.000842436044582155
0.0830078125 0.000847524802498835
0.08349609375 0.000852614798726933
0.083984375 0.000857706033542476
0.08447265625 0.000862798507221538
0.0849609375 0.000867892220040245
0.08544921875 0.000872987172274769
0.0859375 0.000878083364201333
0.08642578125 0.000883180796096205
0.0869140625 0.000888279468235706
0.08740234375 0.000893379380896203
0.087890625 0.000898480534354113
0.08837890625 0.000903582928885901
0.0888671875 0.00090868656476808
0.08935546875 0.000913791442277214
0.08984375 0.000918897561689914
0.09033203125 0.000924004923282839
0.0908203125 0.000929113527332699
0.09130859375 0.00093422337411625
0.091796875 0.0009393344639103
0.09228515625 0.000944446796991703
0.0927734375 0.000949560373637362
0.09326171875 0.000954675194124231
0.09375 0.000959791258729309
0.09423828125 0.000964908567729648
0.0947265625 0.000970027121402345
0.09521484375 0.000975146920024548
0.095703125 0.000980267963873453
0.09619140625 0.000985390253226305
0.0966796875 0.000990513788360396
0.09716796875 0.000995638569553071
0.09765625 0.00100076459708172
0.09814453125 0.00100589187122378
0.0986328125 0.00101102039225674
0.09912109375 0.00101615016045814
0.099609375 0.00102128117610557
0.10009765625 0.00102641343947665
0.1005859375 0.00103154695084908
0.10107421875 0.00103668171050058
0.1015625 0.00104181771870894
0.10205078125 0.00104695497575199
0.1025390625 0.0010520934819076
0.10302734375 0.0010572332374537
0.103515625 0.00106237424266827
0.10400390625 0.00106751649782933
0.1044921875 0.00107266000321495
0.10498046875 0.00107780475910327
0.10546875 0.00108295076577244
0.10595703125 0.0010880980235007
0.1064453125 0.0010932465325663
0.10693359375 0.00109839629324757
0.107421875 0.00110354730582287
0.10791015625 0.00110869957057061
0.1083984375 0.00111385308776927
0.10888671875 0.00111900785769735
0.109375 0.00112416388063341
0.10986328125 0.00112932115685606
0.1103515625 0.00113447968664397
0.11083984375 0.00113963947027584
0.111328125 0.00114480050803043
0.11181640625 0.00114996280018654
0.1123046875 0.00115512634702303
0.11279296875 0.00116029114881879
0.11328125 0.00116545720585279
0.11376953125 0.00117062451840402
0.1142578125 0.00117579308675153
0.11474609375 0.00118096291117441
0.115234375 0.00118613399195182
0.11572265625 0.00119130632936296
0.1162109375 0.00119647992368706
0.11669921875 0.00120165477520341
0.1171875 0.00120683088419137
0.11767578125 0.00121200825093032
0.1181640625 0.0012171868756997
0.11865234375 0.00122236675877901
0.119140625 0.00122754790044776
0.11962890625 0.00123273030098557
0.1201171875 0.00123791396067205
0.12060546875 0.00124309887978689
0.12109375 0.00124828505860982
0.12158203125 0.00125347249742064
0.1220703125 0.00125866119649915
0.12255859375 0.00126385115612526
0.123046875 0.00126904237657888
0.12353515625 0.00127423485813998
0.1240234375 0.00127942860108861
0.12451171875 0.00128462360570482
0.125 0.00128981987226874
0.12548828125 0.00129501740106055
0.1259765625 0.00130021619236047
0.12646484375 0.00130541624644876
0.126953125 0.00131061756360575
0.12744140625 0.00131582014411179
0.1279296875 0.00132102398824732
0.12841796875 0.00132622909629279
0.12890625 0.00133143546852871
0.12939453125 0.00133664310523566
0.1298828125 0.00134185200669423
0.13037109375 0.0013470621731851
0.130859375 0.00135227360498897
0.13134765625 0.0013574863023866
0.1318359375 0.00136270026565879
0.13232421875 0.00136791549508641
0.1328125 0.00137313199095036
0.13330078125 0.00137834975353158
0.1337890625 0.00138356878311109
0.13427734375 0.00138878907996993
0.134765625 0.00139401064438921
0.13525390625 0.00139923347665007
0.1357421875 0.00140445757703371
0.13623046875 0.00140968294582138
0.13671875 0.00141490958329437
0.13720703125 0.00142013748973403
0.1376953125 0.00142536666542176
0.13818359375 0.00143059711063899
0.138671875 0.00143582882566721
0.13916015625 0.00144106181078797
0.1396484375 0.00144629606628285
0.14013671875 0.0014515315924335
0.140625 0.00145676838952159
0.14111328125 0.00146200645782887
0.1416015625 0.00146724579763712
0.14208984375 0.00147248640922817
0.142578125 0.0014777282928839
0.14306640625 0.00148297144888625
0.1435546875 0.00148821587751719
0.14404296875 0.00149346157905876
0.14453125 0.00149870855379303
0.14501953125 0.00150395680200213
0.1455078125 0.00150920632396823
0.14599609375 0.00151445711997357
0.146484375 0.0015197091903004
0.14697265625 0.00152496253523105
0.1474609375 0.00153021715504791
0.14794921875 0.00153547305003337
0.1484375 0.00154073022046993
0.14892578125 0.00154598866664008
0.1494140625 0.0015512483888264
0.14990234375 0.00155650938731151
0.150390625 0.00156177166237806
0.15087890625 0.00156703521430878
0.1513671875 0.00157230004338642
0.15185546875 0.0015775661498938
0.15234375 0.00158283353411377
0.15283203125 0.00158810219632925
0.1533203125 0.00159337213682319
0.15380859375 0.0015986433558786
0.154296875 0.00160391585377854
0.15478515625 0.00160918963080611
0.1552734375 0.00161446468724446
0.15576171875 0.0016197410233768
0.15625 0.00162501863948638
0.15673828125 0.00163029753585649
0.1572265625 0.0016355777127705
0.15771484375 0.00164085917051179
0.158203125 0.00164614190936382
0.15869140625 0.00165142592961007
0.1591796875 0.0016567112315341
0.15966796875 0.0016619978154195
0.16015625 0.00166728568154991
0.16064453125 0.00167257483020903
0.1611328125 0.00167786526168059
0.16162109375 0.00168315697624838
0.162109375 0.00168844997419625
0.16259765625 0.00169374425580807
0.1630859375 0.0016990398213678
0.16357421875 0.00170433667115941
0.1640625 0.00170963480546693
0.16455078125 0.00171493422457445
0.1650390625 0.00172023492876611
0.16552734375 0.00172553691832608
0.166015625 0.0017308401935386
0.16650390625 0.00173614475468794
0.1669921875 0.00174145060205842
0.16748046875 0.00174675773593444
0.16796875 0.00175206615660042
0.16845703125 0.00175737586434082
0.1689453125 0.00176268685944017
0.16943359375 0.00176799914218305
0.169921875 0.00177331271285408
0.17041015625 0.00177862757173793
0.1708984375 0.00178394371911932
0.17138671875 0.00178926115528301
0.171875 0.00179457988051383
0.17236328125 0.00179989989509664
0.1728515625 0.00180522119931635
0.17333984375 0.00181054379345794
0.173828125 0.00181586767780641
0.17431640625 0.00182119285264683
0.1748046875 0.00182651931826431
0.17529296875 0.00183184707494401
0.17578125 0.00183717612297113
0.17626953125 0.00184250646263095
0.1767578125 0.00184783809420875
0.17724609375 0.00185317101798991
0.177734375 0.00185850523425982
0.17822265625 0.00186384074330394
0.1787109375 0.00186917754540777
0.17919921875 0.00187451564085687
0.1796875 0.00187985502993684
0.18017578125 0.00188519571293332
0.1806640625 0.00189053769013202
0.18115234375 0.00189588096181868
0.181640625 0.0019012255282791
0.18212890625 0.00190657138979912
0.1826171875 0.00191191854666465
0.18310546875 0.00191726699916162
0.18359375 0.00192261674757603
0.18408203125 0.00192796779219392
0.1845703125 0.00193332013330138
0.18505859375 0.00193867377118456
0.185546875 0.00194402870612963
0.18603515625 0.00194938493842284
0.1865234375 0.00195474246835047
0.18701171875 0.00196010129619887
0.1875 0.00196546142225441
0.18798828125 0.00197082284680353
0.1884765625 0.00197618557013271
0.18896484375 0.00198154959252849
0.189453125 0.00198691491427744
0.18994140625 0.00199228153566619
0.1904296875 0.00199764945698143
0.19091796875 0.00200301867850988
0.19140625 0.00200838920053831
0.19189453125 0.00201376102335356
0.1923828125 0.0020191341472425
0.19287109375 0.00202450857249206
0.193359375 0.00202988429938919
0.19384765625 0.00203526132822094
0.1943359375 0.00204063965927436
0.19482421875 0.00204601929283658
0.1953125 0.00205140022919476
0.19580078125 0.00205678246863613
0.1962890625 0.00206216601144795
0.19677734375 0.00206755085791754
0.197265625 0.00207293700833226
0.19775390625 0.00207832446297953
0.1982421875 0.0020837132221468
0.19873046875 0.0020891032861216
0.19921875 0.00209449465519148
0.19970703125 0.00209988732964405
0.2001953125 0.00210528130976697
0.20068359375 0.00211067659584794
0.201171875 0.00211607318817474
0.20166015625 0.00212147108703515
0.2021484375 0.00212687029271704
0.20263671875 0.00213227080550831
0.203125 0.00213767262569691
0.20361328125 0.00214307575357085
0.2041015625 0.00214848018941818
0.20458984375 0.00215388593352699
0.205078125 0.00215929298618544
0.20556640625 0.00216470134768172
0.2060546875 0.00217011101830408
0.20654296875 0.00217552199834082
0.20703125 0.00218093428808028
0.20751953125 0.00218634788781086
0.2080078125 0.002191762797821
0.20849609375 0.00219717901839919
0.208984375 0.00220259654983398
0.20947265625 0.00220801539241394
0.2099609375 0.00221343554642774
0.21044921875 0.00221885701216404
0.2109375 0.00222427978991159
0.21142578125 0.00222970387995918
0.2119140625 0.00223512928259564
0.21240234375 0.00224055599810985
0.212890625 0.00224598402679076
0.21337890625 0.00225141336892733
0.2138671875 0.00225684402480861
0.21435546875 0.00226227599472367
0.21484375 0.00226770927896165
0.21533203125 0.00227314387781172
0.2158203125 0.00227857979156311
0.21630859375 0.0022840170205051
0.216796875 0.00228945556492701
0.21728515625 0.00229489542511822
0.2177734375 0.00230033660136815
0.21826171875 0.00230577909396627
0.21875 0.00231122290320211
0.21923828125 0.00231666802936524
0.2197265625 0.00232211447274528
0.22021484375 0.00232756223363189
0.220703125 0.0023330113123148
0.22119140625 0.00233846170908378
0.2216796875 0.00234391342422863
0.22216796875 0.00234936645803922
0.22265625 0.00235482081080548
0.22314453125 0.00236027648281735
0.2236328125 0.00236573347436486
0.22412109375 0.00237119178573807
0.224609375 0.00237665141722708
0.22509765625 0.00238211236912206
0.2255859375 0.00238757464171322
0.22607421875 0.00239303823529081
0.2265625 0.00239850315014513
0.22705078125 0.00240396938656655
0.2275390625 0.00240943694484548
0.22802734375 0.00241490582527235
0.228515625 0.00242037602813768
0.22900390625 0.00242584755373203
0.2294921875 0.00243132040234598
0.22998046875 0.00243679457427019
0.23046875 0.00244227006979536
0.23095703125 0.00244774688921224
0.2314453125 0.00245322503281163
0.23193359375 0.00245870450088436
0.232421875 0.00246418529372134
0.23291015625 0.00246966741161352
0.2333984375 0.00247515085485187
0.23388671875 0.00248063562372746
0.234375 0.00248612171853136
0.23486328125 0.00249160913955473
0.2353515625 0.00249709788708874
0.23583984375 0.00250258796142464
0.236328125 0.00250807936285372
0.23681640625 0.00251357209166731
0.2373046875 0.0025190661481568
0.23779296875 0.00252456153261363
0.23828125 0.00253005824532927
0.23876953125 0.00253555628659527
0.2392578125 0.0025410556567032
0.23974609375 0.00254655635594469
0.240234375 0.00255205838461143
0.24072265625 0.00255756174299514
0.2412109375 0.00256306643138761
0.24169921875 0.00256857245008066
0.2421875 0.00257407979936617
0.24267578125 0.00257958847953606
0.2431640625 0.00258509849088231
0.24365234375 0.00259060983369694
0.244140625 0.00259612250827203
0.24462890625 0.00260163651489969
0.2451171875 0.00260715185387211
0.24560546875 0.00261266852548149
0.24609375 0.00261818653002011
0.24658203125 0.00262370586778028
0.2470703125 0.00262922653905438
0.24755859375 0.00263474854413482
0.248046875 0.00264027188331406
0.24853515625 0.00264579655688462
0.2490234375 0.00265132256513906
0.24951171875 0.00265684990837001
0.25 0.0026623785868701
0.25048828125 0.00266790860093207
0.2509765625 0.00267343995084867
0.25146484375 0.0026789726369127
0.251953125 0.00268450665941703
0.25244140625 0.00269004201865456
0.2529296875 0.00269557871491825
0.25341796875 0.00270111674850111
0.25390625 0.00270665611969618
0.25439453125 0.00271219682879657
0.2548828125 0.00271773887609544
0.25537109375 0.00272328226188599
0.255859375 0.00272882698646146
0.25634765625 0.00273437305011516
0.2568359375 0.00273992045314043
0.25732421875 0.00274546919583068
0.2578125 0.00275101927847935
0.25830078125 0.00275657070137993
0.2587890625 0.00276212346482597
0.25927734375 0.00276767756911107
0.259765625 0.00277323301452887
0.26025390625 0.00277878980137306
0.2607421875 0.00278434792993738
0.26123046875 0.00278990740051562
0.26171875 0.00279546821340163
0.26220703125 0.00280103036888929
0.2626953125 0.00280659386727254
0.26318359375 0.00281215870884536
0.263671875 0.00281772489390179
0.26416015625 0.00282329242273592
0.2646484375 0.00282886129564188
0.26513671875 0.00283443151291386
0.265625 0.00284000307484608
0.26611328125 0.00284557598173282
0.2666015625 0.00285115023386843
0.26708984375 0.00285672583154727
0.267578125 0.00286230277506378
0.26806640625 0.00286788106471243
0.2685546875 0.00287346070078775
0.26904296875 0.00287904168358431
0.26953125 0.00288462401339675
0.27001953125 0.00289020769051973
0.2705078125 0.00289579271524797
0.27099609375 0.00290137908787626
0.271484375 0.00290696680869941
0.27197265625 0.00291255587801228
0.2724609375 0.00291814629610981
0.27294921875 0.00292373806328696
0.2734375 0.00292933117983874
0.27392578125 0.00293492564606022
0.2744140625 0.00294052146224653
0.27490234375 0.00294611862869281
0.275390625 0.00295171714569429
0.27587890625 0.00295731701354624
0.2763671875 0.00296291823254395
0.27685546875 0.0029685208029828
0.27734375 0.00297412472515818
0.27783203125 0.00297972999936557
0.2783203125 0.00298533662590048
0.27880859375 0.00299094460505844
0.279296875 0.00299655393713509
0.27978515625 0.00300216462242606
0.2802734375 0.00300777666122706
0.28076171875 0.00301339005383386
0.28125 0.00301900480054224
0.28173828125 0.00302462090164807
0.2822265625 0.00303023835744724
0.28271484375 0.00303585716823571
0.283203125 0.00304147733430946
0.28369140625 0.00304709885596456
0.2841796875 0.0030527217334971
0.28466796875 0.00305834596720322
0.28515625 0.00306397155737912
0.28564453125 0.00306959850432105
0.2861328125 0.00307522680832529
0.28662109375 0.0030808564696882
0.287109375 0.00308648748870615
0.28759765625 0.0030921198656756
0.2880859375 0.00309775360089304
0.28857421875 0.00310338869465499
0.2890625 0.00310902514725806
0.28955078125 0.00311466295899887
0.2900390625 0.00312030213017412
0.29052734375 0.00312594266108054
0.291015625 0.00313158455201491
0.29150390625 0.00313722780327407
0.2919921875 0.00314287241515489
0.29248046875 0.00314851838795432
0.29296875 0.00315416572196933
0.29345703125 0.00315981441749695
0.2939453125 0.00316546447483426
0.29443359375 0.0031711158942784
0.294921875 0.00317676867612652
0.29541015625 0.00318242282067587
0.2958984375 0.00318807832822371
0.29638671875 0.00319373519906738
0.296875 0.00319939343350424
0.29736328125 0.00320505303183172
0.2978515625 0.00321071399434728
0.29833984375 0.00321637632134846
0.298828125 0.00322204001313281
0.29931640625 0.00322770506999796
0.2998046875 0.00323337149224158
0.30029296875 0.00323903928016138
0.30078125 0.00324470843405513
0.30126953125 0.00325037895422064
0.3017578125 0.00325605084095577
0.30224609375 0.00326172409455845
0.302734375 0.00326739871532663
0.30322265625 0.00327307470355833
0.3037109375 0.0032787520595516
0.30419921875 0.00328443078360455
0.3046875 0.00329011087601535
0.30517578125 0.00329579233708219
0.3056640625 0.00330147516710335
0.30615234375 0.00330715936637711
0.306640625 0.00331284493520185
0.30712890625 0.00331853187387595
0.3076171875 0.00332422018269788
0.30810546875 0.00332990986196614
0.30859375 0.00333560091197927
0.30908203125 0.00334129333303589
0.3095703125 0.00334698712543463
0.31005859375 0.00335268228947419
0.310546875 0.00335837882545333
0.31103515625 0.00336407673367084
0.3115234375 0.00336977601442556
0.31201171875 0.0033754766680164
0.3125 0.00338117869474229
0.31298828125 0.00338688209490222
0.3134765625 0.00339258686879524
0.31396484375 0.00339829301672045
0.314453125 0.00340400053897697
0.31494140625 0.003409709435864
0.3154296875 0.00341541970768077
0.31591796875 0.00342113135472658
0.31640625 0.00342684437730076
0.31689453125 0.0034325587757027
0.3173828125 0.00343827455023182
0.31787109375 0.00344399170118762
0.318359375 0.00344971022886962
0.31884765625 0.00345543013357741
0.3193359375 0.00346115141561062
0.31982421875 0.00346687407526893
0.3203125 0.00347259811285206
0.32080078125 0.0034783235286598
0.3212890625 0.00348405032299197
0.32177734375 0.00348977849614844
0.322265625 0.00349550804842915
0.32275390625 0.00350123898013407
0.3232421875 0.00350697129156321
0.32373046875 0.00351270498301665
0.32421875 0.00351844005479452
0.32470703125 0.00352417650719698
0.3251953125 0.00352991434052426
0.32568359375 0.00353565355507661
0.326171875 0.00354139415115437
0.32666015625 0.00354713612905789
0.3271484375 0.00355287948908759
0.32763671875 0.00355862423154393
0.328125 0.00356437035672744
0.32861328125 0.00357011786493866
0.3291015625 0.00357586675647822
0.32958984375 0.00358161703164678
0.330078125 0.00358736869074504
0.33056640625 0.00359312173407376
0.3310546875 0.00359887616193375
0.33154296875 0.00360463197462588
0.33203125 0.00361038917245104
0.33251953125 0.00361614775571018
0.3330078125 0.00362190772470433
0.33349609375 0.00362766907973452
0.333984375 0.00363343182110186
0.33447265625 0.0036391959491075
0.3349609375 0.00364496146405264
0.33544921875 0.00365072836623854
0.3359375 0.00365649665596648
0.33642578125 0.00366226633353782
0.3369140625 0.00366803739925396
0.33740234375 0.00367380985341634
0.337890625 0.00367958369632645
0.33837890625 0.00368535892828584
0.3388671875 0.0036911355495961
0.33935546875 0.00369691356055887
0.33984375 0.00370269296147584
0.34033203125 0.00370847375264876
0.3408203125 0.00371425593437942
0.34130859375 0.00372003950696964
0.341796875 0.00372582447072132
0.34228515625 0.0037316108259364
0.3427734375 0.00373739857291685
0.34326171875 0.00374318771196472
0.34375 0.00374897824338208
0.34423828125 0.00375477016747107
0.3447265625 0.00376056348453387
0.34521484375 0.00376635819487271
0.345703125 0.00377215429878987
0.34619140625 0.00377795179658768
0.3466796875 0.00378375068856851
0.34716796875 0.00378955097503479
0.34765625 0.003795352656289
0.34814453125 0.00380115573263366
0.3486328125 0.00380696020437135
0.34912109375 0.00381276607180468
0.349609375 0.00381857333523633
0.35009765625 0.00382438199496902
0.3505859375 0.00383019205130552
0.35107421875 0.00383600350454865
0.3515625 0.00384181635500127
0.35205078125 0.0038476306029663
0.3525390625 0.00385344624874672
0.35302734375 0.00385926329264552
0.353515625 0.00386508173496578
0.35400390625 0.00387090157601061
0.3544921875 0.00387672281608317
0.35498046875 0.00388254545548667
0.35546875 0.00388836949452437
0.35595703125 0.00389419493349958
0.3564453125 0.00390002177271566
0.35693359375 0.00390585001247601
0.357421875 0.00391167965308409
0.35791015625 0.00391751069484341
0.3583984375 0.00392334313805752
0.35888671875 0.00392917698303002
0.359375 0.00393501223006457
0.35986328125 0.00394084887946485
0.3603515625 0.00394668693153464
0.36083984375 0.00395252638657771
0.361328125 0.00395836724489793
0.36181640625 0.00396420950679919
0.3623046875 0.00397005317258543
0.36279296875 0.00397589824256065
0.36328125 0.00398174471702889
0.36376953125 0.00398759259629425
0.3642578125 0.00399344188066087
0.36474609375 0.00399929257043294
0.365234375 0.0040051446659147
0.36572265625 0.00401099816741043
0.3662109375 0.00401685307522448
0.36669921875 0.00402270938966123
0.3671875 0.00402856711102512
0.36767578125 0.00403442623962064
0.3681640625 0.00404028677575231
0.36865234375 0.00404614871972473
0.369140625 0.00405201207184251
0.36962890625 0.00405787683241035
0.3701171875 0.00406374300173297
0.37060546875 0.00406961058011515
0.37109375 0.00407547956786173
0.37158203125 0.00408134996527757
0.3720703125 0.0040872217726676
0.37255859375 0.0040930949903368
0.373046875 0.00409896961859019
0.37353515625 0.00410484565773284
0.3740234375 0.00411072310806988
0.37451171875 0.00411660196990648
0.375 0.00412248224354785
0.37548828125 0.00412836392929927
0.3759765625 0.00413424702746605
0.37646484375 0.00414013153835355
0.376953125 0.00414601746226721
0.37744140625 0.00415190479951247
0.3779296875 0.00415779355039485
0.37841796875 0.00416368371521992
0.37890625 0.00416957529429328
0.37939453125 0.0041754682879206
0.3798828125 0.00418136269640759
0.38037109375 0.00418725852006
0.380859375 0.00419315575918365
0.38134765625 0.00419905441408438
0.3818359375 0.0042049544850681
0.38232421875 0.00421085597244078
0.3828125 0.0042167588765084
0.38330078125 0.00422266319757703
0.3837890625 0.00422856893595276
0.38427734375 0.00423447609194175
0.384765625 0.00424038466585018
0.38525390625 0.00424629465798432
0.3857421875 0.00425220606865046
0.38623046875 0.00425811889815495
0.38671875 0.00426403314680417
0.38720703125 0.00426994881490457
0.3876953125 0.00427586590276265
0.38818359375 0.00428178441068494
0.388671875 0.00428770433897805
0.38916015625 0.0042936256879486
0.3896484375 0.00429954845790328
0.39013671875 0.00430547264914884
0.390625 0.00431139826199206
0.39111328125 0.00431732529673978
0.3916015625 0.00432325375369887
0.39208984375 0.00432918363317627
0.392578125 0.00433511493547897
0.39306640625 0.00434104766091399
0.3935546875 0.00434698180978842
0.39404296875 0.00435291738240938
0.39453125 0.00435885437908406
0.39501953125 0.00436479280011967
0.3955078125 0.0043707326458235
0.39599609375 0.00437667391650287
0.396484375 0.00438261661246515
0.39697265625 0.00438856073401776
0.3974609375 0.00439450628146819
0.39794921875 0.00440045325512394
0.3984375 0.00440640165529258
0.39892578125 0.00441235148228174
0.3994140625 0.00441830273639908
0.39990234375 0.00442425541795232
0.400390625 0.00443020952724921
0.40087890625 0.00443616506459759
0.4013671875 0.0044421220303053
0.40185546875 0.00444808042468027
0.40234375 0.00445404024803044
0.40283203125 0.00446000150066384
0.4033203125 0.00446596418288851
0.40380859375 0.00447192829501257
0.404296875 0.00447789383734417
0.40478515625 0.00448386081019152
0.4052734375 0.00448982921386287
0.40576171875 0.00449579904866653
0.40625 0.00450177031491084
0.40673828125 0.0045077430129042
0.4072265625 0.00451371714295507
0.40771484375 0.00451969270537195
0.408203125 0.00452566970046338
0.40869140625 0.00453164812853795
0.4091796875 0.00453762798990432
0.40966796875 0.00454360928487117
0.41015625 0.00454959201374726
0.41064453125 0.00455557617684136
0.4111328125 0.00456156177446233
0.41162109375 0.00456754880691905
0.412109375 0.00457353727452046
0.41259765625 0.00457952717757555
0.4130859375 0.00458551851639335
0.41357421875 0.00459151129128295
0.4140625 0.00459750550255348
0.41455078125 0.00460350115051412
0.4150390625 0.00460949823547411
0.41552734375 0.00461549675774273
0.416015625 0.00462149671762931
0.41650390625 0.00462749811544322
0.4169921875 0.00463350095149389
0.41748046875 0.0046395052260908
0.41796875 0.00464551093954347
0.41845703125 0.00465151809216148
0.4189453125 0.00465752668425444
0.41943359375 0.00466353671613204
0.419921875 0.00466954818810398
0.42041015625 0.00467556110048005
0.4208984375 0.00468157545357005
0.42138671875 0.00468759124768386
0.421875 0.00469360848313138
0.42236328125 0.00469962716022259
0.4228515625 0.0047056472792675
0.42333984375 0.00471166884057617
0.423828125 0.0047176918444587
0.42431640625 0.00472371629122527
0.4248046875 0.00472974218118608
0.42529296875 0.00473576951465138
0.42578125 0.00474179829193148
0.42626953125 0.00474782851333675
0.4267578125 0.00475386017917757
0.42724609375 0.00475989328976441
0.427734375 0.00476592784540777
0.42822265625 0.00477196384641819
0.4287109375 0.00477800129310628
0.42919921875 0.00478404018578268
0.4296875 0.0047900805247581
0.43017578125 0.00479612231034327
0.4306640625 0.00480216554284899
0.43115234375 0.0048082102225861
0.431640625 0.00481425634986551
0.43212890625 0.00482030392499814
0.4326171875 0.00482635294829499
0.43310546875 0.00483240342006709
0.43359375 0.00483845534062554
0.43408203125 0.00484450871028147
0.4345703125 0.00485056352934606
0.43505859375 0.00485661979813056
0.435546875 0.00486267751694623
0.43603515625 0.00486873668610442
0.4365234375 0.00487479730591649
0.43701171875 0.0048808593766939
0.4375 0.0048869228987481
0.43798828125 0.00489298787239062
0.4384765625 0.00489905429793305
0.43896484375 0.00490512217568701
0.439453125 0.00491119150596416
0.43994140625 0.00491726228907623
0.4404296875 0.00492333452533499
0.44091796875 0.00492940821505227
0.44140625 0.00493548335853992
0.44189453125 0.00494155995610986
0.4423828125 0.00494763800807407
0.44287109375 0.00495371751474455
0.443359375 0.00495979847643337
0.44384765625 0.00496588089345264
0.4443359375 0.00497196476611452
0.44482421875 0.00497805009473122
0.4453125 0.00498413687961499
0.44580078125 0.00499022512107816
0.4462890625 0.00499631481943306
0.44677734375 0.00500240597499211
0.447265625 0.00500849858806775
0.44775390625 0.0050145926589725
0.4482421875 0.00502068818801889
0.44873046875 0.00502678517551954
0.44921875 0.00503288362178708
0.44970703125 0.00503898352713422
0.4501953125 0.0050450848918737
0.45068359375 0.00505118771631831
0.451171875 0.00505729200078091
0.45166015625 0.00506339774557437
0.4521484375 0.00506950495101164
0.45263671875 0.00507561361740571
0.453125 0.00508172374506963
0.45361328125 0.00508783533431646
0.4541015625 0.00509394838545936
0.45458984375 0.0051000628988115
0.455078125 0.00510617887468612
0.45556640625 0.00511229631339649
0.4560546875 0.00511841521525596
0.45654296875 0.00512453558057789
0.45703125 0.00513065740967572
0.45751953125 0.00513678070286293
0.4580078125 0.00514290546045303
0.45849609375 0.0051490316827596
0.458984375 0.00515515937009626
0.45947265625 0.0051612885227767
0.4599609375 0.00516741914111461
0.46044921875 0.00517355122542378
0.4609375 0.00517968477601803
0.46142578125 0.00518581979321121
0.4619140625 0.00519195627731724
0.46240234375 0.00519809422865009
0.462890625 0.00520423364752376
0.46337890625 0.00521037453425233
0.4638671875 0.00521651688914989
0.46435546875 0.00522266071253061
0.46484375 0.00522880600470869
0.46533203125 0.00523495276599839
0.4658203125 0.00524110099671401
0.46630859375 0.00524725069716991
0.466796875 0.00525340186768049
0.46728515625 0.00525955450856019
0.4677734375 0.00526570862012352
0.46826171875 0.00527186420268502
0.46875 0.0052780212565593
0.46923828125 0.00528417978206099
0.4697265625 0.00529033977950478
0.47021484375 0.00529650124920543
0.470703125 0.00530266419147772
0.47119140625 0.00530882860663648
0.4716796875 0.00531499449499662
0.47216796875 0.00532116185687306
0.47265625 0.00532733069258079
0.47314453125 0.00533350100243485
0.4736328125 0.00533967278675031
0.47412109375 0.00534584604584231
0.474609375 0.00535202078002603
0.47509765625 0.0053581969896167
0.4755859375 0.00536437467492959
0.47607421875 0.00537055383628003
0.4765625 0.00537673447398339
0.47705078125 0.0053829165883551
0.4775390625 0.00538910017971063
0.47802734375 0.0053952852483655
0.478515625 0.00540147179463527
0.47900390625 0.00540765981883557
0.4794921875 0.00541384932128206
0.47998046875 0.00542004030229046
0.48046875 0.00542623276217652
0.48095703125 0.00543242670125607
0.4814453125 0.00543862211984496
0.48193359375 0.00544481901825909
0.482421875 0.00545101739681444
0.48291015625 0.005457217255827
0.4833984375 0.00546341859561282
0.48388671875 0.00546962141648802
0.484375 0.00547582571876875
0.48486328125 0.00548203150277119
0.4853515625 0.00548823876881162
0.48583984375 0.00549444751720631
0.486328125 0.00550065774827162
0.48681640625 0.00550686946232394
0.4873046875 0.00551308265967972
0.48779296875 0.00551929734065545
0.48828125 0.00552551350556767
0.48876953125 0.00553173115473296
0.4892578125 0.00553795028846797
0.48974609375 0.00554417090708937
0.490234375 0.00555039301091392
0.49072265625 0.00555661660025838
0.4912109375 0.0055628416754396
0.49169921875 0.00556906823677444
0.4921875 0.00557529628457985
0.49267578125 0.0055815258191728
0.4931640625 0.0055877568408703
0.49365234375 0.00559398934998945
0.494140625 0.00560022334684736
0.49462890625 0.0056064588317612
0.4951171875 0.0056126958050482
0.49560546875 0.00561893426702561
0.49609375 0.00562517421801077
0.49658203125 0.00563141565832103
0.4970703125 0.0056376585882738
0.49755859375 0.00564390300818656
0.498046875 0.00565014891837682
0.49853515625 0.00565639631916212
0.4990234375 0.00566264521086008
0.49951171875 0.00566889559378837
0.5 0.00567514746826467
Total steps: 4096
