0 0
9.765625e-05 9.76586342393417e-07
0.0001953125 1.95322037064476e-06
0.00029296875 2.92990208689618e-06
0.000390625 3.90663149328991e-06
0.00048828125 4.88340859196828e-06
0.0005859375 5.86023338507366e-06
0.00068359375 6.83710587474852e-06
0.00078125 7.81402606313542e-06
0.00087890625 8.79099395237697e-06
0.0009765625 9.76800954461587e-06
0.00107421875 1.07450728419949e-05
0.001171875 1.17221838466569e-05
0.00126953125 1.26993425607448e-05
0.0013671875 1.36765489864016e-05
0.00146484375 1.46538031257705e-05
0.0015625 1.56311049809945e-05
0.00166015625 1.66084545542169e-05
0.0017578125 1.75858518475811e-05
0.00185546875 1.85632968632303e-05
0.001953125 1.95407896033082e-05
0.00205078125 2.05183300699582e-05
0.0021484375 2.14959182653239e-05
0.00224609375 2.24735541915492e-05
0.00234375 2.34512378507777e-05
0.00244140625 2.44289692451533e-05
0.0025390625 2.540674837682e-05
0.00263671875 2.63845752479217e-05
0.002734375 2.73624498606026e-05
0.00283203125 2.83403722170068e-05
0.0029296875 2.93183423192786e-05
0.00302734375 3.02963601695622e-05
0.003125 3.12744257700022e-05
0.00322265625 3.22525391227429e-05
0.0033203125 3.3230700229929e-05
0.00341796875 3.4208909093705e-05
0.003515625 3.51871657162156e-05
0.00361328125 3.61654700996058e-05
0.0037109375 3.71438222460202e-05
0.00380859375 3.81222221576039e-05
0.00390625 3.91006698365019e-05
0.00400390625 4.00791652848592e-05
0.0041015625 4.10577085048211e-05
0.00419921875 4.20362994985328e-05
0.004296875 4.30149382681396e-05
0.00439453125 4.3993624815787e-05
0.0044921875 4.49723591436204e-05
0.00458984375 4.59511412537853e-05
0.0046875 4.69299711484275e-05
0.00478515625 4.79088488296925e-05
0.0048828125 4.88877742997263e-05
0.00498046875 4.98667475606747e-05
0.005078125 5.08457686146836e-05
0.00517578125 5.18248374638991e-05
0.0052734375 5.28039541104673e-05
0.00537109375 5.37831185565342e-05
0.00546875 5.47623308042463e-05
0.00556640625 5.57415908557498e-05
0.0056640625 5.67208987131912e-05
0.00576171875 5.77002543787169e-05
0.00585937499999999 5.86796578544734e-05
0.00595703124999999 5.96591091426076e-05
0.00605468749999999 6.06386082452659e-05
0.00615234374999999 6.16181551645954e-05
0.00624999999999999 6.25977499027427e-05
0.00634765624999999 6.3577392461855e-05
0.00644531249999999 6.45570828440792e-05
0.00654296874999999 6.55368210515623e-05
0.00664062499999999 6.65166070864517e-05
0.00673828124999999 6.74964409508946e-05
0.00683593749999999 6.84763226470383e-05
0.00693359374999999 6.94562521770301e-05
0.00703124999999999 7.04362295430178e-05
0.00712890624999999 7.14162547471487e-05
0.00722656249999999 7.23963277915705e-05
0.00732421874999999 7.3376448678431e-05
0.00742187499999999 7.4356617409878e-05
0.00751953124999999 7.53368339880593e-05
0.00761718749999999 7.63170984151229e-05
0.00771484374999999 7.72974106932169e-05
0.00781249999999999 7.82777708244894e-05
0.00791015624999999 7.92581788110884e-05
0.00800781249999999 8.02386346551624e-05
0.00810546874999999 8.12191383588597e-05
0.00820312499999999 8.21996899243286e-05
0.00830078124999999 8.31802893537178e-05
0.00839843749999999 8.41609366491757e-05
0.00849609374999999 8.51416318128509e-05
0.00859374999999999 8.61223748468924e-05
0.00869140624999998 8.71031657534488e-05
0.00878906249999998 8.8084004534669e-05
0.00888671874999998 8.9064891192702e-05
0.00898437499999998 9.00458257296969e-05
0.00908203124999998 9.10268081478028e-05
0.00917968749999998 9.20078384491688e-05
0.00927734374999998 9.29889166359443e-05
0.00937499999999998 9.39700427102785e-05
0.00947265624999998 9.4951216674321e-05
0.00957031249999998 9.59324385302212e-05
0.00966796874999998 9.69137082801286e-05
0.00976562499999998 9.78950259261931e-05
0.00986328124999998 9.88763914705643e-05
0.00996093749999998 9.98578049153919e-05
0.01005859375 0.000100839266262826
0.01015625 0.000101820775515016
0.01025390625 0.000102802332674113
0.0103515625 0.000103783937742267
0.01044921875 0.000104765590721627
0.010546875 0.000105747291614344
0.01064453125 0.000106729040422569
0.0107421875 0.000107710837148451
0.01083984375 0.000108692681794142
0.0109375 0.000109674574361792
0.01103515625 0.000110656514853551
0.0111328125 0.000111638503271571
0.01123046875 0.000112620539618002
0.011328125 0.000113602623894995
0.01142578125 0.0001145847561047
0.0115234375 0.00011556693624927
0.01162109375 0.000116549164330856
0.01171875 0.000117531440351607
0.01181640625 0.000118513764313677
0.0119140625 0.000119496136219215
0.01201171875 0.000120478556070374
0.012109375 0.000121461023869305
0.01220703125 0.00012244353961816
0.0123046875 0.00012342610331909
0.01240234375 0.000124408714974247
0.0125 0.000125391374585782
0.01259765625 0.000126374082155849
0.0126953125 0.000127356837686599
0.01279296875 0.000128339641180183
0.012890625 0.000129322492638754
0.01298828125 0.000130305392064464
0.0130859375 0.000131288339459466
0.01318359375 0.000132271334825912
0.01328125 0.000133254378165954
0.01337890625 0.000134237469481745
0.0134765625 0.000135220608775437
0.01357421875 0.000136203796049183
0.013671875 0.000137187031305137
0.01376953125 0.000138170314545449
0.0138671875 0.000139153645772275
0.01396484375 0.000140137024987766
0.0140625 0.000141120452194076
0.01416015625 0.000142103927393357
0.0142578125 0.000143087450587764
0.01435546875 0.000144071021779449
0.014453125 0.000145054640970565
0.01455078125 0.000146038308163267
0.0146484375 0.000147022023359707
0.01474609375 0.00014800578656204
0.01484375 0.000148989597772418
0.01494140625 0.000149973456992997
0.0150390625 0.000150957364225929
0.01513671875 0.000151941319473368
0.015234375 0.000152925322737469
0.01533203125 0.000153909374020385
0.0154296875 0.000154893473324271
0.01552734375 0.000155877620651282
0.015625 0.00015686181600357
0.01572265625 0.000157846059383291
0.0158203125 0.000158830350792599
0.01591796875 0.000159814690233649
0.016015625 0.000160799077708595
0.01611328125 0.000161783513219591
0.0162109375 0.000162767996768794
0.01630859375 0.000163752528358357
0.01640625 0.000164737107990436
0.01650390625 0.000165721735667185
0.0166015625 0.000166706411390759
0.01669921875 0.000167691135163314
0.016796875 0.000168675906987006
0.01689453125 0.000169660726863988
0.0169921875 0.000170645594796417
0.01708984375 0.000171630510786449
0.0171875 0.000172615474836237
0.01728515625 0.00017360048694794
0.0173828125 0.000174585547123711
0.01748046875 0.000175570655365707
0.017578125 0.000176555811676083
0.01767578125 0.000177541016056996
0.0177734375 0.000178526268510602
0.01787109375 0.000179511569039056
0.01796875 0.000180496917644515
0.01806640625 0.000181482314329135
0.0181640625 0.000182467759095073
0.01826171875 0.000183453251944484
0.018359375 0.000184438792879525
0.01845703125 0.000185424381902353
0.0185546875 0.000186410019015125
0.01865234375 0.000187395704219997
0.01875 0.000188381437519125
0.01884765625 0.000189367218914667
0.0189453125 0.00019035304840878
0.01904296875 0.000191338926003621
0.019140625 0.000192324851701347
0.01923828125 0.000193310825504114
0.0193359375 0.000194296847414081
0.01943359375 0.000195282917433404
0.01953125 0.000196269035564242
0.01962890625 0.00019725520180875
0.0197265625 0.000198241416169088
0.01982421875 0.000199227678647412
0.019921875 0.000200213989245881
0.02001953125 0.000201200347966651
0.0201171875 0.000202186754811882
0.02021484375 0.000203173209783731
0.0203125 0.000204159712884355
0.02041015625 0.000205146264115914
0.0205078125 0.000206132863480565
0.02060546875 0.000207119510980466
0.020703125 0.000208106206617777
0.02080078125 0.000209092950394654
0.0208984375 0.000210079742313257
0.02099609375 0.000211066582375745
0.02109375 0.000212053470584275
0.02119140625 0.000213040406941007
0.0212890625 0.0002140273914481
0.02138671875 0.000215014424107712
0.021484375 0.000216001504922002
0.02158203125 0.000216988633893129
0.0216796875 0.000217975811023253
0.02177734375 0.000218963036314533
0.021875 0.000219950309769127
0.02197265625 0.000220937631389195
0.0220703125 0.000221925001176898
0.0221679687500001 0.000222912419134393
0.0222656250000001 0.000223899885263841
0.0223632812500001 0.000224887399567401
0.0224609375000001 0.000225874962047233
0.0225585937500001 0.000226862572705498
0.0226562500000001 0.000227850231544353
0.0227539062500001 0.000228837938565961
0.0228515625000001 0.000229825693772481
0.0229492187500001 0.000230813497166072
0.0230468750000001 0.000231801348748895
0.0231445312500001 0.000232789248523111
0.0232421875000001 0.000233777196490879
0.0233398437500001 0.00023476519265436
0.0234375000000001 0.000235753237015715
0.0235351562500001 0.000236741329577105
0.0236328125000001 0.000237729470340689
0.0237304687500001 0.000238717659308628
0.0238281250000001 0.000239705896483084
0.0239257812500001 0.000240694181866217
0.0240234375000001 0.000241682515460189
0.0241210937500001 0.00024267089726716
0.0242187500000001 0.000243659327289291
0.0243164062500001 0.000244647805528743
0.0244140625000001 0.000245636331987679
0.0245117187500001 0.000246624906668259
0.0246093750000001 0.000247613529572644
0.0247070312500001 0.000248602200702997
0.0248046875000001 0.000249590920061479
0.0249023437500001 0.00025057968765025
0.0250000000000001 0.000251568503471475
0.0250976562500001 0.000252557367527313
0.0251953125000001 0.000253546279819926
0.0252929687500001 0.000254535240351478
0.0253906250000001 0.00025552424912413
0.0254882812500001 0.000256513306140044
0.0255859375000001 0.000257502411401382
0.0256835937500001 0.000258491564910306
0.0257812500000001 0.00025948076666898
0.0258789062500001 0.000260470016679564
0.0259765625000001 0.000261459314944223
0.0260742187500001 0.000262448661465118
0.0261718750000001 0.000263438056244412
0.0262695312500001 0.000264427499284268
0.0263671875000001 0.000265416990586849
0.0264648437500001 0.000266406530154317
0.0265625000000001 0.000267396117988836
0.0266601562500001 0.000268385754092569
0.0267578125000001 0.000269375438467678
0.0268554687500001 0.000270365171116328
0.0269531250000001 0.00027135495204068
0.0270507812500001 0.0002723447812429
0.0271484375000001 0.000273334658725149
0.0272460937500001 0.000274324584489592
0.0273437500000001 0.000275314558538393
0.0274414062500001 0.000276304580873714
0.0275390625000001 0.00027729465149772
0.0276367187500001 0.000278284770412574
0.0277343750000001 0.000279274937620441
0.0278320312500001 0.000280265153123484
0.0279296875000001 0.000281255416923868
0.0280273437500001 0.000282245729023756
0.0281250000000001 0.000283236089425313
0.0282226562500001 0.000284226498130703
0.0283203125000001 0.000285216955142091
0.0284179687500001 0.000286207460461641
0.0285156250000001 0.000287198014091517
0.0286132812500001 0.000288188616033885
0.0287109375000001 0.000289179266290908
0.0288085937500001 0.000290169964864752
0.0289062500000001 0.000291160711757581
0.0290039062500001 0.00029215150697156
0.0291015625000001 0.000293142350508855
0.0291992187500002 0.000294133242371631
0.0292968750000002 0.000295124182562051
0.0293945312500002 0.000296115171082283
0.0294921875000002 0.000297106207934491
0.0295898437500002 0.00029809729312084
0.0296875000000002 0.000299088426643496
0.0297851562500002 0.000300079608504625
0.0298828125000002 0.000301070838706392
0.0299804687500002 0.000302062117250962
0.0300781250000002 0.000303053444140502
0.0301757812500002 0.000304044819377178
0.0302734375000002 0.000305036242963155
0.0303710937500002 0.000306027714900599
0.0304687500000002 0.000307019235191677
0.0305664062500002 0.000308010803838555
0.0306640625000002 0.000309002420843398
0.0307617187500002 0.000309994086208373
0.0308593750000002 0.000310985799935647
0.0309570312500002 0.000311977562027386
0.0310546875000002 0.000312969372485757
0.0311523437500002 0.000313961231312926
0.0312500000000002 0.000314953138511059
0.0313476562500002 0.000315945094082325
0.0314453125000002 0.000316937098028888
0.0315429687500002 0.000317929150352918
0.0316406250000002 0.00031892125105658
0.0317382812500002 0.000319913400142041
0.0318359375000002 0.000320905597611469
0.0319335937500002 0.000321897843467032
0.0320312500000002 0.000322890137710895
0.0321289062500002 0.000323882480345228
0.0322265625000002 0.000324874871372196
0.0323242187500002 0.000325867310793968
0.0324218750000002 0.000326859798612712
0.0325195312500002 0.000327852334830595
0.0326171875000002 0.000328844919449785
0.0327148437500002 0.000329837552472449
0.0328125000000002 0.000330830233900756
0.0329101562500002 0.000331822963736874
0.0330078125000002 0.000332815741982971
0.0331054687500002 0.000333808568641215
0.0332031250000002 0.000334801443713774
0.0333007812500002 0.000335794367202817
0.0333984375000002 0.000336787339110511
0.0334960937500002 0.000337780359439026
0.0335937500000002 0.000338773428190531
0.0336914062500002 0.000339766545367193
0.0337890625000002 0.000340759710971181
0.0338867187500002 0.000341752925004665
0.0339843750000002 0.000342746187469813
0.0340820312500002 0.000343739498368794
0.0341796875000002 0.000344732857703776
0.0342773437500002 0.000345726265476931
0.0343750000000002 0.000346719721690425
0.0344726562500002 0.000347713226346429
0.0345703125000002 0.000348706779447112
0.0346679687500002 0.000349700380994644
0.0347656250000002 0.000350694030991193
0.0348632812500002 0.00035168772943893
0.0349609375000002 0.000352681476340024
0.0350585937500002 0.000353675271696645
0.0351562500000002 0.000354669115510963
0.0352539062500002 0.000355663007785147
0.0353515625000002 0.000356656948521368
0.0354492187500002 0.000357650937721795
0.0355468750000002 0.000358644975388599
0.0356445312500002 0.000359639061523949
0.0357421875000002 0.000360633196130017
0.0358398437500002 0.000361627379208973
0.0359375000000002 0.000362621610762986
0.0360351562500002 0.000363615890794228
0.0361328125000002 0.000364610219304868
0.0362304687500003 0.000365604596297079
0.0363281250000003 0.000366599021773029
0.0364257812500003 0.000367593495734891
0.0365234375000003 0.000368588018184835
0.0366210937500003 0.000369582589125032
0.0367187500000003 0.000370577208557654
0.0368164062500003 0.00037157187648487
0.0369140625000003 0.000372566592908853
0.0370117187500003 0.000373561357831774
0.0371093750000003 0.000374556171255804
0.0372070312500003 0.000375551033183114
0.0373046875000003 0.000376545943615876
0.0374023437500003 0.000377540902556262
0.0375000000000003 0.000378535910006444
0.0375976562500003 0.000379530965968592
0.0376953125000003 0.000380526070444879
0.0377929687500003 0.000381521223437477
0.0378906250000003 0.000382516424948558
0.0379882812500003 0.000383511674980293
0.0380859375000003 0.000384506973534856
0.0381835937500003 0.000385502320614418
0.0382812500000003 0.000386497716221151
0.0383789062500003 0.000387493160357227
0.0384765625000003 0.000388488653024821
0.0385742187500003 0.000389484194226103
0.0386718750000003 0.000390479783963246
0.0387695312500003 0.000391475422238423
0.0388671875000003 0.000392471109053807
0.0389648437500003 0.000393466844411571
0.0390625000000003 0.000394462628313888
0.0391601562500003 0.000395458460762929
0.0392578125000003 0.00039645434176087
0.0393554687500003 0.000397450271309882
0.0394531250000003 0.00039844624941214
0.0395507812500003 0.000399442276069815
0.0396484375000003 0.000400438351285082
0.0397460937500003 0.000401434475060115
0.0398437500000003 0.000402430647397085
0.0399414062500003 0.000403426868298169
0.0400390625000003 0.000404423137765538
0.0401367187500003 0.000405419455801367
0.0402343750000003 0.000406415822407829
0.0403320312500003 0.000407412237587099
0.0404296875000003 0.00040840870134135
0.0405273437500003 0.000409405213672757
0.0406250000000003 0.000410401774583493
0.0407226562500003 0.000411398384075733
0.0408203125000003 0.000412395042151652
0.0409179687500003 0.000413391748813423
0.0410156250000003 0.000414388504063221
0.0411132812500003 0.000415385307903221
0.0412109375000003 0.000416382160335597
0.0413085937500003 0.000417379061362524
0.0414062500000003 0.000418376010986177
0.0415039062500003 0.00041937300920873
0.0416015625000003 0.000420370056032359
0.0416992187500003 0.000421367151459238
0.0417968750000003 0.000422364295491543
0.0418945312500003 0.000423361488131448
0.0419921875000003 0.000424358729381129
0.0420898437500003 0.000425356019242762
0.0421875000000003 0.000426353357718522
0.0422851562500003 0.000427350744810583
0.0423828125000003 0.000428348180521122
0.0424804687500003 0.000429345664852315
0.0425781250000003 0.000430343197806336
0.0426757812500003 0.000431340779385363
0.0427734375000003 0.00043233840959157
0.0428710937500003 0.000433336088427133
0.0429687500000003 0.00043433381589423
0.0430664062500003 0.000435331591995034
0.0431640625000003 0.000436329416731724
0.0432617187500004 0.000437327290106475
0.0433593750000004 0.000438325212121464
0.0434570312500004 0.000439323182778866
0.0435546875000004 0.000440321202080859
0.0436523437500004 0.000441319270029618
0.0437500000000004 0.000442317386627321
0.0438476562500004 0.000443315551876145
0.0439453125000004 0.000444313765778265
0.0440429687500004 0.000445312028335859
0.0441406250000004 0.000446310339551105
0.0442382812500004 0.000447308699426178
0.0443359375000004 0.000448307107963256
0.0444335937500004 0.000449305565164516
0.0445312500000004 0.000450304071032136
0.0446289062500004 0.000451302625568292
0.0447265625000004 0.000452301228775163
0.0448242187500004 0.000453299880654925
0.0449218750000004 0.000454298581209757
0.0450195312500004 0.000455297330441835
0.0451171875000004 0.000456296128353338
0.0452148437500004 0.000457294974946443
0.0453125000000004 0.000458293870223329
0.0454101562500004 0.000459292814186173
0.0455078125000004 0.000460291806837153
0.0456054687500004 0.000461290848178448
0.0457031250000004 0.000462289938212235
0.0458007812500004 0.000463289076940693
0.0458984375000004 0.000464288264366
0.0459960937500004 0.000465287500490335
0.0460937500000004 0.000466286785315876
0.0461914062500004 0.000467286118844802
0.0462890625000004 0.000468285501079291
0.0463867187500004 0.000469284932021522
0.0464843750000004 0.000470284411673674
0.0465820312500004 0.000471283940037925
0.0466796875000004 0.000472283517116456
0.0467773437500004 0.000473283142911444
0.0468750000000004 0.000474282817425069
0.0469726562500004 0.000475282540659511
0.0470703125000004 0.000476282312616947
0.0471679687500004 0.000477282133299559
0.0472656250000004 0.000478282002709524
0.0473632812500004 0.000479281920849024
0.0474609375000004 0.000480281887720236
0.0475585937500004 0.000481281903325342
0.0476562500000004 0.00048228196766652
0.0477539062500004 0.00048328208074595
0.0478515625000004 0.000484282242565814
0.0479492187500004 0.000485282453128289
0.0480468750000004 0.000486282712435557
0.0481445312500004 0.000487283020489797
0.0482421875000004 0.00048828337729319
0.0483398437500004 0.000489283782847917
0.0484375000000004 0.000490284237156156
0.0485351562500004 0.00049128474022009
0.0486328125000004 0.000492285292041898
0.0487304687500004 0.00049328589262376
0.0488281250000004 0.000494286541967859
0.0489257812500004 0.000495287240076374
0.0490234375000004 0.000496287986951486
0.0491210937500004 0.000497288782595376
0.0492187500000004 0.000498289627010226
0.0493164062500004 0.000499290520198216
0.0494140625000004 0.000500291462161527
0.0495117187500004 0.00050129245290234
0.0496093750000004 0.000502293492422837
0.0497070312500004 0.0005032945807252
0.0498046875000004 0.000504295717811609
0.0499023437500004 0.000505296903684247
0.0500000000000004 0.000506298138345294
0.0500976562500004 0.000507299421796933
0.0501953125000004 0.000508300754041345
0.0502929687500005 0.000509302135080712
0.0503906250000005 0.000510303564917216
0.0504882812500005 0.00051130504355304
0.0505859375000005 0.000512306570990364
0.0506835937500005 0.000513308147231371
0.0507812500000005 0.000514309772278244
0.0508789062500005 0.000515311446133165
0.0509765625000005 0.000516313168798316
0.0510742187500005 0.00051731494027588
0.0511718750000005 0.000518316760568038
0.0512695312500005 0.000519318629676975
0.0513671875000005 0.000520320547604872
0.0514648437500005 0.000521322514353912
0.0515625000000005 0.000522324529926278
0.0516601562500005 0.000523326594324153
0.0517578125000005 0.000524328707549721
0.0518554687500005 0.000525330869605163
0.0519531250000005 0.000526333080492664
0.0520507812500005 0.000527335340214406
0.0521484375000005 0.000528337648772573
0.0522460937500005 0.000529340006169348
0.0523437500000005 0.000530342412406915
0.0524414062500005 0.000531344867487457
0.0525390625000005 0.000532347371413159
0.0526367187500005 0.000533349924186202
0.0527343750000005 0.000534352525808772
0.0528320312500005 0.000535355176283052
0.0529296875000005 0.000536357875611227
0.0530273437500005 0.000537360623795479
0.0531250000000005 0.000538363420837994
0.0532226562500005 0.000539366266740955
0.0533203125000005 0.000540369161506547
0.0534179687500005 0.000541372105136954
0.0535156250000005 0.000542375097634361
0.0536132812500005 0.000543378139000951
0.0537109375000005 0.00054438122923891
0.0538085937500005 0.000545384368350421
0.0539062500000005 0.000546387556337671
0.0540039062500005 0.000547390793202843
0.0541015625000005 0.000548394078948123
0.0541992187500005 0.000549397413575695
0.0542968750000005 0.000550400797087745
0.0543945312500005 0.000551404229486457
0.0544921875000005 0.000552407710774017
0.0545898437500005 0.00055341124095261
0.0546875000000005 0.000554414820024421
0.0547851562500005 0.000555418447991636
0.0548828125000005 0.00055642212485644
0.0549804687500005 0.000557425850621019
0.0550781250000005 0.000558429625287559
0.0551757812500005 0.000559433448858244
0.0552734375000005 0.000560437321335262
0.0553710937500005 0.000561441242720798
0.0554687500000005 0.000562445213017037
0.0555664062500005 0.000563449232226166
0.0556640625000005 0.000564453300350371
0.0557617187500005 0.000565457417391839
0.0558593750000005 0.000566461583352754
0.0559570312500005 0.000567465798235305
0.0560546875000005 0.000568470062041677
0.0561523437500005 0.000569474374774056
0.0562500000000005 0.00057047873643463
0.0563476562500005 0.000571483147025585
0.0564453125000005 0.000572487606549107
0.0565429687500005 0.000573492115007384
0.0566406250000005 0.000574496672402603
0.0567382812500005 0.00057550127873695
0.0568359375000005 0.000576505934012612
0.0569335937500005 0.000577510638231776
0.0570312500000005 0.000578515391396631
0.0571289062500005 0.000579520193509362
0.0572265625000005 0.000580525044572158
0.0573242187500006 0.000581529944587206
0.0574218750000006 0.000582534893556693
0.0575195312500006 0.000583539891482807
0.0576171875000006 0.000584544938367735
0.0577148437500006 0.000585550034213666
0.0578125000000006 0.000586555179022787
0.0579101562500006 0.000587560372797286
0.0580078125000006 0.000588565615539351
0.0581054687500006 0.00058957090725117
0.0582031250000006 0.000590576247934931
0.0583007812500006 0.000591581637592823
0.0583984375000006 0.000592587076227034
0.0584960937500006 0.000593592563839752
0.0585937500000006 0.000594598100433165
0.0586914062500006 0.000595603686009462
0.0587890625000006 0.000596609320570832
0.0588867187500006 0.000597615004119463
0.0589843750000006 0.000598620736657545
0.0590820312500006 0.000599626518187265
0.0591796875000006 0.000600632348710814
0.0592773437500006 0.000601638228230379
0.0593750000000006 0.00060264415674815
0.0594726562500006 0.000603650134266316
0.0595703125000006 0.000604656160787066
0.0596679687500006 0.00060566223631259
0.0597656250000006 0.000606668360845077
0.0598632812500006 0.000607674534386717
0.0599609375000006 0.000608680756939698
0.0600585937500006 0.000609687028506211
0.0601562500000006 0.000610693349088445
0.0602539062500006 0.000611699718688591
0.0603515625000006 0.000612706137308837
0.0604492187500006 0.000613712604951374
0.0605468750000006 0.000614719121618392
0.0606445312500006 0.000615725687312081
0.0607421875000006 0.00061673230203463
0.0608398437500006 0.000617738965788231
0.0609375000000006 0.000618745678575074
0.0610351562500006 0.000619752440397348
0.0611328125000006 0.000620759251257246
0.0612304687500006 0.000621766111156956
0.0613281250000006 0.000622773020098669
0.0614257812500006 0.000623779978084577
0.0615234375000006 0.00062478698511687
0.0616210937500006 0.000625794041197739
0.0617187500000006 0.000626801146329375
0.0618164062500006 0.000627808300513969
0.0619140625000006 0.000628815503753712
0.0620117187500006 0.000629822756050795
0.0621093750000006 0.00063083005740741
0.0622070312500006 0.000631837407825747
0.0623046875000006 0.000632844807307998
0.0624023437500006 0.000633852255856355
0.0625000000000006 0.000634859753473009
0.0625976562500006 0.000635867300160152
0.0626953125000006 0.000636874895919975
0.0627929687500006 0.000637882540754671
0.0628906250000006 0.000638890234666431
0.0629882812500006 0.000639897977657447
0.0630859375000006 0.000640905769729911
0.0631835937500006 0.000641913610886015
0.0632812500000006 0.000642921501127952
0.0633789062500006 0.000643929440457914
0.0634765625000006 0.000644937428878092
0.0635742187500006 0.00064594546639068
0.0636718750000006 0.00064695355299787
0.0637695312500006 0.000647961688701854
0.0638671875000005 0.000648969873504826
0.0639648437500005 0.000649978107408977
0.0640625000000005 0.000650986390416501
0.0641601562500005 0.000651994722529591
0.0642578125000005 0.000653003103750439
0.0643554687500005 0.000654011534081238
0.0644531250000005 0.000655020013524183
0.0645507812500005 0.000656028542081465
0.0646484375000005 0.000657037119755278
0.0647460937500005 0.000658045746547815
0.0648437500000005 0.000659054422461271
0.0649414062500005 0.000660063147497838
0.0650390625000005 0.00066107192165971
0.0651367187500005 0.00066208074494908
0.0652343750000005 0.000663089617368143
0.0653320312500005 0.000664098538919092
0.0654296875000005 0.000665107509604121
0.0655273437500005 0.000666116529425424
0.0656250000000004 0.000667125598385195
0.0657226562500004 0.000668134716485628
0.0658203125000004 0.000669143883728917
0.0659179687500004 0.000670153100117258
0.0660156250000004 0.000671162365652843
0.0661132812500004 0.000672171680337868
0.0662109375000004 0.000673181044174526
0.0663085937500004 0.000674190457165013
0.0664062500000004 0.000675199919311524
0.0665039062500004 0.000676209430616252
0.0666015625000004 0.000677218991081394
0.0666992187500004 0.000678228600709143
0.0667968750000004 0.000679238259501694
0.0668945312500004 0.000680247967461244
0.0669921875000004 0.000681257724589986
0.0670898437500004 0.000682267530890116
0.0671875000000004 0.00068327738636383
0.0672851562500004 0.000684287291013322
0.0673828125000003 0.000685297244840789
0.0674804687500003 0.000686307247848425
0.0675781250000003 0.000687317300038427
0.0676757812500003 0.000688327401412989
0.0677734375000003 0.000689337551974309
0.0678710937500003 0.00069034775172458
0.0679687500000003 0.000691358000666001
0.0680664062500003 0.000692368298800766
0.0681640625000003 0.000693378646131072
0.0682617187500003 0.000694389042659114
0.0683593750000003 0.000695399488387089
0.0684570312500003 0.000696409983317193
0.0685546875000003 0.000697420527451623
0.0686523437500003 0.000698431120792575
0.0687500000000003 0.000699441763342246
0.0688476562500003 0.000700452455102832
0.0689453125000003 0.00070146319607653
0.0690429687500003 0.000702473986265536
0.0691406250000002 0.000703484825672048
0.0692382812500002 0.000704495714298263
0.0693359375000002 0.000705506652146377
0.0694335937500002 0.000706517639218587
0.0695312500000002 0.000707528675517092
0.0696289062500002 0.000708539761044087
0.0697265625000002 0.00070955089580177
0.0698242187500002 0.000710562079792339
0.0699218750000002 0.000711573313017991
0.0700195312500002 0.000712584595480924
0.0701171875000002 0.000713595927183335
0.0702148437500002 0.000714607308127422
0.0703125000000002 0.000715618738315383
0.0704101562500002 0.000716630217749415
0.0705078125000002 0.000717641746431717
0.0706054687500002 0.000718653324364487
0.0707031250000002 0.000719664951549922
0.0708007812500002 0.000720676627990221
0.0708984375000001 0.000721688353687583
0.0709960937500001 0.000722700128644204
0.0710937500000001 0.000723711952862285
0.0711914062500001 0.000724723826344022
0.0712890625000001 0.000725735749091616
0.0713867187500001 0.000726747721107264
0.0714843750000001 0.000727759742393165
0.0715820312500001 0.000728771812951519
0.0716796875000001 0.000729783932784523
0.0717773437500001 0.000730796101894377
0.0718750000000001 0.000731808320283279
0.0719726562500001 0.00073282058795343
0.0720703125000001 0.000733832904907028
0.0721679687500001 0.000734845271146272
0.0722656250000001 0.000735857686673362
0.0723632812500001 0.000736870151490497
0.0724609375000001 0.000737882665599877
0.0725585937500001 0.000738895229003701
0.07265625 0.000739907841704168
0.07275390625 0.00074092050370348
0.0728515625 0.000741933215003835
0.07294921875 0.000742945975607433
0.073046875 0.000743958785516474
0.07314453125 0.000744971644733158
0.0732421875 0.000745984553259686
0.07333984375 0.000746997511098258
0.0734375 0.000748010518251073
0.07353515625 0.000749023574720332
0.0736328125 0.000750036680508236
0.07373046875 0.000751049835616986
0.073828125 0.000752063040048781
0.07392578125 0.000753076293805822
0.0740234375 0.00075408959689031
0.07412109375 0.000755102949304447
0.07421875 0.000756116351050432
0.07431640625 0.000757129802130467
0.0744140624999999 0.000758143302546753
0.0745117187499999 0.000759156852301491
0.0746093749999999 0.000760170451396881
0.0747070312499999 0.000761184099835127
0.0748046874999999 0.000762197797618428
0.0749023437499999 0.000763211544748987
0.0749999999999999 0.000764225341229004
0.0750976562499999 0.000765239187060682
0.0751953124999999 0.000766253082246221
0.0752929687499999 0.000767267026787825
0.0753906249999999 0.000768281020687694
0.0754882812499999 0.000769295063948031
0.0755859374999999 0.000770309156571037
0.0756835937499999 0.000771323298558915
0.0757812499999999 0.000772337489913866
0.0758789062499999 0.000773351730638094
0.0759765624999999 0.000774366020733799
0.0760742187499999 0.000775380360203186
0.0761718749999998 0.000776394749048455
0.0762695312499998 0.00077740918727181
0.0763671874999998 0.000778423674875453
0.0764648437499998 0.000779438211861587
0.0765624999999998 0.000780452798232415
0.0766601562499998 0.000781467433990139
0.0767578124999998 0.000782482119136962
0.0768554687499998 0.000783496853675088
0.0769531249999998 0.00078451163760672
0.0770507812499998 0.00078552647093406
0.0771484374999998 0.000786541353659312
0.0772460937499998 0.000787556285784679
0.0773437499999998 0.000788571267312364
0.0774414062499998 0.000789586298244572
0.0775390624999998 0.000790601378583505
0.0776367187499998 0.000791616508331368
0.0777343749999998 0.000792631687490363
0.0778320312499998 0.000793646916062695
0.0779296874999997 0.000794662194050567
0.0780273437499997 0.000795677521456184
0.0781249999999997 0.000796692898281749
0.0782226562499997 0.000797708324529467
0.0783203124999997 0.000798723800201541
0.0784179687499997 0.000799739325300177
0.0785156249999997 0.000800754899827577
0.0786132812499997 0.000801770523785948
0.0787109374999997 0.000802786197177492
0.0788085937499997 0.000803801920004415
0.0789062499999997 0.000804817692268922
0.0790039062499997 0.000805833513973216
0.0791015624999997 0.000806849385119503
0.0791992187499997 0.000807865305709988
0.0792968749999997 0.000808881275746876
0.0793945312499997 0.000809897295232371
0.0794921874999997 0.000810913364168679
0.0795898437499997 0.000811929482558005
0.0796874999999996 0.000812945650402554
0.0797851562499996 0.000813961867704532
0.0798828124999996 0.000814978134466143
0.0799804687499996 0.000815994450689594
0.0800781249999996 0.00081701081637709
0.0801757812499996 0.000818027231530837
0.0802734374999996 0.000819043696153039
0.0803710937499996 0.000820060210245904
0.0804687499999996 0.000821076773811637
0.0805664062499996 0.000822093386852444
0.0806640624999996 0.000823110049370531
0.0807617187499996 0.000824126761368104
0.0808593749999996 0.00082514352284737
0.0809570312499996 0.000826160333810534
0.0810546874999996 0.000827177194259803
0.0811523437499996 0.000828194104197383
0.0812499999999996 0.000829211063625481
0.0813476562499996 0.000830228072546303
0.0814453124999995 0.000831245130962057
0.0815429687499995 0.000832262238874949
0.0816406249999995 0.000833279396287185
0.0817382812499995 0.000834296603200972
0.0818359374999995 0.000835313859618518
0.0819335937499995 0.00083633116554203
0.0820312499999995 0.000837348520973714
0.0821289062499995 0.000838365925915778
0.0822265624999995 0.00083938338037043
0.0823242187499995 0.000840400884339875
0.0824218749999995 0.000841418437826323
0.0825195312499995 0.00084243604083198
0.0826171874999995 0.000843453693359055
0.0827148437499995 0.000844471395409754
0.0828124999999995 0.000845489146986285
0.0829101562499995 0.000846506948090856
0.0830078124999995 0.000847524798725676
0.0831054687499995 0.000848542698892952
0.0832031249999994 0.000849560648594892
0.0833007812499994 0.000850578647833705
0.0833984374999994 0.000851596696611598
0.0834960937499994 0.00085261479493078
0.0835937499999994 0.00085363294279346
0.0836914062499994 0.000854651140201845
0.0837890624999994 0.000855669387158144
0.0838867187499994 0.000856687683664566
0.0839843749999994 0.00085770602972332
0.0840820312499994 0.000858724425336613
0.0841796874999994 0.000859742870506656
0.0842773437499994 0.000860761365235657
0.0843749999999994 0.000861779909525825
0.0844726562499994 0.000862798503379369
0.0845703124999994 0.000863817146798499
0.0846679687499994 0.000864835839785422
0.0847656249999994 0.00086585458234235
0.0848632812499994 0.000866873374471491
0.0849609374999993 0.000867892216175054
0.0850585937499993 0.000868911107455249
0.0851562499999993 0.000869930048314287
0.0852539062499993 0.000870949038754375
0.0853515624999993 0.000871968078777725
0.0854492187499993 0.000872987168386546
0.0855468749999993 0.000874006307583048
0.0856445312499993 0.000875025496369442
0.0857421874999993 0.000876044734747936
0.0858398437499993 0.000877064022720741
0.0859374999999993 0.000878083360290068
0.0860351562499993 0.000879102747458127
0.0861328124999993 0.000880122184227128
0.0862304687499993 0.000881141670599282
0.0863281249999993 0.000882161206576799
0.0864257812499993 0.00088318079216189
0.0865234374999993 0.000884200427356766
0.0866210937499993 0.000885220112163637
0.0867187499999992 0.000886239846584714
0.0868164062499992 0.000887259630622208
0.0869140624999992 0.000888279464278331
0.0870117187499992 0.000889299347555293
0.0871093749999992 0.000890319280455305
0.0872070312499992 0.000891339262980579
0.0873046874999992 0.000892359295133327
0.0874023437499992 0.000893379376915758
0.0874999999999992 0.000894399508330086
0.0875976562499992 0.000895419689378521
0.0876953124999992 0.000896439920063276
0.0877929687499992 0.000897460200386561
0.0878906249999992 0.000898480530350589
0.0879882812499992 0.000899500909957572
0.0880859374999992 0.000900521339209721
0.0881835937499992 0.000901541818109248
0.0882812499999992 0.000902562346658367
0.0883789062499992 0.000903582924859288
0.0884765624999991 0.000904603552714224
0.0885742187499991 0.000905624230225388
0.0886718749999991 0.000906644957394992
0.0887695312499991 0.000907665734225248
0.0888671874999991 0.000908686560718369
0.0889648437499991 0.000909707436876568
0.0890624999999991 0.000910728362702057
0.0891601562499991 0.000911749338197049
0.0892578124999991 0.000912770363363758
0.0893554687499991 0.000913791438204395
0.0894531249999991 0.000914812562721175
0.0895507812499991 0.000915833736916309
0.0896484374999991 0.000916854960792013
0.0897460937499991 0.000917876234350497
0.0898437499999991 0.000918897557593977
0.0899414062499991 0.000919918930524666
0.0900390624999991 0.000920940353144776
0.0901367187499991 0.000921961825456522
0.090234374999999 0.000922983347462118
0.090332031249999 0.000924004919163776
0.090429687499999 0.000925026540563711
0.090527343749999 0.000926048211664137
0.090624999999999 0.000927069932467268
0.090722656249999 0.000928091702975317
0.090820312499999 0.000929113523190499
0.090917968749999 0.000930135393115029
0.091015624999999 0.00093115731275112
0.091113281249999 0.000932179282100987
0.091210937499999 0.000933201301166844
0.091308593749999 0.000934223369950905
0.091406249999999 0.000935245488455387
0.091503906249999 0.000936267656682502
0.091601562499999 0.000937289874634466
0.091699218749999 0.000938312142313494
0.091796874999999 0.0009393344597218
0.091894531249999 0.0009403568268616
0.0919921874999989 0.000941379243735108
0.0920898437499989 0.000942401710344541
0.0921874999999989 0.000943424226692112
0.0922851562499989 0.000944446792780038
0.0923828124999989 0.000945469408610534
0.0924804687499989 0.000946492074185814
0.0925781249999989 0.000947514789508096
0.0926757812499989 0.000948537554579593
0.0927734374999989 0.000949560369402523
0.0928710937499989 0.000950583233979101
0.0929687499999989 0.000951606148311542
0.0930664062499989 0.000952629112402063
0.0931640624999989 0.00095365212625288
0.0932617187499989 0.000954675189866208
0.0933593749999989 0.000955698303244264
0.0934570312499989 0.000956721466389265
0.0935546874999989 0.000957744679303425
0.0936523437499989 0.000958767941988963
0.0937499999999988 0.000959791254448094
0.0938476562499988 0.000960814616683034
0.0939453124999988 0.000961838028696002
0.0940429687499988 0.000962861490489212
0.0941406249999988 0.000963885002064882
0.0942382812499988 0.00096490856342523
0.0943359374999988 0.000965932174572471
0.0944335937499988 0.000966955835508823
0.0945312499999988 0.000967979546236502
0.0946289062499988 0.000969003306757727
0.0947265624999988 0.000970027117074715
0.0948242187499988 0.000971050977189682
0.0949218749999988 0.000972074887104846
0.0950195312499988 0.000973098846822424
0.0951171874999988 0.000974122856344635
0.0952148437499988 0.000975146915673696
0.0953124999999988 0.000976171024811824
0.0954101562499988 0.000977195183761238
0.0955078124999987 0.000978219392524154
0.0956054687499987 0.000979243651102792
0.0957031249999987 0.000980267959499369
0.0958007812499987 0.000981292317716104
0.0958984374999987 0.000982316725755214
0.0959960937499987 0.000983341183618918
0.0960937499999987 0.000984365691309434
0.0961914062499987 0.00098539024882898
0.0962890624999987 0.000986414856179775
0.0963867187499987 0.000987439513364038
0.0964843749999987 0.000988464220383988
0.0965820312499987 0.000989488977241842
0.0966796874999987 0.000990513783939821
0.0967773437499987 0.000991538640480142
0.0968749999999987 0.000992563546865025
0.0969726562499987 0.000993588503096689
0.0970703124999987 0.000994613509177352
0.0971679687499987 0.000995638565109235
0.0972656249999986 0.000996663670894556
0.0973632812499986 0.000997688826535535
0.0974609374999986 0.000998714032034391
0.0975585937499986 0.000999739287393344
0.0976562499999986 0.00100076459261461
0.0977539062499986 0.00100178994770042
0.0978515624999986 0.00100281535265298
0.0979492187499986 0.00100384080747451
0.0980468749999986 0.00100486631216725
0.0981445312499986 0.00100589186673339
0.0982421874999986 0.00100691747117518
0.0983398437499986 0.00100794312549482
0.0984374999999986 0.00100896882969453
0.0985351562499986 0.00100999458377654
0.0986328124999986 0.00101102038774307
0.0987304687499986 0.00101204624159633
0.0988281249999986 0.00101307214533855
0.0989257812499986 0.00101409809897195
0.0990234374999985 0.00101512410249875
0.0991210937499985 0.00101615015592117
0.0992187499999985 0.00101717625924143
0.0993164062499985 0.00101820241246175
0.0994140624999985 0.00101922861558435
0.0995117187499985 0.00102025486861146
0.0996093749999985 0.00102128117154529
0.0997070312499985 0.00102230752438806
0.0998046874999985 0.00102333392714201
0.0999023437499985 0.00102436037980934
0.0999999999999985 0.00102538688239228
Total steps: 4096
