0 0
0.0009765625 9.76800972126739e-06
0.001953125 1.95407899567612e-05
0.0029296875 2.93183428496833e-05
0.00390625 3.91006705440084e-05
0.0048828125 4.88877751844848e-05
0.005859375 5.86796589166343e-05
0.0068359375 6.84763238867519e-05
0.0078125 7.82777722419061e-05
0.0087890625 8.80840061299395e-05
0.009765625 9.78950276994679e-05
0.0107421875 0.000107710839099881
0.01171875 0.000117531442481343
0.0126953125 0.000127356839994791
0.013671875 0.000137187033791936
0.0146484375 0.000147022026025265
0.015625 0.000156861818848037
0.0166015625 0.000166706414414287
0.017578125 0.000176555814878823
0.0185546875 0.000186410022397228
0.01953125 0.000196269039125859
0.0205078125 0.000206132867221848
0.021484375 0.000216001508843102
0.0224609375 0.000225874966148302
0.0234375 0.000235753241296905
0.0244140625 0.000245636336449141
0.025390625 0.000255524253766015
0.0263671875 0.00026541699540931
0.02734375 0.000275314563541582
0.0283203125 0.00028521696032616
0.029296875 0.000295124187927152
0.0302734375 0.000305036248509439
0.03125 0.00031495314423868
0.0322265625 0.000324874877281305
0.033203125 0.000334801449804523
0.0341796875 0.000344732863976319
0.03515625 0.000354669121965451
0.0361328125 0.000364610225941455
0.037109375 0.000374556178074641
0.0380859375 0.000384506980536097
0.0390625 0.000394462635497685
0.0400390625 0.000404423145132045
0.041015625 0.000414388511612591
0.0419921875 0.000424358737113514
0.04296875 0.000434333823809783
0.0439453125 0.00044431377387714
0.044921875 0.000454298589492106
0.0458984375 0.000464288272831978
0.046875 0.000474282826074828
0.0478515625 0.000484282251399507
0.048828125 0.000494286550985642
0.0498046875 0.000504295727013634
0.05078125 0.000514309781664665
0.0517578125 0.000524328717120691
0.052734375 0.000534352535564445
0.0537109375 0.00054438123917944
0.0546875 0.000554414830149963
0.0556640625 0.000564453310661078
0.056640625 0.000574496682898629
0.0576171875 0.000584544949049235
0.05859375 0.000594598111300292
0.0595703125 0.000604656171839976
0.060546875 0.000614719132857238
0.0615234375 0.000624786996541808
0.0625 0.000634859765084192
0.0634765625 0.000644937440675676
0.064453125 0.000655020025508321
0.0654296875 0.000665107521774969
0.06640625 0.000675199931669236
0.0673828125 0.000685297257385521
0.068359375 0.000695399501118996
0.0693359375 0.000705506665065613
0.0703125 0.000715618751422104
0.0712890625 0.000725735762385977
0.072265625 0.000735857700155518
0.0732421875 0.000745984566929792
0.07421875 0.000756116364908644
0.0751953125 0.000766253096292696
0.076171875 0.000776394763283346
0.0771484375 0.000786541368082776
0.078125 0.000796692912893941
0.0791015625 0.00080684939992058
0.080078125 0.000817010831367207
0.0810546875 0.000827177209439115
0.08203125 0.000837348536342379
0.0830078125 0.000847524814283849
0.083984375 0.000857706045471157
0.0849609375 0.000867892232112712
0.0859375 0.000878083376417703
0.0869140625 0.000888279480596099
0.087890625 0.000898480546858647
0.0888671875 0.000908686577416873
0.08984375 0.000918897574483084
0.0908203125 0.000929113540270366
0.091796875 0.000939334476992583
0.0927734375 0.000949560386864379
0.09375 0.00095979127210118
0.0947265625 0.000970027134919188
0.095703125 0.000980267977535387
0.0966796875 0.00099051380216754
0.09765625 0.00100076461103419
0.0986328125 0.00101102040635466
0.099609375 0.00102128119034905
0.1005859375 0.00103154696523825
0.1015625 0.00104181773324392
0.1025390625 0.0010520934965885
0.103515625 0.00106237425749522
0.1044921875 0.00107266001818807
0.10546875 0.00108295078089184
0.1064453125 0.0010932465478321
0.107421875 0.00110354732123519
0.1083984375 0.00111385310332823
0.109375 0.00112416389633914
0.1103515625 0.00113447970249658
0.111328125 0.00114480052403004
0.1123046875 0.00115512636316976
0.11328125 0.00116545722214676
0.1142578125 0.00117579310319286
0.115234375 0.00118613400854064
0.1162109375 0.00119647994042348
0.1171875 0.00120683090107552
0.1181640625 0.00121718689273169
0.119140625 0.00122754791762771
0.1201171875 0.00123791397800008
0.12109375 0.00124828507608606
0.1220703125 0.00125866121412371
0.123046875 0.00126904239435188
0.1240234375 0.00127942861901017
0.125 0.00128981989033899
0.1259765625 0.00130021621057953
0.126953125 0.00131061758197373
0.1279296875 0.00132102400676435
0.12890625 0.00133143548719491
0.1298828125 0.00134185202550973
0.130859375 0.00135227362395387
0.1318359375 0.00136270028477323
0.1328125 0.00137313201021444
0.1337890625 0.00138356880252495
0.134765625 0.00139401066395296
0.1357421875 0.00140445759674748
0.13671875 0.00141490960315828
0.1376953125 0.00142536668543592
0.138671875 0.00143582884583176
0.1396484375 0.0014462960865979
0.140625 0.00145676840998726
0.1416015625 0.00146724581825353
0.142578125 0.00147772831365118
0.1435546875 0.00148821589843546
0.14453125 0.00149870857486241
0.1455078125 0.00150920634518884
0.146484375 0.00151970921167236
0.1474609375 0.00153021717657134
0.1484375 0.00154073024214496
0.1494140625 0.00155124841065315
0.150390625 0.00156177168435666
0.1513671875 0.00157230006551698
0.15234375 0.00158283355639641
0.1533203125 0.00159337215925804
0.154296875 0.00160391587636572
0.1552734375 0.00161446470998409
0.15625 0.00162501866237859
0.1572265625 0.00163557773581541
0.158203125 0.00164614193256154
0.1591796875 0.00165671125488477
0.16015625 0.00166728570505364
0.1611328125 0.00167786528533751
0.162109375 0.00168844999800648
0.1630859375 0.00169903984533146
0.1640625 0.00170963482958415
0.1650390625 0.00172023495303701
0.166015625 0.00173084021796329
0.1669921875 0.00174145062663705
0.16796875 0.00175206618133309
0.1689453125 0.00176268688432701
0.169921875 0.00177331273789522
0.1708984375 0.00178394374431487
0.171875 0.00179457990586392
0.1728515625 0.00180522122482111
0.173828125 0.00181586770346596
0.1748046875 0.00182651934407877
0.17578125 0.00183717614894062
0.1767578125 0.0018478381203334
0.177734375 0.00185850526053975
0.1787109375 0.00186917757184311
0.1796875 0.0018798550565277
0.1806640625 0.00189053771687853
0.181640625 0.00190122555518139
0.1826171875 0.00191191857372284
0.18359375 0.00192261677479025
0.1845703125 0.00193332016067175
0.185546875 0.00194402873365626
0.1865234375 0.00195474249603351
0.1875 0.00196546145009396
0.1884765625 0.00197618559812891
0.189453125 0.0019869149424304
0.1904296875 0.00199764948529129
0.19140625 0.00200838922900519
0.1923828125 0.00201913417586652
0.193359375 0.00202988432817048
0.1943359375 0.00204063968821303
0.1953125 0.00205140025829096
0.1962890625 0.00206216604070179
0.197265625 0.00207293703774386
0.1982421875 0.00208371325171629
0.19921875 0.00209449468491898
0.2001953125 0.00210528133965261
0.201171875 0.00211607321821864
0.2021484375 0.00212687032291934
0.203125 0.00213767265605772
0.2041015625 0.00214848021993763
0.205078125 0.00215929301686365
0.2060546875 0.00217011104914119
0.20703125 0.0021809343190764
0.2080078125 0.00219176282897626
0.208984375 0.0022025965811485
0.2099609375 0.00221343557790166
0.2109375 0.00222427982154503
0.2119140625 0.00223512931438872
0.212890625 0.0022459840587436
0.2138671875 0.00225684405692135
0.21484375 0.00226770931123441
0.2158203125 0.00227857982399602
0.216796875 0.00228945559752018
0.2177734375 0.00230033663412172
0.21875 0.00231122293611621
0.2197265625 0.00232211450582002
0.220703125 0.00233301134555032
0.2216796875 0.00234391345762505
0.22265625 0.00235482084436292
0.2236328125 0.00236573350808346
0.224609375 0.00237665145110696
0.2255859375 0.0023875746757545
0.2265625 0.00239850318434795
0.2275390625 0.00240943697920995
0.228515625 0.00242037606266394
0.2294921875 0.00243132043703415
0.23046875 0.00244227010464557
0.2314453125 0.002453225067824
0.232421875 0.00246418532889601
0.2333984375 0.00247515089018896
0.234375 0.00248612175403099
0.2353515625 0.00249709792275104
0.236328125 0.00250807939867882
0.2373046875 0.00251906618414483
0.23828125 0.00253005828148035
0.2392578125 0.00254105569301745
0.240234375 0.002552058421089
0.2412109375 0.00256306646802861
0.2421875 0.00257407983617073
0.2431640625 0.00258509852785056
0.244140625 0.0025961225454041
0.2451171875 0.00260715189116812
0.24609375 0.00261818656748019
0.2470703125 0.00262922657667866
0.248046875 0.00264027192110266
0.2490234375 0.00265132260309212
0.25 0.00266237862498774
0.2509765625 0.00267343998913102
0.251953125 0.00268450669786421
0.2529296875 0.0026955787535304
0.25390625 0.00270665615847342
0.2548828125 0.00271773891503791
0.255859375 0.00272882702556927
0.2568359375 0.00273992049241372
0.2578125 0.00275101931791824
0.2587890625 0.0027621235044306
0.259765625 0.00277323305429936
0.2607421875 0.00278434796987386
0.26171875 0.00279546825350423
0.2626953125 0.00280659390754138
0.263671875 0.00281772493433701
0.2646484375 0.0028288613362436
0.265625 0.00284000311561443
0.2666015625 0.00285115027480354
0.267578125 0.00286230281616578
0.2685546875 0.00287346074205676
0.26953125 0.00288462405483291
0.2705078125 0.00289579275685141
0.271484375 0.00290696685047025
0.2724609375 0.00291814633804819
0.2734375 0.00292933122194478
0.2744140625 0.00294052150452036
0.275390625 0.00295171718813605
0.2763671875 0.00296291827515375
0.27734375 0.00297412476793616
0.2783203125 0.00298533666884676
0.279296875 0.00299655398024981
0.2802734375 0.00300777670451036
0.28125 0.00301900484399423
0.2822265625 0.00303023840106806
0.283203125 0.00304147737809924
0.2841796875 0.00305272177745596
0.28515625 0.00306397160150719
0.2861328125 0.00307522685262271
0.287109375 0.00308648753317304
0.2880859375 0.00309775364552953
0.2890625 0.00310902519206429
0.2900390625 0.00312030217515021
0.291015625 0.00313158459716099
0.2919921875 0.0031428724604711
0.29296875 0.00315416576745579
0.2939453125 0.00316546452049111
0.294921875 0.00317676872195388
0.2958984375 0.00318807837422172
0.296875 0.00319939347967302
0.2978515625 0.00321071404068697
0.298828125 0.00322204005964353
0.2998046875 0.00323337153892346
0.30078125 0.00324470848090831
0.3017578125 0.00325605088798038
0.302734375 0.0032673987625228
0.3037109375 0.00327875210691945
0.3046875 0.00329011092355502
0.3056640625 0.00330147521481497
0.306640625 0.00331284498308555
0.3076171875 0.00332422023075379
0.30859375 0.00333560096020753
0.3095703125 0.00334698717383535
0.310546875 0.00335837887402666
0.3115234375 0.00336977606317163
0.3125 0.00338117874366122
0.3134765625 0.00339258691788717
0.314453125 0.00340400058824203
0.3154296875 0.00341541975711909
0.31640625 0.00342684442691248
0.3173828125 0.00343827460001706
0.318359375 0.00344971027882852
0.3193359375 0.0034611514657433
0.3203125 0.00347259816315866
0.3212890625 0.00348405037347261
0.322265625 0.00349550809908398
0.3232421875 0.00350697134239235
0.32421875 0.00351844010579811
0.3251953125 0.00352991439170242
0.326171875 0.00354139420250724
0.3271484375 0.0035528795406153
0.328125 0.00356437040843012
0.3291015625 0.00357586680835601
0.330078125 0.00358736874279806
0.3310546875 0.00359887621416215
0.33203125 0.00361038922485493
0.3330078125 0.00362190777728386
0.333984375 0.00363343187385716
0.3349609375 0.00364496151698384
0.3359375 0.00365649670907371
0.3369140625 0.00366803745253735
0.337890625 0.00367958374978614
0.3388671875 0.00369113560323221
0.33984375 0.00370269301528852
0.3408203125 0.00371425598836879
0.341796875 0.00372582452488752
0.3427734375 0.00373739862726001
0.34375 0.00374897829790233
0.3447265625 0.00376056353923135
0.345703125 0.00377215435366471
0.3466796875 0.00378375074362084
0.34765625 0.00379535271151895
0.3486328125 0.00380696025977906
0.349609375 0.00381857339082193
0.3505859375 0.00383019210706915
0.3515625 0.00384181641094306
0.3525390625 0.00385344630486679
0.353515625 0.00386508179126428
0.3544921875 0.00387672287256023
0.35546875 0.00388836955118012
0.3564453125 0.00390002182955024
0.357421875 0.00391167971009763
0.3583984375 0.00392334319525015
0.359375 0.00393501228743643
0.3603515625 0.00394668698908586
0.361328125 0.00395836730262865
0.3623046875 0.00397005323049577
0.36328125 0.003981744775119
0.3642578125 0.00399344193893088
0.365234375 0.00400514472436473
0.3662109375 0.00401685313385468
0.3671875 0.00402856716983562
0.3681640625 0.00404028683474324
0.369140625 0.00405201213101401
0.3701171875 0.00406374306108517
0.37109375 0.00407547962739476
0.3720703125 0.00408722183238161
0.373046875 0.0040989696784853
0.3740234375 0.00411072316814624
0.375 0.00412248230380558
0.3759765625 0.00413424708790528
0.376953125 0.00414601752288808
0.3779296875 0.00415779361119751
0.37890625 0.00416957535527785
0.3798828125 0.00418136275757421
0.380859375 0.00419315582053245
0.3818359375 0.00420495454659922
0.3828125 0.00421675893822198
0.3837890625 0.00422856899784892
0.384765625 0.00424038472792907
0.3857421875 0.00425220613091221
0.38671875 0.00426403320924891
0.3876953125 0.00427586596539052
0.388671875 0.00428770440178918
0.3896484375 0.00429954852089782
0.390625 0.00431139832517013
0.3916015625 0.00432325381706061
0.392578125 0.00433511499902452
0.3935546875 0.00434698187351791
0.39453125 0.00435885444299763
0.3955078125 0.00437073270992128
0.396484375 0.00438261667674728
0.3974609375 0.0043945063459348
0.3984375 0.00440640171994382
0.3994140625 0.00441830280123507
0.400390625 0.0044302095922701
0.4013671875 0.00444212209551122
0.40234375 0.00445404031342153
0.4033203125 0.0044659642484649
0.404296875 0.004477893903106
0.4052734375 0.00448982927981027
0.40625 0.00450177038104394
0.4072265625 0.00451371720927403
0.408203125 0.00452566976696832
0.4091796875 0.00453762805659538
0.41015625 0.00454959208062457
0.4111328125 0.00456156184152604
0.412109375 0.0045735373417707
0.4130859375 0.00458551858383025
0.4140625 0.00459750557017718
0.4150390625 0.00460949830328476
0.416015625 0.00462149678562703
0.4169921875 0.00463350101967883
0.41796875 0.00464551100791576
0.4189453125 0.00465752675281422
0.419921875 0.00466954825685138
0.4208984375 0.00468157552250521
0.421875 0.00469360855225445
0.4228515625 0.0047056473485786
0.423828125 0.00471769191395798
0.4248046875 0.00472974225087366
0.42578125 0.00474179836180752
0.4267578125 0.00475386024924219
0.427734375 0.00476592791566111
0.4287109375 0.00477800136354849
0.4296875 0.0047900805953893
0.4306640625 0.00480216561366933
0.431640625 0.00481425642087512
0.4326171875 0.00482635301949401
0.43359375 0.00483845541201412
0.4345703125 0.00485056360092433
0.435546875 0.00486267758871432
0.4365234375 0.00487479737787455
0.4375 0.00488692297089625
0.4384765625 0.00489905437027144
0.439453125 0.00491119157849293
0.4404296875 0.00492333459805428
0.44140625 0.00493548343144986
0.4423828125 0.0049476380811748
0.443359375 0.00495979854972503
0.4443359375 0.00497196483959725
0.4453125 0.00498413695328893
0.4462890625 0.00499631489329834
0.447265625 0.00500849866212452
0.4482421875 0.00502068826226728
0.44921875 0.00503288369622723
0.4501953125 0.00504508496650575
0.451171875 0.00505729207560499
0.4521484375 0.00506950502602791
0.453125 0.00508172382027821
0.4541015625 0.0050939484608604
0.455078125 0.00510617895027975
0.4560546875 0.00511841529104232
0.45703125 0.00513065748565496
0.4580078125 0.00514290553662527
0.458984375 0.00515515944646166
0.4599609375 0.0051674192176733
0.4609375 0.00517968485277014
0.4619140625 0.00519195635426292
0.462890625 0.00520423372466315
0.4638671875 0.00521651696648313
0.46484375 0.00522880608223592
0.4658203125 0.00524110107443536
0.466796875 0.00525340194559611
0.4677734375 0.00526570869823354
0.46875 0.00527802133486387
0.4697265625 0.00529033985800403
0.470703125 0.00530266427017179
0.4716796875 0.00531499457388566
0.47265625 0.00532733077166494
0.4736328125 0.0053396728660297
0.474609375 0.00535202085950081
0.4755859375 0.00536437475459989
0.4765625 0.00537673455384936
0.4775390625 0.0053891002597724
0.478515625 0.00540147187489299
0.4794921875 0.00541384940173586
0.48046875 0.00542623284282655
0.4814453125 0.00543862220069135
0.482421875 0.00545101747785734
0.4833984375 0.00546341867685237
0.484375 0.00547582580020508
0.4853515625 0.00548823885044488
0.486328125 0.00550065783010195
0.4873046875 0.00551308274170726
0.48828125 0.00552551358779255
0.4892578125 0.00553795037089034
0.490234375 0.00555039309353393
0.4912109375 0.00556284175825738
0.4921875 0.00557529636759554
0.4931640625 0.00558775692408405
0.494140625 0.0056002234302593
0.4951171875 0.00561269588865847
0.49609375 0.00562517430181952
0.4970703125 0.00563765867228118
0.498046875 0.00565014900258295
0.4990234375 0.00566264529526512
0.5 0.00567514755286875
0.5009765625 0.00568765577793567
0.501953125 0.0057001699730085
0.5029296875 0.00571269014063062
0.50390625 0.0057252162833462
0.5048828125 0.00573774840370018
0.505859375 0.00575028650423826
0.5068359375 0.00576283058750695
0.5078125 0.00577538065605349
0.5087890625 0.00578793671242595
0.509765625 0.00580049875917312
0.5107421875 0.0058130667988446
0.51171875 0.00582564083399076
0.5126953125 0.00583822086716273
0.513671875 0.00585080690091244
0.5146484375 0.00586339893779257
0.515625 0.00587599698035659
0.5166015625 0.00588860103115873
0.517578125 0.00590121109275402
0.5185546875 0.00591382716769823
0.51953125 0.00592644925854793
0.5205078125 0.00593907736786046
0.521484375 0.00595171149819392
0.5224609375 0.00596435165210721
0.5234375 0.00597699783215998
0.5244140625 0.00598965004091266
0.525390625 0.00600230828092646
0.5263671875 0.00601497255476335
0.52734375 0.0060276428649861
0.5283203125 0.00604031921415822
0.529296875 0.00605300160484401
0.5302734375 0.00606569003960856
0.53125 0.0060783845210177
0.5322265625 0.00609108505163806
0.533203125 0.00610379163403701
0.5341796875 0.00611650427078274
0.53515625 0.00612922296444418
0.5361328125 0.00614194771759103
0.537109375 0.00615467853279378
0.5380859375 0.00616741541262369
0.5390625 0.00618015835965277
0.5400390625 0.00619290737645383
0.541015625 0.00620566246560045
0.5419921875 0.00621842362966695
0.54296875 0.00623119087122847
0.5439453125 0.00624396419286088
0.544921875 0.00625674359714084
0.5458984375 0.00626952908664579
0.546875 0.00628232066395392
0.5478515625 0.00629511833164421
0.548828125 0.0063079220922964
0.5498046875 0.006320731948491
0.55078125 0.00633354790280931
0.5517578125 0.00634636995783338
0.552734375 0.00635919811614603
0.5537109375 0.00637203238033087
0.5546875 0.00638487275297226
0.5556640625 0.00639771923665535
0.556640625 0.00641057183396603
0.5576171875 0.006423430547491
0.55859375 0.0064362953798177
0.5595703125 0.00644916633353436
0.560546875 0.00646204341122996
0.5615234375 0.00647492661549425
0.5625 0.00648781594891778
0.5634765625 0.00650071141409184
0.564453125 0.0065136130136085
0.5654296875 0.00652652075006059
0.56640625 0.00653943462604173
0.5673828125 0.00655235464414628
0.568359375 0.0065652808069694
0.5693359375 0.006578213117107
0.5703125 0.00659115157715575
0.5712890625 0.00660409618971311
0.572265625 0.00661704695737731
0.5732421875 0.00663000388274732
0.57421875 0.00664296696842291
0.5751953125 0.00665593621700459
0.576171875 0.00666891163109366
0.5771484375 0.00668189321329219
0.578125 0.00669488096620299
0.5791015625 0.00670787489242967
0.580078125 0.00672087499457659
0.5810546875 0.00673388127524887
0.58203125 0.00674689373705242
0.5830078125 0.00675991238259389
0.583984375 0.00677293721448073
0.5849609375 0.00678596823532113
0.5859375 0.00679900544772406
0.5869140625 0.00681204885429925
0.587890625 0.00682509845765719
0.5888671875 0.00683815426040916
0.58984375 0.00685121626516718
0.5908203125 0.00686428447454406
0.591796875 0.00687735889115335
0.5927734375 0.00689043951760938
0.59375 0.00690352635652726
0.5947265625 0.00691661941052283
0.595703125 0.00692971868221274
0.5966796875 0.00694282417421436
0.59765625 0.00695593588914586
0.5986328125 0.00696905382962616
0.599609375 0.00698217799827494
0.6005859375 0.00699530839771267
0.6015625 0.00700844503056054
0.6025390625 0.00702158789944056
0.603515625 0.00703473700697545
0.6044921875 0.00704789235578873
0.60546875 0.00706105394850468
0.6064453125 0.00707422178774834
0.607421875 0.00708739587614549
0.6083984375 0.00710057621632272
0.609375 0.00711376281090735
0.6103515625 0.00712695566252747
0.611328125 0.00714015477381195
0.6123046875 0.00715336014739039
0.61328125 0.00716657178589318
0.6142578125 0.00717978969195147
0.615234375 0.00719301386819717
0.6162109375 0.00720624431726294
0.6171875 0.00721948104178222
0.6181640625 0.00723272404438921
0.619140625 0.00724597332771886
0.6201171875 0.00725922889440689
0.62109375 0.00727249074708979
0.6220703125 0.0072857588884048
0.623046875 0.00729903332098993
0.6240234375 0.00731231404748393
0.625 0.00732560107052635
0.6259765625 0.00733889439275747
0.626953125 0.00735219401681833
0.6279296875 0.00736549994535076
0.62890625 0.00737881218099733
0.6298828125 0.00739213072640136
0.630859375 0.00740545558420695
0.6318359375 0.00741878675705896
0.6328125 0.007432124247603
0.6337890625 0.00744546805848544
0.634765625 0.00745881819235342
0.6357421875 0.00747217465185483
0.63671875 0.00748553743963832
0.6376953125 0.00749890655835331
0.638671875 0.00751228201064997
0.6396484375 0.00752566379917923
0.640625 0.00753905192659278
0.6416015625 0.00755244639554307
0.642578125 0.00756584720868331
0.6435546875 0.00757925436866746
0.64453125 0.00759266787815025
0.6455078125 0.00760608773978716
0.646484375 0.00761951395623443
0.6474609375 0.00763294653014906
0.6484375 0.00764638546418881
0.6494140625 0.00765983076101219
0.650390625 0.00767328242327847
0.6513671875 0.00768674045364769
0.65234375 0.00770020485478062
0.6533203125 0.00771367562933881
0.654296875 0.00772715277998456
0.6552734375 0.00774063630938092
0.65625 0.00775412622019172
0.6572265625 0.00776762251508151
0.658203125 0.00778112519671563
0.6591796875 0.00779463426776015
0.66015625 0.00780814973088191
0.6611328125 0.0078216715887485
0.662109375 0.00783519984402828
0.6630859375 0.00784873449939034
0.6640625 0.00786227555750455
0.6650390625 0.00787582302104151
0.666015625 0.00788937689267261
0.6669921875 0.00790293717506995
0.66796875 0.00791650387090642
0.6689453125 0.00793007698285565
0.669921875 0.00794365651359202
0.6708984375 0.00795724246579068
0.671875 0.00797083484212753
0.6728515625 0.0079844336452792
0.673828125 0.0079980388779231
0.6748046875 0.00801165054273738
0.67578125 0.00802526864240095
0.6767578125 0.00803889317959348
0.677734375 0.00805252415699537
0.6787109375 0.00806616157728779
0.6796875 0.00807980544315267
0.6806640625 0.00809345575727266
0.681640625 0.0081071125223312
0.6826171875 0.00812077574101246
0.68359375 0.00813444541600137
0.6845703125 0.0081481215499836
0.685546875 0.00816180414564558
0.6865234375 0.0081754932056745
0.6875 0.00818918873275828
0.6884765625 0.00820289072958562
0.689453125 0.00821659919884594
0.6904296875 0.00823031414322942
0.69140625 0.00824403556542701
0.6923828125 0.00825776346813038
0.693359375 0.00827149785403198
0.6943359375 0.00828523872582498
0.6953125 0.00829898608620332
0.6962890625 0.00831273993786168
0.697265625 0.0083265002834955
0.6982421875 0.00834026712580096
0.69921875 0.00835404046747498
0.7001953125 0.00836782031121526
0.701171875 0.00838160665972021
0.7021484375 0.00839539951568901
0.703125 0.00840919888182159
0.7041015625 0.00842300476081862
0.705078125 0.00843681715538151
0.7060546875 0.00845063606821245
0.70703125 0.00846446150201434
0.7080078125 0.00847829345949084
0.708984375 0.00849213194334637
0.7099609375 0.00850597695628607
0.7109375 0.00851982850101586
0.7119140625 0.00853368658024239
0.712890625 0.00854755119667304
0.7138671875 0.00856142235301596
0.71484375 0.00857530005198004
0.7158203125 0.00858918429627491
0.716796875 0.00860307508861096
0.7177734375 0.00861697243169929
0.71875 0.00863087632825179
0.7197265625 0.00864478678098107
0.720703125 0.00865870379260049
0.7216796875 0.00867262736582414
0.72265625 0.00868655750336688
0.7236328125 0.0087004942079443
0.724609375 0.00871443748227274
0.7255859375 0.00872838732906927
0.7265625 0.00874234375105172
0.7275390625 0.00875630675093866
0.728515625 0.00877027633144939
0.7294921875 0.00878425249530396
0.73046875 0.00879823524522318
0.7314453125 0.00881222458392858
0.732421875 0.00882622051414244
0.7333984375 0.00884022303858777
0.734375 0.00885423215998836
0.7353515625 0.0088682478810687
0.736328125 0.00888227020455404
0.7373046875 0.00889629913317036
0.73828125 0.0089103346696444
0.7392578125 0.00892437681670364
0.740234375 0.00893842557707627
0.7412109375 0.00895248095349125
0.7421875 0.00896654294867828
0.7431640625 0.00898061156536779
0.744140625 0.00899468680629094
0.7451171875 0.00900876867417966
0.74609375 0.00902285717176659
0.7470703125 0.00903695230178512
0.748046875 0.00905105406696939
0.7490234375 0.00906516247005425
0.75 0.00907927751377533
0.7509765625 0.00909339920086895
0.751953125 0.00910752753407222
0.7529296875 0.00912166251612294
0.75390625 0.00913580414975968
0.7548828125 0.00914995243772174
0.755859375 0.00916410738274914
0.7568359375 0.00917826898758266
0.7578125 0.00919243725496382
0.7587890625 0.00920661218763484
0.759765625 0.00922079378833872
0.7607421875 0.00923498205981918
0.76171875 0.00924917700482066
0.7626953125 0.00926337862608835
0.763671875 0.00927758692636819
0.7646484375 0.00929180190840682
0.765625 0.00930602357495166
0.7666015625 0.00932025192875082
0.767578125 0.00933448697255317
0.7685546875 0.00934872870910831
0.76953125 0.00936297714116658
0.7705078125 0.00937723227147905
0.771484375 0.00939149410279751
0.7724609375 0.00940576263787449
0.7734375 0.00942003787946328
0.7744140625 0.00943431983031787
0.775390625 0.009448608493193
0.7763671875 0.00946290387084413
0.77734375 0.00947720596602746
0.7783203125 0.00949151478149993
0.779296875 0.0095058303200192
0.7802734375 0.00952015258434366
0.78125 0.00953448157723244
0.7822265625 0.00954881730144541
0.783203125 0.00956315975974315
0.7841796875 0.00957750895488698
0.78515625 0.00959186488963895
0.7861328125 0.00960622756676185
0.787109375 0.00962059698901918
0.7880859375 0.0096349731591752
0.7890625 0.00964935607999486
0.7900390625 0.00966374575424387
0.791015625 0.00967814218468866
0.7919921875 0.0096925453740964
0.79296875 0.00970695532523496
0.7939453125 0.00972137204087296
0.794921875 0.00973579552377975
0.7958984375 0.0097502257767254
0.796875 0.00976466280248071
0.7978515625 0.00977910660381721
0.798828125 0.00979355718350716
0.7998046875 0.00980801454432353
0.80078125 0.00982247868904003
0.8017578125 0.00983694962043111
0.802734375 0.00985142734127191
0.8037109375 0.00986591185433834
0.8046875 0.009880403162407
0.8056640625 0.00989490126825524
0.806640625 0.00990940617466112
0.8076171875 0.00992391788440342
0.80859375 0.00993843640026167
0.8095703125 0.0099529617250161
0.810546875 0.00996749386144768
0.8115234375 0.00998203281233809
0.8125 0.00999657858046975
0.8134765625 0.0100111311686258
0.814453125 0.0100256905795901
0.8154296875 0.0100402568161472
0.81640625 0.0100548298810824
0.8173828125 0.0100694097771818
0.818359375 0.0100839965072321
0.8193359375 0.0100985900740208
0.8203125 0.010113190480336
0.8212890625 0.0101277977289667
0.822265625 0.0101424118227026
0.8232421875 0.0101570327643339
0.82421875 0.0101716605566518
0.8251953125 0.0101862952024481
0.826171875 0.0102009367045152
0.8271484375 0.0102155850656465
0.828125 0.0102302402886358
0.8291015625 0.0102449023762779
0.830078125 0.0102595713313682
0.8310546875 0.0102742471567027
0.83203125 0.0102889298550783
0.8330078125 0.0103036194292926
0.833984375 0.0103183158821439
0.8349609375 0.010333019216431
0.8359375 0.0103477294349539
0.8369140625 0.0103624465405127
0.837890625 0.0103771705359088
0.8388671875 0.010391901423944
0.83984375 0.0104066392074208
0.8408203125 0.0104213838891425
0.841796875 0.0104361354719132
0.8427734375 0.0104508939585376
0.84375 0.0104656593518211
0.8447265625 0.0104804316545699
0.845703125 0.0104952108695908
0.8466796875 0.0105099969996914
0.84765625 0.0105247900476801
0.8486328125 0.0105395900163658
0.849609375 0.0105543969085583
0.8505859375 0.0105692107270681
0.8515625 0.0105840314747062
0.8525390625 0.0105988591542845
0.853515625 0.0106136937686157
0.8544921875 0.010628535320513
0.85546875 0.0106433838127905
0.8564453125 0.0106582392482628
0.857421875 0.0106731016297454
0.8583984375 0.0106879709600544
0.859375 0.0107028472420067
0.8603515625 0.0107177304784199
0.861328125 0.0107326206721121
0.8623046875 0.0107475178259025
0.86328125 0.0107624219426107
0.8642578125 0.0107773330250571
0.865234375 0.0107922510760629
0.8662109375 0.0108071760984497
0.8671875 0.0108221080950403
0.8681640625 0.0108370470686578
0.869140625 0.0108519930221262
0.8701171875 0.0108669459582702
0.87109375 0.010881905879915
0.8720703125 0.0108968727898869
0.873046875 0.0109118466910125
0.8740234375 0.0109268275861194
0.875 0.0109418154780357
0.8759765625 0.0109568103695904
0.876953125 0.010971812263613
0.8779296875 0.010986821162934
0.87890625 0.0110018370703842
0.8798828125 0.0110168599887954
0.880859375 0.0110318899210002
0.8818359375 0.0110469268698315
0.8828125 0.0110619708381232
0.8837890625 0.0110770218287099
0.884765625 0.0110920798444269
0.8857421875 0.01110714488811
0.88671875 0.011122216962596
0.8876953125 0.0111372960707221
0.888671875 0.0111523822153265
0.8896484375 0.0111674753992479
0.890625 0.0111825756253258
0.8916015625 0.0111976828964003
0.892578125 0.0112127972153123
0.8935546875 0.0112279185849034
0.89453125 0.0112430470080159
0.8955078125 0.0112581824874926
0.896484375 0.0112733250261774
0.8974609375 0.0112884746269145
0.8984375 0.011303631292549
0.8994140625 0.0113187950259268
0.900390625 0.0113339658298942
0.9013671875 0.0113491437072984
0.90234375 0.0113643286609873
0.9033203125 0.0113795206938095
0.904296875 0.0113947198086143
0.9052734375 0.0114099260082515
0.90625 0.0114251392955718
0.9072265625 0.0114403596734267
0.908203125 0.0114555871446681
0.9091796875 0.0114708217121488
0.91015625 0.0114860633787222
0.9111328125 0.0115013121472425
0.912109375 0.0115165680205644
0.9130859375 0.0115318310015437
0.9140625 0.0115471010930363
0.9150390625 0.0115623782978994
0.916015625 0.0115776626189904
0.9169921875 0.0115929540591677
0.91796875 0.0116082526212903
0.9189453125 0.0116235583082179
0.919921875 0.0116388711228109
0.9208984375 0.0116541910679303
0.921875 0.0116695181464379
0.9228515625 0.0116848523611961
0.923828125 0.0117001937150682
0.9248046875 0.011715542210918
0.92578125 0.01173089785161
0.9267578125 0.0117462606400094
0.927734375 0.0117616305789821
0.9287109375 0.0117770076713948
0.9296875 0.0117923919201148
0.9306640625 0.01180778332801
0.931640625 0.0118231818979491
0.9326171875 0.0118385876328015
0.93359375 0.0118540005354371
0.9345703125 0.0118694206087269
0.935546875 0.0118848478555421
0.9365234375 0.011900282278755
0.9375 0.0119157238812382
0.9384765625 0.0119311726658653
0.939453125 0.0119466286355105
0.9404296875 0.0119620917930486
0.94140625 0.0119775621413552
0.9423828125 0.0119930396833065
0.943359375 0.0120085244217794
0.9443359375 0.0120240163596515
0.9453125 0.0120395154998012
0.9462890625 0.0120550218451073
0.947265625 0.0120705353984495
0.9482421875 0.0120860561627082
0.94921875 0.0121015841407644
0.9501953125 0.0121171193354997
0.951171875 0.0121326617497967
0.9521484375 0.0121482113865383
0.953125 0.0121637682486082
0.9541015625 0.012179332338891
0.955078125 0.0121949036602717
0.9560546875 0.0122104822156361
0.95703125 0.0122260680078707
0.9580078125 0.0122416610398627
0.958984375 0.0122572613144998
0.9599609375 0.0122728688346706
0.9609375 0.0122884836032643
0.9619140625 0.0123041056231707
0.962890625 0.0123197348972804
0.9638671875 0.0123353714284847
0.96484375 0.0123510152196753
0.9658203125 0.012366666273745
0.966796875 0.0123823245935869
0.9677734375 0.0123979901820949
0.96875 0.0124136630421638
0.9697265625 0.0124293431766888
0.970703125 0.0124450305885657
0.9716796875 0.0124607252806914
0.97265625 0.012476427255963
0.9736328125 0.0124921365172787
0.974609375 0.0125078530675369
0.9755859375 0.0125235769096371
0.9765625 0.0125393080464793
0.9775390625 0.0125550464809641
0.978515625 0.0125707922159929
0.9794921875 0.0125865452544677
0.98046875 0.0126023055992913
0.9814453125 0.0126180732533669
0.982421875 0.0126338482195986
0.9833984375 0.0126496305008912
0.984375 0.01266542010015
0.9853515625 0.0126812170202811
0.986328125 0.0126970212641911
0.9873046875 0.0127128328347875
0.98828125 0.0127286517349783
0.9892578125 0.0127444779676723
0.990234375 0.0127603115357788
0.9912109375 0.0127761524422079
0.9921875 0.0127920006898704
0.9931640625 0.0128078562816776
0.994140625 0.0128237192205417
0.9951171875 0.0128395895093752
0.99609375 0.0128554671510917
0.9970703125 0.0128713521486052
0.998046875 0.0128872445048304
0.9990234375 0.0129031442226828
1 0.0129190513050783
Total steps: 4096
