0 0
0.5 0.0045355707195946
1 0.00863424860192374
1.5 0.0123251364946075
2 0.0156383678503263
2.5 0.0186042361610614
3 0.0212525143214584
3.5 0.0236119441110909
4 0.0257145304682619
4.5 0.0275804733227514
5 0.029233785528634
5.5 0.0306966449808823
6 0.0319893881301035
6.5 0.0331305488659711
7 0.0341369297376156
7.5 0.0350236949627071
8 0.035804476885924
8.5 0.0364914894481486
9 0.0370956438196511
9.5 0.0376266626536332
10 0.0380931904615088
10.5 0.038502898433345
11 0.0388625826613242
11.5 0.0391782552040828
12 0.0394552277849844
12.5 0.0396981881734254
13 0.0399112694767589
13.5 0.0400981126891821
14 0.0402619229174185
14.5 0.0404055197428016
15 0.0405313821945243
15.5 0.0406416888064515
16 0.0407383532154361
16.5 0.0408230557366617
17 0.040897271324242
17.5 0.0409622942954099
18 0.0410192601657632
18.5 0.0410691649123578
19 0.0411128819517421
19.5 0.0411511770918183
20 0.04118472169001
20.5 0.0412141042257719
21 0.0412398404730513
21.5 0.0412623824378873
22 0.0412821262078344
22.5 0.0412994188432373
23 0.0413145644254247
23.5 0.0413278293635186
24 0.0413394470496261
24.5 0.041349621941577
25 0.0413585331429477
25.5 0.0413663375417729
26 0.0413731725619619
26.5 0.0413791585749151
27 0.0413844010130809
27.5 0.0413889922221169
28 0.0413930130838537
28.5 0.0413965344383191
29 0.041399618329625
29.5 0.0414023190974734
30 0.0414046843333658
30.5 0.0414067557182511
31 0.0414085697562854
31.5 0.0414101584175688
32 0.0414115497011328
Total steps: 263
