0 0
0.25 0.0023799198236084
0.5 0.00464273198758257
0.75 0.00679194350208679
1 0.00883122779245035
1.25 0.0107643842268381
1.5 0.012595301130217
1.75 0.0143279223024528
2 0.0159662169957557
2.25 0.0175141532557376
2.5 0.0189756744901734
2.75 0.020354679099154
3 0.0216550029785654
3.25 0.0228804046945908
3.5 0.0240345531191012
3.75 0.0251210173132986
4 0.0261432584488329
4.25 0.0271046235609246
4.5 0.0280083409359985
4.75 0.0288575169462693
5 0.0296551341550316
5.25 0.0304040505285783
5.5 0.0311069996032997
5.75 0.031766591469258
6 0.0323853144441172
6.25 0.032965537323542
6.5 0.0335095121058928
6.75 0.0340193771001387
7 0.0344971603363093
7.25 0.0349447832074644
7.5 0.0353640642810648
7.75 0.0357567232257749
8 0.0361243848071318
8.25 0.0364685829122118
8.5 0.0367907645694341
8.75 0.0370922939350175
9 0.0373744562223803
9.25 0.0376384615549967
9.5 0.0378854487269417
9.75 0.0381164888586072
10 0.0383325889379075
10.25 0.0385346952397446
10.5 0.0387236966186194
10.75 0.0389004276710829
11 0.0390656717662603
11.25 0.0392201639439797
11.5 0.0393645936811261
11.75 0.0394996075277375
12 0.0396258116151052
12.25 0.0397437740387309
12.5 0.03985402711947
12.75 0.0399570695465568
13 0.0400533684064837
13.25 0.0401433611019027
13.5 0.0402274571648511
13.75 0.040306039968675
14 0.0403794683430549
14.25 0.0404480780965255
14.5 0.040512183450834
14.75 0.0405720783914172
15 0.0406280379381787
15.25 0.0406803193406438
15.5 0.0407291632014441
15.75 0.0407747945319542
16 0.0408174237437626
16.25 0.0408572475795147
16.5 0.0408944499865222
16.75 0.0409292029363807
17 0.0409616671936957
17.25 0.0409919930368668
17.5 0.0410203209337389
17.75 0.0410467821747883
18 0.0410714994663732
18.25 0.0410945874864495
18.5 0.0411161534050188
18.75 0.0411362973714582
19 0.0411551129707569
19.25 0.0411726876505765
19.5 0.0411891031209377
19.75 0.0412044357282371
20 0.0412187568051957
20.25 0.0412321329982478
20.5 0.0412446265737894
20.75 0.0412562957046217
21 0.0412671947378419
21.25 0.0412773744453616
21.5 0.0412868822581582
21.75 0.0412957624852976
22 0.0413040565187041
22.25 0.0413118030245891
22.5 0.0413190381223997
22.75 0.0413257955520866
23 0.0413321068304483
23.25 0.0413380013972547
23.5 0.0413435067518129
23.75 0.0413486485805941
24 0.0413534508765011
24.25 0.0413579360503203
24.5 0.0413621250348649
24.75 0.0413660373822879
25 0.0413696913550059
25.25 0.0413731040106552
25.5 0.0413762912814652
25.75 0.0413792680484174
26 0.0413820482105285
26.25 0.0413846447495786
26.5 0.0413870697905809
26.75 0.0413893346582729
27 0.0413914499298897
27.25 0.0413934254844633
27.5 0.0413952705488755
27.75 0.0413969937408777
28 0.041398603109277
28.25 0.0414001061714744
28.5 0.0414015099485292
28.75 0.0414028209979127
29 0.041404045444102
29.25 0.0414051890071579
29.5 0.0414062570294174
29.75 0.0414072545004263
30 0.0414081860802276
30.25 0.0414090561211133
30.5 0.0414098686879419
30.75 0.0414106275771146
31 0.0414113363343002
31.25 0.0414119982709901
31.5 0.0414126164799606
31.75 0.0414131938497152
32 0.0414137330779736
Total steps: 512
