0 0
1 0.00827542677684807
2 0.0150400166482838
3 0.0205148739239588
4 0.0249108391593796
5 0.0284231961715561
6 0.0312111638606898
7 0.033415274925511
8 0.0351522950985604
9 0.0365178067276143
10 0.0375891720216339
11 0.038422196623879
12 0.0390752529339282
13 0.0395867879840711
14 0.0399872051403124
15 0.0403004799025446
16 0.0405524879689314
17 0.0407479615293252
18 0.0408995334643515
19 0.0410170337099818
20 0.04110810318491
21 0.0411786764606576
22 0.0412333599331679
23 0.0412757273395233
24 0.0413085502178624
25 0.041333977352494
26 0.0413536743290806
27 0.0413689319666716
28 0.0413807505072603
29 0.041389904946661
30 0.0413969957094123
31 0.0414024879425398
32 0.0414067419764813
Total steps: 157
