0 0
1 0.00905241847707994
2 0.0163375434940295
3 0.0221131142670343
4 0.0266374904713868
5 0.0301485196851831
6 0.0328532604485054
7 0.0349308388034597
8 0.0365141581855835
9 0.0377167053341048
10 0.0386276896640742
11 0.0393164467941072
12 0.0398364129387252
13 0.0402285118652697
14 0.0405239371584456
15 0.0407463817439676
16 0.0409137937854162
17 0.041039742565274
18 0.0411344715001428
19 0.0412057046481855
20 0.0412592614372736
21 0.0412995235424095
22 0.0413297885298526
23 0.0413525371995942
24 0.0413696353873464
25 0.0413824861247326
26 0.0413921442738817
27 0.0413994028371613
28 0.0414048579104256
29 0.0414089575470883
30 0.041412038508693
31 0.0414143538994805
32 0.0414160939430953
Total steps: 134
