0 0
0.5 0.00475718670898437
1 0.00904185650494025
1.5 0.0128843251555408
2 0.0163169061580989
2.5 0.0193727190380569
3 0.0220847344280399
3.5 0.0244850415267499
4 0.0266043140092335
4.5 0.028471445765199
5 0.0301133267251086
5.5 0.0315547303341481
6 0.0328182869880018
6.5 0.0339245212159828
7 0.0348919340672538
7.5 0.0357371156879637
8 0.0364748762760672
8.5 0.0371183863736018
9 0.0376793197792682
9.5 0.03816799425601
10 0.0385935067112254
10.5 0.0389638606940926
11 0.0392860849401574
11.5 0.0395663423498123
12 0.039810029261056
12.5 0.0400218652078659
13 0.0402059735768628
13.5 0.0403659537137537
14 0.0405049451088455
14.5 0.0406256843246442
15 0.0407305553312216
15.5 0.0408216338965578
16 0.040900726646879
16.5 0.0409694053715603
17 0.0410290371024224
17.5 0.0410808104510076
18 0.041125758641613
18.5 0.0411647796337611
19 0.0411986536862047
19.5 0.041228058675956
20 0.0412535834503998
20.5 0.0412757394583517
21 0.0412949708768699
21.5 0.0413116634245748
22 0.0413261520289937
22.5 0.0413387274947897
23 0.0413496423014525
23.5 0.0413591156428832
24 0.0413673378070853
24.5 0.0413744739816821
25 0.0413806675600114
25.5 0.0413860430129519
26 0.041390708383227
26.5 0.0413947574515938
27 0.0413982716179107
27.5 0.0414013215344881
28 0.0414039685242482
28.5 0.0414062658119728
29 0.041408259593222
29.5 0.0414099899622832
30 0.0414114917177122
30.5 0.0414127950615895
31 0.0414139262064993
31.5 0.0414149079023942
32 0.0414157598939107
Total steps: 256
