0 0
0.0300751879699248 0.000299848735215885
0.0601503759398496 0.000597893917663609
0.0902255639097744 0.000894141084362363
0.120300751879699 0.00118859583504742
0.150375939849624 0.00148126383081354
0.180451127819549 0.00177215079276722
0.210526315789474 0.0020612625006879
0.240601503759398 0.00234860479169836
0.270676691729323 0.00263418355894439
0.300751879699248 0.00291800475028399
0.330827067669173 0.00320007436698608
0.360902255639098 0.00348039846243901
0.390977443609022 0.00375898314086898
0.421052631578947 0.00403583455606841
0.451127819548872 0.00431095891013442
0.481203007518797 0.00458436245221767
0.511278195488722 0.00485605147728142
0.541353383458646 0.00512603232487114
0.571428571428571 0.00539431137789469
0.601503759398496 0.0056608950614131
0.631578947368421 0.00592578984144214
0.661654135338346 0.00618900222376477
0.691729323308271 0.00645053875275448
0.721804511278195 0.00671040601020955
0.75187969924812 0.00696861061419855
0.781954887218045 0.00722515921791684
0.81203007518797 0.00748005850855433
0.842105263157895 0.00773331520617447
0.872180451127819 0.00798493606260462
0.902255639097744 0.0082349278603377
0.932330827067669 0.00848329741144529
0.962406015037594 0.0087300515565022
0.992481203007519 0.00897519716352251
1.02255639097744 0.0092187411269071
1.05263157894737 0.0094606903664028
1.08270676691729 0.00970105182607304
1.11278195488722 0.00993983247328017
1.14285714285714 0.0101770392976793
1.17293233082707 0.0104126793102239
1.20300751879699 0.010646759542183
1.23308270676692 0.0108792870441698
1.26315789473684 0.0111102688851823
1.29323308270677 0.0113397121516555
1.32330827067669 0.011567623946525
1.35338345864662 0.0117940113883023
1.38345864661654 0.0120188816101622
1.41353383458647 0.0122422417590412
1.44360902255639 0.0124640989947476
1.47368421052632 0.0126844604890837
1.50375939849624 0.0129033334249791
1.53383458646617 0.0131207249956354
1.56390977443609 0.013336642403683
1.59398496240601 0.0135510928603489
1.62406015037594 0.013764083584636
1.65413533834586 0.0139756218025141
1.68421052631579 0.0141857147461217
1.71428571428571 0.0143943696529803
1.74436090225564 0.0146015937652185
1.77443609022556 0.0148073943288083
1.80451127819549 0.0150117785928127
1.83458646616541 0.0152147538086437
1.86466165413534 0.0154163272293324
1.89473684210526 0.0156165061088092
1.92481203007519 0.0158152977011956
1.95488721804511 0.0160127092601069
1.98496240601504 0.0162087480379656
2.01503759398496 0.0164034212853259
2.04511278195489 0.0165967362502084
2.07518796992481 0.0167887001774465
2.10526315789474 0.0169793203080424
2.13533834586466 0.0171686038785344
2.16541353383459 0.0173565581203744
2.19548872180451 0.017543190259316
2.22556390977443 0.0177285075148127
2.25563909774436 0.0179125170994268
2.28571428571428 0.0180952262182483
2.31578947368421 0.0182766420683241
2.34586466165413 0.018456771838097
2.37593984962406 0.0186356227068551
2.40601503759398 0.0188132018441907
2.43609022556391 0.0189895164094696
2.46616541353383 0.01916457355131
2.49624060150376 0.0193383804070703
2.52631578947368 0.0195109441023482
2.5563909774436 0.0196822717504876
2.58646616541353 0.0198523704520961
2.61654135338345 0.0200212472945712
2.64661654135338 0.0201889093516366
2.6766917293233 0.0203553636828867
2.70676691729323 0.0205206173333412
2.73684210526315 0.020684677333008
2.76691729323308 0.0208475506964553
2.796992481203 0.0210092444223928
2.82706766917293 0.0211697654932616
2.85714285714285 0.0213291208748327
2.88721804511278 0.0214873175158136
2.9172932330827 0.021644362347465
2.94736842105262 0.0218002622832238
2.97744360902255 0.0219550242183367
3.00751879699247 0.0221086550294998
3.0375939849624 0.0222611615745085
3.06766917293232 0.0224125506919138
3.09774436090225 0.0225628292006879
3.12781954887217 0.0227120038998968
3.1578947368421 0.0228600815683811
3.18796992481202 0.0230070689644446
3.21804511278195 0.0231529728255504
3.24812030075187 0.023297799868025
3.27819548872179 0.0234415567867688
3.30827067669172 0.0235842502549754
3.33834586466164 0.0237258869238573
3.36842105263157 0.0238664734223787
3.39849624060149 0.0240060163569963
3.42857142857142 0.0241445223114062
3.45864661654134 0.0242819978462986
3.48872180451127 0.0244184494991183
3.51879699248119 0.0245538837838331
3.54887218045112 0.0246883071907083
3.57894736842104 0.0248217261860879
3.60902255639097 0.0249541472121823
3.63909774436089 0.0250855766868624
3.66917293233081 0.0252160210034604
3.69924812030074 0.0253454865305764
3.72932330827066 0.0254739796118914
3.75939849624059 0.0256015065659866
3.78947368421051 0.0257280736861681
3.81954887218044 0.0258536872402982
3.84962406015036 0.0259783534706326
3.87969924812029 0.0261020785936625
3.90977443609021 0.0262248687999633
3.93984962406014 0.0263467302540483
3.96992481203006 0.0264676690942286
3.99999999999998 0.0265876914324779
4.03007518796991 0.0267068033543023
4.06015037593983 0.0268250109186167
4.09022556390976 0.0269423201576251
4.12030075187969 0.0270587370767065
4.15037593984961 0.0271742676543063
4.18045112781954 0.0272889178418318
4.21052631578946 0.0274026935635533
4.24060150375939 0.0275156007165097
4.27067669172931 0.027627645170419
4.30075187969924 0.0277388327675935
4.33082706766916 0.0278491693228592
4.36090225563909 0.0279586606234804
4.39097744360901 0.028067312429088
4.42105263157894 0.0281751304716129
4.45112781954886 0.0282821204552234
4.48120300751879 0.0283882880562662
4.51127819548871 0.0284936389232132
4.54135338345864 0.0285981786766104
4.57142857142856 0.0287019129090323
4.60150375939849 0.0288048471850399
4.63157894736841 0.028906987041142
4.66165413533834 0.029008337985761
4.69172932330826 0.0291089054992024
4.72180451127819 0.0292086950336277
4.75187969924811 0.0293077120130307
4.78195488721804 0.0294059618332185
4.81203007518796 0.0295034498617944
4.84210526315789 0.0296001814381456
4.87218045112781 0.0296961618734334
4.90225563909774 0.0297913964505872
4.93233082706766 0.0298858904243013
4.96240601503759 0.0299796490210358
4.99248120300751 0.030072677439019
5.02255639097744 0.0301649808482549
5.05263157894736 0.0302565643905317
5.08270676691729 0.0303474331794349
5.11278195488721 0.0304375923003624
5.14285714285714 0.0305270468105423
5.17293233082706 0.0306158017390544
5.20300751879699 0.0307038620868534
5.23308270676691 0.0307912328267952
5.26315789473684 0.0308779189036661
5.29323308270676 0.0309639252342141
5.32330827067669 0.0310492567071828
5.35338345864661 0.0311339181833482
5.38345864661654 0.0312179144955568
5.41353383458646 0.0313012504487677
5.44360902255639 0.0313839308200955
5.47368421052631 0.0314659603588563
5.50375939849624 0.0315473437866153
5.53383458646616 0.0316280857972374
5.56390977443609 0.0317081910569391
5.59398496240601 0.0317876642043429
5.62406015037594 0.0318665098505333
5.65413533834586 0.0319447325791154
5.68421052631579 0.032022336946275
5.71428571428571 0.0320993274808403
5.74436090225564 0.0321757086843463
5.77443609022556 0.0322514850311
5.80451127819549 0.032326660968248
5.83458646616541 0.0324012409158456
5.86466165413534 0.0324752292669276
5.89473684210526 0.0325486303875806
5.92481203007519 0.032621448617017
5.95488721804511 0.0326936882676504
5.98496240601504 0.0327653536251727
6.01503759398496 0.0328364489486327
6.04511278195489 0.0329069784705157
6.07518796992481 0.0329769463968248
6.10526315789474 0.0330463569071636
6.13533834586466 0.0331152141548203
6.16541353383459 0.0331835222668523
6.19548872180451 0.0332512853441733
6.22556390977444 0.0333185074616405
6.25563909774436 0.0333851926681434
6.28571428571429 0.033451344986694
6.31578947368421 0.0335169684145176
6.34586466165414 0.0335820669231448
6.37593984962406 0.0336466444585049
6.40601503759399 0.0337107049410198
6.43609022556391 0.0337742522656992
6.46616541353384 0.0338372903022365
6.49624060150376 0.033899822895106
6.52631578947369 0.0339618538636604
6.55639097744361 0.0340233870022297
6.58646616541354 0.0340844260802205
6.61654135338346 0.0341449748422165
6.64661654135339 0.0342050370080794
6.67669172932331 0.0342646162730504
6.70676691729324 0.0343237163078535
6.73684210526316 0.0343823407587976
6.76691729323309 0.0344404932478812
6.79699248120301 0.0344981773728963
6.82706766917294 0.0345553967075336
6.85714285714286 0.0346121548014884
6.88721804511279 0.0346684551805663
6.91729323308271 0.0347243013467903
6.94736842105264 0.0347796967785078
6.97744360902256 0.0348346449304983
7.00751879699249 0.0348891492340817
7.03759398496241 0.034943213097227
7.06766917293234 0.0349968399046607
7.09774436090226 0.0350500330179771
7.12781954887219 0.0351027957757471
7.15789473684211 0.0351551314936293
7.18796992481204 0.0352070434644797
7.21804511278196 0.0352585349584629
7.24812030075189 0.0353096092231629
7.27819548872181 0.0353602694836945
7.30827067669174 0.0354105189428151
7.33834586466166 0.0354603607810361
7.36842105263159 0.0355097981567354
7.39849624060151 0.0355588342062692
7.42857142857144 0.0356074720440846
7.45864661654136 0.0356557147628322
7.48872180451129 0.0357035654334788
7.51879699248121 0.0357510271054201
7.54887218045114 0.0357981028065938
7.57894736842106 0.0358447955435927
7.60902255639099 0.0358911083017777
7.63909774436091 0.0359370440453909
7.66917293233084 0.0359826057176691
7.69924812030076 0.0360277962409568
7.72932330827069 0.03607261851682
7.75939849624061 0.0361170754261588
7.78947368421054 0.0361611698293212
7.81954887218046 0.0362049045662162
7.84962406015039 0.0362482824564274
7.87969924812031 0.0362913062993253
7.90977443609024 0.0363339788741817
7.93984962406016 0.0363763029402816
7.96992481203009 0.0364182812370369
8.00000000000001 0.036459916484099
8.03007518796994 0.0365012113814719
8.06015037593986 0.0365421686096242
8.09022556390979 0.0365827908296026
8.12030075187971 0.0366230806831432
8.15037593984963 0.0366630407927847
8.18045112781956 0.03670267376198
8.21052631578948 0.036741982175208
8.24060150375941 0.0367809685980856
8.27067669172933 0.0368196355774794
8.30075187969926 0.0368579856416163
8.33082706766918 0.0368960213001956
8.3609022556391 0.0369337450444992
8.39097744360903 0.0369711593475024
8.42105263157895 0.0370082666639845
8.45112781954888 0.0370450694306391
8.4812030075188 0.0370815700661836
8.51127819548872 0.0371177709714694
8.54135338345865 0.0371536745295911
8.57142857142857 0.0371892831059954
8.6015037593985 0.0372245990485903
8.63157894736842 0.0372596246878537
8.66165413533835 0.0372943623369413
8.69172932330827 0.0373288142917949
8.72180451127819 0.0373629828312499
8.75187969924812 0.0373968702171429
8.78195488721804 0.0374304786944181
8.81203007518797 0.0374638104912348
8.84210526315789 0.0374968678190731
8.87218045112781 0.0375296528728404
8.90225563909774 0.0375621678309765
8.93233082706766 0.0375944148555595
8.96240601503759 0.0376263960924106
8.99248120300751 0.0376581136711983
9.02255639097744 0.0376895697055431
9.05263157894736 0.0377207662931213
9.08270676691728 0.0377517055157683
9.11278195488721 0.0377823894395817
9.14285714285713 0.0378128201150243
9.17293233082706 0.0378429995770261
9.20300751879698 0.0378729298450865
9.2330827067669 0.0379026129233757
9.26315789473683 0.0379320508008357
9.29323308270675 0.0379612454512816
9.32330827067668 0.0379901988335012
9.3533834586466 0.0380189128913553
9.38345864661652 0.0380473895538775
9.41353383458645 0.0380756307353725
9.44360902255637 0.0381036383355157
9.4736842105263 0.0381314142394506
9.50375939849622 0.0381589603178872
9.53383458646615 0.0381862784271993
9.56390977443607 0.0382133704095212
9.59398496240599 0.0382402380928446
9.62406015037592 0.0382668832911141
9.65413533834584 0.0382933078043239
9.68421052631577 0.0383195134186117
9.71428571428569 0.0383455019063547
9.74436090225561 0.0383712750262632
9.77443609022554 0.0383968345234745
9.80451127819546 0.0384221821296469
9.83458646616539 0.038447319563052
9.86466165413531 0.0384722485286678
9.89473684210524 0.0384969707182704
9.92481203007516 0.0385214878105259
9.95488721804508 0.0385458014710814
9.98496240601501 0.0385699133526559
10.0150375939849 0.0385938250951306
10.0451127819549 0.0386175383256383
10.0751879699248 0.0386410546586535
10.1052631578947 0.0386643756960805
10.1353383458646 0.0386875030273424
10.1654135338346 0.038710438229469
10.1954887218045 0.0387331828671839
10.2255639097744 0.0387557384929923
10.2556390977443 0.0387781066472669
10.2857142857142 0.0388002888583344
10.3157894736842 0.0388222866425611
10.3458646616541 0.038844101504438
10.375939849624 0.0388657349366659
10.4060150375939 0.0388871884202392
10.4360902255639 0.03890846342453
10.4661654135338 0.0389295614073714
10.4962406015037 0.0389504838151406
10.5263157894736 0.0389712320828409
10.5563909774436 0.038991807634184
10.5864661654135 0.0390122118816714
10.6165413533834 0.0390324462266755
10.6466165413533 0.03905251205952
10.6766917293233 0.0390724107595604
10.7067669172932 0.0390921436952632
10.7368421052631 0.0391117122242854
10.766917293233 0.0391311176935532
10.796992481203 0.03915036143934
10.8270676691729 0.0391694447873448
10.8571428571428 0.039188369052769
10.8872180451127 0.0392071355403935
10.9172932330827 0.0392257455446552
10.9473684210526 0.039244200349723
10.9774436090225 0.0392625012295731
11.0075187969924 0.0392806494480646
11.0375939849624 0.0392986462590134
11.0676691729323 0.039316492906267
11.0977443609022 0.0393341906237779
11.1278195488721 0.039351740635677
11.157894736842 0.0393691441563464
11.187969924812 0.0393864023904917
11.2180451127819 0.0394035165332139
11.2481203007518 0.0394204877700812
11.2781954887217 0.0394373172771995
11.3082706766917 0.0394540062212836
11.3383458646616 0.0394705557597267
11.3684210526315 0.0394869670406707
11.3984962406014 0.039503241203075
11.4285714285714 0.0395193793767858
11.4586466165413 0.0395353826826041
11.4887218045112 0.0395512522323536
11.5187969924811 0.0395669891289488
11.5488721804511 0.0395825944664613
11.578947368421 0.0395980693301871
11.6090225563909 0.0396134147967126
11.6390977443608 0.0396286319339802
11.6691729323308 0.039643721801354
11.6992481203007 0.0396586854496844
11.7293233082706 0.0396735239213731
11.7593984962405 0.0396882382504367
11.7894736842105 0.0397028294625707
11.8195488721804 0.0397172985752126
11.8496240601503 0.0397316465976047
11.8796992481202 0.0397458745308568
11.9097744360902 0.0397599833680078
11.9398496240601 0.0397739740940878
11.96992481203 0.0397878476861788
11.9999999999999 0.0398016051134758
12.0300751879698 0.0398152473373468
12.0601503759398 0.0398287753113934
12.0902255639097 0.0398421899815097
12.1203007518796 0.0398554922859418
12.1503759398495 0.0398686831553465
12.1804511278195 0.0398817635128496
12.2105263157894 0.0398947342741041
12.2406015037593 0.0399075963473473
12.2706766917292 0.0399203506334583
12.3007518796992 0.0399329980260149
12.3308270676691 0.0399455394113497
12.360902255639 0.039957975668606
12.3909774436089 0.039970307669794
12.4210526315789 0.0399825362798454
12.4511278195488 0.0399946623566686
12.4812030075187 0.040006686751203
12.5112781954886 0.0400186103074733
12.5413533834586 0.0400304338626429
12.5714285714285 0.0400421582470675
12.6015037593984 0.040053784284348
12.6315789473683 0.0400653127913831
12.6616541353383 0.0400767445784213
12.6917293233082 0.0400880804491132
12.7218045112781 0.0400993212005624
12.751879699248 0.0401104676233774
12.781954887218 0.0401215205017215
12.8120300751879 0.0401324806133639
12.8421052631578 0.0401433487297293
12.8721804511277 0.040154125615948
12.9022556390976 0.0401648120309048
12.9323308270676 0.0401754087272883
12.9624060150375 0.0401859164516392
12.9924812030074 0.0401963359443992
13.0225563909773 0.0402066679399581
13.0526315789473 0.0402169131667022
13.0827067669172 0.040227072347061
13.1127819548871 0.0402371461975544
13.142857142857 0.0402471354288391
13.172932330827 0.0402570407457548
13.2030075187969 0.0402668628473705
13.2330827067668 0.0402766024270295
13.2631578947367 0.040286260172395
13.2932330827067 0.0402958367654951
13.3233082706766 0.0403053328827668
13.3533834586465 0.0403147491951011
13.3834586466164 0.0403240863678861
13.4135338345864 0.0403333450610511
13.4436090225563 0.04034252592911
13.4736842105262 0.0403516296212037
13.5037593984961 0.0403606567811433
13.5338345864661 0.0403696080474523
13.563909774436 0.0403784840534083
13.5939849624059 0.0403872854270853
13.6240601503758 0.0403960127913946
13.6541353383458 0.0404046667641261
13.6842105263157 0.0404132479579892
13.7142857142856 0.0404217569806532
13.7443609022555 0.0404301944347874
13.7744360902254 0.0404385609181011
13.8045112781954 0.0404468570233831
13.8345864661653 0.0404550833385414
13.8646616541352 0.0404632404466415
13.8947368421051 0.0404713289259458
13.9248120300751 0.0404793493499516
13.954887218045 0.0404873022874294
13.9849624060149 0.0404951883024608
14.0150375939848 0.0405030079544759
14.0451127819548 0.0405107617982907
14.0751879699247 0.0405184503841441
14.1052631578946 0.0405260742577349
14.1353383458645 0.0405336339602574
14.1654135338345 0.0405411300284387
14.1954887218044 0.0405485629945737
14.2255639097743 0.0405559333865613
14.2556390977442 0.0405632417279393
14.2857142857142 0.0405704885379199
14.3157894736841 0.0405776743314243
14.345864661654 0.0405847996191174
14.3759398496239 0.0405918649074417
14.4060150375939 0.040598870698652
14.4360902255638 0.0406058174908486
14.4661654135337 0.0406127057780111
14.4962406015036 0.0406195360500316
14.5263157894736 0.0406263087927476
14.5563909774435 0.0406330244879751
14.5864661654134 0.0406396836135405
14.6165413533833 0.0406462866433134
14.6466165413533 0.0406528340472386
14.6766917293232 0.0406593262913673
14.7067669172931 0.0406657638378893
14.736842105263 0.0406721471451638
14.7669172932329 0.0406784766677506
14.7969924812029 0.040684752856441
14.8270676691728 0.0406909761582881
14.8571428571427 0.0406971470166375
14.8872180451126 0.0407032658711568
14.9172932330826 0.040709333157866
14.9473684210525 0.0407153493091671
14.9774436090224 0.0407213147538729
15.0075187969923 0.040727229917237
15.0375939849623 0.040733095220982
15.0676691729322 0.0407389110833287
15.0977443609021 0.0407446779190243
15.127819548872 0.0407503961393708
15.157894736842 0.0407560661522532
15.1879699248119 0.0407616883621669
15.2180451127818 0.0407672631702457
15.2481203007517 0.040772790974289
15.2781954887217 0.0407782721687892
15.3082706766916 0.0407837071449583
15.3383458646615 0.0407890962907549
15.3684210526314 0.0407944399909109
15.3984962406014 0.0407997386269574
15.4285714285713 0.0408049925772513
15.4586466165412 0.040810202217001
15.4887218045111 0.0408153679182919
15.5187969924811 0.0408204900501125
15.548872180451 0.0408255689783791
15.5789473684209 0.0408306050659614
15.6090225563908 0.0408355986727072
15.6390977443607 0.0408405501554672
15.6691729323307 0.0408454598681193
15.6992481203006 0.0408503281615933
15.7293233082705 0.0408551553838949
15.7593984962404 0.0408599418801296
15.7894736842104 0.0408646879925265
15.8195488721803 0.0408693940604619
15.8496240601502 0.0408740604204828
15.8796992481201 0.0408786874063296
15.9097744360901 0.0408832753489601
15.93984962406 0.0408878245765713
15.9699248120299 0.0408923354146226
15.9999999999998 0.0408968081858584
16.0300751879698 0.0409012432103299
16.0601503759397 0.0409056408054179
16.0902255639096 0.0409100012858539
16.1203007518795 0.0409143249637428
16.1503759398495 0.0409186121485838
16.1804511278194 0.0409228631472921
16.2105263157893 0.0409270782642201
16.2406015037592 0.0409312578011786
16.2706766917292 0.0409354020574576
16.3007518796991 0.0409395113298472
16.330827067669 0.0409435859126579
16.3609022556389 0.0409476260977413
16.3909774436089 0.0409516321745102
16.4210526315788 0.0409556044299588
16.4511278195487 0.0409595431486828
16.4812030075186 0.0409634486128985
16.5112781954885 0.0409673211024633
16.5413533834585 0.0409711608948947
16.5714285714284 0.0409749682653893
16.6015037593983 0.0409787434868429
16.6315789473682 0.0409824868298683
16.6616541353382 0.0409861985628152
16.6917293233081 0.0409898789517883
16.721804511278 0.0409935282606657
16.7518796992479 0.040997146751118
16.7819548872179 0.0410007346826259
16.8120300751878 0.0410042923124986
16.8421052631577 0.0410078198958914
16.8721804511276 0.0410113176858243
16.9022556390976 0.0410147859331985
16.9323308270675 0.0410182248868152
16.9624060150374 0.0410216347933918
16.9924812030073 0.04102501589758
17.0225563909773 0.0410283684419824
17.0526315789472 0.0410316926671699
17.0827067669171 0.0410349888116979
17.112781954887 0.0410382571121237
17.142857142857 0.0410414978030226
17.1729323308269 0.0410447111170042
17.2030075187968 0.0410478972847293
17.2330827067667 0.0410510565349255
17.2631578947367 0.0410541890944033
17.2932330827066 0.0410572951880722
17.3233082706765 0.0410603750389564
17.3533834586464 0.0410634288682103
17.3834586466163 0.0410664568951342
17.4135338345863 0.0410694593371895
17.4436090225562 0.0410724364100142
17.4736842105261 0.0410753883274376
17.503759398496 0.0410783153014961
17.533834586466 0.041081217542447
17.5639097744359 0.0410840952587843
17.5939849624058 0.0410869486572528
17.6240601503757 0.0410897779428627
17.6541353383457 0.041092583318904
17.6842105263156 0.041095364986961
17.7142857142855 0.0410981231469262
17.7443609022554 0.0411008579970146
17.7744360902254 0.0411035697337775
17.8045112781953 0.0411062585521163
17.8345864661652 0.0411089246452964
17.8646616541351 0.0411115682049608
17.8947368421051 0.0411141894211432
17.924812030075 0.041116788482282
17.9548872180449 0.0411193655752331
17.9849624060148 0.0411219208852833
18.0150375939848 0.0411244545961633
18.0451127819547 0.0411269668900607
18.0751879699246 0.0411294579476327
18.1052631578945 0.0411319279480191
18.1353383458645 0.0411343770688548
18.1654135338344 0.0411368054862821
18.1954887218043 0.0411392133749637
18.2255639097742 0.0411416009080944
18.2556390977441 0.0411439682574138
18.2857142857141 0.0411463155932183
18.315789473684 0.0411486430843731
18.3458646616539 0.0411509508983239
18.3759398496238 0.0411532392011092
18.4060150375938 0.0411555081573718
18.4360902255637 0.0411577579303703
18.4661654135336 0.0411599886819909
18.4962406015035 0.0411622005727588
18.5263157894735 0.0411643937618492
18.5563909774434 0.0411665684070992
18.5864661654133 0.0411687246650186
18.6165413533832 0.0411708626908007
18.6466165413532 0.0411729826383341
18.6766917293231 0.0411750846602126
18.706766917293 0.0411771689077469
18.7368421052629 0.0411792355309747
18.7669172932329 0.0411812846786716
18.7969924812028 0.0411833164983617
18.8270676691727 0.0411853311363279
18.8571428571426 0.0411873287376222
18.8872180451126 0.0411893094460764
18.9172932330825 0.0411912734043117
18.9473684210524 0.0411932207537495
18.9774436090223 0.0411951516346207
19.0075187969923 0.0411970661859762
19.0375939849622 0.0411989645456965
19.0676691729321 0.0412008468505018
19.097744360902 0.0412027132359612
19.1278195488719 0.0412045638365027
19.1578947368419 0.0412063987854227
19.1879699248118 0.0412082182148954
19.2180451127817 0.0412100222559822
19.2481203007516 0.0412118110386409
19.2781954887216 0.0412135846917352
19.3082706766915 0.0412153433430436
19.3383458646614 0.0412170871192689
19.3684210526313 0.0412188161460464
19.3984962406013 0.0412205305479537
19.4285714285712 0.0412222304485191
19.4586466165411 0.0412239159702304
19.488721804511 0.0412255872345438
19.518796992481 0.0412272443618925
19.5488721804509 0.0412288874716949
19.5789473684208 0.0412305166823637
19.6090225563907 0.041232132111314
19.6390977443607 0.0412337338749715
19.6691729323306 0.0412353220887811
19.6992481203005 0.0412368968672151
19.7293233082704 0.041238458323781
19.7593984962404 0.0412400065710301
19.7894736842103 0.041241541720565
19.8195488721802 0.041243063883048
19.8496240601501 0.0412445731682087
19.8796992481201 0.0412460696848519
19.90977443609 0.0412475535408654
19.9398496240599 0.0412490248432276
19.9699248120298 0.0412504836980154
19.9999999999997 0.0412519302104111
20.0300751879697 0.0412533644847107
20.0601503759396 0.041254786624331
20.0902255639095 0.0412561967318166
20.1203007518794 0.0412575949088481
20.1503759398494 0.0412589812562483
20.1804511278193 0.0412603558739902
20.2105263157892 0.0412617188612039
20.2406015037591 0.0412630703161835
20.2706766917291 0.0412644103363944
20.300751879699 0.0412657390184797
20.3308270676689 0.0412670564582681
20.3609022556388 0.0412683627507797
20.3909774436088 0.0412696579902334
20.4210526315787 0.0412709422700534
20.4511278195486 0.0412722156828761
20.4812030075185 0.0412734783205562
20.5112781954885 0.041274730274174
20.5413533834584 0.0412759716340413
20.5714285714283 0.0412772024897082
20.6015037593982 0.0412784229299691
20.6315789473682 0.0412796330428698
20.6616541353381 0.0412808329157128
20.691729323308 0.0412820226350644
20.7218045112779 0.0412832022867605
20.7518796992479 0.0412843719559126
20.7819548872178 0.0412855317269142
20.8120300751877 0.0412866816834468
20.8421052631576 0.0412878219084856
20.8721804511275 0.0412889524843057
20.9022556390975 0.0412900734924879
20.9323308270674 0.0412911850139247
20.9624060150373 0.0412922871288256
20.9924812030072 0.0412933799167236
21.0225563909772 0.0412944634564801
21.0526315789471 0.041295537826291
21.082706766917 0.0412966031036925
21.1127819548869 0.0412976593655659
21.1428571428569 0.0412987066881439
21.1729323308268 0.0412997451470156
21.2030075187967 0.0413007748171321
21.2330827067666 0.0413017957728116
21.2631578947366 0.0413028080877452
21.2932330827065 0.0413038118350018
21.3233082706764 0.0413048070870333
21.3533834586463 0.0413057939156802
21.3834586466163 0.0413067723921761
21.4135338345862 0.0413077425871536
21.4436090225561 0.0413087045706486
21.473684210526 0.0413096584121059
21.503759398496 0.0413106041803837
21.5338345864659 0.0413115419437591
21.5639097744358 0.0413124717699322
21.5939849624057 0.0413133937260319
21.6240601503757 0.04131430787862
21.6541353383456 0.0413152142936961
21.6842105263155 0.0413161130367026
21.7142857142854 0.0413170041725292
21.7443609022553 0.0413178877655175
21.7744360902253 0.0413187638794659
21.8045112781952 0.0413196325776336
21.8345864661651 0.041320493922746
21.864661654135 0.0413213479769982
21.894736842105 0.0413221948020604
21.9248120300749 0.0413230344590816
21.9548872180448 0.0413238670086945
21.9849624060147 0.0413246925110194
22.0150375939847 0.041325511025669
22.0451127819546 0.0413263226117522
22.0751879699245 0.0413271273278787
22.1052631578944 0.0413279252321631
22.1353383458644 0.041328716382229
22.1654135338343 0.0413295008352131
22.1954887218042 0.0413302786477696
22.2255639097741 0.0413310498760737
22.2556390977441 0.0413318145758264
22.285714285714 0.0413325728022578
22.3157894736839 0.0413333246101314
22.3458646616538 0.0413340700537482
22.3759398496238 0.04133480918695
22.4060150375937 0.041335542063124
22.4360902255636 0.0413362687352061
22.4661654135335 0.0413369892556849
22.4962406015035 0.0413377036766056
22.5263157894734 0.0413384120495735
22.5563909774433 0.0413391144257577
22.5864661654132 0.0413398108558951
22.6165413533831 0.0413405013902936
22.6466165413531 0.0413411860788362
22.676691729323 0.0413418649709841
22.7067669172929 0.0413425381157806
22.7368421052628 0.0413432055618544
22.7669172932328 0.0413438673574235
22.7969924812027 0.0413445235502979
22.8270676691726 0.041345174187884
22.8571428571425 0.0413458193171872
22.8872180451125 0.0413464589848156
22.9172932330824 0.0413470932369834
22.9473684210523 0.0413477221195144
22.9774436090222 0.0413483456778446
23.0075187969922 0.0413489639570263
23.0375939849621 0.0413495770017308
23.067669172932 0.041350184856252
23.0977443609019 0.0413507875645089
23.1278195488719 0.0413513851700498
23.1578947368418 0.0413519777160544
23.1879699248117 0.0413525652453377
23.2180451127816 0.0413531478003525
23.2481203007516 0.0413537254231928
23.2781954887215 0.0413542981555967
23.3082706766914 0.0413548660389496
23.3383458646613 0.0413554291142866
23.3684210526313 0.0413559874222964
23.3984962406012 0.0413565410033232
23.4285714285711 0.0413570898973704
23.458646616541 0.0413576341441031
23.4887218045109 0.0413581737828509
23.5187969924809 0.041358708852611
23.5488721804508 0.0413592393920508
23.5789473684207 0.0413597654395107
23.6090225563906 0.0413602870330071
23.6390977443606 0.0413608042102347
23.6691729323305 0.0413613170085696
23.6992481203004 0.0413618254650718
23.7293233082703 0.0413623296164878
23.7593984962403 0.0413628294992537
23.7894736842102 0.0413633251494971
23.8195488721801 0.0413638166030403
23.84962406015 0.0413643038954026
23.87969924812 0.0413647870618029
23.9097744360899 0.0413652661371623
23.9398496240598 0.0413657411561065
23.9699248120297 0.0413662121529685
23.9999999999997 0.0413666791617908
24.0300751879696 0.0413671422163282
24.0601503759395 0.0413676013500497
24.0902255639094 0.0413680565961414
24.1203007518794 0.0413685079875088
24.1503759398493 0.041368955556779
24.1804511278192 0.0413693993363032
24.2105263157891 0.0413698393581588
24.2406015037591 0.0413702756541521
24.270676691729 0.0413707082558204
24.3007518796989 0.0413711371944339
24.3308270676688 0.0413715625009988
24.3609022556387 0.0413719842062585
24.3909774436087 0.0413724023406969
24.4210526315786 0.0413728169345396
24.4511278195485 0.0413732280177568
24.4812030075184 0.041373635620065
24.5112781954884 0.0413740397709295
24.5413533834583 0.0413744404995662
24.5714285714282 0.0413748378349439
24.6015037593981 0.0413752318057864
24.6315789473681 0.0413756224405745
24.661654135338 0.0413760097675479
24.6917293233079 0.0413763938147077
24.7218045112778 0.0413767746098179
24.7518796992478 0.0413771521804077
24.7819548872177 0.0413775265537734
24.8120300751876 0.0413778977569803
24.8421052631575 0.0413782658168648
24.8721804511275 0.0413786307600364
24.9022556390974 0.0413789926128791
24.9323308270673 0.0413793514015541
24.9624060150372 0.0413797071520009
24.9924812030072 0.0413800598899399
25.0225563909771 0.0413804096408736
25.052631578947 0.0413807564300889
25.0827067669169 0.0413811002826586
25.1127819548869 0.0413814412234435
25.1428571428568 0.0413817792770941
25.1729323308267 0.0413821144680521
25.2030075187966 0.0413824468205526
25.2330827067665 0.0413827763586255
25.2631578947365 0.0413831031060976
25.2932330827064 0.0413834270865939
25.3233082706763 0.0413837483235396
25.3533834586462 0.0413840668401615
25.3834586466162 0.0413843826594901
25.4135338345861 0.041384695804361
25.443609022556 0.0413850062974163
25.4736842105259 0.0413853141611069
25.5037593984959 0.0413856194176935
25.5338345864658 0.0413859220892484
25.5639097744357 0.0413862221976573
25.5939849624056 0.0413865197646204
25.6240601503756 0.0413868148116547
25.6541353383455 0.0413871073600947
25.6842105263154 0.0413873974310947
25.7142857142853 0.0413876850456297
25.7443609022553 0.0413879702244973
25.7744360902252 0.0413882529883193
25.8045112781951 0.0413885333575426
25.834586466165 0.0413888113524415
25.864661654135 0.0413890869931184
25.8947368421049 0.0413893602995056
25.9248120300748 0.041389631291367
25.9548872180447 0.0413898999882988
25.9849624060147 0.0413901664097319
26.0150375939846 0.0413904305749322
26.0451127819545 0.0413906925030029
26.0751879699244 0.0413909522128854
26.1052631578943 0.0413912097233609
26.1353383458643 0.0413914650530515
26.1654135338342 0.0413917182204219
26.1954887218041 0.0413919692437803
26.225563909774 0.04139221814128
26.255639097744 0.0413924649309208
26.2857142857139 0.0413927096305501
26.3157894736838 0.0413929522578641
26.3458646616537 0.0413931928304094
26.3759398496237 0.041393431365584
26.4060150375936 0.0413936678806388
26.4360902255635 0.0413939023926784
26.4661654135334 0.0413941349186628
26.4962406015034 0.0413943654754086
26.5263157894733 0.0413945940795898
26.5563909774432 0.0413948207477394
26.5864661654131 0.0413950454962504
26.6165413533831 0.0413952683413771
26.646616541353 0.0413954892992363
26.6766917293229 0.0413957083858082
26.7067669172928 0.0413959256169378
26.7368421052628 0.0413961410083361
26.7669172932327 0.041396354575581
26.7969924812026 0.0413965663341185
26.8270676691725 0.041396776299264
26.8571428571425 0.0413969844862031
26.8872180451124 0.0413971909099931
26.9172932330823 0.0413973955855635
26.9473684210522 0.0413975985277178
26.9774436090221 0.0413977997511338
27.0075187969921 0.0413979992703654
27.037593984962 0.0413981970998431
27.0676691729319 0.0413983932538753
27.0977443609018 0.0413985877466494
27.1278195488718 0.0413987805922324
27.1578947368417 0.0413989718045726
27.1879699248116 0.0413991613974999
27.2180451127815 0.0413993493847274
27.2481203007515 0.0413995357798518
27.2781954887214 0.041399720596355
27.3082706766913 0.0413999038476047
27.3383458646612 0.0414000855468553
27.3684210526312 0.0414002657072491
27.3984962406011 0.0414004443418171
27.428571428571 0.0414006214634801
27.4586466165409 0.0414007970850493
27.4887218045109 0.0414009712192278
27.5187969924808 0.0414011438786107
27.5488721804507 0.0414013150756869
27.5789473684206 0.0414014848228393
27.6090225563906 0.0414016531323461
27.6390977443605 0.0414018200163814
27.6691729323304 0.0414019854870165
27.6992481203003 0.0414021495562203
27.7293233082703 0.0414023122358605
27.7593984962402 0.0414024735377041
27.7894736842101 0.0414026334734187
27.81954887218 0.0414027920545731
27.8496240601499 0.0414029492926381
27.8796992481199 0.0414031051989874
27.9097744360898 0.0414032597848984
27.9398496240597 0.0414034130615531
27.9699248120296 0.0414035650400387
27.9999999999996 0.0414037157313486
28.0300751879695 0.0414038651463832
28.0601503759394 0.0414040132959504
28.0902255639093 0.0414041601907669
28.1203007518793 0.0414043058414585
28.1503759398492 0.0414044502585609
28.1804511278191 0.0414045934525209
28.210526315789 0.0414047354336965
28.240601503759 0.0414048762123585
28.2706766917289 0.0414050157986901
28.3007518796988 0.0414051542027889
28.3308270676687 0.0414052914346666
28.3609022556387 0.0414054275042503
28.3909774436086 0.041405562421383
28.4210526315785 0.0414056961958244
28.4511278195484 0.0414058288372516
28.4812030075184 0.0414059603552596
28.5112781954883 0.0414060907593623
28.5413533834582 0.0414062200589931
28.5714285714281 0.0414063482635054
28.6015037593981 0.0414064753821734
28.631578947368 0.0414066014241929
28.6616541353379 0.0414067263986818
28.6917293233078 0.0414068503146807
28.7218045112777 0.0414069731811537
28.7518796992477 0.0414070950069891
28.7819548872176 0.0414072158009999
28.8120300751875 0.0414073355719243
28.8421052631574 0.0414074543284267
28.8721804511274 0.0414075720790982
28.9022556390973 0.041407688832457
28.9323308270672 0.0414078045969491
28.9624060150371 0.0414079193809493
28.9924812030071 0.0414080331927612
29.022556390977 0.0414081460406182
29.0526315789469 0.041408257932684
29.0827067669168 0.0414083688770531
29.1127819548868 0.0414084788817515
29.1428571428567 0.0414085879547373
29.1729323308266 0.0414086961039012
29.2030075187965 0.041408803337067
29.2330827067665 0.0414089096619922
29.2631578947364 0.0414090150863689
29.2932330827063 0.0414091196178239
29.3233082706762 0.0414092232639192
29.3533834586462 0.0414093260321531
29.3834586466161 0.0414094279299603
29.413533834586 0.0414095289647124
29.4436090225559 0.0414096291437189
29.4736842105259 0.041409728474227
29.5037593984958 0.0414098269634229
29.5338345864657 0.0414099246184317
29.5639097744356 0.0414100214463183
29.5939849624055 0.0414101174540877
29.6240601503755 0.0414102126486857
29.6541353383454 0.0414103070369991
29.6842105263153 0.0414104006258565
29.7142857142852 0.0414104934220286
29.7443609022552 0.041410585432229
29.7744360902251 0.0414106766631142
29.804511278195 0.0414107671212843
29.8345864661649 0.0414108568132838
29.8646616541349 0.0414109457456014
29.8947368421048 0.0414110339246712
29.9248120300747 0.0414111213568727
29.9548872180446 0.0414112080485312
29.9849624060146 0.0414112940059187
30.0150375939845 0.0414113792352539
30.0451127819544 0.041411463742703
30.0751879699243 0.0414115475343798
30.1052631578943 0.0414116306163465
30.1353383458642 0.0414117129946139
30.1654135338341 0.0414117946751417
30.195488721804 0.0414118756638396
30.225563909774 0.0414119559665668
30.2556390977439 0.041412035589133
30.2857142857138 0.0414121145372989
30.3157894736837 0.0414121928167763
30.3458646616537 0.0414122704332284
30.3759398496236 0.0414123473922709
30.4060150375935 0.0414124236994715
30.4360902255634 0.041412499360351
30.4661654135333 0.0414125743803835
30.4962406015033 0.0414126487649964
30.5263157894732 0.0414127225195716
30.5563909774431 0.0414127956494451
30.586466165413 0.0414128681599078
30.616541353383 0.0414129400562058
30.6466165413529 0.0414130113435408
30.6766917293228 0.0414130820270704
30.7067669172927 0.0414131521119086
30.7368421052627 0.041413221603126
30.7669172932326 0.0414132905057503
30.7969924812025 0.0414133588247666
30.8270676691724 0.0414134265651179
30.8571428571424 0.0414134937317051
30.8872180451123 0.0414135603293878
30.9172932330822 0.0414136263629845
30.9473684210521 0.0414136918372726
30.9774436090221 0.0414137567569893
31.007518796992 0.0414138211268316
31.0375939849619 0.0414138849514568
31.0676691729318 0.0414139482354825
31.0977443609018 0.0414140109834876
31.1278195488717 0.0414140732000118
31.1578947368416 0.0414141348895568
31.1879699248115 0.0414141960565857
31.2180451127815 0.0414142567055241
31.2481203007514 0.0414143168407601
31.2781954887213 0.0414143764666446
31.3082706766912 0.0414144355874916
31.3383458646612 0.0414144942075786
31.3684210526311 0.0414145523311469
31.398496240601 0.041414609962402
31.4285714285709 0.0414146671055134
31.4586466165408 0.0414147237646158
31.4887218045108 0.0414147799438084
31.5187969924807 0.041414835647156
31.5488721804506 0.041414890878689
31.5789473684205 0.0414149456424033
31.6090225563905 0.0414149999422615
31.6390977443604 0.0414150537821921
31.6691729323303 0.0414151071660907
31.6992481203002 0.0414151600978198
31.7293233082702 0.0414152125812091
31.7593984962401 0.041415264620056
31.78947368421 0.0414153162181256
31.8195488721799 0.0414153673791513
31.8496240601499 0.0414154181068348
31.8796992481198 0.0414154684048463
31.9097744360897 0.0414155182768251
31.9398496240596 0.0414155677263796
31.9699248120296 0.0414156167570878
31.9999999999995 0.041415665372497
Total steps: 4256
