0.015625 -0.00157360855737336 1.01429811507937
0.03125 -0.00316993492731004 1.02908266129032
0.046875 -0.00478975764875337 1.04437756147541
0.0625 -0.00643389386931383 1.06020833333333
0.078125 -0.00810320194110514 1.07660222457627
0.09375 -0.00979858423847789 1.09358836206897
0.109375 -0.0115209902208089 1.11119791666667
0.125 -0.0132714197663744 1.12946428571429
0.140625 -0.0150509268066194 1.14842329545455
0.15625 -0.0168606232938989 1.16811342592593
0.171875 -0.0187016835400991 1.18857606132075
0.1875 -0.0205753489685308 1.20985576923077
0.203125 -0.0224829333272562 1.2320006127451
0.21875 -0.0244258284186816 1.2550625
0.234375 -0.0264055104080101 1.27909757653061
0.25 -0.0284235467821816 1.30416666666667
0.265625 -0.0304816040414865 1.3303357712766
0.28125 -0.0325814562184169 1.35767663043478
0.296875 -0.0347249943328685 1.38626736111111
0.3125 -0.0369142369099797 1.41619318181818
0.328125 -0.0391513417072191 1.44754723837209
0.34375 -0.0414386188214912 1.48043154761905
0.359375 -0.0437785453758436 1.51495807926829
0.375 -0.0461737820198684 1.55125
0.390625 -0.0486271915193915 1.58944310897436
0.40625 -0.0511418597611714 1.6296875
0.421875 -0.0537211195591581 1.67214949324324
0.4375 -0.0563685777230283 1.71701388888889
0.453125 -0.059088145940603 1.76448660714286
0.46875 -0.0618840761377297 1.81479779411765
0.484375 -0.0647610011179472 1.86820549242424
0.5 -0.0677239814571528 1.925
0.515625 -0.0707785598453416 1.98550907258065
0.53125 -0.0739308243412506 2.05010416666667
0.546875 -0.0771874823538053 2.11920797413793
0.5625 -0.0805559476101089 2.19330357142857
0.578125 -0.0840444429453718 2.27294560185185
0.59375 -0.0876621224997778 2.35877403846154
0.609375 -0.0914192178922907 2.45153125
0.625 -0.0953272142483825 2.55208333333333
0.640625 -0.0993990637111004 2.66144701086957
0.65625 -0.103649446441181 2.78082386363636
0.671875 -0.108095092373641 2.9116443452381
0.6875 -0.112755181534734 3.055625
0.703125 -0.117651847123822 3.21484375
0.71875 -0.122810814738147 3.39184027777778
0.734375 -0.128262224493913 3.58975183823529
0.75 -0.134041702671893 3.8125
0.765625 -0.140191779673999 4.06505208333333
0.78125 -0.146763797921014 4.35379464285714
0.796875 -0.153820528012755 4.68707932692308
0.8125 -0.161439834139096 5.07604166666667
0.828125 -0.169719938090047 5.53586647727273
0.84375 -0.178787199105226 6.0878125
0.859375 -0.188808006311229 6.76258680555556
0.875 -0.20000770405862 7.60625
0.890625 -0.212702218128354 8.69118303571429
0.90625 -0.227354217425149 10.1380208333333
0.921875 -0.244680911396407 12.16390625
0.9375 -0.265883523902034 15.203125
0.953125 -0.29321241370991 20.2690104166667
0.96875 -0.331708058060315 30.4015625
0.984375 -0.39724229652241 60.80078125
