0.000625 1.0829979855384e-08 8.67862169763175e-09
0.00125 1.83181228515996e-08 1.72736635240981e-08
0.001875 2.63643024936636e-08 2.57023505280824e-08
0.0025 3.43444250894771e-08 3.38835098461472e-08
0.003125 4.2071231345827e-08 4.1738352441783e-08
0.00375 4.9433008589654e-08 4.91912318869001e-08
0.004375 5.63425973441678e-08 5.61703728782837e-08
0.005 6.27251512521655e-08 6.26085624730001e-08
0.005625 6.85144732545303e-08 6.84437973857799e-08
0.00625 7.36518877108726e-08 7.36198811145491e-08
0.006875 7.80859970598019e-08 7.80869651434644e-08
0.0075 8.17727692610201e-08 8.18020290113709e-08
0.008125 8.4675740421101e-08 8.47292946223601e-08
0.00875 8.67662381982632e-08 8.68405708083921e-08
0.009375 8.80235804764341e-08 8.81155248256544e-08
0.01 8.84352256000664e-08 8.854187817e-08
0.010625 8.7996861117502e-08 8.81155248256544e-08
0.01125 8.67124236905658e-08 8.68405708083921e-08
0.011875 8.45940461982526e-08 8.47292946223602e-08
0.0125 8.16619302592658e-08 8.18020290113709e-08
0.013125 7.79441439768973e-08 7.80869651434644e-08
0.01375 7.34763459402564e-08 7.36198811145491e-08
0.014375 6.830143753949e-08 6.84437973857799e-08
0.015 6.24691465393679e-08 6.26085624730002e-08
0.015625 5.60355456449835e-08 5.61703728782837e-08
0.01625 4.90625105024152e-08 4.91912318869001e-08
0.016875 4.16171222169577e-08 4.1738352441783e-08
0.0175 3.37710200439212e-08 3.38835098461472e-08
0.018125 2.55997104137487e-08 2.57023505280824e-08
0.01875 1.71818388924386e-08 1.72736635240981e-08
0.019375 8.59843204876202e-09 8.67862169763177e-09
0.02 2.1383302708583e-09 0
0.020625 2.18280792259793e-21 0
0.02125 -6.3614965681388e-21 0
0.021875 -3.69785769986745e-22 0
0.0225 6.80242690119722e-21 0
0.023125 -2.17973269524108e-21 0
0.02375 -1.6346565645931e-21 0
0.024375 -4.1153367755683e-21 0
0.025 1.90967789655096e-21 0
0.025625 -5.08538474300616e-21 0
0.02625 -7.81130063032729e-22 0
0.026875 -5.18010616693422e-22 0
0.0275 -6.15712560813568e-24 0
0.028125 -4.06711216739387e-21 0
0.02875 2.44977417339164e-21 0
0.029375 6.48330381287459e-24 0
0.03 -3.45793873423964e-21 0
0.030625 -1.91624221021055e-21 0
0.03125 2.92109548391963e-22 0
0.031875 1.76837207280786e-22 0
0.0325 -5.27365453352674e-21 0
0.033125 1.25993795292763e-21 0
0.03375 -2.56794084798032e-21 0
0.034375 -1.9638447930586e-21 0
0.035 -1.74939149431392e-21 0
0.035625 1.31411828591067e-21 0
0.03625 1.34460042868938e-21 0
0.036875 -8.84190071498303e-25 0
0.0375 -2.51221397496365e-21 0
0.038125 1.54582321883864e-21 0
0.03875 -2.50155427183375e-22 0
0.039375 2.45512722716772e-21 0
0.04 -5.29639525560872e-21 0
0.040625 -1.4842180039958e-21 0
0.04125 -3.16754138555151e-21 0
0.041875 -2.01490880113265e-21 0
0.0425 1.27913748200898e-22 0
0.043125 -3.92524312730971e-21 0
0.04375 1.94113083450128e-21 0
0.044375 -1.8205840127198e-21 0
0.045 -1.56898921934829e-21 0
0.045625 4.00918953449245e-21 0
0.04625 -4.5685862531227e-21 0
0.046875 1.70735927600684e-21 0
0.0475 1.44874000575315e-21 0
0.048125 2.73936718980369e-22 0
0.04875 -5.57475171861114e-22 0
0.049375 -3.22707625780066e-22 0
0.05 -2.12515036668984e-21 0
0.050625 -3.36514866538826e-22 0
0.05125 -2.0016938005179e-21 0
0.051875 2.53799871859425e-21 0
0.0525 -2.12654960315714e-21 0
0.053125 3.08960205451082e-23 0
0.05375 4.15914194005964e-22 0
0.054375 6.59605229837543e-22 0
0.055 -1.22267360108373e-21 0
0.055625 1.64407031421056e-21 0
0.05625 4.56307430818991e-21 0
0.056875 -2.40922964600482e-21 0
0.0575 1.4221727035642e-21 0
0.058125 -1.02717725629879e-21 0
0.05875 1.16418065248438e-21 0
0.059375 -1.53227000324043e-21 0
0.06 -1.95205475500135e-21 0
0.060625 1.74433692752103e-22 0
0.06125 4.79873693057096e-22 0
0.061875 -1.11653326190623e-21 0
0.0625 3.0808210407187e-21 0
0.063125 -8.40276483148862e-22 0
0.06375 1.12602418310761e-21 0
0.064375 6.42810859795169e-22 0
0.065 8.78694334141878e-22 0
0.065625 1.78347418108239e-21 0
0.06625 9.18119563243252e-22 0
0.066875 -2.62442303739011e-21 0
0.0675 5.01915677992468e-22 0
0.068125 1.79691511904615e-22 0
0.06875 2.51774151179521e-21 0
0.069375 1.66254227328686e-21 0
0.07 6.04691184399827e-22 0
0.070625 5.21673402411725e-23 0
0.07125 -5.66208764908142e-22 0
0.071875 8.80805048307066e-22 0
0.0725 -3.81755221733023e-22 0
0.073125 4.83216753661811e-22 0
0.07375 1.44525039742842e-21 0
0.074375 -1.67136213600074e-22 0
0.075 2.80780567892856e-22 0
0.075625 1.49889787582361e-23 0
0.07625 -6.31195226799134e-22 0
0.076875 1.65340207179738e-22 0
0.0775 -9.81407747886406e-23 0
0.078125 1.24845230768666e-21 0
0.07875 -8.32065440908149e-22 0
0.079375 -3.02418772032964e-22 0
0.08 1.01352258529514e-21 0
0.080625 9.21664463589806e-22 0
0.08125 1.71147470239499e-21 0
0.081875 1.93904720384675e-21 0
0.0825 1.20429581489744e-21 0
0.083125 1.05861309987762e-22 0
0.08375 3.58470232590063e-22 0
0.084375 -3.42866833264796e-22 0
0.085 3.84741939098593e-23 0
0.085625 2.37738953425373e-22 0
0.08625 -9.24904956336007e-23 0
0.086875 -8.1382398958013e-22 0
0.0875 1.16909802930077e-22 0
0.088125 -5.43966008220376e-22 0
0.08875 1.67614802359744e-22 0
0.089375 -5.51191435856573e-23 0
0.09 8.31996106570599e-22 0
0.090625 1.17203629089325e-23 0
0.09125 1.60417773443035e-22 0
0.091875 -3.64775308408329e-24 0
0.0925 -1.3342555035982e-22 0
0.093125 -1.11650731070792e-22 0
0.09375 1.32504265884795e-22 0
0.094375 3.050694784654e-22 0
0.095 1.51516412522959e-22 0
0.095625 -1.39991639830074e-22 0
0.09625 9.64030563599221e-24 0
0.096875 2.5821476820376e-23 0
0.0975 1.67485358334479e-22 0
0.098125 4.21446488527175e-23 0
0.09875 5.57830975402102e-23 0
0.099375 3.77874543935226e-23 0
