0.0003125 0.153336482273048 1.35767001324365e-12
0.0009375 0.560757054188343 4.96504827749124e-12
0.0015625 1.3708869343148 1.21380903922946e-11
0.0021875 2.57435221793116 2.2793798044673e-11
0.0028125 4.15721311902253 3.68087457511218e-11
0.0034375 6.10110790050627 5.4020355242865e-11
0.0040625 8.38344253709379 7.42285747764554e-11
0.0046875 10.9776242157118 9.71979465903593e-11
0.0053125 13.8533363399184 1.22660041845708e-10
0.0059375 16.9768522891981 1.50316238710027e-10
0.0065625 20.3113847956043 1.79840815803639e-10
0.0071875 23.8174674427043 2.10884330062987e-10
0.0078125 27.4533644687153 2.4307724521456e-10
0.0084375 31.1755047703187 2.76033774526181e-10
0.0090625 34.9389357587051 3.09355899333672e-10
0.0096875 38.6977925173511 3.42637523051924e-10
0.0103125 42.4057775539065 3.75468718988211e-10
0.0109375 46.0166463279282 4.07440029295939e-10
0.0115625 49.4846936731216 4.3814677184853e-10
0.0121875 52.7652362179564 4.67193311682157e-10
0.0128125 55.8150859420956 4.94197253953311e-10
0.0134375 58.5930100878178 5.18793516080914e-10
0.0140625 61.0601727746535 5.40638237885252e-10
0.0146875 63.1805538406464 5.59412490087164e-10
0.0153125 64.921340653221 5.74825743475056e-10
0.0159375 66.2532888945541 5.86619063366343e-10
0.0165625 67.1510486279764 5.94567996660603e-10
0.0171875 67.5934522904197 5.98485121778805e-10
0.0178125 67.5637616279281 5.98222235076693e-10
0.0184375 67.0498709931704 5.93672150879151e-10
0.0190625 66.0444648517995 5.84770096071088e-10
0.0196875 64.5451277942228 5.71494684162316e-10
0.0203125 20.7405452564366 5.55226127893234e-10
0.0209375 19.8142271818641 5.38652213627766e-10
0.0215625 18.9505799253808 5.23039105986377e-10
0.0221875 18.1439198722191 5.08305610043099e-10
0.0228125 17.3892082766945 4.94379428946032e-10
0.0234375 16.6819637386303 4.8119597750747e-10
0.0240625 16.0181884475657 4.68697380689093e-10
0.0246875 15.3943057426945 4.56831624215949e-10
0.0253125 14.8071070221558 4.45551831025433e-10
0.0259375 14.2537064154757 4.34815642326022e-10
0.0265625 13.7315019325084 4.24584686035997e-10
0.0271875 13.2381420396756 4.14824118540916e-10
0.0278125 12.7714968036439 4.05502228236626e-10
0.0284375 12.3296328943791 3.96590091352302e-10
0.0290625 11.9107918618737 3.88061272183437e-10
0.0296875 11.5133711999482 3.79891561190101e-10
0.0303125 11.135907791203 3.72058745495458e-10
0.0309375 10.7770633931472 3.64542407202619e-10
0.0315625 10.435611879701 3.57323745673855e-10
0.0321875 10.1104279969314 3.50385420515139e-10
0.0328125 9.80047742886531 3.43711412505324e-10
0.0334375 9.50480799995711 3.37286900122048e-10
0.0340625 9.22254186642703 3.31098149661091e-10
0.0346875 8.95286857015258 3.25132417234764e-10
0.0353125 8.69503884681832 3.1937786117751e-10
0.0359375 8.44835909522534 3.13823463591815e-10
0.0365625 8.2121864275022 3.08458959940674e-10
0.0371875 7.98592423084971 3.0327477573999e-10
0.0378125 7.76901818071089 2.9826196952941e-10
0.0384375 7.56095265315481 2.93412181406982e-10
0.0390625 7.36124749101434 2.8871758650447e-10
0.0396875 7.16945508410828 2.84170852858732e-10
0.0403125 6.98515772885137 2.79765103202004e-10
0.0409375 6.80796523684525 2.75493880252354e-10
0.0415625 6.63751276574218 2.71351115135775e-10
0.0421875 6.47345884888181 2.67331098615244e-10
0.0428125 6.31548360297817 2.63428454839839e-10
0.0434375 6.16328709555262 2.59638117360127e-10
0.0440625 6.01658785591452 2.55955307184807e-10
0.0446875 5.87512151532747 2.52375512678725e-10
0.0453125 5.73863956361022 2.48894471124535e-10
0.0459375 5.60690821082663 2.45508151789509e-10
0.0465625 5.47970734395839 2.4221274035609e-10
0.0471875 5.35682956954284 2.39004624589786e-10
0.0478125 5.23807933421309 2.35880381131096e-10
0.0484375 5.12327211592897 2.3283676331005e-10
0.0490625 5.01223367943075 2.29870689892087e-10
0.0496875 4.90479939011221 2.26979234673319e-10
0.0503125 4.80081358109614 2.24159616851289e-10
0.0509375 4.70012896881726 2.21409192104647e-10
0.0515625 4.60260611288094 2.18725444321559e-10
0.0521875 4.50811291638043 2.161059779225e-10
0.0528125 4.41652416322235 2.1354851072815e-10
0.0534375 4.32772108934196 2.1105086732782e-10
0.0540625 4.24159098498102 2.08610972907846e-10
0.0546875 4.15802682546819 2.06226847503185e-10
0.0553125 4.07692692817607 2.03896600638742e-10
0.0559375 3.99819463354271 2.0161842632993e-10
0.0565625 3.92173800823565 1.99390598414685e-10
0.0571875 3.84746956870885 1.97211466191572e-10
0.0578125 3.77530602355822 1.95079450340853e-10
0.0584375 3.70516803321918 1.92993039107261e-10
0.0590625 3.63697998567893 1.90950784725174e-10
0.0596875 3.57066978698714 1.88951300068365e-10
0.0603125 3.50616866545448 1.8699325550807e-10
0.0609375 3.4434109885201 1.85075375964397e-10
0.0615625 3.38233409135515 1.83196438137348e-10
0.0621875 3.32287811634613 1.81355267904811e-10
0.0628125 3.26498586267172 1.79550737875909e-10
0.0634375 3.20860264525024 1.77781765088954e-10
0.0640625 3.15367616239386 1.76047308844184e-10
0.0646875 3.10015637155658 1.74346368662115e-10
0.0653125 3.04799537261353 1.72677982359129e-10
0.0659375 2.99714729815099 1.71041224232504e-10
0.0665625 2.94756821028816 1.69435203347692e-10
0.0671875 2.89921600358773 1.678590619212e-10
0.0678125 2.8520503136463 1.66311973792894e-10
0.0684375 2.80603243098586 1.64793142982e-10
0.0690625 2.761125219897 1.63301802321531e-10
0.0696875 2.71729304190893 1.61837212166182e-10
0.0703125 2.67450168358653 1.6039865916915e-10
0.0709375 2.6327182883754 1.58985455123607e-10
0.0715625 2.59191129223681 1.57596935864885e-10
0.0721875 2.5520503628324 1.56232460229692e-10
0.0728125 2.51310634203572 1.54891409068922e-10
0.0734375 2.47505119156357 1.53573184310889e-10
0.0740625 2.43785794153406 1.52277208071979e-10
0.0746875 2.40150064177217 1.51002921811962e-10
0.0753125 2.36595431569574 1.49749785531365e-10
0.0759375 2.33119491662599 1.48517277008474e-10
0.0765625 2.29719928637758 1.4730489107371e-10
0.0771875 2.26394511599275 1.46112138919267e-10
0.0778125 2.23141090849295 1.44938547442004e-10
0.0784375 2.19957594353021 1.43783658617766e-10
0.0790625 2.16842024382757 1.42647028905372e-10
0.0796875 2.13792454330586 1.41528228678663e-10
0.0803125 2.10807025679983 1.40426841685055e-10
0.0809375 2.07883945127385 1.39342464529187e-10
0.0815625 2.05021481845232 1.38274706180305e-10
0.0821875 2.0221796487857 1.37223187502129e-10
0.0828125 1.99471780667799 1.36187540804e-10
0.0834375 1.96781370690587 1.3516740941221e-10
0.0840625 1.94145229216451 1.34162447260447e-10
0.0846875 1.91561901167836 1.33172318498377e-10
0.0853125 1.89029980081978 1.32196697117436e-10
0.0859375 1.8654810616811 1.31235266592946e-10
0.0865625 1.84114964454959 1.30287719541733e-10
0.0871875 1.81729283023731 1.2935375739448e-10
0.0878125 1.7938983132211 1.28433090082064e-10
0.0884375 1.77095418555024 1.27525435735194e-10
0.0890625 1.74844892148212 1.26630520396702e-10
0.0896875 1.7263713628083 1.25748077745853e-10
0.0903125 1.70471070483567 1.24877848834118e-10
0.0909375 1.6834564829894 1.24019581831822e-10
0.0915625 1.66259856000631 1.23173031785188e-10
0.0921875 1.64212711368888 1.22337960383255e-10
0.0928125 1.62203262519209 1.21514135734209e-10
0.0934375 1.60230586781669 1.20701332150703e-10
0.0940625 1.5829378962838 1.19899329943721e-10
0.0946875 1.56392003646748 1.19107915224621e-10
0.0953125 1.54524387556285 1.18326879714951e-10
0.0959375 1.52690125266882 1.17556020563714e-10
0.0965625 1.50888424976549 1.16795140171716e-10
0.0971875 1.49118518306727 1.16044046022702e-10
0.0978125 1.47379659473412 1.15302550520959e-10
0.0984375 1.45671124492374 1.14570470835112e-10
0.0990625 1.43992210416901 1.13847628747824e-10
0.0996875 1.42342234606531 1.13133850511161e-10
