0 1.18496775817102
0.000625 1.1848719228696
0.00125 1.18452144971074
0.001875 1.18366464537679
0.0025 1.18205567524058
0.003125 1.17945741704119
0.00375 1.17564422460338
0.004375 1.17040457301769
0.005 1.16354355788287
0.005625 1.15488522267042
0.00625 1.14427468998967
0.006875 1.13158007449242
0.0075 1.11669415734073
0.008125 1.09953580454778
0.00875 1.08005111406634
0.009375 1.05821427921714
0.01 1.0340281588938
0.010625 1.00752454792261
0.01125 0.978764143967654
0.011875 0.947836210421953
0.0125 0.91485793778573
0.013125 0.87997350907192
0.01375 0.843352877767034
0.014375 0.805190269782876
0.015 0.765702423632472
0.015625 0.725126585724209
0.01625 0.683718280165112
0.016875 0.641748874772627
0.0175 0.599502967091115
0.018125 0.55727561607366
0.01875 0.515369446702928
0.019375 0.474091656170554
0.02 0.433750951299164
0.020625 0.420788110513891
0.02125 0.408404218525226
0.021875 0.396560106071863
0.0225 0.385220156151726
0.023125 0.374351900978792
0.02375 0.363925673642148
0.024375 0.35391430586242
0.025 0.344292864773236
0.025625 0.335038422884388
0.02625 0.326129856374716
0.026875 0.317547667666898
0.0275 0.309273828892101
0.028125 0.301291643389824
0.02875 0.293585622830837
0.029375 0.286141377917166
0.03 0.278945520917198
0.030625 0.271985578547696
0.03125 0.265249913926979
0.031875 0.258727656502166
0.0325 0.252408639004084
0.033125 0.246283340611043
0.03375 0.24034283561107
0.034375 0.234578746944553
0.035 0.228983204088208
0.035625 0.223548804808946
0.03625 0.21826858037443
0.036875 0.213135963857242
0.0375 0.208144761212961
0.038125 0.203289124850016
0.03875 0.198563529441794
0.039375 0.19396274975991
0.04 0.189481840332343
0.040625 0.185116116751811
0.04125 0.180861138478782
0.041875 0.176712693000194
0.0425 0.172666781219642
0.043125 0.168719603967781
0.04375 0.164867549533061
0.044375 0.161107182123114
0.045 0.157435231176034
0.045625 0.153848581448778
0.04625 0.150344263817011
0.046875 0.146919446727037
0.0475 0.143571428246073
0.048125 0.14029762866219
0.04875 0.137095583589734
0.049375 0.13396293754009
0.05 0.13089743792127
0.050625 0.127896929433085
0.05125 0.124959348827574
0.051875 0.122082720007024
0.0525 0.119265149434286
0.053125 0.116504821832272
0.05375 0.113799996151433
0.054375 0.11114900178582
0.055 0.108550235019902
0.055625 0.106002155689792
0.05625 0.103503284043828
0.056875 0.101052197788681
0.0575 0.0986475293082378
0.058125 0.0962879630435139
0.05875 0.0939722330227519
0.059375 0.0916991205317025
0.06 0.0894674519148356
0.060625 0.0872760964989266
0.06125 0.0851239646311015
0.061875 0.0830100058240045
0.0625 0.0809332070012882
0.063125 0.0788925908371184
0.06375 0.076887214183837
0.064375 0.0749161665823408
0.065 0.0729785688501179
0.065625 0.0710735717422345
0.06625 0.0692003546808901
0.066875 0.06735812454946
0.0675 0.0655461145472177
0.068125 0.0637635831011887
0.06875 0.0620098128318226
0.069375 0.0602841095693869
0.07 0.0585858014181939
0.070625 0.0569142378659523
0.07125 0.0552687889357176
0.071875 0.0536488443780696
0.0725 0.0520538129012994
0.073125 0.0504831214375271
0.07375 0.0489362144427999
0.074375 0.0474125532293411
0.075 0.0459116153282335
0.075625 0.0444328938809236
0.07625 0.0429758970580324
0.076875 0.0415401475040464
0.0775 0.0401251818065509
0.078125 0.0387305499887428
0.07875 0.0373558150240365
0.079375 0.0360005523716442
0.08 0.0346643495320781
0.080625 0.0333468056215782
0.08125 0.032047530964532
0.081875 0.0307661467029993
0.0825 0.0295022844225083
0.083125 0.0282555857933345
0.08375 0.0270257022265183
0.084375 0.0258122945439155
0.085 0.0246150326616165
0.085625 0.0234335952861042
0.08625 0.0222676696225535
0.086875 0.02111695109471
0.0875 0.0199811430758117
0.088125 0.0188599566300485
0.08875 0.0177531102640796
0.089375 0.0166603296881533
0.09 0.0155813475863981
0.090625 0.0145159033958758
0.09125 0.0134637430940074
0.091875 0.0124246189940035
0.0925 0.0113982895479479
0.093125 0.0103845191572029
0.09375 0.00938307798981744
0.094375 0.00839374180464006
0.095 0.00741629178184788
0.095625 0.0064505143596211
0.09625 0.00549620107670309
0.096875 0.00455314842059966
0.0975 0.00362115768118261
0.098125 0.00270003480947379
0.09875 0.00178959028139645
0.099375 0.000889638966290817
0.1 0
