0.0025 9.56708580912724 8.4708774615368e-11
0.0075 29.475045518867 2.60977588938673e-10
0.0125 54.6402086117717 4.83794669408688e-10
0.0175 65.0936550409514 5.76351447427593e-10
0.0225 18.2178714056837 5.14157950477859e-10
0.0275 13.3365278711464 4.20674686754611e-10
0.0325 10.2100158427458 3.55955504176979e-10
0.0375 8.07922992773797 3.08494770286715e-10
0.0425 6.55843370604612 2.72201267900042e-10
0.0475 5.4334002438004 2.43548502857933e-10
0.0525 4.57690365364466 2.20353407347653e-10
0.0575 3.90930480374418 2.01192241491336e-10
0.0625 3.37858706069042 1.85096862172029e-10
0.0675 2.94956013234878 1.71385983492619e-10
0.0725 2.59770207369021 1.59566260493128e-10
0.0775 2.30548744836195 1.49271663041959e-10
0.0825 2.0601140613966 1.4022489558487e-10
0.0875 1.85204938542831 1.32212044408592e-10
0.0925 1.67407466971147 1.25065447413533e-10
0.0975 1.52064065743022 1.1865183472566e-10
