0 1.21713470587264
0.004 1.19241334632265
0.008 1.11121108040599
0.012 0.943656905125995
0.016 0.702111134661718
0.02 0.439182007322844
0.025 0.348938717318492
0.03 0.282875447602388
0.035 0.23229953781973
0.04 0.192278600513452
0.045 0.159791016111886
0.05 0.132876350671991
0.055 0.110204391114248
0.06 0.0908394214499201
0.065 0.0741033931218404
0.07 0.0594925747401835
0.075 0.0466247058020048
0.08 0.0352043390768884
0.085 0.0249994437548886
0.09 0.015825208957104
0.095 0.00753258230805552
0.1 0
