0 1.2183573470457
0.004 1.19363598749571
0.008 1.11243372157905
0.012 0.944879546299053
0.016 0.703333775834776
0.02 0.440404648495902
0.0225 0.391181035766256
0.025 0.349655551944704
0.0275 0.314115723448782
0.03 0.283330387059338
0.0325 0.256389463409259
0.035 0.232604410229817
0.0375 0.21144391464259
0.04 0.192490965609418
0.0425 0.175413385682806
0.045 0.159943107396346
0.0475 0.145861288558339
0.05 0.132987420613663
0.0525 0.121171226030294
0.055 0.110286540676991
0.0575 0.100226632938801
0.06 0.0909005786526368
0.0625 0.0822304226898953
0.065 0.0741489340327892
0.0675 0.0665978137863217
0.07 0.0595262525209359
0.0725 0.0528897596727428
0.075 0.0466492067368486
0.0775 0.0407700398768674
0.08 0.0352216278332002
0.0825 0.0299767186705541
0.085 0.0250109846764287
0.0875 0.0203026391109842
0.09 0.0158321118742461
0.0925 0.0115817737579876
0.095 0.00753570097537488
0.0975 0.00367947325001088
0.1 0
