0.005 6.9822399220065e-08 6.26085624730001e-08
0.01 8.1802029011371e-08 8.854187817e-08
0.015 5.38495594983238e-08 6.26085624730002e-08
0.019375 2.04029736707983e-08 8.67862169763177e-09
0.0225 -1.561394560239e-22 0
0.025 -1.17836642605336e-22 0
0.0275 -3.83753765836007e-23 0
0.03 -1.72329294281881e-22 0
0.0325 -1.92655490713391e-22 0
0.035 -4.73187045687795e-23 0
0.0375 1.5007659599235e-22 0
0.04 -6.30520627074082e-23 0
0.0425 -1.92414939413328e-22 0
0.045 1.268638817335e-22 0
0.0475 3.15697436552877e-22 0
0.05 9.56804540406363e-23 0
0.0525 -1.26899370007778e-23 0
0.055 1.10173211849233e-22 0
0.0575 -3.9402903257509e-23 0
0.06 -2.4662405736008e-23 0
0.0625 2.20492266550359e-22 0
0.065 1.40382026674091e-22 0
0.0675 -5.86094717087806e-23 0
0.07 -2.75999645144768e-24 0
0.0725 1.40145779432379e-22 0
0.075 -1.86429195161489e-22 0
0.0775 5.24532173296551e-23 0
0.08 -4.48760769004896e-23 0
0.0825 1.96389291771947e-23 0
0.085 -4.56835500639738e-24 0
0.0875 -3.63243299865067e-23 0
0.09 -1.96329256254965e-23 0
0.0925 2.0958968223472e-23 0
0.095 -1.12567874847184e-23 0
0.0975 -8.07283718665505e-24 0
