0.0025 9.56708580912724 8.4708774615368e-11
0.0075 29.475045518867 2.60977588938673e-10
0.0125 54.6402086117717 4.83794669408687e-10
0.0175 65.0936550409514 5.76351447427593e-10
0.02125 19.8740415334731 5.44402535800085e-10
0.02375 16.7659207522984 4.87097005715865e-10
0.02625 14.3492114546697 4.40706814695306e-10
0.02875 12.4295845042123 4.02384482982671e-10
0.03125 10.877402244174 3.70193724344057e-10
0.03375 9.60321903555415 3.42771966985237e-10
0.03625 8.54355348680334 3.19132520986255e-10
0.03875 7.65225621158433 2.98543326083917e-10
0.04125 6.89507563406207 2.8044979116974e-10
0.04375 6.24612733909151 2.64424088817183e-10
0.04625 5.68553661411441 2.50130894827065e-10
0.04875 5.19782624721604 2.37303669451319e-10
0.05125 4.77079045797108 2.25727880697596e-10
0.05375 4.39469345694852 2.15228909502359e-10
0.05625 4.06168936257866 2.05663180191143e-10
0.05875 3.76539591363675 1.96911555502159e-10
0.06125 3.50057686036999 1.88874349155132e-10
0.06375 3.26290234131649 1.81467511933362e-10
0.06625 3.04876601046718 1.74619681294368e-10
0.06875 2.85514399494967 1.68269874701845e-10
0.07125 2.67948505173719 1.62365668571956e-10
0.07375 2.5196242486505 1.56861747603415e-10
0.07625 2.37371456254598 1.5171873948527e-10
0.07875 2.24017225241681 1.46902271565103e-10
0.08125 2.11763291553247 1.42382201670792e-10
0.08375 2.00491589647158 1.38131986695545e-10
0.08625 1.90099527711483 1.34128160994224e-10
0.08875 1.80497608876128 1.30349902938049e-10
0.09125 1.7160746960564 1.26778672720568e-10
0.09375 1.63360253483933 1.23397908114686e-10
0.09625 1.55695256253016 1.20192767644175e-10
0.09875 1.48558791476062 1.17149912767107e-10
