0.004 2.08371897102014e-08 5877.85252292473
0.008 1.91144005964879e-08 9510.56516295154
0.012 1.16988478685907e-08 9510.56516295154
0.016 2.62961469341145e-09 5877.85252292473
0.02025 -3.22771918628734e-09 0
0.025 -3.36781677562386e-09 0
0.03 -1.97286308157849e-09 0
0.035 -1.25386409184767e-09 0
0.04 -8.46032864741491e-10 0
0.045 -5.97613242407426e-10 0
0.05 -4.37707658271205e-10 0
0.055 -3.30142449244257e-10 0
0.06 -2.55134084775958e-10 0
0.065 -2.01237446839745e-10 0
0.07 -1.61516381232852e-10 0
0.075 -1.31599715406165e-10 0
0.08 -1.08639250826575e-10 0
0.085 -9.07248600780315e-11 0
0.09 -7.65428877941018e-11 0
0.095 -6.51696513434332e-11 0
