0 0
0.25 2.38123667987305e-05
0.5 4.64902918703372e-05
0.75 6.80875931184495e-05
1 8.86555565790691e-05
1.25 0.000108243053547453
1.5 0.000126896652472784
1.75 0.000144660725836705
2 0.000161577552224571
2.25 0.000177687413791168
2.5 0.000193028689315539
2.75 0.000207637943032652
3 0.000221550009422763
3.25 0.000234798074132653
3.5 0.000247413751196346
3.75 0.000259427156716482
4 0.00027086697916131
4.25 0.000281760546426151
4.5 0.000292133889802261
4.75 0.000302011804990312
5 0.000311417910290104
5.25 0.000320374702092751
5.5 0.000328903607796353
5.75 0.000337025036261125
6 0.000344758425915086
6.25 0.000352122290616698
6.5 0.000359134263376322
6.75 0.000365811138033993
7 0.000372168908986791
7.25 0.000378222809055069
7.5 0.000383987345572879
7.75 0.000389476334784211
8 0.000394702934623067
8.25 0.000399679675951933
8.5 0.000404418492329917
8.75 0.000408930748378617
9 0.000413227266810776
9.25 0.000417318354183819
9.5 0.000421213825437598
9.75 0.00042492302727298
10 0.000428454860425347
10.25 0.000431817800884623
10.5 0.000435019920111079
10.75 0.000438068904293943
11 0.000440972072697653
11.25 0.000443736395138564
11.5 0.000446368508632949
11.75 0.000448874733255215
12 0.000451261087243518
12.25 0.000453533301388192
12.5 0.000455696832736787
12.75 0.000457756877647943
13 0.000459718384224822
13.25 0.000461586064157405
13.5 0.000463364404001566
13.75 0.000465057675921575
14 0.000466669947921392
14.25 0.000468205093588963
14.5 0.000469666801376572
14.75 0.000471058583439241
15 0.000472383784052113
15.25 0.000473645587626806
15.5 0.000474847026345743
15.75 0.000475990987432608
16 0.000477080220076196
16.25 0.00047811734202413
16.5 0.000479104845862119
16.75 0.000480045104993722
17 0.000480940379334845
17.25 0.000481792820736545
17.5 0.000482604478149071
17.75 0.000483377302539442
18 0.000484113151574323
18.25 0.000484813794079337
18.5 0.0004854809142855
18.75 0.000486116115872881
19 0.000486720925821186
19.25 0.00048729679807644
19.5 0.00048784511704254
19.75 0.000488367200906042
20 0.000488864304802115
20.25 0.000489337623829247
20.5 0.000489788295919919
20.75 0.000490217404574108
21 0.000490625981462183
21.25 0.000491015008903402
21.5 0.000491385422225971
21.75 0.000491738112014299
22 0.000492073926248847
22.25 0.000492393672343696
22.5 0.00049269811908671
22.75 0.000492987998486958
23 0.000493264007533816
23.25 0.000493526809871969
23.5 0.00049377703739633
23.75 0.000494015291770701
24 0.000494242145873828
24.25 0.000494458145176301
24.5 0.000494663809051622
24.75 0.000494859632024574
25 0.000495046084959895
25.25 0.000495223616194104
25.5 0.000495392652613205
25.75 0.000495553600678841
26 0.000495706847405376
26.25 0.000495852761290251
26.5 0.00049599169319983
26.75 0.000496123977212887
27 0.000496249931423742
27.25 0.000496369858706989
27.5 0.000496484047445633
27.75 0.000496592772224414
28 0.000496696294489949
28.25 0.000496794863179311
28.5 0.000496888715318527
28.75 0.000496978076592457
29 0.000497063161887402
29.25 0.000497144175807762
29.5 0.000497221313167973
29.75 0.00049729475946091
30 0.000497364691303887
30.25 0.000497431276863315
30.5 0.000497494676259045
30.75 0.000497555041949367
31 0.000497612519097592
31.25 0.000497667245921094
31.5 0.000497719354023649
31.75 0.000497768968711884
32 0.000497816209296575
Total steps: 512
