0 0
1 8.33221892775952e-05
2 0.000152771427829525
3 0.000210624592394157
4 0.00025881362619716
5 0.000298949916110511
6 0.000332312034418454
7 0.000360106753690105
8 0.000383262184832687
9 0.000402552013875837
10 0.00041862110560781
11 0.00043200688990866
12 0.000443157216888007
13 0.000452445257956004
14 0.000460257418022348
15 0.000466751936132194
16 0.000472150995734062
17 0.00047663933295865
18 0.000480370542606873
19 0.000483472323923962
20 0.00048605084388847
21 0.000488194366113419
22 0.000489976268715228
23 0.000491457553863149
24 0.000492688934509627
25 0.000493712569457493
26 0.000494563505970596
27 0.000495270879183958
28 0.00049585890928589
29 0.000496347730550192
30 0.000496754080559769
31 0.000497091873190101
32 0.00049737267495072
Total steps: 147
