0 0
0.25 2.43905526860229e-05
0.5 4.75910277565997e-05
0.75 6.96592356448134e-05
1 9.06502030110907e-05
1.25 0.000110616304450614
1.5 0.000129607388194099
1.75 0.000147670896054045
2 0.000164851977860165
2.25 0.000181193600619342
2.5 0.000196736652627189
2.75 0.000211520042750113
3 0.000225580795088728
3.25 0.000238954139225568
3.5 0.000251673596252303
3.75 0.000263771060764102
4 0.000275276879001381
4.25 0.000286219923312004
4.5 0.000296627663100005
4.75 0.000306526232420101
5 0.000315940494370687
5.25 0.000324894102431638
5.5 0.000333409558887052
5.75 0.00034150827046713
6 0.000349210601337627
6.25 0.000356535923559753
6.5 0.000363502665138064
6.75 0.00037012835576874
7 0.00037642967039566
7.25 0.000382422470676971
7.5 0.000388121844460223
7.75 0.000393542143359767
8 0.000398697018525904
8.25 0.000403599454691185
8.5 0.000408261802575436
8.75 0.000412695809727304
9 0.0004169126498766
9.25 0.000420922950868275
9.5 0.000424736821245611
9.75 0.000428363875547071
10 0.00043181325837828
10.25 0.00043509366731771
10.5 0.000438213374711964
10.75 0.000441180248413885
11 0.000444001771514246
11.25 0.000446685061115395
11.5 0.000449236886192937
11.75 0.00045166368458936
12 0.000453971579181449
12.25 0.000456166393261332
12.5 0.000458253665169122
12.75 0.000460238662213313
13 0.000462126393913356
13.25 0.000463921624597217
13.5 0.000465628885385132
13.75 0.000467252485589302
14 0.000468796523557831
14.25 0.000470264896989852
14.5 0.000471661312747523
14.75 0.000472989296189287
15 0.000474252200047671
15.25 0.000475453212873752
15.5 0.000476595367069344
15.75 0.00047768154652697
16 0.00047871449389669
16.25 0.000479696817497958
16.5 0.000480630997893778
16.75 0.000481519394143611
17 0.000482364249750689
17.25 0.000483167698318621
17.5 0.000483931768931469
17.75 0.000484658391270764
18 0.000485349400482321
18.25 0.000486006541805023
18.5 0.000486631474973215
18.75 0.000487225778403755
19 0.000487790953178218
19.25 0.000488328426830277
19.5 0.000488839556947759
19.75 0.000489325634598441
20 0.000489787887588184
20.25 0.000490227483559612
20.5 0.000490645532939114
20.75 0.000491043091739598
21 0.000491421164226035
21.25 0.000491780705450507
21.5 0.000492122623663142
21.75 0.000492447782605004
22 0.000492757003688709
22.25 0.000493051068072257
22.5 0.000493330718631319
22.75 0.000493596661834923
23 0.000493849569529286
23.25 0.000494090080634278
23.5 0.000494318802756788
23.75 0.000494536313725077
24 0.000494743163047963
24.25 0.000494939873302535
24.5 0.000495126941453884
24.75 0.000495304840110189
25 0.000495474018716306
25.25 0.000495634904688895
25.5 0.000495787904495925
25.75 0.000495933404683294
26 0.000496071772851152
26.25 0.000496203358582381
26.5 0.000496328494325593
26.75 0.000496447496234851
27 0.000496560664968254
27.25 0.000496668286447387
27.5 0.000496770632579555
27.75 0.000496867961944633
28 0.00049696052044825
28.25 0.000497048541942973
28.5 0.000497132248819044
28.75 0.000497211852566172
29 0.00049728755430779
29.25 0.000497359545309137
29.5 0.000497428007460434
29.75 0.00049749311373638
30 0.000497555028633137
30.25 0.000497613908583892
30.5 0.000497669902354054
30.75 0.000497723151417086
31 0.00049777379031191
31.25 0.000497821946982807
31.5 0.000497867743102647
31.75 0.000497911294380284
32 0.00049795271085288
Total steps: 512
