0 0
0.5 4.76244672023437e-05
1 9.07107510084687e-05
1.5 0.000129689605833151
2 0.000164951208089607
2.5 0.000196848922532531
3 0.000225702729305117
3.5 0.000251802340354207
4 0.000275410031816055
4.5 0.000296763216989745
5 0.000316076782620165
5.5 0.000333545209416368
6 0.000349344496039365
6.5 0.000363633904207799
7 0.000376557541090283
7.5 0.000388245793777579
8 0.000398816629352857
8.5 0.000408376772899997
9 0.000417022774703592
9.5 0.000424841976894819
10 0.000431913388879563
10.5 0.000438308480043658
11 0.000444091897459803
11.5 0.00044932211561631
12 0.000454052024544595
12.5 0.000458329462135412
13 0.000462197695898895
13.5 0.000465695858936183
14 0.000468859344446976
14.5 0.000471720162694006
15 0.00047430726397875
15.5 0.000476646830849578
16 0.000478762542461024
16.5 0.000480675813728223
17 0.000482406011671382
17.5 0.000483970651119104
18 0.000485385571734401
18.5 0.000486665098141381
19 0.000487822184762192
19.5 0.00048886854682114
20 0.000489814778834636
20.5 0.000490670461780389
21 0.00049144426002579
21.5 0.000492144008992721
22 0.000492776794443032
22.5 0.000493349024184711
23 0.00049386649292254
23.5 0.000494334440908077
24 0.000494757606981344
24.5 0.000495140276540089
25 0.000495486324921391
25.5 0.000495799256634073
26 0.000496082240838557
26.5 0.000496338143432919
27 0.000496569556069604
27.5 0.000496778822396319
28 0.000496968061786536
28.5 0.000497139190799678
29 0.000497293942588147
29.5 0.000497433884447549
30 0.000497560433687739
30.5 0.00049767487198531
31 0.000497778358362784
31.5 0.000497871940925897
32 0.000497956567477778
Total steps: 256
