0.015625 -7.63003279750049e-05 0.0476685211141586
0.03125 -0.000148977045971903 0.0453618448573543
0.046875 -0.000218069218990848 0.0430803713064216
0.0625 -0.000283616547318555 0.0408245136572042
0.078125 -0.000345659387533741 0.0385946988806239
0.09375 -0.000404238774571956 0.0363913684232396
0.109375 -0.000459396444922272 0.0342149789561315
0.125 -0.00051117486103458 0.0320660031763525
0.140625 -0.00055961723702326 0.0299449306656405
0.15625 -0.000604767565760662 0.0278522688115991
0.171875 -0.000646670647462474 0.0257885437971327
0.1875 -0.000685372119876543 0.0237543016645774
0.203125 -0.000720918490197384 0.0217501094617127
0.21875 -0.00075335716884047 0.019776556477684
0.234375 -0.000782736505223673 0.0178342555778306
0.25 -0.000809105825718147 0.0159238446475161
0.265625 -0.000832515473947645 0.0140459881563195
0.28125 -0.000853016853634161 0.0122013788553973
0.296875 -0.000870662474209036 0.0103907396224985
0.3125 -0.000885505999432802 0.00861482547104577
0.328125 -0.000897602299294372 0.00687442574193497
0.34375 -0.00090700750549131 0.00517036649931246
0.359375 -0.000913779070828451 0.00350351315462399
0.375 -0.000917975832912803 0.0018747733467903
0.390625 -0.000919658082569376 0.000285100110543568
0.40625 -0.000918887637456341 -0.00126450463010832
0.421875 -0.00091572792142018 -0.0027729862004819
0.4375 -0.000910244050203582 -0.00423923289612736
0.453125 -0.000902502924202908 -0.00566207122799206
0.46875 -0.000892573329070287 -0.00704026062382256
0.484375 -0.000880526045070769 -0.00837248750577527
0.5 -0.000866433966241013 -0.00965735864964051
0.515625 -0.000850372230557204 -0.0108933937133297
0.53125 -0.000832418362511847 -0.0120790168005055
0.546875 -0.00081265242972889 -0.0132125468983786
0.5625 -0.000791157215523242 -0.0142921869953482
0.578125 -0.000768018409645717 -0.0153160116424636
0.59375 -0.000743324819862639 -0.0162819526701607
0.609375 -0.000717168607520167 -0.0171877827050325
0.625 -0.000689645550862381 -0.0180310960459936
0.640625 -0.000660855340643072 -0.0188092863488318
0.65625 -0.000630901913539543 -0.0195195204241189
0.671875 -0.000599893830104027 -0.0201587072634836
0.6875 -0.00056794470555934 -0.0207234611557978
0.703125 -0.000535173703777838 -0.0212100574124017
0.71875 -0.000501706107443083 -0.0216143787515081
0.734375 -0.000467673980920587 -0.021931849739903
0.75 -0.000433216947106107 -0.0221573557684886
0.765625 -0.000398483105995889 -0.0222851417116492
0.78125 -0.000363630131721376 -0.0223086834716687
0.796875 -0.000328826597538089 -0.0222205226806734
0.8125 -0.000294253596715764 -0.0220120503163481
0.828125 -0.000260106754674101 -0.0216732178166227
0.84375 -0.0002265987695508 -0.0211921425025024
0.859375 -0.000193962684437545 -0.0205545540088952
0.875 -0.000162456202902287 -0.0197429924643659
0.890625 -0.000132367545682712 -0.018735601210553
0.90625 -0.000104023685048828 -0.0175042194770834
0.921875 -7.7802453424347e-05 -0.0160111780766328
0.9375 -5.41514301131356e-05 -0.0142034576362034
0.953125 -3.36198905887238e-05 -0.0120007366511888
0.96875 -1.69197126574883e-05 -0.00926611610079255
0.984375 -5.06633586113131e-06 -0.00570365990224813
1 2.03450520833372e-07 inf
