0.015625 -3.75430037562549e-05 0.0230591461141586
0.03125 -7.20727490969026e-05 0.0211430948573543
0.046875 -0.000103628301022098 0.0192522463064216
0.0625 -0.000132249359818555 0.0173870136572042
0.078125 -0.000157976282064991 0.0155478238806239
0.09375 -0.000180850102696956 0.0137351184232396
0.109375 -0.000200912558203522 0.0119493539561315
0.125 -0.00021820611103458 0.0101910031763525
0.140625 -0.000232773975304509 0.00846055566564051
0.15625 -0.000244660143885662 0.00675851881159913
0.171875 -0.000253909416993724 0.00508541879713271
0.1875 -0.000260567432376543 0.00344180166457741
0.203125 -0.000264680697228634 0.00182823446171271
0.21875 -0.00026629662196547 0.000245306477683982
0.234375 -0.000265463556004923 -0.00130636942216941
0.25 -0.000262230825718147 -0.00282615535248391
0.265625 -0.000256648774728896 -0.00431338684368055
0.28125 -0.000248768806759161 -0.00576737114460275
0.296875 -0.000238643431240286 -0.00718738537750146
0.3125 -0.000226326311932802 -0.00857267452895423
0.328125 -0.000211872318825622 -0.00992244925806503
0.34375 -0.00019533758361631 -0.0112358835006875
0.359375 -0.000176779559109701 -0.012512111845376
0.375 -0.000156257082912803 -0.0137502266532097
0.390625 -0.000133830445850626 -0.0149492748894564
0.40625 -0.000109561465581341 -0.0161082546301083
0.421875 -8.35135659514301e-05 -0.0172261112004819
0.4375 -5.57518627035822e-05 -0.0183017328961274
0.453125 -2.63432562341582e-05 -0.0193339462279921
0.46875 4.6434678047128e-06 -0.0203215106238226
0.484375 3.71375291479811e-05 -0.0212631125057753
0.5 7.10660337589869e-05 -0.0221573586496405
0.515625 0.000106353843661545 -0.0230027687133297
0.53125 0.000142923434363152 -0.0237977668005055
0.546875 0.00018069473823986 -0.0245406718983786
0.5625 0.000219584971976758 -0.0252296869953482
0.578125 0.000259508445823033 -0.0258628866424636
0.59375 0.000300376352012361 -0.0264382026701607
0.609375 0.000342096529198583 -0.0269534077050325
0.625 0.000384573199137619 -0.0274060960459936
0.640625 0.000427706671075678 -0.0277936613488318
0.65625 0.000471393008335457 -0.0281132704241189
0.671875 0.000515523650364722 -0.0283618322634836
0.6875 0.000559984981940659 -0.0285359611557978
0.703125 0.000604657839190912 -0.0286319324124017
0.71875 0.000649416939431917 -0.0286456287515081
0.734375 0.000694130218298163 -0.028572474739903
0.75 0.000738658052893893 -0.0284073557684886
0.765625 0.000782852343222861 -0.0281445167116492
0.78125 0.000826555415153623 -0.0277774334716687
0.796875 0.00086959869543066 -0.0272986476806734
0.8125 0.000911801090784236 -0.0266995503163481
0.828125 0.000952966975794649 -0.0259700928166227
0.84375 0.000992883652324199 -0.0250983925025024
0.859375 0.0010313180772812 -0.0240701790088952
0.875 0.00106801254709771 -0.0228679924643659
0.890625 0.00110267884103604 -0.021469976210553
0.90625 0.00113498998682617 -0.0198479694770834
0.921875 0.0011645681520444 -0.0179643030766328
0.9375 0.00119096575738686 -0.0157659576362034
0.953125 0.00121363352738003 -0.0131726116511888
0.96875 0.00123185958421751 -0.0100473661007925
0.984375 0.00124462848835762 -0.00609428490224813
1 0.00125020345052083 inf
