0.015625 -1.81643416468799e-05 0.0107544586141586
0.03125 -3.36206006594026e-05 0.00903371985735427
0.046875 -4.64078420377229e-05 0.00733818380642155
0.0625 -5.65657660685553e-05 0.00566826365720416
0.078125 -6.41347293306161e-05 0.00402438638062392
0.09375 -6.91557667594563e-05 0.00240699342323959
0.109375 -7.16706148441465e-05 0.000816541456131448
0.125 -7.17217360345798e-05 -0.000746496823647537
0.140625 -6.93523444451344e-05 -0.00228163183435949
0.15625 -6.46064329481618e-05 -0.00378835618840087
0.171875 -5.75288017593491e-05 -0.0052661437028673
0.1875 -4.8165088626543e-05 -0.0067144483354226
0.203125 -3.65618007442592e-05 -0.00813270303828729
0.21875 -2.27663485279696e-05 -0.00952031852231602
0.234375 -6.82708139554784e-06 -0.0108766819221694
0.25 1.12066742818533e-05 -0.0122011553524839
0.265625 3.12845748804796e-05 -0.0134930743436806
0.28125 5.33552166783386e-05 -0.0147517461446028
0.296875 7.73660902440892e-05 -0.0159764478775015
0.3125 0.000103263531817198 -0.0171664245289542
0.328125 0.000130992671408753 -0.018320886758065
0.34375 0.00016049737732119 -0.0194390085006875
0.359375 0.000191720196749675 -0.020519924345376
0.375 0.000224602292087197 -0.0215627266532097
0.390625 0.000259083372508749 -0.0225664623894564
0.40625 0.000295101620356159 -0.0235301296301083
0.421875 0.000332593611782945 -0.0244526737004819
0.4375 0.000371494231046418 -0.0253329828961274
0.453125 0.000411736577750217 -0.0261698837279921
0.46875 0.000453251866242213 -0.0269621356238226
0.484375 0.000495969316257356 -0.0277084250057753
0.5 0.000539816033758987 -0.0284073586496405
0.515625 0.000584716880770921 -0.0290574562133297
0.53125 0.000630594332800653 -0.0296571418005055
0.546875 0.000677368322224235 -0.0302047343983786
0.5625 0.000724956065726758 -0.0306984369953482
0.578125 0.000773271873557408 -0.0311363241424636
0.59375 0.000822226937949861 -0.0315163276701607
0.609375 0.000871729097557958 -0.0318362202050326
0.625 0.000921682574137619 -0.0320935960459936
0.640625 0.000971987676935053 -0.0322858488488318
0.65625 0.00102254046927296 -0.0324101454241189
0.671875 0.0010732323905991 -0.0324633947634836
0.6875 0.00112394982569066 -0.0324422111557978
0.703125 0.00117457361067529 -0.0323428699124017
0.71875 0.00122497846286942 -0.0321612537515081
0.734375 0.00127503231790754 -0.031892787239903
0.75 0.00132459555289389 -0.0315323557684886
0.765625 0.00137352006783224 -0.0310742042116492
0.78125 0.00142164818859112 -0.0305118084716687
0.796875 0.00146881134191504 -0.0298377101806734
0.8125 0.00151482843453424 -0.0290433003163481
0.828125 0.00155950384102902 -0.0281185303166227
0.84375 0.0016026248632617 -0.0270515175025024
0.859375 0.00164395845814058 -0.0258279915088953
0.875 0.00168324692209771 -0.0244304924643659
0.890625 0.00172020203439541 -0.022837163710553
0.90625 0.00175449682276367 -0.0210198444770834
0.921875 0.00178575345477878 -0.0189408655766328
0.9375 0.00181352435113687 -0.0165472076362034
0.953125 0.0018372602363644 -0.0137585491511888
0.96875 0.00185624923265501 -0.0104379911007926
0.984375 0.00186947590046699 -0.00628959740224813
1 0.00187520345052083 inf
