0.015625 -0.000153814976412505 0.0968872711141586
0.03125 -0.000302785639721903 0.0937993448573543
0.046875 -0.000446951054928348 0.0907366213064216
0.0625 -0.000586350922318555 0.0876995136572042
0.078125 -0.000721025598471241 0.0846884488806239
0.09375 -0.000851016118321956 0.0817038684232396
0.109375 -0.000976364218359772 0.0787462289561315
0.125 -0.00109711236103458 0.0758160031763525
0.140625 -0.00121330376046076 0.0729136806656405
0.15625 -0.00132498240951066 0.0700397688115991
0.171875 -0.00143219310839997 0.0671947937971327
0.1875 -0.00153498149487654 0.0643793016645774
0.203125 -0.00163339407613488 0.0615938594617127
0.21875 -0.00172747826259047 0.058839056477684
0.234375 -0.00181728240366117 0.0561155055778306
0.25 -0.00190285582571815 0.0534238446475161
0.265625 -0.00198424887238515 0.0507647381563194
0.28125 -0.00206151294738416 0.0481388788553972
0.296875 -0.00213470056014654 0.0455469896224985
0.3125 -0.0022038653744328 0.0429898254710458
0.328125 -0.00226906226023187 0.040468175741935
0.34375 -0.00233034734924131 0.0379828664993124
0.359375 -0.00238777809426595 0.035534763154624
0.375 -0.0024414133329128 0.0331247733467903
0.390625 -0.00249131335600688 0.0307538501105436
0.40625 -0.00253753998120634 0.0284229953698917
0.421875 -0.00258015663235768 0.0261332637995181
0.4375 -0.00261922842520358 0.0238857671038726
0.453125 -0.00265482226014041 0.0216816787720079
0.46875 -0.00268700692282029 0.0195222393761774
0.484375 -0.00271585319350827 0.0174087624942247
0.5 -0.00274143396624101 0.0153426413503595
0.515625 -0.0027638243789947 0.0133253562866703
0.53125 -0.00278310195626185 0.0113584831994945
0.546875 -0.00279934676566639 0.0094437031016214
0.5625 -0.00281264159052324 0.0075828130046518
0.578125 -0.00282307212058322 0.00577773835753637
0.59375 -0.00283072716361264 0.00403054732983932
0.609375 -0.00283569888095767 0.00234346729496744
0.625 -0.00283808305086238 0.000718903954006361
0.640625 -0.00283797936408057 -0.000840536348831832
0.65625 -0.00283549175728954 -0.00233202042411888
0.671875 -0.00283072879104153 -0.00375245726348358
0.6875 -0.00282380408055934 -0.0050984611557978
0.703125 -0.00281483678971534 -0.00636630741240171
0.71875 -0.00280395220119308 -0.0075518787515081
0.734375 -0.00279128237935809 -0.00865059973990304
0.75 -0.00277696694710611 -0.00965735576848857
0.765625 -0.00276115400443339 -0.0105663917116492
0.78125 -0.00274400122547138 -0.0113711834716687
0.796875 -0.00272567718347559 -0.0120642726806734
0.8125 -0.00270636297171576 -0.0126370503163481
0.828125 -0.0026862542156116 -0.0130794678166227
0.84375 -0.0026655636133008 -0.0133796425025024
0.859375 -0.00264452420787504 -0.0135233040088952
0.875 -0.00262339370290229 -0.0134929924643659
0.890625 -0.00260246031912021 -0.013266851210553
0.90625 -0.00258205102879883 -0.0128167194770834
0.921875 -0.00256254366436185 -0.0121049280766328
0.9375 -0.00254438580511314 -0.0110784576362034
0.953125 -0.00252812672652622 -0.00965698665118882
0.96875 -0.00251447830640749 -0.00770361610079255
0.984375 -0.00250445598429863 -0.00492240990224813
1 -0.00249979654947917 inf
