0 0
0.125 1.25e-05
0.25 2.468748046875e-05
0.375 3.65702172730698e-05
0.5 4.81557946686441e-05
0.625 5.9451609929358e-05
0.75 7.04648778693836e-05
0.875 8.12026352602724e-05
1 9.16717451452689e-05
1.125 0.00010187890105303
1.25 0.000111830631112894
1.375 0.000121533302073815
1.5 0.000130993123229031
1.625 0.000140216150248513
1.75 0.000149208288921201
1.875 0.000157975298808986
2 0.000166522796814382
2.125 0.00017485626066379
2.25 0.000182981032308209
2.375 0.000190902321243231
2.5 0.000198625207750118
2.625 0.000206154646059721
2.75 0.000213495467440966
2.875 0.000220652383215615
3 0.000227629987700947
3.125 0.000234432761082011
3.25 0.000241065072215027
3.375 0.000247531181363521
3.5 0.000253835242868715
3.625 0.000259981307755681
3.75 0.000265973326276742
3.875 0.000271815150393537
4 0.0002775105361992
4.125 0.000283063146282008
4.25 0.00028847655203186
4.375 0.000293754235890929
4.5 0.000298899593549768
4.625 0.000303915936090146
4.75 0.000308806492075866
4.875 0.000313574409592776
5 0.000318222758239162
5.125 0.000322754531067701
5.25 0.000327172646480092
5.375 0.000331479950075514
5.5 0.000335679216453964
5.625 0.00033977315097557
5.75 0.000343764391476915
5.875 0.000347655509945386
6 0.000351449014152552
6.125 0.000355147349247545
6.25 0.000358752899311397
6.375 0.000362267988873266
6.5 0.000365694884389464
6.625 0.000369035795686169
6.75 0.000372292877366702
6.875 0.000375468230184218
7 0.000378563902380628
7.125 0.000381581890992589
7.25 0.000384524143125332
7.375 0.000387392557195118
7.5 0.000390188984141069
7.625 0.000392915228607124
7.75 0.000395573050094837
7.875 0.000398164164087721
8 0.000400690243147832
8.125 0.000403152917985267
8.25 0.000405553778501226
8.375 0.000407894374805288
8.5 0.000410176218207531
8.625 0.000412400782186095
8.75 0.000414569503330799
8.875 0.000416683782263393
9 0.000418744984535008
9.125 0.000420754441501373
9.25 0.000422713451176333
9.375 0.000424623279064199
9.5 0.000426485158971454
9.625 0.000428300293798315
9.75 0.000430069856310649
9.875 0.000431794989892719
10 0.000433476809281239
10.125 0.000435116401281185
10.25 0.000436714825463822
10.375 0.000438273114847379
10.5 0.000439792276560795
10.625 0.00044127329249096
10.75 0.000442717119913853
10.875 0.000444124692109973
11 0.000445496918964456
11.125 0.000446834687552244
11.25 0.000448138862708688
11.375 0.000449410287585937
11.5 0.000450649784195465
11.625 0.000451858153937079
11.75 0.000453036178114742
11.875 0.000454184618439538
12 0.000455304217520096
12.125 0.000456395699340783
12.25 0.000457459769727966
12.375 0.000458497116804652
12.5 0.000459508411433771
12.625 0.000460494307650404
12.75 0.000461455443083222
12.875 0.000462392439365397
13 0.000463305902535265
13.125 0.000464196423426967
13.25 0.000465064578051353
13.375 0.000465910927967349
13.5 0.000466736020644066
13.625 0.000467540389813843
13.75 0.000468324555816484
13.875 0.000469089025934874
14 0.000469834294722221
14.125 0.000470560844321103
14.25 0.000471269144774549
14.375 0.000471959654329334
14.5 0.000472632819731686
14.625 0.000473289076515608
14.75 0.000473928849283974
14.875 0.000474552551982602
15 0.000475160588167462
15.125 0.000475753351265207
15.25 0.000476331224827172
15.375 0.000476894582777025
15.5 0.000477443789652214
15.625 0.000477979200839374
15.75 0.000478501162803835
15.875 0.000479010013313389
16 0.000479506081656447
16.125 0.000479989688854743
16.25 0.000480461147870698
16.375 0.000480920763809604
16.5 0.000481368834116731
16.625 0.000481805648769506
16.75 0.00048223149046487
16.875 0.000482646634801948
17 0.000483051350460139
17.125 0.000483445899372738
17.25 0.000483830536896217
17.375 0.000484205511975257
17.5 0.000484571067303648
17.625 0.000484927439481148
17.75 0.000485274859166424
17.875 0.000485613551226146
18 0.00048594373488035
18.125 0.000486265623844158
18.25 0.000486579426465938
18.375 0.000486885345862007
18.5 0.000487183580047955
18.625 0.000487474322066672
18.75 0.000487757760113171
18.875 0.000488034077656273
19 0.000488303453557247
19.125 0.000488566062185471
19.25 0.000488822073531195
19.375 0.000489071653315468
19.5 0.000489314963097322
19.625 0.00048955216037825
19.75 0.000489783398704077
19.875 0.00049000882776427
20 0.000490228593488752
20.125 0.000490442838142299
20.25 0.000490651700416556
20.375 0.000490855315519752
20.5 0.000491053815264161
20.625 0.000491247328151372
20.75 0.00049143597945541
20.875 0.000491619891303787
21 0.000491799182756502
21.125 0.000491973969883069
21.25 0.000492144365837612
21.375 0.000492310480932069
21.5 0.000492472422707562
21.625 0.000492630296003982
21.75 0.000492784203027815
21.875 0.000492934243418276
22 0.000493080514311777
22.125 0.000493223110404783
22.25 0.000493362124015084
22.375 0.00049349764514153
22.5 0.000493629761522272
22.625 0.000493758558691533
22.75 0.000493884120034959
22.875 0.000494006526843582
23 0.000494125858366422
23.125 0.000494242191861773
23.25 0.000494355602647202
23.375 0.000494466164148288
23.5 0.000494573947946145
23.625 0.000494679023823743
23.75 0.000494781459811073
23.875 0.000494881322229175
24 0.000494978675733059
24.125 0.000495073583353554
24.25 0.000495166106538098
24.375 0.000495256305190513
24.5 0.000495344237709771
24.625 0.000495429961027798
24.75 0.000495513530646317
24.875 0.000495595000672778
25 0.000495674423855372
25.125 0.000495751851617179
25.25 0.000495827334089452
25.375 0.000495900920144062
25.5 0.000495972657425135
25.625 0.000496042592379893
25.75 0.000496110770288714
25.875 0.000496177235294446
26 0.000496242030430982
26.125 0.000496305197651112
26.25 0.000496366777853682
26.375 0.00049642681091007
26.5 0.000496485335689995
26.625 0.000496542390086675
26.75 0.000496598011041364
26.875 0.000496652234567259
27 0.000496705095772815
27.125 0.000496756628884474
27.25 0.000496806867268819
27.375 0.000496855843454178
27.5 0.000496903589151677
27.625 0.000496950135275771
27.75 0.000496995511964258
27.875 0.000497039748597787
28 0.000497082873818882
28.125 0.000497124915550479
28.25 0.00049716590101401
28.375 0.000497205856747018
28.5 0.000497244808620345
28.625 0.000497282781854874
28.75 0.000497319801037861
28.875 0.000497355890138851
29 0.000497391072525198
29.125 0.000497425370977189
29.25 0.000497458807702798
29.375 0.000497491404352058
29.5 0.000497523182031081
29.625 0.000497554161315722
29.75 0.000497584362264898
29.875 0.00049761380443358
30 0.000497642506885445
30.125 0.000497670488205226
30.25 0.000497697766510742
30.375 0.000497724359464624
30.5 0.000497750284285758
30.625 0.000497775557760426
30.75 0.000497800196253177
30.875 0.000497824215717424
31 0.000497847631705769
31.125 0.000497870459380076
31.25 0.000497892713521283
31.375 0.000497914408538979
31.5 0.000497935558480726
31.625 0.000497956177041158
31.75 0.000497976277570847
31.875 0.000497995873084948
32 0.000498014976271623
Total steps: 256
