0 0
1 0.0001
2 0.00017999
3 0.0002439596035999
4 0.000295108166591731
5 0.000335999444443396
6 0.00036868665992805
7 0.000394813398089231
8 0.000415694840852074
9 0.000432383070480948
10 0.00044571950126512
11 0.000456376935138288
12 0.000464893268203704
13 0.000471698488812142
14 0.000477136291585366
15 0.000481481374227545
16 0.000484953275068308
17 0.000487727440375647
18 0.000489944074244422
19 0.000491715214199651
20 0.000493130387507845
21 0.000494261132427192
22 0.000495164611874726
23 0.000495886501506928
24 0.000496463297783165
25 0.000496924162420486
26 0.000497292396313192
27 0.000497586617323123
28 0.000497821701416759
29 0.000498009534687006
30 0.000498159614252965
31 0.0004982795284011
32 0.000498375340232456
Total steps: 32
