0 0
0.5 5e-05
1 9.499875e-05
1.5 0.000135494362618749
2 0.000171935746995724
2.5 0.000204727391345604
3 0.00023423369555866
3.5 0.000260782893290726
4 0.000284670600102937
4.5 0.000306163021417362
5 0.000325499851377784
5.5 0.000342896891163382
6 0.000358548412908059
6.5 0.000372629293135054
7 0.000385296937526497
7.5 0.000396693016908814
8 0.0004069450325431
8.5 0.000416167727159035
9 0.000424464356654567
9.5 0.000431927835994075
10 0.000438641771566914
10.5 0.000444681391108341
11 0.000450114381227708
11.5 0.000455001641626843
12 0.000459397964217217
12.5 0.000463352644550732
13 0.000466910032259053
13.5 0.000470110026544035
14 0.000472988522171103
14.5 0.00047557781088294
15 0.000477906942667544
15.5 0.000480002050877865
16 0.000481886644805655
16.5 0.000483581872955868
17 0.000485106759946356
17.5 0.000486478419667447
18 0.000487712247074302
18.5 0.000488822090748898
19 0.000489820408155806
19.5 0.000490718405324103
20 0.000491526162515031
20.5 0.000492252747279309
21 0.000492906316167776
21.5 0.00049349420623274
22 0.000494023017343673
22.5 0.000494498686238473
23 0.00049492655313928
23.5 0.000495311421678851
24 0.000495657612808743
24.5 0.000495969013293301
25 0.000496249119332897
25.5 0.000496501075805388
26 0.000496727711565711
26.5 0.000496931571199422
27 0.000497114943586252
27.5 0.000497279887594058
28 0.00049742825519135
28.5 0.000497561712237684
29 0.000497681757185173
29.5 0.000497789737900938
30 0.000497886866799265
30.5 0.000497974234453273
31 0.000498052821838856
31.5 0.000498123511348299
32 0.00049818709669719
Total steps: 64
