0 0
0.25 2.5e-05
0.5 4.874984375e-05
0.75 7.13117574256836e-05
1 9.27448982127126e-05
1.25 0.000113105502898041
1.5 0.000132447029539442
1.75 0.000150820292508562
2 0.000168273591192976
2.25 0.000184852832632954
2.5 0.000200601648358873
2.75 0.000215561505685598
3 0.000229771813710635
3.25 0.000243270024253509
3.5 0.000256091727964659
3.75 0.000268270745823143
4 0.000279839216233719
4.25 0.000290827677925298
4.5 0.000301265148844471
4.75 0.00031117920122977
5 0.000320596033044462
5.25 0.000329540535938138
5.5 0.000338036359900025
5.75 0.00034610597475987
6 0.000353770728685435
6.25 0.000361050903819045
6.5 0.000367965769189306
6.75 0.000374533631028016
7 0.000380771880616423
7.25 0.000386697039779335
7.5 0.000392324804140224
7.75 0.000397670084245227
8 0.00040274704465899
8.25 0.000407569141130545
8.5 0.000412149155922817
8.75 0.000416499231394995
9 0.000420630901922807
9.25 0.000424555124237753
9.5 0.000428282306262486
9.75 0.000431822334515898
10 0.000435184600157956
10.25 0.000438378023741005
10.5 0.00044141107873103
10.75 0.000444291813859372
11 0.000447027874362437
11.25 0.000449626522164201
11.5 0.000452094655053633
11.75 0.000454438824906669
12 0.00045666525499994
12.25 0.000458779856461162
12.5 0.00046078824389893
12.75 0.000462695750252555
13 0.000464507440900602
13.25 0.000466228127064909
13.5 0.000467862378545047
13.75 0.00046941453581648
14 0.000470888721524047
14.25 0.00047228885140083
14.5 0.000473618644640999
14.75 0.000474881633753811
15 0.000476081173924601
15.25 0.00047722045190733
15.5 0.000478302494472034
15.75 0.000479330176429378
16 0.0004803062282534
16.25 0.000481233243322505
16.5 0.00048211368479776
16.75 0.000482949892156605
17 0.000483744087399191
17.25 0.000484498380943708
17.5 0.000485214777226238
17.75 0.000485895180019917
18 0.000486541397487429
18.25 0.000487155146980191
18.5 0.000487738059596874
18.75 0.000488291684513335
19 0.000488817493095377
19.25 0.000489316882805219
19.5 0.000489791180912009
19.75 0.000490241648016184
20 0.000490669481397012
20.25 0.000491075818192168
20.5 0.000491461738417756
20.75 0.000491828267836786
21 0.000492176380683686
21.25 0.000492507002252076
21.5 0.000492821011352655
21.75 0.000493119242647715
22 0.000493402488868462
22.25 0.000493671502921033
22.5 0.000493926999886783
22.75 0.000494169658922139
23 0.000494400125063082
23.25 0.000494619010939013
23.5 0.000494826898400566
23.75 0.000495024340065693
24 0.000495211860788094
24.25 0.000495389959051923
24.5 0.000495559108296445
24.75 0.000495719758174168
25 0.000495872335745799
25.25 0.00049601724661517
25.5 0.000496154876007176
25.75 0.000496285589791571
26 0.000496409735455334
26.25 0.000496527643026203
26.5 0.000496639625949821
26.75 0.000496745981922814
27 0.000496846993684034
27.25 0.000496942929766049
27.5 0.000497034045208886
27.75 0.000497120582237917
28 0.0004972027709077
28.25 0.000497280829713465
28.5 0.000497354966171892
28.75 0.000497425377372704
29 0.000497492250502555
29.25 0.0004975557633426
29.5 0.000497616084741061
29.75 0.000497673375062059
30 0.000497727786611895
30.25 0.000497779464043909
30.5 0.000497828544743008
30.75 0.000497875159190867
31 0.000497919431312789
31.25 0.00049796147880713
31.5 0.000498001413458179
31.75 0.000498039341433319
32 0.000498075363565249
Total steps: 128
