0 0
0.125 1.21952944214462e-05
0.25 2.409308540219e-05
0.375 3.57005972434308e-05
0.5 4.70248804260242e-05
0.625 5.80728157148794e-05
0.75 6.88511181702229e-05
0.875 7.93663410676535e-05
1 8.96248797288882e-05
1.125 9.96329752650629e-05
1.25 0.000109396718234426
1.375 0.000118922052216228
1.5 0.000128214777302584
1.625 0.000137280553510054
1.75 0.000146124904112654
1.875 0.000154753218897984
2 0.000163170757348123
2.125 0.000171382651746929
2.25 0.00017939391021532
2.375 0.000187209419676121
2.5 0.000194833948750004
2.625 0.000202272150584029
2.75 0.000209528565614273
2.875 0.000216607624264
3 0.00022351364957878
3.125 0.000230250859799981
3.25 0.000236823370877978
3.375 0.000243235198926437
3.5 0.000249490262618986
3.625 0.000255592385529564
3.75 0.000261545298417711
3.875 0.00026735264146004
4 0.000273017966429102
4.125 0.000278544738820833
4.25 0.00028393633993176
4.375 0.000289196068887081
4.5 0.000294327144620763
4.625 0.00029933270780874
4.75 0.000304215822756276
4.875 0.000308979479240554
5 0.000313626594309513
5.125 0.000318160014037927
5.25 0.000322582515241733
5.375 0.000326896807151545
5.5 0.000331105533046309
5.625 0.000335211271848024
5.75 0.000339216539678416
5.875 0.000343123791378462
6 0.000346935421991615
6.125 0.000350653768211587
6.25 0.000354281109795499
6.375 0.000357819670943215
6.5 0.000361271621643655
6.625 0.000364639078988847
6.75 0.000367924108456475
6.875 0.000371128725161669
7 0.000374254895078754
7.125 0.000377304536233658
7.25 0.000380279519867682
7.375 0.000383181671573289
7.5 0.000386012772402584
7.625 0.00038877455994913
7.75 0.000391468729403718
7.875 0.000394096934584712
8 0.00039666078894358
8.125 0.000399161866546182
8.25 0.0004016017030304
8.375 0.000403981796540668
8.5 0.000406303608639951
8.625 0.000408568565199709
8.75 0.000410778057268365
8.875 0.000412933441918797
9 0.000415036043075343
9.125 0.00041708715232082
9.25 0.000419088029684016
9.375 0.00042103990440814
9.5 0.000422943975700672
9.625 0.000424801413465058
9.75 0.000426613359014693
9.875 0.000428380925769607
10 0.00043010519993627
10.125 0.000431787241170918
10.25 0.00043342808322681
10.375 0.000435028734585773
10.5 0.000436590179074441
10.625 0.000438113376465537
10.75 0.000439599263064566
10.875 0.000441048752282259
11 0.000442462735193132
11.125 0.000443842081080465
11.25 0.000445187637968052
11.375 0.000446500233139031
11.5 0.000447780673642099
11.625 0.000449029746785432
11.75 0.000450248220618589
11.875 0.000451436844402701
12 0.000452596349069224
12.125 0.000453727447667534
12.25 0.000454830835801626
12.375 0.000455907192056194
12.5 0.000456957178412337
12.625 0.000457981440653141
12.75 0.000458980608759391
12.875 0.00045995529729565
13 0.000460906105786924
13.125 0.000461833619086165
13.25 0.000462738407732807
13.375 0.000463621028302581
13.5 0.000464482023748789
13.625 0.000465321923735272
13.75 0.000466141244961256
13.875 0.000466940491478281
14 0.000467720154999397
14.125 0.000468480715200827
14.25 0.000469222640016267
14.375 0.000469946385924012
14.5 0.00047065239822707
14.625 0.000471341111326453
14.75 0.000472012948987789
14.875 0.000472668324601435
15 0.000473307641436235
15.125 0.000473931292887094
15.25 0.000474539662716494
15.375 0.000475133125290132
15.5 0.000475712045806788
15.625 0.000476276780522588
15.75 0.000476827676969792
15.875 0.000477365074170235
16 0.000477889302843555
16.125 0.000478400685610338
16.25 0.000478899537190293
16.375 0.000479386164595598
16.5 0.000479860867319508
16.625 0.000480323937520365
16.75 0.000480775660201106
16.875 0.000481216313384385
17 0.000481646168283417
17.125 0.000482065489468645
17.25 0.000482474535030332
17.375 0.000482873556737181
17.5 0.000483262800191076
17.625 0.000483642504978037
17.75 0.00048401290481549
17.875 0.000484374227695934
18 0.000484726696027091
18.125 0.000485070526768633
18.25 0.000485405931565566
18.375 0.000485733116878347
18.5 0.000486052284109827
18.625 0.000486363629729077
18.75 0.000486667345392198
18.875 0.000486963618060167
19 0.000487252630113805
19.125 0.000487534559465926
19.25 0.000487809579670754
19.375 0.000488077860030649
19.5 0.000488339565700233
19.625 0.000488594857787962
19.75 0.000488843893455214
19.875 0.000489086826012955
20 0.000489323805016034
20.125 0.000489554976355175
20.25 0.000489780482346719
20.375 0.000490000461820161
20.5 0.000490215050203557
20.625 0.00049042437960683
20.75 0.000490628578903043
20.875 0.000490827773807679
21 0.000491022086955984
21.125 0.000491211637978415
21.25 0.000491396543574239
21.375 0.000491576917583335
21.5 0.000491752871056233
21.625 0.000491924512322442
21.75 0.000492091947057106
21.875 0.00049225527834602
22 0.000492414606749069
22.125 0.000492570030362098
22.25 0.000492721644877276
22.375 0.000492869543641982
22.5 0.000493013817716246
22.625 0.000493154555928782
22.75 0.000493291844931656
22.875 0.00049342576925361
23 0.000493556411352079
23.125 0.000493683851663936
23.25 0.000493808168654998
23.375 0.000493929438868313
23.5 0.000494047736971268
23.625 0.000494163135801546
23.75 0.000494275706411949
23.875 0.000494385518114133
24 0.000494492638521266
24.125 0.000494597133589641
24.25 0.000494699067659276
24.375 0.000494798503493508
24.5 0.000494895502317631
24.625 0.000494990123856576
24.75 0.000495082426371675
24.875 0.000495172466696523
25 0.000495260300271959
25.125 0.000495345981180193
25.25 0.000495429562178093
25.375 0.000495511094729668
25.5 0.000495590629037735
25.625 0.000495668214074832
25.75 0.00049574389761336
25.875 0.000495817726254989
26 0.000495889745459349
26.125 0.000495959999572009
26.25 0.000496028531851781
26.375 0.000496095384497348
26.5 0.000496160598673238
26.625 0.000496224214535171
26.75 0.000496286271254776
26.875 0.000496346807043706
27 0.00049640585917716
27.125 0.000496463464016836
27.25 0.00049651965703331
27.375 0.000496574472827877
27.5 0.000496627945153849
27.625 0.000496680106937339
27.75 0.000496730990297531
27.875 0.00049678062656645
28 0.000496829046308258
28.125 0.000496876279338065
28.25 0.000496922354740288
28.375 0.000496967300886558
28.5 0.000497011145453186
28.625 0.000497053915438201
28.75 0.000497095637177974
28.875 0.000497136336363434
29 0.000497176038055881
29.125 0.00049721476670242
29.25 0.00049725254615101
29.375 0.000497289399665149
29.5 0.000497325349938193
29.625 0.000497360419107335
29.75 0.000497394628767227
29.875 0.000497427999983283
30 0.000497460553304642
30.125 0.000497492308776826
30.25 0.000497523285954079
30.375 0.000497553503911408
30.5 0.000497582981256327
30.625 0.000497611736140312
30.75 0.000497639786269981
30.875 0.000497667148917994
31 0.000497693840933689
31.125 0.000497719878753453
31.25 0.000497745278410849
31.375 0.000497770055546482
31.5 0.00049779422541763
31.625 0.000497817802907644
31.75 0.000497840802535104
31.875 0.000497863238462766
32 0.000497885124506276
Total steps: 1024
