0 0
0.5 4.54490536597534e-05
1 8.67642992776962e-05
1.5 0.000124320381426364
2 0.000158458225055673
2.5 0.000189522361287531
3 0.000217754438288977
3.5 0.000243412016246526
4 0.000266729342094175
4.5 0.000287919440457284
5 0.000307176020434148
5.5 0.000324675213841723
6 0.00034057715933209
6.5 0.000355027445642043
7 0.000368158426168843
7.5 0.000380090416068985
8 0.000390932782151242
8.5 0.000400784934977405
9 0.000409737231790648
9.5 0.000417871798158955
10 0.000425263275545872
10.5 0.000431979501399451
11 0.000438082127779131
11.5 0.000443627184015876
12 0.000448665588420002
12.5 0.000453243613610387
13 0.000457403309635307
13.5 0.00046118288868599
14 0.000464617074866496
14.5 0.000467737422175146
15 0.000470572603571099
15.5 0.000473148673742636
16 0.000475489307959138
16.5 0.000477616019174852
17 0.000479548355357523
17.5 0.000481304078837192
18 0.000482899329308541
18.5 0.000484348771972612
19 0.00048566573216938
19.5 0.000486862317730358
20 0.000487949530169003
20.5 0.000488937365725399
21 0.000489834907189417
21.5 0.000490650407342651
22 0.000491391364783082
22.5 0.000492064592826957
23 0.00049267628211923
23.5 0.000493232057526429
24 0.000493737029833595
24.5 0.000494195842719421
25 0.000494612715440534
25.5 0.000494991481616575
26 0.000495335624472054
26.5 0.000495648308858467
27 0.000495932410350704
27.5 0.000496190541684898
28 0.000496425076780558
28.5 0.000496638172567596
29 0.000496831788818789
29.5 0.000497007706169867
30 0.000497167542492804
30.5 0.000497312767772768
31 0.000497444717625441
31.5 0.000497564605578947
32 0.000497673534233269
Total steps: 260
