0 0
1 9.0896214778004e-05
2 0.000165255067868352
3 0.000226076000061139
4 0.000275817522126753
5 0.000316538920983364
6 0.000349827920902639
7 0.000377039189115127
8 0.000399281109105836
9 0.000417460348266143
10 0.000432318429693275
11 0.000444461719576684
12 0.000454386000226484
13 0.000462496596048739
14 0.000469124850401464
15 0.000474541610386832
16 0.000478968259856433
17 0.000482585744368918
18 0.000485541952209284
19 0.000487957750010998
20 0.000489931917609714
21 0.000491545182479583
22 0.000492863517772211
23 0.000493940838190511
24 0.000494821203521678
25 0.000495540619663675
26 0.000496128510614882
27 0.000496608921504056
28 0.000497001501780473
29 0.00049732230872142
30 0.000497584464084186
31 0.000497798690735892
32 0.000497973751193916
Total steps: 132
