0 0
0.125 1.23456937240751e-05
0.25 2.43865182072657e-05
0.375 3.61299666389101e-05
0.5 4.75833497676409e-05
0.625 5.87538002586569e-05
0.75 6.96482769510974e-05
0.875 8.02735690176009e-05
1 9.06363000280983e-05
1.125 0.000100742931919858
1.25 0.000110599768875767
1.375 0.0001202129611128
1.5 0.000129588508582593
1.625 0.000138732264586014
1.75 0.00014764993930357
1.875 0.000156347103243489
2 0.000164829190609251
2.125 0.000173101502588332
2.25 0.00018116921056388
2.375 0.000189037359251022
2.5 0.000196710869759456
2.625 0.000204194542583965
2.75 0.000211493060524444
2.875 0.00021861099153702
3 0.000225552791517788
3.125 0.000232322807020688
3.25 0.000238925277910988
3.375 0.000245364339955833
3.5 0.00025164402735327
3.625 0.000257768275201159
3.75 0.000263740921907309
3.875 0.000269565711542202
4 0.000275246296135595
4.125 0.000280786237918293
4.25 0.00028618901151034
4.375 0.000291458006056874
4.5 0.000296596527312829
4.625 0.000301607799677677
4.75 0.000306494968181361
4.875 0.000311261100422548
5 0.000315909188460309
5.125 0.000320442150660296
5.25 0.000324862833496498
5.375 0.000329174013309591
5.5 0.0003333783980229
5.625 0.000337478628816974
5.75 0.000341477281763726
5.875 0.000345376869421105
6 0.000349179842389214
6.125 0.000352888590828784
6.25 0.000356505445942897
6.375 0.000360032681422818
6.5 0.000363472514858779
6.625 0.000366827109116565
6.75 0.000370098573680687
6.875 0.000373288965964944
7 0.00037640029259116
7.125 0.000379434510636829
7.25 0.000382393528852431
7.375 0.000385279208849121
7.5 0.000388093366257513
7.625 0.000390837771858246
7.75 0.000393514152684993
7.875 0.000396124193100594
8 0.000398669535846935
8.125 0.000401151783069219
8.25 0.000403572497315233
8.375 0.000405933202510214
8.5 0.0004082353849079
8.625 0.000410480494018339
8.75 0.000412669943513019
8.875 0.000414805112107859
9 0.00041688734442459
9.125 0.00041891795183107
9.25 0.000420898213261011
9.375 0.000422829376013636
9.5 0.000424712656533749
9.625 0.000426549241172679
9.75 0.000428340286930577
9.875 0.000430086922180507
10 0.000431790247374779
10.125 0.000433451335733946
10.25 0.000435071233918893
10.375 0.000436650962686431
10.5 0.000438191517528782
10.625 0.000439693869297366
10.75 0.000441158964811255
10.875 0.000442587727450682
11 0.000443981057735948
11.125 0.000445339833892111
11.25 0.000446664912399775
11.375 0.000447957128532338
11.5 0.000449217296880019
11.625 0.00045044621186099
11.75 0.000451644648219927
11.875 0.000452813361514287
12 0.000453953088588612
12.125 0.000455064548037151
12.25 0.000456148440655086
12.375 0.000457205449878641
12.5 0.000458236242214347
12.625 0.000459241467657726
12.75 0.000460221760101657
12.875 0.000461177737734668
13 0.000462110003429414
13.125 0.00046301914512157
13.25 0.000463905736179381
13.375 0.000464770335764089
13.5 0.00046561348918148
13.625 0.000466435728224739
13.75 0.00046723757150886
13.875 0.000468019524796788
14 0.000468782081317522
14.125 0.000469525722076351
14.25 0.000470250916157441
14.375 0.000470958121018945
14.5 0.000471647782780821
14.625 0.000472320336505544
14.75 0.000472976206471885
14.875 0.000473615806441921
15 0.000474239539921452
15.125 0.000474847800413976
15.25 0.000475440971668397
15.375 0.000476019427920599
15.5 0.00047658353412906
15.625 0.000477133646204629
15.75 0.000477670111234633
15.875 0.000478193267701437
16 0.000478703445695598
16.125 0.000479200967123752
16.25 0.000479686145911358
16.375 0.000480159288200424
16.5 0.000480620692542346
16.625 0.000481070650085975
16.75 0.000481509444761029
16.875 0.000481937353456973
17 0.000482354646197466
17.125 0.000482761586310493
17.25 0.00048315843059429
17.375 0.000483545429479163
17.5 0.00048392282718529
17.625 0.000484290861876638
17.75 0.000484649765811048
17.875 0.000484999765486623
18 0.000485341081784477
18.125 0.000485673930107964
18.25 0.000485998520518444
18.375 0.000486315057867704
18.5 0.000486623741927087
18.625 0.000486924767513429
18.75 0.000487218324611877
18.875 0.000487504598495666
19 0.000487783769842926
19.125 0.0004880560148506
19.25 0.000488321505345537
19.375 0.000488580408892837
19.5 0.000488832888901507
19.625 0.000489079104727506
19.75 0.000489319211774231
19.875 0.000489553361590519
20 0.000489781701966217
20.125 0.000490004377025383
20.25 0.000490221527317186
20.375 0.000490433289904544
20.5 0.000490639798450569
20.625 0.000490841183302873
20.75 0.000491037571575782
20.875 0.000491229087230511
21 0.000491415851153357
21.125 0.00049159798123195
21.25 0.000491775592429612
21.375 0.000491948796857885
21.5 0.000492117703847243
21.625 0.000492282420016069
21.75 0.000492443049337911
21.875 0.000492599693207075
22 0.000492752450502591
22.125 0.000492901417650597
22.25 0.00049304668868517
22.375 0.000493188355307654
22.5 0.000493326506944514
22.625 0.000493461230803764
22.75 0.000493592611929982
22.875 0.000493720733257971
23 0.000493845675665091
23.125 0.000493967518022285
23.25 0.000494086337243847
23.375 0.000494202208335956
23.5 0.000494315204444
23.625 0.000494425396898734
23.75 0.000494532855261291
23.875 0.000494637647367074
24 0.000494739839368565
24.125 0.000494839495777069
24.25 0.00049493667950342
24.375 0.000495031451897688
24.5 0.000495123872787887
24.625 0.000495214000517738
24.75 0.00049530189198348
24.875 0.000495387602669785
25 0.000495471186684765
25.125 0.000495552696794128
25.25 0.000495632184454471
25.375 0.000495709699845758
25.5 0.000495785291902992
25.625 0.000495859008347092
25.75 0.000495930895715017
25.875 0.000496000999389134
26 0.000496069363625862
26.125 0.000496136031583602
26.25 0.000496201045349978
26.375 0.0004962644459684
26.5 0.00049632627346397
26.625 0.000496386566868741
26.75 0.000496445364246358
26.875 0.000496502702716078
27 0.0004965586184762
27.125 0.000496613146826915
27.25 0.000496666322192584
27.375 0.000496718178143466
27.5 0.000496768747416911
27.625 0.00049681806193802
27.75 0.000496866152839798
27.875 0.000496913050482803
28 0.000496958784474315
28.125 0.000497003383687018
28.25 0.000497046876277229
28.375 0.00049708928970267
28.5 0.000497130650739798
28.625 0.00049717098550071
28.75 0.000497210319449624
28.875 0.000497248677418952
29 0.000497286083624979
29.125 0.000497322561683142
29.25 0.000497358134622945
29.375 0.00049739282490249
29.5 0.000497426654422657
29.625 0.00049745964454093
29.75 0.000497491816084872
29.875 0.000497523189365282
30 0.00049755378418901
30.125 0.000497583619871461
30.25 0.00049761271524879
30.375 0.000497641088689792
30.5 0.000497668758107496
30.625 0.000497695740970474
30.75 0.000497722054313869
30.875 0.000497747714750147
31 0.000497772738479587
31.125 0.000497797141300504
31.25 0.000497820938619226
31.375 0.000497844145459816
31.5 0.000497866776473559
31.625 0.000497888845948211
31.75 0.000497910367817016
31.875 0.000497931355667506
32 0.000497951822750075
Total steps: 1024
