0 100
0.09375 90.625
0.1875 82.12890625
0.28125 74.4293212890625
0.375 67.4515724182129
0.46875 61.1279875040054
0.5625 55.3972386755049
0.65625 50.2037475496763
0.75 45.4971462168942
0.84375 41.2317887590604
0.9375 37.3663085628984
1.03125 33.8632171351267
1.125 30.6885405287086
1.21875 27.8114898541422
1.3125 25.2041626803163
1.40625 22.8412724290367
1.5 20.6999031388145
1.59375 18.7592872195506
1.6875 17.0006040427178
1.78125 15.406797413713
1.875 13.9624101561774
1.96875 12.6534342040357
2.0625 11.4671747474074
2.15625 10.392127114838
2.25 9.41786519782189
2.34375 8.53494033552609
2.4375 7.73478967907052
2.53125 7.00965314665766
2.625 6.3524981641585
2.71875 5.75695146126864
2.8125 5.21723726177471
2.90625 4.72812126848333
3 4.28485989956302
