0 100
0.046875 95.3125
0.09375 90.8447265625
0.140625 86.5863800048828
0.1875 82.5276434421539
0.234375 78.659160155803
0.28125 74.9720120234997
0.328125 71.4576989598982
0.375 68.1081193211529
0.421875 64.9155512279739
0.46875 61.8726347641626
0.515625 58.9723550095925
0.5625 56.2080258685178
0.609375 53.5732746559311
0.65625 51.0620274064343
0.703125 48.6684948717577
0.75 46.387159174644
0.796875 44.2127610883326
0.84375 42.140287912317
0.890625 40.1649619164272
0.9375 38.2822293265946
0.984375 36.4877498269105
1.03125 34.7773865537741
1.078125 33.1471965590659
1.125 31.5934217203597
1.171875 30.1124800772178
1.21875 28.7009575735983
1.265625 27.3556001873358
1.3125 26.0733064285545
1.359375 24.851120189716
1.40625 23.686223930823
1.453125 22.5759321840657
1.5 21.5176853629376
1.546875 20.5090438615499
1.59375 19.5476824305398
1.640625 18.6313848166082
1.6875 17.7580386533297
1.734375 16.9256305914549
1.78125 16.1322416574804
1.828125 15.376042829786
1.875 14.6552908221398
1.921875 13.968324064852
1.96875 13.3135588743121
2.015625 12.6894858020787
2.0625 12.0946661551063
2.109375 11.5277286790857
2.15625 10.9873663972535
2.203125 10.4723335973823
2.25 9.98144296000496
2.296875 9.51356282125473
2.34375 9.06761456400841
2.390625 8.64257013132052
2.4375 8.23744965641487
2.484375 7.85131920377042
2.53125 7.48328861609369
2.578125 7.13250946221429
2.625 6.798173081173
2.671875 6.47950871799302
2.71875 6.17578174683709
2.765625 5.8862919774541
2.8125 5.61037204101094
2.859375 5.34738585158855
2.90625 5.09672713979534
2.953125 4.85781805511743
3 4.6301078337838
