0 100
0.0234375 97.65625
0.046875 95.367431640625
0.0703125 93.1322574615479
0.09375 90.9494701772928
0.1171875 88.8178419700125
0.140625 86.7361737988404
0.1640625 84.70329472543
0.1875 82.7180612553028
0.2109375 80.7793566946316
0.234375 78.8860905221012
0.2578125 77.0371977754894
0.28125 75.2316384526264
0.3046875 73.468396926393
0.328125 71.7464813734306
0.3515625 70.0649232162408
0.375 68.4227765783602
0.3984375 66.8191177523049
0.421875 65.2530446799852
0.4453125 63.7236764452981
0.46875 62.2301527786114
0.4921875 60.7716335728627
0.515625 59.3472984109987
0.5390625 57.9563461044909
0.5625 56.5979942426669
0.5859375 55.2714787526044
0.609375 53.9760534693403
0.6328125 52.7109897161526
0.65625 51.4755758946803
0.6796875 50.2691170846487
0.703125 49.0909346529773
0.7265625 47.9403658720481
0.75 46.816763546922
0.7734375 45.719495651291
0.796875 44.6479449719639
0.8203125 43.6015087616834
0.84375 42.5795984000815
0.8671875 41.5816390625796
0.890625 40.6070693970504
0.9140625 39.655341208057
0.9375 38.7259191484932
0.9609375 37.8182804184504
0.984375 36.9319144711429
1.0078125 36.0663227257255
1.03125 35.2210182868413
1.0546875 34.3955256707435
1.078125 33.5893805378354
1.1015625 32.8021294314799
1.125 32.0333295229296
1.1484375 31.2825483622359
1.171875 30.549363634996
1.1953125 29.8333629248008
1.21875 29.1341434812508
1.2421875 28.451311993409
1.265625 27.7844843685635
1.2890625 27.1332855161752
1.3125 26.4973491368899
1.3359375 25.876317516494
1.359375 25.2698413247012
1.3828125 24.6775794186535
1.40625 24.0991986510288
1.4296875 23.5343736826453
1.453125 22.9827867994583
1.4765625 22.444127733846
1.5 21.918093490084
1.5234375 21.4043881739102
1.546875 20.9027228260842
1.5703125 20.4128152598478
1.59375 19.9343899021951
1.6171875 19.4671776388624
1.640625 19.0109156629516
1.6640625 18.5653473271012
1.6875 18.1302219991222
1.7109375 17.7052949210178
1.734375 17.2903270713064
1.7578125 16.8850850305727
1.78125 16.4893408501686
1.8046875 16.1028719239928
1.828125 15.7254608632742
1.8515625 15.3568953742913
1.875 14.9969681389563
1.8984375 14.6454766981995
1.921875 14.3022233380855
1.9453125 13.9670149785991
1.96875 13.6396630650382
1.9921875 13.3199834619513
2.015625 13.0077963495618
2.0390625 12.702926122619
2.0625 12.4052012916201
2.0859375 12.1144543863478
2.109375 11.8305218616677
2.1328125 11.5532440055349
2.15625 11.2824648491552
2.1796875 11.0180320792531
2.203125 10.7597969523956
2.2265625 10.5076142113238
2.25 10.2613420032459
2.2734375 10.0208418000449
2.296875 9.78597832035631
2.3203125 9.55661945347296
2.34375 9.33263618503218
2.3671875 9.11390252444549
2.390625 8.9002954340288
2.4140625 8.69169475979375
2.4375 8.48798316386109
2.4609375 8.28904605845809
2.484375 8.09477154146298
2.5078125 7.90505033345994
2.53125 7.71977571626948
2.5546875 7.53884347291941
2.578125 7.36215182902286
2.6015625 7.18960139553014
2.625 7.0210951128224
2.6484375 6.85653819611562
2.671875 6.69583808214416
2.6953125 6.53890437709391
2.71875 6.38564880575577
2.7421875 6.23598516187087
2.765625 6.08982925963952
2.7890625 5.94709888636672
2.8125 5.8077137562175
2.8359375 5.67159546505615
2.859375 5.5386674463439
2.8828125 5.40885492807021
2.90625 5.28208489069357
2.9296875 5.15828602606794
2.953125 5.03738869733197
2.9765625 4.91932489973825
3 4.80402822240064
