0 100
0.01171875 98.828125
0.0234375 97.6699829101562
0.03515625 96.5254127979279
0.046875 95.3942556167021
0.05859375 94.2763541836939
0.0703125 93.1715531581037
0.08203125 92.0796990195322
0.09375 91.0006400466471
0.10546875 89.9342262961004
0.1171875 88.880309581693
0.12890625 87.8387434537825
0.140625 86.8093831789335
0.15234375 85.7920857198054
0.1640625 84.7867097152764
0.17578125 83.7931154608005
0.1875 82.8111648889943
0.19921875 81.8407215504514
0.2109375 80.881650594782
0.22265625 79.9338187518744
0.234375 78.9970943133759
0.24609375 78.071347114391
0.2578125 77.1564485153942
0.26953125 76.2522713843545
0.28125 75.358690079069
0.29296875 74.475580429705
0.3046875 73.6028197215444
0.31640625 72.7402866779325
0.328125 71.8878614434255
0.33984375 71.0454255671354
0.3515625 70.2128619862705
0.36328125 69.3900550098689
0.375 68.576890302722
0.38671875 67.7732548694869
0.3984375 66.9790370389852
0.41015625 66.1941264486845
0.421875 65.418414029364
0.43359375 64.6517919899574
0.4453125 63.8941538025751
0.45703125 63.1453941877012
0.46875 62.405409099564
0.48046875 61.6740957116785
0.4921875 60.9513524025573
0.50390625 60.2370787415898
0.515625 59.5311754750868
0.52734375 58.8335445124881
0.5390625 58.1440889127324
0.55078125 57.4627128707863
0.5625 56.7893217043318
0.57421875 56.1238218406092
0.5859375 55.4661208034145
0.59765625 54.8161272002495
0.609375 54.1737507096216
0.62109375 53.5389020684932
0.6328125 52.9114930598781
0.64453125 52.2914365005826
0.65625 51.6786462290914
0.66796875 51.0730370935942
0.6796875 50.4745249401537
0.69140625 49.8830266010113
0.703125 49.2984598830307
0.71484375 48.7207435562764
0.7265625 48.1497973427263
0.73828125 47.5855419051162
0.75 47.0278988359156
0.76171875 46.4767906464322
0.7734375 45.9321407560444
0.78515625 45.3938734815595
0.796875 44.8619140266974
0.80859375 44.3361884716971
0.8203125 43.8166237630444
0.83203125 43.3031477033212
0.84375 42.7956889411729
0.85546875 42.2941769613935
0.8671875 41.7985420751272
0.87890625 41.3087154101843
0.890625 40.8246289014712
0.90234375 40.3462152815321
0.9140625 39.8734080712016
0.92578125 39.4061415703672
0.9375 38.9443508488395
0.94921875 38.4879717373297
0.9609375 38.0369408185328
0.97265625 37.5911954183156
0.984375 37.1506735970073
0.99609375 36.7153141407923
1.0078125 36.2850565532049
1.01953125 35.8598410467221
1.03125 35.4396085344558
1.04296875 35.0243006219426
1.0546875 34.6138595990292
1.06640625 34.2082284318531
1.078125 33.8073507549173
1.08984375 33.4111708632581
1.1015625 33.0196337047043
1.11328125 32.6326848722273
1.125 32.2502705963809
1.13671875 31.8723377378296
1.1484375 31.4988337799644
1.16015625 31.1297068216054
1.171875 30.7649055697897
1.18359375 30.4043793326438
1.1953125 30.0480780123393
1.20703125 29.6959520981322
1.21875 29.3479526594823
1.23046875 29.004031339254
1.2421875 28.6641403469971
1.25390625 28.3282324523057
1.265625 27.9962609782552
1.27734375 27.6681797949163
1.2890625 27.3439433129446
1.30078125 27.0235064772461
1.3125 26.7068247607158
1.32421875 26.3938541580512
1.3359375 26.0845511796365
1.34765625 25.7788728455002
1.359375 25.476776679342
1.37109375 25.1782207026309
1.3828125 24.883163428772
1.39453125 24.5915638573411
1.40625 24.3033814683878
1.41796875 24.0185762168052
1.4296875 23.7371085267645
1.44140625 23.4589392862165
1.453125 23.1840298414561
1.46484375 22.9123419917515
1.4765625 22.6438379840357
1.48828125 22.3784805076603
1.5 22.1162326892111
1.51171875 21.8570580873845
1.5234375 21.6009206879229
1.53515625 21.3477848986113
1.546875 21.0976155443307
1.55859375 20.8503778621706
1.5703125 20.6060374965983
1.58203125 20.364560494685
1.59375 20.1259133013879
1.60546875 19.8900627548873
1.6171875 19.6569760819785
1.62890625 19.4266208935178
1.640625 19.1989651799219
1.65234375 18.9739773067197
1.6640625 18.7516260101565
1.67578125 18.53188039285
1.6875 18.3147099194963
1.69921875 18.1000844126272
1.7109375 17.8879740484167
1.72265625 17.6783493525368
1.734375 17.4711811960618
1.74609375 17.2664407914204
1.7578125 17.064099688396
1.76953125 16.8641297701726
1.78125 16.6665032494284
1.79296875 16.4711926644741
1.8046875 16.2781708754373
1.81640625 16.0874110604908
1.828125 15.8988867121257
1.83984375 15.712571633468
1.8515625 15.5284399346383
1.86328125 15.3464660291542
1.875 15.1666246303751
1.88671875 14.9888907479879
1.8984375 14.8132396845349
1.91015625 14.6396470319817
1.921875 14.4680886683257
1.93359375 14.2985407542437
1.9453125 14.13097972978
1.95703125 13.9653823110716
1.96875 13.8017254871137
1.98046875 13.6399865165616
1.9921875 13.4801429245707
2.00390625 13.3221724996733
2.015625 13.1660532906928
2.02734375 13.0117636036925
2.0390625 12.8592819989617
2.05078125 12.7085872880364
2.0625 12.5596585307547
2.07421875 12.4124750323474
2.0859375 12.2670163405621
2.09765625 12.1232622428211
2.109375 11.9811927634131
2.12109375 11.8407881607168
2.1328125 11.7020289244584
2.14453125 11.5648957729999
2.15625 11.4293696506601
2.16796875 11.2954317250664
2.1796875 11.1630633845383
2.19140625 11.0322462355007
2.203125 10.9029620999285
2.21484375 10.7751930128199
2.2265625 10.6489212197009
2.23828125 10.5241291741576
2.25 10.4007995353979
2.26171875 10.2789151658425
2.2734375 10.1584591287428
2.28515625 10.0394146858278
2.296875 9.92176529497826
2.30859375 9.80549460792773
2.3203125 9.69058646799108
2.33203125 9.57702490781931
2.34375 9.4647941471808
2.35546875 9.35387859076853
2.3671875 9.24426282603296
2.37890625 9.13593162104038
2.390625 9.02886992235632
2.40234375 8.9230628529537
2.4140625 8.81849571014565
2.42578125 8.71515396354238
2.4375 8.61302325303212
2.44921875 8.51208938678565
2.4609375 8.41233833928426
2.47265625 8.31375624937077
2.484375 8.21632941832346
2.49609375 8.12004430795248
2.5078125 8.02488753871866
2.51953125 7.9308458878743
2.53125 7.83790628762577
2.54296875 7.74605582331766
2.5546875 7.65528173163816
2.56640625 7.56557139884552
2.578125 7.4769123590153
2.58984375 7.38929229230809
2.6015625 7.3026990232576
2.61328125 7.2171205190788
2.625 7.13254488799585
2.63671875 7.04896037758965
2.6484375 6.96635537316477
2.66015625 6.8847183961355
2.671875 6.80403810243078
2.68359375 6.72430328091792
2.6953125 6.64550285184466
2.70703125 6.56762586529961
2.71875 6.49066149969063
2.73046875 6.41459906024113
2.7421875 6.33942797750393
2.75390625 6.26513780589256
2.765625 6.19171822222975
2.77734375 6.119159024313
2.7890625 6.04745012949683
2.80078125 5.97658157329179
2.8125 5.90654350797977
2.82421875 5.83732620124564
2.8359375 5.76892003482479
2.84765625 5.70131550316669
2.859375 5.63450321211395
2.87109375 5.56847387759699
2.8828125 5.5032183243439
2.89453125 5.4387274846055
2.90625 5.37499239689528
2.91796875 5.31200420474416
2.9296875 5.24975415546981
2.94140625 5.1882335989604
2.953125 5.12743398647259
2.96484375 5.06734686944361
2.9765625 5.00796389831732
2.98828125 4.94927682138391
3 4.89127748363332
