0 100
0.005859375 99.4140625
0.01171875 98.8315582275391
0.017578125 98.2524670660496
0.0234375 97.6767690168344
0.029296875 97.1044441983764
0.03515625 96.5354728456516
0.041015625 95.9698353094466
0.046875 95.4075120556803
0.052734375 94.848483664729
0.05859375 94.292730830756
0.064453125 93.7402343610446
0.0703125 93.1909751753353
0.076171875 92.6449343051673
0.08203125 92.102092893223
0.087890625 91.5624321926768
0.09375 91.0259335665478
0.099609375 90.4925784870563
0.10546875 89.9623485349837
0.111328125 89.4352253990366
0.1171875 88.9111908752141
0.123046875 88.3902268661796
0.12890625 87.8723153806356
0.134765625 87.3574385327022
0.140625 86.8455785412996
0.146484375 86.3367177295342
0.15234375 85.8308385240877
0.158203125 85.3279234546106
0.1640625 84.8279551531188
0.169921875 84.3309163533935
0.17578125 83.8367898903853
0.181640625 83.3455586996213
0.1875 82.8572058166157
0.193359375 82.371714376284
0.19921875 81.8890676123605
0.205078125 81.4092488568193
0.2109375 80.9322415392989
0.216796875 80.4580291865295
0.22265625 79.9865954217647
0.228515625 79.5179239642153
0.234375 79.0519986284875
0.240234375 78.5888033240237
0.24609375 78.128322054547
0.251953125 77.6705389175086
0.2578125 77.2154381035388
0.263671875 76.7630038959009
0.26953125 76.3132206699484
0.275390625 75.8660728925854
0.28125 75.4215451217304
0.287109375 74.9796220057828
0.29296875 74.5402882830926
0.298828125 74.1035287814339
0.3046875 73.6693284174802
0.310546875 73.237672196284
0.31640625 72.8085452107589
0.322265625 72.3819326411646
0.328125 71.9578197545953
0.333984375 71.5361919044707
0.33984375 71.1170345300304
0.345703125 70.700333155831
0.3515625 70.2860733912461
0.357421875 69.8742409299693
0.36328125 69.4648215495202
0.369140625 69.0578011107535
0.375 68.6531655573702
0.380859375 68.2509009154325
0.38671875 67.8509932928811
0.392578125 67.4534288790556
0.3984375 67.0581939442174
0.404296875 66.6652748390755
0.41015625 66.2746579943153
0.416015625 65.8863299201299
0.421875 65.5002772057541
0.427734375 65.1164865190017
0.43359375 64.7349446058044
0.439453125 64.3556382897547
0.4453125 63.9785544716507
0.451171875 63.6036801290434
0.45703125 63.2310023157873
0.462890625 62.8605081615932
0.46875 62.4921848715839
0.474609375 62.1260197258519
0.48046875 61.7620000790208
0.486328125 61.4001133598078
0.4921875 61.0403470705901
0.498046875 60.6826887869734
0.50390625 60.3271261573622
0.509765625 59.9736469025339
0.515625 59.6222388152144
0.521484375 59.2728897596565
0.52734375 58.925587671221
0.533203125 58.58032055596
0.5390625 58.2370764902024
0.544921875 57.8958436201426
0.55078125 57.5566101614308
0.556640625 57.2193643987662
0.5625 56.8840946854922
0.568359375 56.5507894431944
0.57421875 56.2194371613006
0.580078125 55.8900263966837
0.5859375 55.5625457732656
0.591796875 55.2369839816254
0.59765625 54.913329778608
0.603515625 54.5915719869365
0.609375 54.2716994948255
0.615234375 53.953701255598
0.62109375 53.6375662873035
0.626953125 53.3232836723389
0.6328125 53.0108425570712
0.638671875 52.7002321514634
0.64453125 52.3914417287009
0.650390625 52.0844606248218
0.65625 51.7792782383483
0.662109375 51.4758840299204
0.66796875 51.1742675219326
0.673828125 50.8744182981713
0.6796875 50.5763260034554
0.685546875 50.2799803432789
0.69140625 49.985371083455
0.697265625 49.6924880497629
0.703125 49.4013211275963
0.708984375 49.1118602616143
0.71484375 48.8240954553939
0.720703125 48.538016771085
0.7265625 48.2536143290669
0.732421875 47.9708783076075
0.73828125 47.6897989425239
0.744140625 47.4103665268451
0.75 47.1325714104768
0.755859375 46.8564039998686
0.76171875 46.5818547576818
0.767578125 46.308914202461
0.7734375 46.037572908306
0.779296875 45.7678215045464
0.78515625 45.4996506754182
0.791015625 45.2330511597419
0.796875 44.9680137506028
0.802734375 44.7045292950329
0.80859375 44.4425886936948
0.814453125 44.1821829005677
0.8203125 43.9233029226346
0.826171875 43.6659398195723
0.83203125 43.410084703442
0.837890625 43.1557287383828
0.84375 42.9028631403063
0.849609375 42.6514791765936
0.85546875 42.4015681657933
0.861328125 42.1531214773218
0.8671875 41.9061305311656
0.873046875 41.6605867975846
0.87890625 41.4164817968175
0.884765625 41.1738070987892
0.890625 40.9325543228198
0.896484375 40.6927151373345
0.90234375 40.4542812595767
0.908203125 40.2172444553213
0.9140625 39.9815965385909
0.919921875 39.7473293713726
0.92578125 39.5144348633373
0.931640625 39.2829049715599
0.9375 39.0527317002422
0.943359375 38.8239071004361
0.94921875 38.5964232697694
0.955078125 38.3702723521731
0.9609375 38.1454465376096
0.966796875 37.9219380618033
0.97265625 37.6997392059724
0.978515625 37.4788422965624
0.984375 37.259239704981
0.990234375 37.0409238473346
0.99609375 36.8238871841667
1.001953125 36.6081222201969
1.0078125 36.393621504063
1.013671875 36.1803776280626
1.01953125 35.9683832278982
1.025390625 35.7576309824222
1.03125 35.5481136133846
1.037109375 35.3398238851812
1.04296875 35.1327546046039
1.048828125 34.9268986205926
1.0546875 34.7222488239875
1.060546875 34.5187981472845
1.06640625 34.3165395643902
1.072265625 34.1154660903801
1.078125 33.9155707812568
1.083984375 33.7168467337104
1.08984375 33.5192870848801
1.095703125 33.3228850121171
1.1015625 33.1276337327492
1.107421875 32.9335265038464
1.11328125 32.7405566219879
1.119140625 32.5487174230309
1.125 32.3580022818804
1.130859375 32.16840461226
1.13671875 31.979917866485
1.142578125 31.7925355352361
1.1484375 31.6062511473343
1.154296875 31.4210582695179
1.16015625 31.2369505062199
1.166015625 31.0539214993476
1.171875 30.8719649280623
1.177734375 30.691074508562
1.18359375 30.5112439938634
1.189453125 30.3324671735868
1.1953125 30.1547378737416
1.201171875 29.9780499565126
1.20703125 29.8023973200487
1.212890625 29.6277738982515
1.21875 29.4541736605665
1.224609375 29.2815906117741
1.23046875 29.1100187917832
1.236328125 28.9394522754251
1.2421875 28.7698851722488
1.248046875 28.6013116263176
1.25390625 28.4337258160072
1.259765625 28.267121953804
1.265625 28.1014942861059
1.271484375 27.9368370930233
1.27734375 27.7731446881814
1.283203125 27.610411418524
1.2890625 27.4486316641186
1.294921875 27.2877998379617
1.30078125 27.1279103857861
1.306640625 26.9689577858694
1.3125 26.8109365488428
1.318359375 26.653841217502
1.32421875 26.4976663666182
1.330078125 26.3424066027513
1.3359375 26.1880565640633
1.341796875 26.0346109201332
1.34765625 25.882064371773
1.353515625 25.7304116508447
1.359375 25.579647520078
1.365234375 25.4297667728901
1.37109375 25.2807642332052
1.376953125 25.1326347552762
1.3828125 24.985373223507
1.388671875 24.8389745522755
1.39453125 24.6934336857583
1.400390625 24.5487455977558
1.40625 24.404905291519
1.412109375 24.2619077995765
1.41796875 24.1197481835633
1.423828125 23.9784215340503
1.4296875 23.8379229703742
1.435546875 23.6982476404696
1.44140625 23.5593907207013
1.447265625 23.4213474156972
1.453125 23.2841129581833
1.458984375 23.1476826088189
1.46484375 23.0120516560329
1.470703125 22.8772154158608
1.4765625 22.7431692317835
1.482421875 22.609908474566
1.48828125 22.4774285420979
1.494140625 22.345724859234
1.5 22.2147928776369
1.505859375 22.0846280756195
1.51171875 21.955225957989
1.517578125 21.8265820558914
1.5234375 21.6986919266576
1.529296875 21.5715511536499
1.53515625 21.445155346109
1.541015625 21.3195001390029
1.546875 21.1945811928759
1.552734375 21.0703941936989
1.55859375 20.9469348527202
1.564453125 20.8241989063175
1.5703125 20.7021821158508
1.576171875 20.5808802675157
1.58203125 20.4602891721983
1.587890625 20.3404046653299
1.59375 20.221222606744
1.599609375 20.1027388805326
1.60546875 19.9849493949045
1.611328125 19.8678500820437
1.6171875 19.7514368979692
1.623046875 19.6357058223952
1.62890625 19.5206528585921
1.634765625 19.4062740332488
1.640625 19.2925653963352
1.646484375 19.1795230209661
1.65234375 19.0671430032651
1.658203125 18.9554214622303
1.6640625 18.8443545396001
1.669921875 18.7339383997196
1.67578125 18.6241692294088
1.681640625 18.5150432378302
1.6875 18.4065566563585
1.693359375 18.2987057384502
1.69921875 18.1914867595139
1.705078125 18.0848960167824
1.7109375 17.9789298291841
1.716796875 17.8735845372162
1.72265625 17.7688565028185
1.728515625 17.6647421092473
1.734375 17.5612377609509
1.740234375 17.4583398834453
1.74609375 17.3560449231908
1.751953125 17.2543493474689
1.7578125 17.1532496442611
1.763671875 17.0527423221268
1.76953125 16.9528239100831
1.775390625 16.8534909574849
1.78125 16.7547400339059
1.787109375 16.6565677290197
1.79296875 16.5589706524825
1.798828125 16.4619454338156
1.8046875 16.3654887222894
1.810546875 16.2695971868072
1.81640625 16.1742675157907
1.822265625 16.0794964170654
1.828125 15.9852806177467
1.833984375 15.8916168641271
1.83984375 15.7985019215638
1.845703125 15.7059325743672
1.8515625 15.6139056256892
1.857421875 15.5224178974137
1.86328125 15.431466230046
1.869140625 15.3410474826044
1.875 15.251158532511
1.880859375 15.1617962754845
1.88671875 15.0729576254329
1.892578125 14.9846395143464
1.8984375 14.896838892192
1.904296875 14.809552726808
1.91015625 14.7227780037994
1.916015625 14.6365117264334
1.921875 14.5507509155363
1.927734375 14.4654926093906
1.93359375 14.3807338636325
1.939453125 14.2964717511502
1.9453125 14.2127033619833
1.951171875 14.1294258032217
1.95703125 14.046636198906
1.962890625 13.964331689928
1.96875 13.8825094339323
1.974609375 13.8011666052179
1.98046875 13.7203003946404
1.986328125 13.6399080095156
1.9921875 13.5599866735223
1.998046875 13.4805336266072
2.00390625 13.4015461248888
2.009765625 13.3230214405632
2.015625 13.2449568618099
2.021484375 13.1673496926978
2.02734375 13.0901972530921
2.033203125 13.0134968785623
2.0390625 12.9372459202895
2.044921875 12.8614417449753
2.05078125 12.7860817347508
2.056640625 12.7111632870862
2.0625 12.636683814701
2.068359375 12.5626407454742
2.07421875 12.4890315223562
2.080078125 12.4158536032799
2.0859375 12.3431044610732
2.091796875 12.2707815833716
2.09765625 12.1988824725315
2.103515625 12.127404645544
2.109375 12.056345633949
2.115234375 11.9857029837501
2.12109375 11.9154742553297
2.126953125 11.8456570233649
2.1328125 11.7762488767436
2.138671875 11.7072474184814
2.14453125 11.6386502656388
2.150390625 11.5704550492385
2.15625 11.5026594141844
2.162109375 11.4352610191794
2.16796875 11.3682575366452
2.173828125 11.3016466526414
2.1796875 11.2354260667861
2.185546875 11.169593492176
2.19140625 11.1041466553078
2.197265625 11.0390832959993
2.203125 10.9744011673118
2.208984375 10.9100980354721
2.21484375 10.8461716797955
2.220703125 10.7826198926092
2.2265625 10.719440479176
2.232421875 10.6566312576183
2.23828125 10.5941900588432
2.244140625 10.5321147264671
2.25 10.4704031167417
2.255859375 10.4090530984796
2.26171875 10.3480625529807
2.267578125 10.2874293739593
2.2734375 10.2271514674713
2.279296875 10.1672267518416
2.28515625 10.1076531575925
2.291015625 10.0484286273722
2.296875 9.98955111588371
2.302734375 9.93101858981408
2.30859375 9.87282902776438
2.314453125 9.81498042017983
2.3203125 9.75747076928034
2.326171875 9.70029808899159
2.33203125 9.6434604048764
2.337890625 9.58695575406658
2.34375 9.53078218519509
2.349609375 9.47493775832872
2.35546875 9.41942054490101
2.361328125 9.36422862764573
2.3671875 9.30936010053062
2.373046875 9.25481306869157
2.37890625 9.20058564836721
2.384765625 9.14667596683381
2.390625 9.09308216234064
2.396484375 9.03980238404568
2.40234375 8.98683479195166
2.408203125 8.93417755684257
2.4140625 8.88182886022044
2.419921875 8.82978689424259
2.42578125 8.77804986165913
2.431640625 8.72661597575098
2.4375 8.67548346026806
2.443359375 8.62465054936805
2.44921875 8.57411548755535
2.455078125 8.52387652962045
2.4609375 8.47393194057971
2.466796875 8.42427999561538
2.47265625 8.37491898001607
2.478515625 8.32584718911753
2.484375 8.2770629282438
2.490234375 8.22856451264862
2.49609375 8.18035026745732
2.501953125 8.13241852760894
2.5078125 8.08476763779873
2.513671875 8.037395952421
2.51953125 7.99030183551229
2.525390625 7.94348366069483
2.53125 7.89693981112045
2.537109375 7.85066867941466
2.54296875 7.80466866762122
2.548828125 7.75893818714687
2.5546875 7.71347565870656
2.560546875 7.66827951226883
2.56640625 7.62334818700163
2.572265625 7.57868013121842
2.578125 7.53427380232456
2.583984375 7.49012766676406
2.58984375 7.44624019996662
2.595703125 7.40260988629494
2.6015625 7.35923521899243
2.607421875 7.31611470013114
2.61328125 7.27324684056006
2.619140625 7.23063015985366
2.625 7.18826318626076
2.630859375 7.14614445665377
2.63671875 7.10427251647806
2.642578125 7.06264591970182
2.6484375 7.02126322876607
2.654296875 6.98012301453502
2.66015625 6.93922385624673
2.666015625 6.89856434146403
2.671875 6.85814306602576
2.677734375 6.81795863399827
2.68359375 6.77800965762719
2.689453125 6.73829475728953
2.6953125 6.69881256144603
2.701171875 6.65956170659381
2.70703125 6.62054083721924
2.712890625 6.58174860575116
2.71875 6.54318367251433
2.724609375 6.5048447056832
2.73046875 6.46673038123583
2.736328125 6.42883938290828
2.7421875 6.39117040214905
2.748046875 6.35372213807396
2.75390625 6.31649329742118
2.759765625 6.2794825945066
2.765625 6.24268875117942
2.771484375 6.20611049677797
2.77734375 6.16974656808592
2.783203125 6.13359570928854
2.7890625 6.09765667192943
2.794921875 6.06192821486734
2.80078125 6.02640910423335
2.806640625 5.99109811338823
2.8125 5.9559940228801
2.818359375 5.92109562040229
2.82421875 5.88640170075149
2.830078125 5.85191106578615
2.8359375 5.81762252438506
2.841796875 5.78353489240624
2.84765625 5.74964699264605
2.853515625 5.71595765479851
2.859375 5.68246571541493
2.865234375 5.64917001786367
2.87109375 5.61606941229025
2.876953125 5.58316275557761
2.8828125 5.55044891130665
2.888671875 5.51792674971696
2.89453125 5.48559514766784
2.900390625 5.45345298859947
2.90625 5.4214991624944
2.912109375 5.38973256583916
2.91796875 5.35815210158619
2.923828125 5.32675667911596
2.9296875 5.29554521419927
2.935546875 5.26451662895982
2.94140625 5.23366985183701
2.947265625 5.2030038175489
2.953125 5.17251746705545
2.958984375 5.14220974752192
2.96484375 5.11207961228253
2.970703125 5.08212602080431
2.9765625 5.05234793865116
2.982421875 5.02274433744813
2.98828125 4.99331419484589
2.994140625 4.96405649448547
3 4.93497022596309
