0 0
0.125 0.00133307641259042
0.25 0.00275393338219249
0.375 0.00426808071858851
0.5 0.0058809727394055
0.625 0.00759828856546242
0.75 0.0094259277483206
0.875 0.0113700034318897
1 0.0134368327224092
1.125 0.0156329239245856
1.25 0.0179649602888497
1.375 0.0204397799068543
1.5 0.0230643513908617
1.625 0.025845744979137
1.75 0.0287910987255517
1.875 0.0319075794590995
2 0.0352023382397456
2.125 0.0386824600927872
2.25 0.0423549078763489
2.375 0.0462264602272356
2.5 0.0503036436401861
2.625 0.0545926588651869
2.75 0.0590993019567926
2.875 0.0638288804774075
3 0.0687861255412047
3.125 0.0739751005836556
3.25 0.0793991079490421
3.375 0.0850605945990263
3.5 0.0909610584521615
3.625 0.0971009570587048
3.75 0.103479620487689
3.875 0.11009517044364
4 0.116944447727956
4.125 0.124022950204365
4.25 0.131324783409538
4.375 0.138842625860879
4.5 0.14656771094808
4.625 0.15448982705066
4.75 0.162597337201325
4.875 0.170877219219709
5 0.179315126782136
5.125 0.187895471383967
5.25 0.196601524609115
5.375 0.205415539566719
5.5 0.214318889810144
5.625 0.22329222354167
5.75 0.232315630450123
5.875 0.241368818149007
6 0.250431294896989
6.125 0.2594825551038
6.25 0.268502264060656
6.375 0.277470438387146
6.5 0.286367618852436
6.625 0.295175032498342
6.75 0.303874741351257
6.875 0.312449775441324
7 0.320884248330122
7.125 0.329163453861035
7.25 0.337273943367567
7.375 0.345203583084061
7.5 0.352941591982272
7.625 0.360478560691146
7.75 0.367806452534161
7.875 0.374918588031116
8 0.381809614454836
8.125 0.38847546220736
8.25 0.394913289886885
8.375 0.401121419960887
8.5 0.407099266948888
8.625 0.412847259958275
8.75 0.418366761316901
8.875 0.4236599829157
9 0.428729901721798
9.125 0.433580175755524
9.25 0.438215061650543
9.375 0.442639334741175
9.5 0.446858212450052
9.625 0.450877281586625
9.75 0.454702430015802
9.875 0.458339783018231
10 0.461795644540887
10.125 0.465076443429082
10.25 0.468188684638994
10.375 0.471138905352677
10.5 0.473933635854591
10.625 0.476579364978789
10.75 0.479082509897914
10.875 0.481449389997671
11 0.483686204562212
11.125 0.4857990139855
11.25 0.487793724220031
11.375 0.489676074176082
11.5 0.491451625790848
11.625 0.493125756496483
11.75 0.494703653828376
11.875 0.496190311929118
12 0.497590529719074
12.125 0.498908910520643
12.25 0.500149862939751
12.375 0.501317602824567
12.5 0.502416156137543
12.625 0.503449362592441
12.75 0.504420879922938
12.875 0.505334188663423
13 0.506192597335859
13.125 0.506999247948838
13.25 0.507757121726306
13.375 0.508469044993871
13.5 0.509137695160091
13.625 0.50976560673878
13.75 0.51035517736616
13.875 0.510908673773669
14 0.511428237683516
14.125 0.51191589159962
14.25 0.512373544471512
14.375 0.51280299721313
14.5 0.513205948062249
14.625 0.51358399776963
14.75 0.513938654609855
14.875 0.514271339208329
15 0.514583389181083
15.125 0.514876063585842
15.25 0.51515054718438
15.375 0.515407954517495
15.5 0.515649333795034
15.625 0.515875670604278
15.75 0.516087891440751
15.875 0.516286867066074
16 0.516473415697965
16.125 0.516648306037811
16.25 0.516812260141498
16.375 0.516965956139348
16.5 0.517110030811113
16.625 0.517245082022016
16.75 0.517371671025818
16.875 0.51749032464083
17 0.517601537304728
17.125 0.517705773013885
17.25 0.517803467152827
17.375 0.517895028219237
17.5 0.517980839449802
17.625 0.518061260351985
17.75 0.51813662814664
17.875 0.518207259126197
18 0.518273449932954
18.125 0.51833547876181
18.25 0.518393606491599
18.375 0.518448077748992
18.5 0.518499121908732
18.625 0.518546954033821
18.75 0.518591775759056
18.875 0.518633776121183
19 0.518673132338744
19.125 0.518710010544536
19.25 0.518744566473465
19.375 0.518776946108398
19.5 0.51880728628651
19.625 0.51883571526845
19.75 0.518862353272562
19.875 0.518887312976232
20 0.518910699986337
20.125 0.518932613280669
20.25 0.518953145622064
20.375 0.518972383946914
20.5 0.518990409729596
20.625 0.519007299324297
20.75 0.519023124285614
20.875 0.519037951669217
21 0.51905184431381
21.125 0.519064861105529
21.25 0.519077057225858
21.375 0.519088484384086
21.5 0.519099191035246
21.625 0.519109222584447
21.75 0.51911862157843
21.875 0.519127427885146
22 0.519135678862094
22.125 0.519143409514121
22.25 0.519150652641342
22.375 0.519157438977777
22.5 0.519163797321315
22.625 0.519169754655508
22.75 0.519175336263737
22.875 0.519180565836206
23 0.519185465570219
23.125 0.519190056264162
23.25 0.519194357405575
23.375 0.519198387253697
23.5 0.519202162916816
23.625 0.519205700424762
23.75 0.519209014796836
23.875 0.51921212010547
24 0.519215029535879
24.125 0.519217755441967
24.25 0.519220309398704
24.375 0.519222702251214
24.5 0.519224944160772
24.625 0.519227044647904
24.75 0.519229012632772
24.875 0.519230856473016
25 0.519232583999215
25.125 0.519234202548115
25.25 0.519235718993757
25.375 0.519237139776652
25.5 0.519238470931115
25.625 0.519239718110873
25.75 0.519240886613065
25.875 0.519241981400726
26 0.519243007123854
26.125 0.519243968139153
26.25 0.519244868528524
26.375 0.519245712116398
26.5 0.519246502485975
26.625 0.519247242994431
26.75 0.519247936787182
26.875 0.519248586811229
27 0.519249195827683
27.125 0.519249766423479
27.25 0.51925030102237
27.375 0.519250801895214
27.5 0.519251271169621
27.625 0.519251710838986
27.75 0.519252122770958
27.875 0.519252508715366
28 0.519252870311658
28.125 0.519253209095857
28.25 0.519253526507091
28.375 0.519253823893699
28.5 0.519254102518962
28.625 0.519254363566469
28.75 0.51925460814514
28.875 0.519254837293941
29 0.519255051986292
29.125 0.519255253134208
29.25 0.519255441592166
29.375 0.519255618160739
29.5 0.519255783589994
29.625 0.51925593858268
29.75 0.519256083797213
29.875 0.51925621985047
30 0.519256347320413
30.125 0.519256466748542
30.25 0.519256578642195
30.375 0.519256683476704
30.5 0.519256781697413
30.625 0.519256873721573
30.75 0.519256959940109
30.875 0.519257040719285
31 0.519257116402258
31.125 0.519257187310537
31.25 0.519257253745348
31.375 0.519257315988911
31.5 0.519257374305644
31.625 0.519257428943282
31.75 0.519257480133933
31.875 0.519257528095059
32 0.519257573030405
Total steps: 1025
