0 0
0.0625 0.000645114876806699
0.125 0.00131095541328518
0.1875 0.00199812749921902
0.25 0.0027072506791076
0.3125 0.00343895817679835
0.375 0.00419389689645649
0.4375 0.00497272739799813
0.5 0.00577612384503169
0.5625 0.0066047739232731
0.625 0.00745937872732111
0.6875 0.00834065261360233
0.75 0.00924932301722084
0.8125 0.0101861302303756
0.875 0.0111518271399418
0.9375 0.0121471789217476
1 0.0131729626890238
1.0625 0.0142299670924494
1.125 0.0153189918691751
1.1875 0.0164408473381737
1.25 0.0175963538392395
1.3125 0.0187863411129486
1.375 0.0200116476188907
1.4375 0.0212731197894972
1.5 0.0225716112168202
1.5625 0.0239079817696647
1.625 0.0252830966385396
1.6875 0.0266978253059822
1.75 0.0281530404399146
1.8125 0.0296496167078272
1.875 0.0311884295097351
1.9375 0.0327703536280433
2 0.0343962617926632
2.0625 0.0360670231599693
2.125 0.0377835017044568
2.1875 0.0395465545222671
2.25 0.0413570300460912
2.3125 0.0432157661713329
2.375 0.0451235882938286
2.4375 0.0470813072598665
2.5 0.0490897172297314
2.5625 0.0511495934565253
2.625 0.053261689982567
2.6875 0.0554267372562696
2.75 0.0576454396730186
2.8125 0.0599184730442342
2.875 0.0622464819994878
2.9375 0.0646300773272598
3 0.0670698332606666
3.0625 0.0695662847152425
3.125 0.0721199244866383
3.1875 0.0747312004168842
3.25 0.0774005125386529
3.3125 0.0801282102077469
3.375 0.0829145892348116
3.4375 0.0857598890280371
3.5 0.0886642897593457
3.5625 0.0916279095672675
3.625 0.0946508018103591
3.6875 0.0977329523856313
3.75 0.100874277126993
3.8125 0.104074619299189
3.875 0.107333747203094
3.9375 0.110651351908531
4 0.114027045130962
4.0625 0.117460357268496
4.125 0.12095073561561
4.1875 0.124497542769815
4.25 0.128100055247209
4.3125 0.131757462322408
4.375 0.135468865107749
4.4375 0.139233275885958
4.5 0.14304961770955
4.5625 0.146916724279207
4.625 0.150833340112209
4.6875 0.154798121010634
4.75 0.158809634837598
4.8125 0.162866362608186
4.875 0.166966699900012
4.9375 0.171108958586507
5 0.175291368894121
5.0625 0.179512081782572
5.125 0.183769171645269
5.1875 0.188060639324844
5.25 0.19238441543665
5.3125 0.196738363990897
5.375 0.201120286301983
5.4375 0.205527925171498
5.5 0.209958969329361
5.5625 0.214411058115588
5.625 0.218881786383412
5.6875 0.223368709602726
5.75 0.227869349141304
5.8125 0.232381197699884
5.875 0.236901724875948
5.9375 0.241428382830108
6 0.24595861202815
6.0625 0.250489847031264
6.125 0.255019522306617
6.1875 0.259545078030327
6.25 0.264063965855003
6.3125 0.268573654614358
6.375 0.273071635937983
6.4375 0.277555429750135
6.5 0.282022589627388
6.5625 0.286470707991202
6.625 0.29089742111277
6.6875 0.295300413909092
6.75 0.299677424510833
6.8125 0.304026248584354
6.875 0.308344743392152
6.9375 0.312630831577961
7 0.316882504664767
7.0625 0.32109782625605
7.125 0.325274934932692
7.1875 0.329412046840002
7.25 0.333507457961433
7.3125 0.337559546077499
7.375 0.341566772410413
7.4375 0.345527682956781
7.5 0.349440909512485
7.5625 0.353305170395564
7.625 0.357119270874418
7.6875 0.360882103310134
7.75 0.364592647022991
7.8125 0.368249967894369
7.875 0.371853217716319
7.9375 0.375401633301902
8 0.378894535370148
8.0625 0.382331327220104
8.125 0.385711493208841
8.1875 0.389034597048684
8.25 0.392300279939069
8.3125 0.395508258548539
8.375 0.39865832286236
8.4375 0.401750333911073
8.5 0.404784221395091
8.5625 0.407759981220103
8.625 0.410677672957668
8.6875 0.413537417244884
8.75 0.416339393136514
8.8125 0.419083835422348
8.875 0.421771031921954
8.9375 0.424401320768332
9 0.426975087691274
9.0625 0.429492763310539
9.125 0.431954820448246
9.1875 0.434361771469136
9.25 0.436714165656674
9.3125 0.439012586632206
9.375 0.441257649823718
9.4375 0.443449999990031
9.5 0.445590308805612
9.5625 0.447679272510518
9.625 0.449717609629404
9.6875 0.451706058762879
9.75 0.453645376453984
9.8125 0.455536335131995
9.875 0.457379721135271
9.9375 0.459176332814386
10 0.460926978716357
10.0625 0.462632475850365
10.125 0.464293648035001
10.1875 0.465911324326721
10.25 0.467486337528891
10.3125 0.469019522780511
10.375 0.470511716223472
10.4375 0.471963753746956
10.5 0.47337646980741
10.5625 0.47475069632234
10.625 0.476087261636031
10.6875 0.477386989555164
10.75 0.47865069845221
10.8125 0.479879200434373
10.875 0.48107330057582
10.9375 0.482233796210842
11 0.483361476285604
11.0625 0.484457120766073
11.125 0.485521500099746
11.1875 0.486555374728769
11.25 0.487559494652082
11.3125 0.488534599034222
11.375 0.489481415858464
11.4375 0.490400661622017
11.5 0.491293041071019
11.5625 0.492159246973161
11.625 0.492999959925782
11.6875 0.493815848197374
11.75 0.494607567600464
11.8125 0.495375761393942
11.875 0.496121060212931
11.9375 0.496844082024394
12 0.497545432106725
12.0625 0.498225703051648
12.125 0.498885474786812
12.1875 0.499525314617544
12.25 0.500145777286293
12.3125 0.500747405048355
12.375 0.50133072776255
12.4375 0.501896262995578
12.5 0.502444516138854
12.5625 0.502975980536669
12.625 0.503491137624612
12.6875 0.503990457077218
12.75 0.504474396963884
12.8125 0.504943403912151
12.875 0.505397913277484
12.9375 0.505838349318762
13 0.506265125378724
13.0625 0.506678644068648
13.125 0.507079297456637
13.1875 0.507467467258872
13.25 0.507843525033261
13.3125 0.508207832374968
13.375 0.508560741113305
13.4375 0.508902593509552
13.5 0.509233722455255
13.5625 0.50955445167063
13.625 0.509865095902705
13.6875 0.510165961122868
13.75 0.510457344723517
13.8125 0.510739535713534
13.875 0.511012814912333
13.9375 0.511277455142244
14 0.511533721419033
14.0625 0.511781871140366
14.125 0.512022154272044
14.1875 0.512254813531867
14.25 0.512480084570985
14.3125 0.512698196152623
14.375 0.512909370328067
14.4375 0.513113822609836
14.5 0.513311762141947
14.5625 0.513503391867218
14.625 0.513688908691552
14.6875 0.51386850364515
14.75 0.514042362040631
14.8125 0.514210663628027
14.875 0.514373582746623
14.9375 0.514531288473657
15 0.514683944769852
15.0625 0.514831710621792
15.125 0.514974740181153
15.1875 0.515113182900797
15.25 0.515247183667746
15.3125 0.515376882933064
15.375 0.515502416838671
15.4375 0.515623917341112
15.5 0.515741512332324
15.5625 0.515855325757434
15.625 0.515965477729616
15.6875 0.516072084642065
15.75 0.516175259277118
15.8125 0.516275110912562
15.875 0.516371745425194
15.9375 0.516465265391659
16 0.516555770186623
16.0625 0.516643356078336
16.125 0.516728116321614
16.1875 0.516810141248321
16.25 0.516889518355366
16.3125 0.5169663323903
16.375 0.517040665434537
16.4375 0.517112596984262
16.5 0.517182204029081
16.5625 0.517249561128447
16.625 0.517314740485937
16.6875 0.517377812021406
16.75 0.517438843441078
16.8125 0.517497900305636
16.875 0.517555046096329
16.9375 0.517610342279176
17 0.517663848367296
17.0625 0.517715621981416
17.125 0.517765718908604
17.1875 0.517814193159273
17.25 0.517861097022498
17.3125 0.517906481119692
17.375 0.517950394456687
17.4375 0.517992884474255
17.5 0.518033997097123
17.5625 0.518073776781508
17.625 0.518112266561224
17.6875 0.518149508092397
17.75 0.518185541696823
17.8125 0.518220406404009
17.875 0.518254139991938
17.9375 0.51828677902659
18 0.518318358900247
18.0625 0.518348913868632
18.125 0.518378477086909
18.1875 0.518407080644564
18.25 0.518434755599222
18.3125 0.518461532009415
18.375 0.518487438966333
18.4375 0.518512504624596
18.5 0.518536756232068
18.5625 0.518560220158741
18.625 0.518582921924723
18.6875 0.518604886227355
18.75 0.51862613696747
18.8125 0.518646697274844
18.875 0.518666589532841
18.9375 0.518685835402285
19 0.518704455844588
19.0625 0.518722471144144
19.125 0.518739900930021
19.1875 0.518756764196971
19.25 0.518773079325769
19.3125 0.518788864102925
19.375 0.518804135739753
19.4375 0.518818910890854
19.5 0.518833205672
19.5625 0.51884703567746
19.625 0.518860415996773
19.6875 0.518873361230986
19.75 0.518885885508377
19.8125 0.518898002499683
19.875 0.51890972543283
19.9375 0.518921067107212
20 0.518932039907495
20.0625 0.518942655816997
20.125 0.518952926430631
20.1875 0.518962862967435
20.25 0.51897247628271
20.3125 0.518981776879756
20.375 0.518990774921242
20.4375 0.518999480240213
20.5 0.519007902350735
20.5625 0.519016050458207
20.625 0.519023933469339
20.6875 0.519031560001811
20.75 0.519038938393618
20.8125 0.519046076712121
20.875 0.519052982762803
20.9375 0.519059664097743
21 0.519066128023819
21.0625 0.519072381610647
21.125 0.519078431698266
21.1875 0.519084284904569
21.25 0.519089947632504
21.3125 0.519095426077033
21.375 0.519100726231878
21.4375 0.519105853896036
21.5 0.519110814680099
21.5625 0.519115614012353
21.625 0.519120257144698
21.6875 0.51912474915836
21.75 0.519129094969432
21.8125 0.519133299334231
21.875 0.519137366854474
21.9375 0.519141301982303
22 0.519145109025134
22.0625 0.519148792150353
22.125 0.519152355389865
22.1875 0.519155802644486
22.25 0.519159137688203
22.3125 0.519162364172292
22.375 0.519165485629299
22.4375 0.519168505476896
22.5 0.519171427021615
22.5625 0.519174253462455
22.625 0.519176987894374
22.6875 0.519179633311672
22.75 0.519182192611258
22.8125 0.519184668595813
22.875 0.519187063976857
22.9375 0.519189381377705
23 0.519191623336339
23.0625 0.519193792308176
23.125 0.519195890668753
23.1875 0.519197920716326
23.25 0.519199884674379
23.3125 0.519201784694055
23.375 0.519203622856509
23.4375 0.519205401175181
23.5 0.519207121598
23.5625 0.519208786009511
23.625 0.519210396232941
23.6875 0.519211954032186
23.75 0.519213461113746
23.8125 0.519214919128589
23.875 0.519216329673956
23.9375 0.519217694295112
24 0.519219014487031
24.0625 0.519220291696036
24.125 0.519221527321382
24.1875 0.519222722716783
24.25 0.519223879191895
24.3125 0.519224998013752
24.375 0.519226080408146
24.4375 0.519227127560978
24.5 0.519228140619547
24.5625 0.519229120693811
24.625 0.519230068857599
24.6875 0.519230986149788
24.75 0.519231873575441
24.8125 0.519232732106906
24.875 0.51923356268488
24.9375 0.519234366219439
25 0.519235143591036
25.0625 0.519235895651464
25.125 0.519236623224787
25.1875 0.519237327108245
25.25 0.519238008073126
25.3125 0.51923866686561
25.375 0.519239304207585
25.4375 0.519239920797441
25.5 0.519240517310832
25.5625 0.519241094401416
25.625 0.519241652701571
25.6875 0.519242192823092
25.75 0.519242715357851
25.8125 0.519243220878457
25.875 0.519243709938874
25.9375 0.519244183075034
26 0.519244640805417
26.0625 0.519245083631628
26.125 0.51924551203894
26.1875 0.519245926496825
26.25 0.519246327459474
26.3125 0.519246715366288
26.375 0.519247090642364
26.4375 0.519247453698959
26.5 0.51924780493394
26.5625 0.519248144732221
26.625 0.519248473466183
26.6875 0.519248791496084
26.75 0.519249099170451
26.8125 0.519249396826467
26.875 0.519249684790334
26.9375 0.519249963377633
27 0.519250232893672
27.0625 0.519250493633818
27.125 0.519250745883821
27.1875 0.519250989920127
27.25 0.519251226010182
27.3125 0.519251454412722
27.375 0.519251675378061
27.4375 0.519251889148362
27.5 0.519252095957904
27.5625 0.519252296033337
27.625 0.519252489593931
27.6875 0.519252676851819
27.75 0.519252858012223
27.8125 0.519253033273687
27.875 0.519253202828288
27.9375 0.519253366861849
28 0.519253525554145
28.0625 0.519253679079093
28.125 0.519253827604951
28.1875 0.519253971294497
28.25 0.51925411030521
28.3125 0.519254244789439
28.375 0.519254374894574
28.4375 0.519254500763206
28.5 0.519254622533284
28.5625 0.519254740338262
28.625 0.519254854307252
28.6875 0.51925496456516
28.75 0.519255071232827
28.8125 0.519255174427156
28.875 0.519255274261247
28.9375 0.519255370844514
29 0.519255464282812
29.0625 0.519255554678546
29.125 0.519255642130788
29.1875 0.519255726735385
29.25 0.519255808585061
29.3125 0.519255887769522
29.375 0.519255964375552
29.4375 0.519256038487112
29.5 0.519256110185426
29.5625 0.519256179549074
29.625 0.519256246654079
29.6875 0.519256311573985
29.75 0.519256374379946
29.8125 0.519256435140795
29.875 0.519256493923125
29.9375 0.519256550791363
30 0.519256605807834
30.0625 0.519256659032836
30.125 0.519256710524703
30.1875 0.519256760339871
30.25 0.519256808532937
30.3125 0.519256855156719
30.375 0.519256900262317
30.4375 0.519256943899167
30.5 0.519256986115094
30.5625 0.519257026956367
30.625 0.519257066467748
30.6875 0.519257104692541
30.75 0.519257141672641
30.8125 0.519257177448577
30.875 0.519257212059561
30.9375 0.519257245543525
31 0.519257277937168
31.0625 0.519257309275994
31.125 0.51925733959435
31.1875 0.519257368925464
31.25 0.519257397301484
31.3125 0.51925742475351
31.375 0.51925745131163
31.4375 0.51925747700495
31.5 0.519257501861632
31.5625 0.519257525908918
31.625 0.519257549173163
31.6875 0.519257571679867
31.75 0.519257593453695
31.8125 0.519257614518513
31.875 0.519257634897407
31.9375 0.519257654612713
32 0.519257673686038
Total steps: 2048
