0 0
0.25 0.00266567999985395
0.5 0.00568182578806978
0.75 0.00908999558143741
1 0.0129345274761564
1.25 0.017262891405983
1.5 0.0221253570294156
1.75 0.0275744640856177
2 0.033664254865899
2.25 0.0404492295021466
2.5 0.047982990060561
2.75 0.0563165504327364
3 0.0654963071550822
3.25 0.0755616925975829
3.5 0.0865425666596898
3.75 0.0984564450714857
4 0.111305708655368
4.25 0.125074983318474
4.5 0.139728917867808
4.75 0.155210607265829
5 0.171440903903588
5.25 0.188318822054422
5.5 0.205723168357365
5.75 0.223515427684392
6 0.2415438098663
6.25 0.259648235432219
6.5 0.277665927984109
6.75 0.295437206302592
7 0.312811044410588
7.25 0.329649997228219
7.5 0.345834167546764
7.75 0.361264002504557
8 0.37586183512464
8.25 0.389572208798461
8.5 0.402361123506049
8.75 0.414214411941065
9 0.425135488438031
9.25 0.435142716592458
9.5 0.444266619678614
9.75 0.452547120129537
10 0.460030948988899
10.25 0.466769320421364
10.5 0.472815925025654
10.75 0.478225261653485
11 0.483051301726814
11.25 0.487346462401406
11.5 0.49116085429636
11.75 0.494541764485292
12 0.497533334558608
12.25 0.500176395486037
12.5 0.502508424631722
12.75 0.504563594754367
13 0.506372889556601
13.25 0.507964264929869
13.5 0.509362839233416
13.75 0.510591099626472
14 0.511669114601615
14.25 0.512614745457291
14.5 0.513443851542372
14.75 0.514170485764517
15 0.5148070781412
15.25 0.515364606150282
15.5 0.515852751363538
15.75 0.516280042372282
16 0.516653984382332
16.25 0.516981176102016
16.5 0.517267414700982
16.75 0.517517789702843
17 0.517736766709623
17.25 0.517928261855107
17.5 0.518095707858619
17.75 0.518242112508862
18 0.518370110355552
18.25 0.518482008329298
18.5 0.518579825950832
18.75 0.518665330731589
19 0.518740069310443
19.25 0.518805394817084
19.5 0.518862490901695
19.75 0.518912392823675
20 0.518956005949071
20.25 0.518994121967331
20.5 0.519027433102605
20.75 0.519056544563047
21 0.519081985443105
21.25 0.519104218268396
21.5 0.519123647350133
21.75 0.519140626096048
22 0.519155463406966
22.25 0.519168429272476
22.5 0.519179759665302
22.75 0.519189660821737
23 0.519198312984746
23.25 0.519205873676895
23.5 0.51921248056192
23.75 0.519218253946471
24 0.519223298967125
24.25 0.51922770750218
24.5 0.519231559842762
24.75 0.519234926153507
25 0.519237867749248
25.25 0.519240438210869
25.5 0.519242684360544
25.75 0.519244647114069
26 0.519246362225756
26.25 0.519247860939424
26.5 0.519249170557315
26.75 0.519250314937269
27 0.51925131492721
27.25 0.519252188744836
27.5 0.519252952309421
27.75 0.519253619531771
28 0.519254202567603
28.25 0.519254712038967
28.5 0.519255157227735
28.75 0.51925554624468
29 0.519255886177233
29.25 0.519256183218587
29.5 0.519256442780527
29.75 0.519256669592016
30 0.519256867785348
30.25 0.519257040971428
30.5 0.519257192305559
30.75 0.519257324544925
31 0.519257440098824
31.25 0.51925754107256
31.5 0.519257629305798
31.75 0.519257706406084
32 0.519257773778133
Total steps: 513
