0 0
1 0.0132144604040028
2 0.0344475590513679
3 0.0669578446202171
4 0.11335250910397
5 0.173594582375677
6 0.243152077797876
7 0.313613990724982
8 0.376123382760639
9 0.425263421422338
10 0.460229540915569
11 0.483328840397632
12 0.497830693759362
13 0.506640814928493
14 0.511885511515052
15 0.515042378625831
16 0.516855439525209
17 0.517891367056429
18 0.518481511963385
19 0.518817134897298
20 0.519007823590105
21 0.519116106403256
22 0.519177575731171
23 0.51921246407565
24 0.519232263771756
25 0.519243499775218
26 0.519249875816443
27 0.519253493931503
28 0.519255547026735
29 0.51925671204636
30 0.519257373129264
31 0.519257748255797
32 0.519257961118302
Total steps: 145
