0 0
0.5 0.00570369970175426
1 0.0129886445859289
1.5 0.0222230564624406
2 0.0338172753491492
2.5 0.0482014777747682
3 0.0657727610343758
3.5 0.0868740552555847
4 0.111680049474517
4.5 0.140123667975398
5 0.171825440734274
5.5 0.206064544928373
6 0.24181520817924
6.5 0.277854526772728
7 0.312921593757139
7.5 0.34588643245061
8 0.375883274839223
8.5 0.402378402403462
9 0.425168259865969
9.5 0.444325102725725
10 0.460116789761209
10.5 0.472924824371007
11 0.483175948596321
11.5 0.491293284392866
12 0.497666425085962
12.5 0.502636607472782
13 0.506492311680275
13.5 0.509471203683523
14 0.511765379845211
14.5 0.513527901816984
15 0.514879424738261
15.5 0.515914289443076
16 0.51670580939582
16.5 0.517310692329135
17 0.51777264637682
17.5 0.518125269469342
18 0.518394335078871
18.5 0.518599583610688
19 0.518756116685564
19.5 0.518875476763434
20 0.518966479895318
20.5 0.519035856188173
21 0.519088741301821
21.5 0.51912905300025
22 0.519159779276016
22.5 0.519183198602499
23 0.519201048179964
23.5 0.51921465238416
24 0.519225020790045
24.5 0.519232922953249
25 0.519238945446323
25.5 0.519243535352524
26 0.519247033427935
26.5 0.519249699383405
27 0.519251731157269
27.5 0.519253279606243
28 0.519254459703238
28.5 0.519255359072332
29 0.519256044493944
29.5 0.519256566862839
30 0.519256964966873
30.5 0.519257268366934
31 0.519257499591837
31.5 0.519257675811125
32 0.519257810109944
Total steps: 261
