0 0
0.00093984962406015 9.3984962406015e-06
0.0018796992481203 1.88014089847637e-05
0.00281954887218045 2.8208740141718e-05
0.0037593984962406 3.76204916213588e-05
0.00469924812030075 4.70366653342435e-05
0.0056390977443609 5.64572631915924e-05
0.00657894736842105 6.5882287105289e-05
0.0075187969924812 7.53117389878801e-05
0.00845864661654135 8.47456207525755e-05
0.0093984962406015 9.41839343132485e-05
0.0103383458646617 0.000103626681584436
0.0112781954887218 0.000113073864481337
0.012218045112782 0.000122525484919816
0.0131578947368421 0.0001319815448164
0.0140977443609023 0.00014144204608828
0.0150375939849624 0.00015090699065331
0.0159774436090226 0.000160376380430008
0.0169172932330827 0.000169850217337556
0.0178571428571429 0.000179328503295801
0.018796992481203 0.000188811240225252
0.0197368421052632 0.000198298430047083
0.0206766917293233 0.000207790074683132
0.0216165413533835 0.000217286176055901
0.0225563909774436 0.000226786736088557
0.0234962406015038 0.00023629175670493
0.0244360902255639 0.000245801239829515
0.0253759398496241 0.000255315187387471
0.0263157894736842 0.000264833601304622
0.0272556390977444 0.000274356483507456
0.0281954887218045 0.000283883835923127
0.0291353383458647 0.000293415660479452
0.0300751879699248 0.000302951959104912
0.031015037593985 0.000312492733728655
0.0319548872180451 0.000322037986280493
0.0328947368421053 0.000331587718690903
0.0338345864661654 0.000341141932891025
0.0347744360902256 0.000350700630812667
0.0357142857142857 0.000360263814388301
0.0366541353383459 0.000369831485551062
0.037593984962406 0.000379403646234754
0.0385338345864662 0.000388980298373843
0.0394736842105263 0.000398561443903461
0.0404135338345865 0.000408147084759408
0.0413533834586466 0.000417737222878146
0.0422932330827068 0.000427331860196803
0.0432330827067669 0.000436930998653175
0.0441729323308271 0.000446534640185721
0.0451127819548872 0.000456142786733567
0.0460526315789474 0.000465755440236504
0.0469924812030075 0.000475372602634989
0.0479323308270677 0.000484994275870145
0.0488721804511278 0.000494620461883761
0.049812030075188 0.000504251162618292
0.0507518796992481 0.000513886380016858
0.0516917293233083 0.000523526116023246
0.0526315789473684 0.000533170372581909
0.0535714285714286 0.000542819151637966
0.0545112781954887 0.000552472455137202
0.0554511278195489 0.00056213028502607
0.056390977443609 0.000571792643251686
0.0573308270676692 0.000581459531761836
0.0582706766917293 0.000591130952504969
0.0592105263157895 0.000600806907430203
0.0601503759398496 0.000610487398487323
0.0610902255639098 0.000620172427626778
0.0620300751879699 0.000629861996799685
0.0629699248120301 0.000639556107957829
0.0639097744360902 0.000649254763053659
0.0648496240601504 0.000658957964040294
0.0657894736842105 0.000668665712871517
0.0667293233082706 0.000678378011501781
0.0676691729323308 0.000688094861886202
0.0686090225563909 0.000697816265980567
0.0695488721804511 0.000707542225741328
0.0704887218045112 0.000717272743125603
0.0714285714285714 0.000727007820091181
0.0723684210526315 0.000736747458596515
0.0733082706766916 0.000746491660600726
0.0742481203007518 0.000756240428063603
0.0751879699248119 0.000765993762945602
0.0761278195488721 0.000775751667207846
0.0770676691729322 0.000785514142812127
0.0780075187969924 0.000795281191720902
0.0789473684210525 0.000805052815897299
0.0798872180451126 0.000814829017305112
0.0808270676691728 0.000824609797908801
0.0817669172932329 0.000834395159673496
0.0827067669172931 0.000844185104564994
0.0836466165413532 0.000853979634549761
0.0845864661654134 0.000863778751594929
0.0855263157894735 0.000873582457668299
0.0864661654135336 0.00088339075473834
0.0874060150375938 0.000893203644774189
0.0883458646616539 0.000903021129745652
0.0892857142857141 0.000912843211623201
0.0902255639097742 0.000922669892377978
0.0911654135338344 0.000932501173981792
0.0921052631578945 0.000942337058407122
0.0930451127819547 0.000952177547627115
0.0939849624060148 0.000962022643615584
0.0949248120300749 0.000971872348347014
0.0958646616541351 0.000981726663796555
0.0968045112781952 0.000991585591940029
0.0977443609022554 0.00100144913475392
0.0986842105263155 0.0010113172942154
0.0996240601503757 0.00102119007230227
0.100563909774436 0.00103106747099305
0.101503759398496 0.00104094949226689
0.102443609022556 0.00105083613810363
0.103383458646616 0.00106072741048376
0.104323308270676 0.00107062331138847
0.105263157894737 0.00108052384279957
0.106203007518797 0.0010904290066996
0.107142857142857 0.00110033880507171
0.108082706766917 0.00111025323989977
0.109022556390977 0.00112017231316828
0.109962406015037 0.00113009602686242
0.110902255639097 0.00114002438296806
0.111842105263158 0.00114995738347172
0.112781954887218 0.00115989503036058
0.113721804511278 0.00116983732562252
0.114661654135338 0.00117978427124606
0.115601503759398 0.0011897358692204
0.116541353383458 0.00119969212153541
0.117481203007518 0.00120965303018163
0.118421052631579 0.00121961859715027
0.119360902255639 0.00122958882443322
0.120300751879699 0.00123956371402301
0.121240601503759 0.00124954326791287
0.122180451127819 0.00125952748809668
0.123120300751879 0.00126951637656901
0.124060150375939 0.00127950993532508
0.125 0.00128950816636078
0.12593984962406 0.00129951107167269
0.12687969924812 0.00130951865325803
0.12781954887218 0.00131953091311473
0.12875939849624 0.00132954785324135
0.1296992481203 0.00133956947563715
0.13063909774436 0.00134959578230204
0.131578947368421 0.0013596267752366
0.132518796992481 0.0013696624564421
0.133458646616541 0.00137970282792046
0.134398496240601 0.00138974789167428
0.135338345864661 0.00139979764970683
0.136278195488721 0.00140985210402205
0.137218045112782 0.00141991125662455
0.138157894736842 0.0014299751095196
0.139097744360902 0.00144004366471316
0.140037593984962 0.00145011692421184
0.140977443609022 0.00146019489002294
0.141917293233082 0.00147027756415442
0.142857142857143 0.00148036494861491
0.143796992481203 0.00149045704541372
0.144736842105263 0.00150055385656081
0.145676691729323 0.00151065538406683
0.146616541353383 0.00152076162994309
0.147556390977443 0.00153087259620158
0.148496240601503 0.00154098828485496
0.149436090225564 0.00155110869791655
0.150375939849624 0.00156123383740035
0.151315789473684 0.00157136370532104
0.152255639097744 0.00158149830369394
0.153195488721804 0.00159163763453507
0.154135338345864 0.00160178169986111
0.155075187969925 0.00161193050168941
0.156015037593985 0.001622084042038
0.156954887218045 0.00163224232292558
0.157894736842105 0.0016424053463715
0.158834586466165 0.00165257311439581
0.159774436090225 0.00166274562901921
0.160714285714286 0.00167292289226309
0.161654135338346 0.00168310490614949
0.162593984962406 0.00169329167270113
0.163533834586466 0.00170348319394141
0.164473684210526 0.0017136794718944
0.165413533834586 0.00172388050858483
0.166353383458646 0.0017340863060381
0.167293233082707 0.0017442968662803
0.168233082706767 0.00175451219133818
0.169172932330827 0.00176473228323916
0.170112781954887 0.00177495714401133
0.171052631578947 0.00178518677568346
0.171992481203007 0.00179542118028498
0.172932330827068 0.001805660359846
0.173872180451128 0.0018159043163973
0.174812030075188 0.00182615305197034
0.175751879699248 0.00183640656859724
0.176691729323308 0.00184666486831078
0.177631578947368 0.00185692795314445
0.178571428571428 0.00186719582513237
0.179511278195489 0.00187746848630936
0.180451127819549 0.0018877459387109
0.181390977443609 0.00189802818437314
0.182330827067669 0.00190831522533291
0.183270676691729 0.00191860706362771
0.184210526315789 0.00192890370129571
0.18515037593985 0.00193920514037575
0.18609022556391 0.00194951138290734
0.18703007518797 0.00195982243093067
0.18796992481203 0.00197013828648659
0.18890977443609 0.00198045895161664
0.18984962406015 0.00199078442836302
0.190789473684211 0.00200111471876861
0.191729323308271 0.00201144982487694
0.192669172932331 0.00202178974873224
0.193609022556391 0.0020321344923794
0.194548872180451 0.00204248405786398
0.195488721804511 0.00205283844723222
0.196428571428571 0.00206319766253102
0.197368421052632 0.00207356170580797
0.198308270676692 0.00208393057911131
0.199248120300752 0.00209430428448997
0.200187969924812 0.00210468282399355
0.201127819548872 0.00211506619967232
0.202067669172932 0.00212545441357721
0.203007518796993 0.00213584746775985
0.203947368421053 0.00214624536427251
0.204887218045113 0.00215664810516816
0.205827067669173 0.00216705569250043
0.206766917293233 0.00217746812832363
0.207706766917293 0.00218788541469272
0.208646616541354 0.00219830755366335
0.209586466165414 0.00220873454729186
0.210526315789474 0.00221916639763523
0.211466165413534 0.00222960310675113
0.212406015037594 0.0022400446766979
0.213345864661654 0.00225049110953455
0.214285714285714 0.00226094240732076
0.215225563909775 0.0022713985721169
0.216165413533835 0.00228185960598399
0.217105263157895 0.00229232551098374
0.218045112781955 0.00230279628917852
0.218984962406015 0.00231327194263137
0.219924812030075 0.00232375247340603
0.220864661654136 0.00233423788356688
0.221804511278196 0.00234472817517899
0.222744360902256 0.00235522335030811
0.223684210526316 0.00236572341102063
0.224624060150376 0.00237622835938365
0.225563909774436 0.00238673819746492
0.226503759398497 0.00239725292733288
0.227443609022557 0.00240777255105663
0.228383458646617 0.00241829707070595
0.229323308270677 0.00242882648835128
0.230263157894737 0.00243936080606374
0.231203007518797 0.00244990002591514
0.232142857142857 0.00246044414997794
0.233082706766918 0.00247099318032529
0.234022556390978 0.00248154711903099
0.234962406015038 0.00249210596816953
0.235902255639098 0.00250266972981608
0.236842105263158 0.00251323840604647
0.237781954887218 0.0025238119989372
0.238721804511279 0.00253439051056545
0.239661654135339 0.00254497394300908
0.240601503759399 0.00255556229834662
0.241541353383459 0.00256615557865725
0.242481203007519 0.00257675378602085
0.243421052631579 0.00258735692251797
0.24436090225564 0.00259796499022983
0.2453007518797 0.00260857799123831
0.24624060150376 0.00261919592762598
0.24718045112782 0.00262981880147608
0.24812030075188 0.00264044661487252
0.24906015037594 0.00265107936989988
0.25 0.00266171706864342
0.250939849624061 0.00267235971318906
0.251879699248121 0.00268300730562342
0.252819548872181 0.00269365984803377
0.253759398496241 0.00270431734250805
0.254699248120301 0.0027149797911349
0.255639097744361 0.00272564719600361
0.256578947368421 0.00273631955920414
0.257518796992481 0.00274699688282714
0.258458646616542 0.00275767916896392
0.259398496240602 0.00276836641970648
0.260338345864662 0.00277905863714748
0.261278195488722 0.00278975582338024
0.262218045112782 0.00280045798049879
0.263157894736842 0.00281116511059781
0.264097744360902 0.00282187721577264
0.265037593984963 0.00283259429811931
0.265977443609023 0.00284331635973454
0.266917293233083 0.00285404340271569
0.267857142857143 0.00286477542916082
0.268796992481203 0.00287551244116864
0.269736842105263 0.00288625444083855
0.270676691729323 0.00289700143027062
0.271616541353383 0.00290775341156559
0.272556390977444 0.00291851038682488
0.273496240601504 0.00292927235815057
0.274436090225564 0.00294003932764542
0.275375939849624 0.00295081129741288
0.276315789473684 0.00296158826955705
0.277255639097744 0.0029723702461827
0.278195488721804 0.00298315722939531
0.279135338345864 0.00299394922130099
0.280075187969925 0.00300474622400654
0.281015037593985 0.00301554823961945
0.281954887218045 0.00302635527024786
0.282894736842105 0.00303716731800058
0.283834586466165 0.00304798438498713
0.284774436090225 0.00305880647331766
0.285714285714285 0.00306963358510301
0.286654135338345 0.00308046572245471
0.287593984962406 0.00309130288748493
0.288533834586466 0.00310214508230655
0.289473684210526 0.00311299230903309
0.290413533834586 0.00312384456977877
0.291353383458646 0.00313470186665846
0.292293233082706 0.00314556420178773
0.293233082706766 0.00315643157728279
0.294172932330827 0.00316730399526055
0.295112781954887 0.00317818145783859
0.296052631578947 0.00318906396713515
0.296992481203007 0.00319995152526915
0.297932330827067 0.0032108441343602
0.298872180451127 0.00322174179652855
0.299812030075187 0.00323264451389515
0.300751879699247 0.00324355228858161
0.301691729323308 0.00325446512271022
0.302631578947368 0.00326538301840394
0.303571428571428 0.00327630597778641
0.304511278195488 0.00328723400298193
0.305451127819548 0.00329816709611548
0.306390977443608 0.00330910525931272
0.307330827067668 0.00332004849469998
0.308270676691728 0.00333099680440425
0.309210526315789 0.0033419501905532
0.310150375939849 0.0033529086552752
0.311090225563909 0.00336387220069924
0.312030075187969 0.00337484082895504
0.312969924812029 0.00338581454217295
0.313909774436089 0.00339679334248402
0.314849624060149 0.00340777723201995
0.31578947368421 0.00341876621291313
0.31672932330827 0.00342976028729662
0.31766917293233 0.00344075945730416
0.31860902255639 0.00345176372507015
0.31954887218045 0.00346277309272966
0.32048872180451 0.00347378756241845
0.32142857142857 0.00348480713627294
0.32236842105263 0.00349583181643024
0.323308270676691 0.0035068616050281
0.324248120300751 0.00351789650420498
0.325187969924811 0.00352893651609998
0.326127819548871 0.00353998164285291
0.327067669172931 0.00355103188660422
0.328007518796991 0.00356208724949505
0.328947368421051 0.00357314773366721
0.329887218045111 0.00358421334126317
0.330827067669172 0.0035952840744261
0.331766917293232 0.00360635993529982
0.332706766917292 0.00361744092602883
0.333646616541352 0.00362852704875831
0.334586466165412 0.00363961830563409
0.335526315789472 0.00365071469880271
0.336466165413532 0.00366181623041134
0.337406015037592 0.00367292290260787
0.338345864661653 0.00368403471754081
0.339285714285713 0.00369515167735939
0.340225563909773 0.00370627378421349
0.341165413533833 0.00371740104025366
0.342105263157893 0.00372853344763114
0.343045112781953 0.00373967100849782
0.343984962406013 0.00375081372500627
0.344924812030074 0.00376196159930975
0.345864661654134 0.00377311463356218
0.346804511278194 0.00378427282991814
0.347744360902254 0.0037954361905329
0.348684210526314 0.00380660471756241
0.349624060150374 0.00381777841316326
0.350563909774434 0.00382895727949274
0.351503759398494 0.00384014131870881
0.352443609022555 0.00385133053297009
0.353383458646615 0.00386252492443589
0.354323308270675 0.00387372449526618
0.355263157894735 0.0038849292476216
0.356203007518795 0.00389613918366347
0.357142857142855 0.00390735430555379
0.358082706766915 0.0039185746154552
0.359022556390975 0.00392980011553106
0.359962406015036 0.00394103080794536
0.360902255639096 0.00395226669486279
0.361842105263156 0.0039635077784487
0.362781954887216 0.0039747540608691
0.363721804511276 0.00398600554429071
0.364661654135336 0.00399726223088089
0.365601503759396 0.00400852412280767
0.366541353383457 0.00401979122223978
0.367481203007517 0.00403106353134659
0.368421052631577 0.00404234105229817
0.369360902255637 0.00405362378726524
0.370300751879697 0.00406491173841921
0.371240601503757 0.00407620490793215
0.372180451127817 0.00408750329797681
0.373120300751877 0.0040988069107266
0.374060150375938 0.00411011574835561
0.374999999999998 0.00412142981303861
0.375939849624058 0.00413274910695104
0.376879699248118 0.00414407363226898
0.377819548872178 0.00415540339116923
0.378759398496238 0.00416673838582923
0.379699248120298 0.00417807861842711
0.380639097744358 0.00418942409114165
0.381578947368419 0.00420077480615232
0.382518796992479 0.00421213076563926
0.383458646616539 0.00422349197178328
0.384398496240599 0.00423485842676585
0.385338345864659 0.00424623013276912
0.386278195488719 0.00425760709197593
0.387218045112779 0.00426898930656977
0.388157894736839 0.00428037677873479
0.3890977443609 0.00429176951065584
0.39003759398496 0.00430316750451843
0.39097744360902 0.00431457076250874
0.39191729323308 0.00432597928681362
0.39285714285714 0.00433739307962059
0.3937969924812 0.00434881214311785
0.39473684210526 0.00436023647949426
0.395676691729321 0.00437166609093936
0.396616541353381 0.00438310097964336
0.397556390977441 0.00439454114779715
0.398496240601501 0.00440598659759226
0.399436090225561 0.00441743733122092
0.400375939849621 0.00442889335087603
0.401315789473681 0.00444035465875115
0.402255639097741 0.00445182125704051
0.403195488721802 0.00446329314793902
0.404135338345862 0.00447477033364226
0.405075187969922 0.00448625281634647
0.406015037593982 0.00449774059824858
0.406954887218042 0.00450923368154617
0.407894736842102 0.0045207320684375
0.408834586466162 0.00453223576112151
0.409774436090222 0.00454374476179779
0.410714285714283 0.00455525907266662
0.411654135338343 0.00456677869592895
0.412593984962403 0.00457830363378638
0.413533834586463 0.0045898338884412
0.414473684210523 0.00460136946209637
0.415413533834583 0.0046129103569555
0.416353383458643 0.00462445657522291
0.417293233082703 0.00463600811910354
0.418233082706764 0.00464756499080304
0.419172932330824 0.00465912719252772
0.420112781954884 0.00467069472648455
0.421052631578944 0.00468226759488118
0.421992481203004 0.00469384579992593
0.422932330827064 0.00470542934382778
0.423872180451124 0.00471701822879639
0.424812030075185 0.0047286124570421
0.425751879699245 0.00474021203077589
0.426691729323305 0.00475181695220943
0.427631578947365 0.00476342722355507
0.428571428571425 0.0047750428470258
0.429511278195485 0.00478666382483532
0.430451127819545 0.00479829015919795
0.431390977443605 0.00480992185232873
0.432330827067666 0.00482155890644334
0.433270676691726 0.00483320132375812
0.434210526315786 0.00484484910649012
0.435150375939846 0.00485650225685702
0.436090225563906 0.00486816077707718
0.437030075187966 0.00487982466936965
0.437969924812026 0.00489149393595413
0.438909774436086 0.00490316857905098
0.439849624060147 0.00491484860088126
0.440789473684207 0.00492653400366666
0.441729323308267 0.00493822478962958
0.442669172932327 0.00494992096099306
0.443609022556387 0.00496162251998082
0.444548872180447 0.00497332946881724
0.445488721804507 0.0049850418097274
0.446428571428568 0.004996759544937
0.447368421052628 0.00500848267667245
0.448308270676688 0.00502021120716081
0.449248120300748 0.00503194513862981
0.450187969924808 0.00504368447330785
0.451127819548868 0.00505542921342401
0.452067669172928 0.00506717936120801
0.453007518796988 0.00507893491889027
0.453947368421049 0.00509069588870186
0.454887218045109 0.00510246227287453
0.455827067669169 0.00511423407364069
0.456766917293229 0.00512601129323342
0.457706766917289 0.00513779393388646
0.458646616541349 0.00514958199783424
0.459586466165409 0.00516137548731184
0.460526315789469 0.00517317440455501
0.46146616541353 0.00518497875180017
0.46240601503759 0.00519678853128443
0.46334586466165 0.00520860374524552
0.46428571428571 0.00522042439592188
0.46522556390977 0.0052322504855526
0.46616541353383 0.00524408201637745
0.46710526315789 0.00525591899063684
0.46804511278195 0.00526776141057188
0.468984962406011 0.00527960927842433
0.469924812030071 0.00529146259643662
0.470864661654131 0.00530332136685186
0.471804511278191 0.0053151855919138
0.472744360902251 0.00532705527386688
0.473684210526311 0.00533893041495621
0.474624060150371 0.00535081101742754
0.475563909774432 0.00536269708352733
0.476503759398492 0.00537458861550266
0.477443609022552 0.00538648561560131
0.478383458646612 0.00539838808607172
0.479323308270672 0.00541029602916298
0.480263157894732 0.00542220944712488
0.481203007518792 0.00543412834220784
0.482142857142852 0.00544605271666298
0.483082706766913 0.00545798257274206
0.484022556390973 0.00546991791269752
0.484962406015033 0.00548185873878246
0.485902255639093 0.00549380505325065
0.486842105263153 0.00550575685835654
0.487781954887213 0.00551771415635522
0.488721804511273 0.00552967694950246
0.489661654135333 0.0055416452400547
0.490601503759394 0.00555361903026904
0.491541353383454 0.00556559832240326
0.492481203007514 0.00557758311871577
0.493421052631574 0.00558957342146569
0.494360902255634 0.00560156923291277
0.495300751879694 0.00561357055531746
0.496240601503754 0.00562557739094084
0.497180451127815 0.00563758974204468
0.498120300751875 0.00564960761089142
0.499060150375935 0.00566163099974413
0.499999999999995 0.00567365991086659
0.500939849624055 0.00568569434652321
0.501879699248115 0.0056977343089791
0.502819548872175 0.00570977980049999
0.503759398496235 0.00572183082335232
0.504699248120296 0.00573388737980318
0.505639097744356 0.0057459494721203
0.506578947368416 0.0057580171025721
0.507518796992476 0.00577009027342768
0.508458646616536 0.00578216898695677
0.509398496240596 0.00579425324542978
0.510338345864656 0.00580634305111779
0.511278195488716 0.00581843840629254
0.512218045112777 0.00583053931322643
0.513157894736837 0.00584264577419253
0.514097744360897 0.00585475779146457
0.515037593984957 0.00586687536731695
0.515977443609017 0.00587899850402474
0.516917293233077 0.00589112720386365
0.517857142857137 0.00590326146911008
0.518796992481197 0.00591540130204108
0.519736842105258 0.00592754670493436
0.520676691729318 0.00593969768006832
0.521616541353378 0.00595185422972199
0.522556390977438 0.00596401635617508
0.523496240601498 0.00597618406170796
0.524436090225558 0.00598835734860168
0.525375939849618 0.00600053621913793
0.526315789473679 0.00601272067559907
0.527255639097739 0.00602491072026812
0.528195488721799 0.00603710635542879
0.529135338345859 0.00604930758336541
0.530075187969919 0.00606151440636301
0.531015037593979 0.00607372682670726
0.531954887218039 0.0060859448466845
0.532894736842099 0.00609816846858175
0.53383458646616 0.00611039769468665
0.53477443609022 0.00612263252728755
0.53571428571428 0.00613487296867343
0.53665413533834 0.00614711902113396
0.5375939849624 0.00615937068695943
0.53853383458646 0.00617162796844084
0.53947368421052 0.00618389086786983
0.54041353383458 0.00619615938753869
0.541353383458641 0.00620843352974039
0.542293233082701 0.00622071329676857
0.543233082706761 0.0062329986909175
0.544172932330821 0.00624528971448214
0.545112781954881 0.0062575863697581
0.546052631578941 0.00626988865904166
0.546992481203001 0.00628219658462975
0.547932330827061 0.00629451014881996
0.548872180451122 0.00630682935391056
0.549812030075182 0.00631915420220046
0.550751879699242 0.00633148469598925
0.551691729323302 0.00634382083757716
0.552631578947362 0.0063561626292651
0.553571428571422 0.00636851007335463
0.554511278195482 0.00638086317214798
0.555451127819543 0.00639322192794803
0.556390977443603 0.00640558634305832
0.557330827067663 0.00641795641978307
0.558270676691723 0.00643033216042714
0.559210526315783 0.00644271356729605
0.560150375939843 0.00645510064269599
0.561090225563903 0.00646749338893381
0.562030075187963 0.00647989180831701
0.562969924812024 0.00649229590315377
0.563909774436084 0.00650470567575291
0.564849624060144 0.00651712112842391
0.565789473684204 0.00652954226347693
0.566729323308264 0.00654196908322276
0.567669172932324 0.00655440158997288
0.568609022556384 0.00656683978603941
0.569548872180444 0.00657928367373513
0.570488721804505 0.00659173325537348
0.571428571428565 0.00660418853326857
0.572368421052625 0.00661664950973516
0.573308270676685 0.00662911618708867
0.574248120300745 0.00664158856764517
0.575187969924805 0.00665406665372142
0.576127819548865 0.00666655044763479
0.577067669172926 0.00667903995170335
0.578007518796986 0.0066915351682458
0.578947368421046 0.00670403609958153
0.579887218045106 0.00671654274803056
0.580827067669166 0.00672905511591358
0.581766917293226 0.00674157320555193
0.582706766917286 0.00675409701926761
0.583646616541346 0.0067666265593833
0.584586466165407 0.0067791618282223
0.585526315789467 0.00679170282810859
0.586466165413527 0.00680424956136682
0.587406015037587 0.00681680203032226
0.588345864661647 0.00682936023730087
0.589285714285707 0.00684192418462925
0.590225563909767 0.00685449387463467
0.591165413533827 0.00686706930964505
0.592105263157888 0.00687965049198896
0.593045112781948 0.00689223742399563
0.593984962406008 0.00690483010799496
0.594924812030068 0.0069174285463175
0.595864661654128 0.00693003274129444
0.596804511278188 0.00694264269525765
0.597744360902248 0.00695525841053964
0.598684210526308 0.00696787988947358
0.599624060150369 0.0069805071343933
0.600563909774429 0.00699314014763328
0.601503759398489 0.00700577893152867
0.602443609022549 0.00701842348841525
0.603383458646609 0.00703107382062949
0.604323308270669 0.00704372993050848
0.605263157894729 0.00705639182038998
0.60620300751879 0.00706905949261242
0.60714285714285 0.00708173294951486
0.60808270676691 0.00709441219343703
0.60902255639097 0.00710709722671931
0.60996240601503 0.00711978805170274
0.61090225563909 0.00713248467072901
0.61184210526315 0.00714518708614046
0.61278195488721 0.0071578953002801
0.613721804511271 0.00717060931549157
0.614661654135331 0.0071833291341192
0.615601503759391 0.00719605475850793
0.616541353383451 0.00720878619100339
0.617481203007511 0.00722152343395184
0.618421052631571 0.00723426648970021
0.619360902255631 0.00724701536059608
0.620300751879691 0.00725977004898768
0.621240601503752 0.00727253055722389
0.622180451127812 0.00728529688765426
0.623120300751872 0.00729806904262896
0.624060150375932 0.00731084702449885
0.624999999999992 0.00732363083561542
0.625939849624052 0.00733642047833083
0.626879699248112 0.00734921595499787
0.627819548872173 0.00736201726797
0.628759398496233 0.00737482441960133
0.629699248120293 0.00738763741224661
0.630639097744353 0.00740045624826126
0.631578947368413 0.00741328093000134
0.632518796992473 0.00742611145982357
0.633458646616533 0.00743894784008532
0.634398496240593 0.0074517900731446
0.635338345864654 0.00746463816136009
0.636278195488714 0.0074774921070911
0.637218045112774 0.00749035191269762
0.638157894736834 0.00750321758054026
0.639097744360894 0.00751608911298031
0.640037593984954 0.00752896651237969
0.640977443609014 0.00754184978110097
0.641917293233074 0.00755473892150739
0.642857142857135 0.00756763393596282
0.643796992481195 0.0075805348268318
0.644736842105255 0.0075934415964795
0.645676691729315 0.00760635424727176
0.646616541353375 0.00761927278157505
0.647556390977435 0.0076321972017565
0.648496240601495 0.0076451275101839
0.649436090225555 0.00765806370922567
0.650375939849616 0.0076710058012509
0.651315789473676 0.0076839537886293
0.652255639097736 0.00769690767373126
0.653195488721796 0.00770986745892781
0.654135338345856 0.00772283314659062
0.655075187969916 0.00773580473909202
0.656015037593976 0.00774878223880497
0.656954887218037 0.00776176564810311
0.657894736842097 0.0077747549693607
0.658834586466157 0.00778775020495266
0.659774436090217 0.00780075135725456
0.660714285714277 0.00781375842864262
0.661654135338337 0.00782677142149369
0.662593984962397 0.00783979033818529
0.663533834586457 0.00785281518109558
0.664473684210518 0.00786584595260336
0.665413533834578 0.00787888265508809
0.666353383458638 0.00789192529092986
0.667293233082698 0.00790497386250944
0.668233082706758 0.00791802837220821
0.669172932330818 0.00793108882240821
0.670112781954878 0.00794415521549213
0.671052631578938 0.00795722755384331
0.671992481202999 0.00797030583984574
0.672932330827059 0.00798339007588403
0.673872180451119 0.00799648026434346
0.674812030075179 0.00800957640760996
0.675751879699239 0.00802267850807009
0.676691729323299 0.00803578656811106
0.677631578947359 0.00804890059012073
0.678571428571419 0.0080620205764876
0.67951127819548 0.00807514652960082
0.68045112781954 0.00808827845185018
0.6813909774436 0.00810141634562613
0.68233082706766 0.00811456021331975
0.68327067669172 0.00812771005732276
0.68421052631578 0.00814086588002754
0.68515037593984 0.00815402768382711
0.686090225563901 0.00816719547111512
0.687030075187961 0.00818036924428588
0.687969924812021 0.00819354900573435
0.688909774436081 0.00820673475785612
0.689849624060141 0.00821992650304742
0.690789473684201 0.00823312424370513
0.691729323308261 0.00824632798222679
0.692669172932321 0.00825953772101055
0.693609022556382 0.00827275346245523
0.694548872180442 0.00828597520896028
0.695488721804502 0.00829920296292581
0.696428571428562 0.00831243672675254
0.697368421052622 0.00832567650284186
0.698308270676682 0.0083389222935958
0.699248120300742 0.00835217410141702
0.700187969924802 0.00836543192870883
0.701127819548863 0.00837869577787519
0.702067669172923 0.00839196565132068
0.703007518796983 0.00840524155145053
0.703947368421043 0.00841852348067063
0.704887218045103 0.00843181144138749
0.705827067669163 0.00844510543600827
0.706766917293223 0.00845840546694077
0.707706766917284 0.00847171153659343
0.708646616541344 0.00848502364737532
0.709586466165404 0.00849834180169618
0.710526315789464 0.00851166600196636
0.711466165413524 0.00852499625059686
0.712406015037584 0.00853833254999933
0.713345864661644 0.00855167490258604
0.714285714285704 0.00856502331076993
0.715225563909765 0.00857837777696454
0.716165413533825 0.00859173830358409
0.717105263157885 0.00860510489304341
0.718045112781945 0.00861847754775798
0.718984962406005 0.00863185627014392
0.719924812030065 0.00864524106261798
0.720864661654125 0.00865863192759756
0.721804511278185 0.0086720288675007
0.722744360902246 0.00868543188474607
0.723684210526306 0.00869884098175298
0.724624060150366 0.00871225616094137
0.725563909774426 0.00872567742473184
0.726503759398486 0.00873910477554561
0.727443609022546 0.00875253821580453
0.728383458646606 0.00876597774793111
0.729323308270666 0.00877942337434849
0.730263157894727 0.00879287509748043
0.731203007518787 0.00880633291975135
0.732142857142847 0.0088197968435863
0.733082706766907 0.00883326687141095
0.734022556390967 0.00884674300565163
0.734962406015027 0.0088602252487353
0.735902255639087 0.00887371360308953
0.736842105263148 0.00888720807114257
0.737781954887208 0.00890070865532328
0.738721804511268 0.00891421535806115
0.739661654135328 0.00892772818178632
0.740601503759388 0.00894124712892956
0.741541353383448 0.00895477220192227
0.742481203007508 0.00896830340319649
0.743421052631568 0.0089818407351849
0.744360902255629 0.0089953842003208
0.745300751879689 0.00900893380103814
0.746240601503749 0.00902248953977149
0.747180451127809 0.00903605141895607
0.748120300751869 0.00904961944102772
0.749060150375929 0.00906319360842291
0.749999999999989 0.00907677392357877
0.750939849624049 0.00909036038893302
0.75187969924811 0.00910395300692406
0.75281954887217 0.0091175517799909
0.75375939849623 0.00913115671057317
0.75469924812029 0.00914476780111115
0.75563909774435 0.00915838505404575
0.75657894736841 0.00917200847181852
0.75751879699247 0.00918563805687162
0.758458646616531 0.00919927381164787
0.759398496240591 0.00921291573859069
0.760338345864651 0.00922656384014416
0.761278195488711 0.00924021811875297
0.762218045112771 0.00925387857686245
0.763157894736831 0.00926754521691858
0.764097744360891 0.00928121804136793
0.765037593984951 0.00929489705265774
0.765977443609012 0.00930858225323585
0.766917293233072 0.00932227364555075
0.767857142857132 0.00933597123205155
0.768796992481192 0.00934967501518799
0.769736842105252 0.00936338499741046
0.770676691729312 0.00937710118116995
0.771616541353372 0.00939082356891809
0.772556390977432 0.00940455216310715
0.773496240601493 0.00941828696619001
0.774436090225553 0.0094320279806202
0.775375939849613 0.00944577520885185
0.776315789473673 0.00945952865333976
0.777255639097733 0.00947328831653931
0.778195488721793 0.00948705420090655
0.779135338345853 0.00950082630889813
0.780075187969913 0.00951460464297134
0.781015037593974 0.0095283892055841
0.781954887218034 0.00954217999919494
0.782894736842094 0.00955597702626305
0.783834586466154 0.0095697802892482
0.784774436090214 0.00958358979061083
0.785714285714274 0.00959740553281199
0.786654135338334 0.00961122751831335
0.787593984962395 0.00962505574957721
0.788533834586455 0.0096388902290665
0.789473684210515 0.00965273095924478
0.790413533834575 0.00966657794257621
0.791353383458635 0.00968043118152562
0.792293233082695 0.00969429067855842
0.793233082706755 0.00970815643614068
0.794172932330815 0.00972202845673906
0.795112781954876 0.00973590674282088
0.796052631578936 0.00974979129685407
0.796992481202996 0.00976368212130716
0.797932330827056 0.00977757921864935
0.798872180451116 0.00979148259135043
0.799812030075176 0.00980539224188082
0.800751879699236 0.00981930817271158
0.801691729323296 0.00983323038631436
0.802631578947357 0.00984715888516147
0.803571428571417 0.00986109367172583
0.804511278195477 0.00987503474848096
0.805451127819537 0.00988898211790103
0.806390977443597 0.00990293578246083
0.807330827067657 0.00991689574463575
0.808270676691717 0.00993086200690183
0.809210526315778 0.00994483457173571
0.810150375939838 0.00995881344161467
0.811090225563898 0.00997279861901658
0.812030075187958 0.00998679010641998
0.812969924812018 0.010000787906304
0.813909774436078 0.0100147920211484
0.814849624060138 0.0100288024534335
0.815789473684198 0.0100428192056403
0.816729323308259 0.0100568422802505
0.817669172932319 0.0100708716797462
0.818609022556379 0.0100849074066104
0.819548872180439 0.0100989494633265
0.820488721804499 0.0101129978523785
0.821428571428559 0.0101270525762513
0.822368421052619 0.0101411136374301
0.823308270676679 0.0101551810384009
0.82424812030074 0.0101692547816502
0.8251879699248 0.0101833348696652
0.82612781954886 0.0101974213049338
0.82706766917292 0.0102115140899443
0.82800751879698 0.0102256132271858
0.82894736842104 0.010239718719148
0.8298872180451 0.010253830568321
0.83082706766916 0.0102679487771959
0.831766917293221 0.010282073348264
0.832706766917281 0.0102962042840176
0.833646616541341 0.0103103415869493
0.834586466165401 0.0103244852595525
0.835526315789461 0.0103386353043212
0.836466165413521 0.01035279172375
0.837406015037581 0.010366954520334
0.838345864661642 0.0103811236965691
0.839285714285702 0.0103952992549517
0.840225563909762 0.0104094811979789
0.841165413533822 0.0104236695281482
0.842105263157882 0.010437864247958
0.843045112781942 0.0104520653599072
0.843984962406002 0.0104662728664952
0.844924812030062 0.0104804867702222
0.845864661654123 0.0104947070735889
0.846804511278183 0.0105089337790967
0.847744360902243 0.0105231668892474
0.848684210526303 0.0105374064065437
0.849624060150363 0.0105516523334887
0.850563909774423 0.0105659046725862
0.851503759398483 0.0105801634263407
0.852443609022543 0.0105944285972571
0.853383458646604 0.010608700187841
0.854323308270664 0.0106229782005988
0.855263157894724 0.0106372626380372
0.856203007518784 0.0106515535026637
0.857142857142844 0.0106658507969863
0.858082706766904 0.0106801545235138
0.859022556390964 0.0106944646847555
0.859962406015024 0.0107087812832212
0.860902255639085 0.0107231043214214
0.861842105263145 0.0107374338018673
0.862781954887205 0.0107517697270705
0.863721804511265 0.0107661120995435
0.864661654135325 0.0107804609217992
0.865601503759385 0.0107948161963511
0.866541353383445 0.0108091779257134
0.867481203007506 0.0108235461124008
0.868421052631566 0.0108379207589288
0.869360902255626 0.0108523018678133
0.870300751879686 0.0108666894415709
0.871240601503746 0.0108810834827188
0.872180451127806 0.0108954839937748
0.873120300751866 0.0109098909772573
0.874060150375926 0.0109243044356854
0.874999999999987 0.0109387243715787
0.875939849624047 0.0109531507874574
0.876879699248107 0.0109675836858423
0.877819548872167 0.0109820230692549
0.878759398496227 0.0109964689402172
0.879699248120287 0.011010921301252
0.880639097744347 0.0110253801548823
0.881578947368407 0.0110398455036322
0.882518796992468 0.0110543173500261
0.883458646616528 0.011068795696589
0.884398496240588 0.0110832805458466
0.885338345864648 0.0110977719003253
0.886278195488708 0.0111122697625518
0.887218045112768 0.0111267741350537
0.888157894736828 0.011141285020359
0.889097744360889 0.0111558024209965
0.890037593984949 0.0111703263394954
0.890977443609009 0.0111848567783856
0.891917293233069 0.0111993937401977
0.892857142857129 0.0112139372274627
0.893796992481189 0.0112284872427123
0.894736842105249 0.0112430437884788
0.895676691729309 0.0112576068672952
0.89661654135337 0.0112721764816949
0.89755639097743 0.011286752634212
0.89849624060149 0.0113013353273813
0.89943609022555 0.0113159245637379
0.90037593984961 0.011330520345818
0.90131578947367 0.0113451226761578
0.90225563909773 0.0113597315572946
0.90319548872179 0.011374346991766
0.904135338345851 0.0113889689821104
0.905075187969911 0.0114035975308666
0.906015037593971 0.0114182326405741
0.906954887218031 0.011432874313773
0.907894736842091 0.011447522553004
0.908834586466151 0.0114621773608084
0.909774436090211 0.0114768387397281
0.910714285714271 0.0114915066923056
0.911654135338332 0.0115061812210839
0.912593984962392 0.0115208623286066
0.913533834586452 0.0115355500174182
0.914473684210512 0.0115502442900634
0.915413533834572 0.0115649451490877
0.916353383458632 0.0115796525970372
0.917293233082692 0.0115943666364585
0.918233082706753 0.0116090872698988
0.919172932330813 0.0116238144999061
0.920112781954873 0.0116385483290287
0.921052631578933 0.0116532887598156
0.921992481202993 0.0116680357948165
0.922932330827053 0.0116827894365817
0.923872180451113 0.0116975496876618
0.924812030075173 0.0117123165506084
0.925751879699234 0.0117270900279733
0.926691729323294 0.0117418701223093
0.927631578947354 0.0117566568361694
0.928571428571414 0.0117714501721075
0.929511278195474 0.0117862501326779
0.930451127819534 0.0118010567204356
0.931390977443594 0.011815869937936
0.932330827067654 0.0118306897877355
0.933270676691715 0.0118455162723905
0.934210526315775 0.0118603493944586
0.935150375939835 0.0118751891564976
0.936090225563895 0.011890035561066
0.937030075187955 0.0119048886107228
0.937969924812015 0.0119197483080278
0.938909774436075 0.0119346146555413
0.939849624060136 0.011949487655824
0.940789473684196 0.0119643673114374
0.941729323308256 0.0119792536249435
0.942669172932316 0.0119941465989051
0.943609022556376 0.0120090462358851
0.944548872180436 0.0120239525384476
0.945488721804496 0.0120388655091568
0.946428571428556 0.0120537851505777
0.947368421052617 0.0120687114652758
0.948308270676677 0.0120836444558174
0.949248120300737 0.012098584124769
0.950187969924797 0.0121135304746981
0.951127819548857 0.0121284835081726
0.952067669172917 0.0121434432277608
0.953007518796977 0.0121584096360319
0.953947368421037 0.0121733827355555
0.954887218045098 0.0121883625289019
0.955827067669158 0.0122033490186419
0.956766917293218 0.0122183422073468
0.957706766917278 0.0122333420975887
0.958646616541338 0.0122483486919401
0.959586466165398 0.0122633619929742
0.960526315789458 0.0122783820032648
0.961466165413518 0.012293408725386
0.962406015037579 0.0123084421619129
0.963345864661639 0.0123234823154209
0.964285714285699 0.0123385291884861
0.965225563909759 0.012353582783685
0.966165413533819 0.012368643103595
0.967105263157879 0.0123837101507939
0.968045112781939 0.01239878392786
0.968984962406 0.0124138644373722
0.96992481203006 0.0124289516819102
0.97086466165412 0.012444045664054
0.97180451127818 0.0124591463863844
0.97274436090224 0.0124742538514827
0.9736842105263 0.0124893680619306
0.97462406015036 0.0125044890203106
0.97556390977442 0.0125196167292058
0.976503759398481 0.0125347511911998
0.977443609022541 0.0125498924088766
0.978383458646601 0.0125650403848212
0.979323308270661 0.0125801951216186
0.980263157894721 0.012595356621855
0.981203007518781 0.0126105248881168
0.982142857142841 0.0126256999229909
0.983082706766901 0.0126408817290651
0.984022556390962 0.0126560703089276
0.984962406015022 0.0126712656651671
0.985902255639082 0.0126864678003729
0.986842105263142 0.0127016767171351
0.987781954887202 0.012716892418044
0.988721804511262 0.0127321149056909
0.989661654135322 0.0127473441826673
0.990601503759382 0.0127625802515654
0.991541353383443 0.0127778231149781
0.992481203007503 0.0127930727754987
0.993421052631563 0.0128083292357212
0.994360902255623 0.01282359249824
0.995300751879683 0.0128388625656503
0.996240601503743 0.0128541394405477
0.997180451127803 0.0128694231255285
0.998120300751864 0.0128847136231894
0.999060150375924 0.0129000109361278
0.999999999999984 0.0129153150669416
Total steps: 1064
