0 0
1 0.019254029760484
2 0.0529003601965074
3 0.104107339266685
4 0.170235990179839
5 0.242680492357374
6 0.311402308451178
7 0.36963418125133
8 0.414879928664737
9 0.448173714930593
10 0.471543772498651
11 0.487552498188674
12 0.49832706645874
13 0.505595950917514
14 0.510374972816623
15 0.513396654958644
16 0.515393261351912
17 0.516800158847869
18 0.51769659007427
19 0.51819733593837
20 0.518625837626455
21 0.518881466604502
22 0.519033836762824
23 0.519124612558905
24 0.519178676680543
25 0.519210870322854
26 0.519230038664215
27 0.519241450913127
28 0.519248245161664
29 0.51925229000584
30 0.519254698004884
31 0.519256131536717
32 0.519256984943908
Total steps: 192
