0 0
0.5 0.00663589365418493
1 0.0153558026659223
1.5 0.0266604930396402
2 0.041082486060551
2.5 0.059108853796477
3 0.0810749561598816
3.5 0.107105170455931
4 0.136961309479577
4.5 0.169991443218374
5 0.205235182189567
5.5 0.241448544514794
6 0.277325463900054
6.5 0.311679525945236
7 0.343575317345413
7.5 0.372388583890466
8 0.397715813075746
8.5 0.419569020964662
9 0.438101490470495
9.5 0.453594957795827
10 0.466397600206941
10.5 0.476877401344869
11 0.485391012259663
11.5 0.492265527980609
12 0.49778978154268
12.5 0.502300574119554
13 0.505885589312549
13.5 0.508726475222072
14 0.510972438195768
14.5 0.512744780220372
15 0.514141330920827
15.5 0.515240498718872
16 0.516104820974618
16.5 0.516783987013874
17 0.51731736032493
17.5 0.517736051774982
18 0.518064604973738
18.5 0.518322354929916
19 0.51852451637851
19.5 0.518683051318543
20 0.518807357954989
20.5 0.518904816220577
21 0.518981218758879
21.5 0.519041110819564
22 0.519088057950387
22.5 0.519124856598847
23 0.519153699660974
23.5 0.519176306530376
24 0.51919402520792
24.5 0.519207912442504
25 0.519218796609916
25.5 0.519227327035832
26 0.51923401267804
26.5 0.519239252458931
27 0.519243359047805
27.5 0.519246577505756
28 0.519249099901865
28.5 0.519251076770557
29 0.519252626092399
29.5 0.519253840333427
30 0.519254791962546
30.5 0.519255537775974
31 0.519256122286591
31.5 0.519256580380375
32 0.519256939398377
Total steps: 280
