0 0
0.0009765625 9.77039560661977e-06
0.001953125 1.9545563964812e-05
0.0029296875 2.93255072191668e-05
0.00390625 3.91102275150479e-05
0.0048828125 4.88997269985931e-05
0.005859375 5.86940078167138e-05
0.0068359375 6.84930721170956e-05
0.0078125 7.82969220481982e-05
0.0087890625 8.81055597592553e-05
0.009765625 9.79189874002749e-05
0.0107421875 0.000107737207122039
0.01171875 0.000117560221076106
0.0126953125 0.000127388031414804
0.013671875 0.000137220640291242
0.0146484375 0.000147058049859298
0.015625 0.000156900262273628
0.0166015625 0.000166747279689662
0.017578125 0.000176599104263604
0.0185546875 0.000186455738152434
0.01953125 0.000196317183513907
0.0205078125 0.000206183442506552
0.021484375 0.000216054517289674
0.0224609375 0.000225930410023354
0.0234375 0.000235811122868446
0.0244140625 0.000245696657986582
0.025390625 0.000255587017540168
0.0263671875 0.000265482203692385
0.02734375 0.000275382218607191
0.0283203125 0.00028528706444932
0.029296875 0.000295196743384279
0.0302734375 0.000305111257578354
0.03125 0.000315030609198605
0.0322265625 0.000324954800412869
0.033203125 0.000334883833389758
0.0341796875 0.000344817710298661
0.03515625 0.000354756433309744
0.0361328125 0.000364700004593947
0.037109375 0.000374648426322988
0.0380859375 0.000384601700669361
0.0390625 0.000394559829806337
0.0400390625 0.000404522815907962
0.041015625 0.00041449066114906
0.0419921875 0.000424463367705232
0.04296875 0.000434440937752854
0.0439453125 0.000444423373469081
0.044921875 0.000454410677031844
0.0458984375 0.00046440285061985
0.046875 0.000474399896412585
0.0478515625 0.00048440181659031
0.048828125 0.000494408613334064
0.0498046875 0.000504420288825665
0.05078125 0.000514436845247706
0.0517578125 0.000524458284783559
0.052734375 0.000534484609617371
0.0537109375 0.000544515821934069
0.0546875 0.000554551923919358
0.0556640625 0.000564592917759718
0.056640625 0.000574638805642409
0.0576171875 0.000584689589755468
0.05859375 0.000594745272287709
0.0595703125 0.000604805855428726
0.060546875 0.00061487134136889
0.0615234375 0.000624941732299349
0.0625 0.00063501703041203
0.0634765625 0.000645097237899639
0.064453125 0.000655182356955659
0.0654296875 0.000665272389774353
0.06640625 0.000675367338550759
0.0673828125 0.000685467205480697
0.068359375 0.000695571992760765
0.0693359375 0.000705681702588338
0.0703125 0.00071579633716157
0.0712890625 0.000725915898679394
0.072265625 0.000736040389341524
0.0732421875 0.000746169811348448
0.07421875 0.000756304166901438
0.0751953125 0.000766443458202541
0.076171875 0.000776587687454585
0.0771484375 0.000786736856861178
0.078125 0.000796890968626704
0.0791015625 0.00080705002495633
0.080078125 0.000817214028055999
0.0810546875 0.000827382980132435
0.08203125 0.000837556883393141
0.0830078125 0.000847735740046401
0.083984375 0.000857919552301275
0.0849609375 0.000868108322367606
0.0859375 0.000878302052456016
0.0869140625 0.000888500744777903
0.087890625 0.000898704401545451
0.0888671875 0.000908913024971619
0.08984375 0.000919126617270147
0.0908203125 0.000929345180655556
0.091796875 0.000939568717343146
0.0927734375 0.000949797229548998
0.09375 0.000960030719489972
0.0947265625 0.000970269189383708
0.095703125 0.000980512641448628
0.0966796875 0.000990761077903933
0.09765625 0.0010010145009696
0.0986328125 0.0010112729128664
0.099609375 0.00102153631581587
0.1005859375 0.00103180471204033
0.1015625 0.00104207810376289
0.1025390625 0.00105235649320742
0.103515625 0.00106263988259861
0.1044921875 0.00107292827416188
0.10546875 0.00108322167012346
0.1064453125 0.00109352007271037
0.107421875 0.00110382348415039
0.1083984375 0.00111413190667209
0.109375 0.00112444534250481
0.1103515625 0.0011347637938787
0.111328125 0.00114508726302466
0.1123046875 0.00115541575217438
0.11328125 0.00116574926356033
0.1142578125 0.00117608779941578
0.115234375 0.00118643136197476
0.1162109375 0.00119677995347209
0.1171875 0.00120713357614337
0.1181640625 0.00121749223222497
0.119140625 0.00122785592395406
0.1201171875 0.00123822465356859
0.12109375 0.00124859842330727
0.1220703125 0.00125897723540962
0.123046875 0.00126936109211593
0.1240234375 0.00127974999566726
0.125 0.00129014394830547
0.1259765625 0.00130054295227319
0.126953125 0.00131094700981384
0.1279296875 0.00132135612317161
0.12890625 0.00133177029459149
0.1298828125 0.00134218952631924
0.130859375 0.0013526138206014
0.1318359375 0.0013630431796853
0.1328125 0.00137347760581904
0.1337890625 0.00138391710125152
0.134765625 0.00139436166823241
0.1357421875 0.00140481130901216
0.13671875 0.00141526602584202
0.1376953125 0.001425725820974
0.138671875 0.0014361906966609
0.1396484375 0.00144666065515631
0.140625 0.0014571356987146
0.1416015625 0.00146761582959091
0.142578125 0.00147810105004118
0.1435546875 0.00148859136232213
0.14453125 0.00149908676869125
0.1455078125 0.00150958727140682
0.146484375 0.00152009287272791
0.1474609375 0.00153060357491435
0.1484375 0.0015411193802268
0.1494140625 0.00155164029092664
0.150390625 0.00156216630927608
0.1513671875 0.0015726974375381
0.15234375 0.00158323367797646
0.1533203125 0.0015937750328557
0.154296875 0.00160432150444114
0.1552734375 0.00161487309499891
0.15625 0.00162542980679589
0.1572265625 0.00163599164209976
0.158203125 0.00164655860317898
0.1591796875 0.0016571306923028
0.16015625 0.00166770791174123
0.1611328125 0.00167829026376509
0.162109375 0.00168887775064598
0.1630859375 0.00169947037465627
0.1640625 0.00171006813806913
0.1650390625 0.00172067104315848
0.166015625 0.00173127909219908
0.1669921875 0.00174189228746641
0.16796875 0.00175251063123679
0.1689453125 0.00176313412578729
0.169921875 0.00177376277339577
0.1708984375 0.00178439657634087
0.171875 0.00179503553690204
0.1728515625 0.00180567965735947
0.173828125 0.00181632893999418
0.1748046875 0.00182698338708793
0.17578125 0.0018376430009233
0.1767578125 0.00184830778378364
0.177734375 0.00185897773795308
0.1787109375 0.00186965286571653
0.1796875 0.0018803331693597
0.1806640625 0.00189101865116908
0.181640625 0.00190170931343193
0.1826171875 0.00191240515843631
0.18359375 0.00192310618847105
0.1845703125 0.00193381240582578
0.185546875 0.00194452381279091
0.1865234375 0.00195524041165762
0.1875 0.0019659622047179
0.1884765625 0.00197668919426449
0.189453125 0.00198742138259095
0.1904296875 0.00199815877199161
0.19140625 0.00200890136476156
0.1923828125 0.00201964916319673
0.193359375 0.00203040216959377
0.1943359375 0.00204116038625017
0.1953125 0.00205192381546417
0.1962890625 0.00206269245953481
0.197265625 0.00207346632076191
0.1982421875 0.00208424540144606
0.19921875 0.00209502970388867
0.2001953125 0.00210581923039191
0.201171875 0.00211661398325872
0.2021484375 0.00212741396479287
0.203125 0.00213821917729887
0.2041015625 0.00214902962308204
0.205078125 0.00215984530444847
0.2060546875 0.00217066622370506
0.20703125 0.00218149238315946
0.2080078125 0.00219232378512012
0.208984375 0.0022031604318963
0.2099609375 0.002214002325798
0.2109375 0.00222484946913604
0.2119140625 0.002235701864222
0.212890625 0.00224655951336827
0.2138671875 0.002257422418888
0.21484375 0.00226829058309515
0.2158203125 0.00227916400830444
0.216796875 0.00229004269683139
0.2177734375 0.00230092665099231
0.21875 0.00231181587310428
0.2197265625 0.00232271036548518
0.220703125 0.00233361013045366
0.2216796875 0.00234451517032917
0.22265625 0.00235542548743193
0.2236328125 0.00236634108408295
0.224609375 0.00237726196260404
0.2255859375 0.00238818812531779
0.2265625 0.00239911957454755
0.2275390625 0.00241005631261748
0.228515625 0.00242099834185253
0.2294921875 0.00243194566457842
0.23046875 0.00244289828312165
0.2314453125 0.00245385619980953
0.232421875 0.00246481941697013
0.2333984375 0.00247578793693233
0.234375 0.00248676176202577
0.2353515625 0.00249774089458089
0.236328125 0.00250872533692892
0.2373046875 0.00251971509140186
0.23828125 0.0025307101603325
0.2392578125 0.00254171054605443
0.240234375 0.00255271625090201
0.2412109375 0.00256372727721039
0.2421875 0.00257474362731551
0.2431640625 0.00258576530355408
0.244140625 0.00259679230826362
0.2451171875 0.00260782464378241
0.24609375 0.00261886231244954
0.2470703125 0.00262990531660486
0.248046875 0.00264095365858904
0.2490234375 0.00265200734074349
0.25 0.00266306636541044
0.2509765625 0.00267413073493291
0.251953125 0.00268520045165467
0.2529296875 0.00269627551792031
0.25390625 0.00270735593607519
0.2548828125 0.00271844170846545
0.255859375 0.00272953283743804
0.2568359375 0.00274062932534067
0.2578125 0.00275173117452185
0.2587890625 0.00276283838733086
0.259765625 0.00277395096611779
0.2607421875 0.0027850689132335
0.26171875 0.00279619223102963
0.2626953125 0.00280732092185862
0.263671875 0.0028184549880737
0.2646484375 0.00282959443202885
0.265625 0.00284073925607889
0.2666015625 0.00285188946257938
0.267578125 0.00286304505388668
0.2685546875 0.00287420603235795
0.26953125 0.00288537240035111
0.2705078125 0.0028965441602249
0.271484375 0.00290772131433881
0.2724609375 0.00291890386505313
0.2734375 0.00293009181472894
0.2744140625 0.00294128516572811
0.275390625 0.00295248392041329
0.2763671875 0.0029636880811479
0.27734375 0.00297489765029617
0.2783203125 0.00298611263022311
0.279296875 0.0029973330232945
0.2802734375 0.00300855883187693
0.28125 0.00301979005833775
0.2822265625 0.00303102670504512
0.283203125 0.00304226877436797
0.2841796875 0.00305351626867602
0.28515625 0.00306476919033977
0.2861328125 0.00307602754173053
0.287109375 0.00308729132522037
0.2880859375 0.00309856054318214
0.2890625 0.00310983519798951
0.2900390625 0.0031211152920169
0.291015625 0.00313240082763953
0.2919921875 0.00314369180723342
0.29296875 0.00315498823317536
0.2939453125 0.00316629010784291
0.294921875 0.00317759743361446
0.2958984375 0.00318891021286914
0.296875 0.00320022844798689
0.2978515625 0.00321155214134843
0.298828125 0.00322288129533527
0.2998046875 0.0032342159123297
0.30078125 0.0032455559947148
0.3017578125 0.00325690154487444
0.302734375 0.00326825256519325
0.3037109375 0.00327960905805668
0.3046875 0.00329097102585095
0.3056640625 0.00330233847096306
0.306640625 0.00331371139578081
0.3076171875 0.00332508980269277
0.30859375 0.00333647369408831
0.3095703125 0.00334786307235757
0.310546875 0.00335925793989149
0.3115234375 0.00337065829908179
0.3125 0.00338206415232098
0.3134765625 0.00339347550200234
0.314453125 0.00340489235051995
0.3154296875 0.00341631470026868
0.31640625 0.00342774255364417
0.3173828125 0.00343917591304286
0.318359375 0.00345061478086195
0.3193359375 0.00346205915949947
0.3203125 0.0034735090513542
0.3212890625 0.00348496445882571
0.322265625 0.00349642538431436
0.3232421875 0.0035078918302213
0.32421875 0.00351936379894846
0.3251953125 0.00353084129289857
0.326171875 0.00354232431447511
0.3271484375 0.00355381286608237
0.328125 0.00356530695012544
0.3291015625 0.00357680656901017
0.330078125 0.0035883117251432
0.3310546875 0.00359982242093196
0.33203125 0.00361133865878467
0.3330078125 0.00362286044111031
0.333984375 0.00363438777031869
0.3349609375 0.00364592064882037
0.3359375 0.0036574590790267
0.3369140625 0.00366900306334983
0.337890625 0.00368055260420267
0.3388671875 0.00369210770399895
0.33984375 0.00370366836515315
0.3408203125 0.00371523459008055
0.341796875 0.00372680638119723
0.3427734375 0.00373838374092003
0.34375 0.00374996667166659
0.3447265625 0.00376155517585532
0.345703125 0.00377314925590545
0.3466796875 0.00378474891423694
0.34765625 0.00379635415327059
0.3486328125 0.00380796497542796
0.349609375 0.00381958138313138
0.3505859375 0.00383120337880398
0.3515625 0.00384283096486969
0.3525390625 0.00385446414375321
0.353515625 0.00386610291788001
0.3544921875 0.00387774728967637
0.35546875 0.00388939726156934
0.3564453125 0.00390105283598676
0.357421875 0.00391271401535726
0.3583984375 0.00392438080211023
0.359375 0.00393605319867589
0.3603515625 0.00394773120748519
0.361328125 0.00395941483096991
0.3623046875 0.0039711040715626
0.36328125 0.00398279893169657
0.3642578125 0.00399449941380596
0.365234375 0.00400620552032565
0.3662109375 0.00401791725369133
0.3671875 0.00402963461633947
0.3681640625 0.00404135761070733
0.369140625 0.00405308623923294
0.3701171875 0.00406482050435512
0.37109375 0.00407656040851348
0.3720703125 0.00408830595414841
0.373046875 0.00410005714370108
0.3740234375 0.00411181397961345
0.375 0.00412357646432827
0.3759765625 0.00413534460028906
0.376953125 0.00414711838994013
0.3779296875 0.00415889783572658
0.37890625 0.00417068294009428
0.3798828125 0.00418247370548989
0.380859375 0.00419427013436087
0.3818359375 0.00420607222915545
0.3828125 0.00421787999232263
0.3837890625 0.00422969342631222
0.384765625 0.00424151253357479
0.3857421875 0.00425333731656172
0.38671875 0.00426516777772515
0.3876953125 0.00427700391951802
0.388671875 0.00428884574439403
0.3896484375 0.00430069325480769
0.390625 0.00431254645321429
0.3916015625 0.00432440534206989
0.392578125 0.00433626992383133
0.3935546875 0.00434814020095626
0.39453125 0.0043600161759031
0.3955078125 0.00437189785113103
0.396484375 0.00438378522910004
0.3974609375 0.00439567831227091
0.3984375 0.00440757710310518
0.3994140625 0.00441948160406517
0.400390625 0.00443139181761402
0.4013671875 0.00444330774621562
0.40234375 0.00445522939233465
0.4033203125 0.00446715675843657
0.404296875 0.00447908984698763
0.4052734375 0.00449102866045487
0.40625 0.00450297320130609
0.4072265625 0.0045149234720099
0.408203125 0.00452687947503567
0.4091796875 0.00453884121285356
0.41015625 0.00455080868793452
0.4111328125 0.00456278190275028
0.412109375 0.00457476085977334
0.4130859375 0.00458674556147699
0.4140625 0.00459873601033532
0.4150390625 0.00461073220882316
0.416015625 0.00462273415941618
0.4169921875 0.00463474186459078
0.41796875 0.00464675532682417
0.4189453125 0.00465877454859434
0.419921875 0.00467079953238004
0.4208984375 0.00468283028066084
0.421875 0.00469486679591707
0.4228515625 0.00470690908062983
0.423828125 0.00471895713728102
0.4248046875 0.00473101096835332
0.42578125 0.00474307057633019
0.4267578125 0.00475513596369587
0.427734375 0.00476720713293539
0.4287109375 0.00477928408653454
0.4296875 0.00479136682697991
0.4306640625 0.00480345535675887
0.431640625 0.00481554967835957
0.4326171875 0.00482764979427093
0.43359375 0.00483975570698268
0.4345703125 0.0048518674189853
0.435546875 0.00486398493277006
0.4365234375 0.00487610825082902
0.4375 0.00488823737565503
0.4384765625 0.00490037230974168
0.439453125 0.00491251305558339
0.4404296875 0.00492465961567532
0.44140625 0.00493681199251345
0.4423828125 0.00494897018859451
0.443359375 0.00496113420641603
0.4443359375 0.00497330404847629
0.4453125 0.0049854797172744
0.4462890625 0.00499766121531021
0.447265625 0.00500984854508436
0.4482421875 0.00502204170909828
0.44921875 0.00503424070985417
0.4501953125 0.00504644554985502
0.451171875 0.0050586562316046
0.4521484375 0.00507087275760744
0.453125 0.00508309513036888
0.4541015625 0.00509532335239501
0.455078125 0.00510755742619273
0.4560546875 0.0051197973542697
0.45703125 0.00513204313913436
0.4580078125 0.00514429478329594
0.458984375 0.00515655228926444
0.4599609375 0.00516881565955066
0.4609375 0.00518108489666614
0.4619140625 0.00519336000312323
0.462890625 0.00520564098143507
0.4638671875 0.00521792783411554
0.46484375 0.00523022056367933
0.4658203125 0.00524251917264189
0.466796875 0.00525482366351948
0.4677734375 0.00526713403882911
0.46875 0.00527945030108857
0.4697265625 0.00529177245281644
0.470703125 0.00530410049653207
0.4716796875 0.00531643443475561
0.47265625 0.00532877427000796
0.4736328125 0.00534112000481081
0.474609375 0.00535347164168663
0.4755859375 0.00536582918315868
0.4765625 0.00537819263175098
0.4775390625 0.00539056198998833
0.478515625 0.00540293726039631
0.4794921875 0.0054153184455013
0.48046875 0.00542770554783042
0.4814453125 0.00544009856991159
0.482421875 0.00545249751427352
0.4833984375 0.00546490238344566
0.484375 0.00547731317995829
0.4853515625 0.00548972990634241
0.486328125 0.00550215256512984
0.4873046875 0.00551458115885317
0.48828125 0.00552701569004574
0.4892578125 0.00553945616124171
0.490234375 0.00555190257497599
0.4912109375 0.00556435493378427
0.4921875 0.00557681324020301
0.4931640625 0.00558927749676948
0.494140625 0.00560174770602169
0.4951171875 0.00561422387049844
0.49609375 0.00562670599273931
0.4970703125 0.00563919407528466
0.498046875 0.00565168812067561
0.4990234375 0.00566418813145407
0.5 0.00567669411016273
0.5009765625 0.00568920605934505
0.501953125 0.00570172398154527
0.5029296875 0.00571424787930839
0.50390625 0.00572677775518021
0.5048828125 0.00573931361170728
0.505859375 0.00575185545143696
0.5068359375 0.00576440327691736
0.5078125 0.00577695709069736
0.5087890625 0.00578951689532665
0.509765625 0.00580208269335565
0.5107421875 0.0058146544873356
0.51171875 0.00582723227981848
0.5126953125 0.00583981607335707
0.513671875 0.0058524058705049
0.5146484375 0.0058650016738163
0.515625 0.00587760348584637
0.5166015625 0.00589021130915097
0.517578125 0.00590282514628675
0.5185546875 0.00591544499981112
0.51953125 0.00592807087228229
0.5205078125 0.00594070276625922
0.521484375 0.00595334068430164
0.5224609375 0.00596598462897009
0.5234375 0.00597863460282585
0.5244140625 0.00599129060843099
0.525390625 0.00600395264834834
0.5263671875 0.00601662072514152
0.52734375 0.00602929484137492
0.5283203125 0.00604197499961369
0.529296875 0.00605466120242378
0.5302734375 0.00606735345237189
0.53125 0.00608005175202551
0.5322265625 0.00609275610395288
0.533203125 0.00610546651072304
0.5341796875 0.00611818297490578
0.53515625 0.00613090549907169
0.5361328125 0.00614363408579211
0.537109375 0.00615636873763916
0.5380859375 0.00616910945718573
0.5390625 0.00618185624700549
0.5400390625 0.00619460910967288
0.541015625 0.00620736804776311
0.5419921875 0.00622013306385215
0.54296875 0.00623290416051677
0.5439453125 0.0062456813403345
0.544921875 0.00625846460588363
0.5458984375 0.00627125395974323
0.546875 0.00628404940449315
0.5478515625 0.006296850942714
0.548828125 0.00630965857698716
0.5498046875 0.0063224723098948
0.55078125 0.00633529214401985
0.5517578125 0.00634811808194599
0.552734375 0.00636095012625772
0.5537109375 0.00637378827954026
0.5546875 0.00638663254437963
0.5556640625 0.00639948292336262
0.556640625 0.00641233941907677
0.5576171875 0.00642520203411043
0.55859375 0.00643807077105267
0.5595703125 0.00645094563249336
0.560546875 0.00646382662102316
0.5615234375 0.00647671373923345
0.5625 0.00648960698971641
0.5634765625 0.006502506375065
0.564453125 0.00651541189787293
0.5654296875 0.00652832356073468
0.56640625 0.00654124136624551
0.5673828125 0.00655416531700144
0.568359375 0.00656709541559927
0.5693359375 0.00658003166463657
0.5703125 0.00659297406671165
0.5712890625 0.00660592262442363
0.572265625 0.00661887734037238
0.5732421875 0.00663183821715853
0.57421875 0.00664480525738348
0.5751953125 0.00665777846364943
0.576171875 0.00667075783855931
0.5771484375 0.00668374338471682
0.578125 0.00669673510472647
0.5791015625 0.00670973300119348
0.580078125 0.00672273707672388
0.5810546875 0.00673574733392445
0.58203125 0.00674876377540275
0.5830078125 0.00676178640376709
0.583984375 0.00677481522162656
0.5849609375 0.00678785023159101
0.5859375 0.00680089143627107
0.5869140625 0.00681393883827812
0.587890625 0.00682699244022431
0.5888671875 0.00684005224472257
0.58984375 0.00685311825438659
0.5908203125 0.00686619047183081
0.591796875 0.00687926889967047
0.5927734375 0.00689235354052154
0.59375 0.00690544439700079
0.5947265625 0.00691854147172572
0.595703125 0.00693164476731463
0.5966796875 0.00694475428638656
0.59765625 0.00695787003156134
0.5986328125 0.00697099200545953
0.599609375 0.0069841202107025
0.6005859375 0.00699725464991235
0.6015625 0.00701039532571195
0.6025390625 0.00702354224072496
0.603515625 0.00703669539757577
0.6044921875 0.00704985479888956
0.60546875 0.00706302044729226
0.6064453125 0.00707619234541058
0.607421875 0.00708937049587197
0.6083984375 0.00710255490130467
0.609375 0.00711574556433767
0.6103515625 0.00712894248760072
0.611328125 0.00714214567372435
0.6123046875 0.00715535512533984
0.61328125 0.00716857084507923
0.6142578125 0.00718179283557533
0.615234375 0.00719502109946172
0.6162109375 0.00720825563937274
0.6171875 0.00722149645794347
0.6181640625 0.00723474355780979
0.619140625 0.00724799694160832
0.6201171875 0.00726125661197645
0.62109375 0.00727452257155231
0.6220703125 0.00728779482297483
0.623046875 0.00730107336888367
0.6240234375 0.00731435821191928
0.625 0.00732764935472284
0.6259765625 0.00734094679993632
0.626953125 0.00735425055020242
0.6279296875 0.00736756060816465
0.62890625 0.00738087697646723
0.6298828125 0.00739419965775517
0.630859375 0.00740752865467422
0.6318359375 0.00742086396987093
0.6328125 0.00743420560599256
0.6337890625 0.00744755356568717
0.634765625 0.00746090785160355
0.6357421875 0.00747426846639128
0.63671875 0.00748763541270068
0.6376953125 0.00750100869318283
0.638671875 0.00751438831048958
0.6396484375 0.00752777426727352
0.640625 0.00754116656618804
0.6416015625 0.00755456520988723
0.642578125 0.00756797020102599
0.6435546875 0.00758138154225996
0.64453125 0.00759479923624554
0.6455078125 0.00760822328563987
0.646484375 0.00762165369310088
0.6474609375 0.00763509046128724
0.6484375 0.00764853359285838
0.6494140625 0.00766198309047449
0.650390625 0.00767543895679652
0.6513671875 0.00768890119448618
0.65234375 0.00770236980620591
0.6533203125 0.00771584479461895
0.654296875 0.00772932616238927
0.6552734375 0.00774281391218161
0.65625 0.00775630804666144
0.6572265625 0.00776980856849503
0.658203125 0.00778331548034937
0.6591796875 0.00779682878489222
0.66015625 0.0078103484847921
0.6611328125 0.00782387458271828
0.662109375 0.00783740708134079
0.6630859375 0.0078509459833304
0.6640625 0.00786449129135867
0.6650390625 0.00787804300809787
0.666015625 0.00789160113622106
0.6669921875 0.00790516567840205
0.66796875 0.00791873663731539
0.6689453125 0.00793231401563639
0.669921875 0.00794589781604113
0.6708984375 0.00795948804120641
0.671875 0.00797308469380983
0.6728515625 0.00798668777652971
0.673828125 0.00800029729204513
0.6748046875 0.00801391324303593
0.67578125 0.0080275356321827
0.6767578125 0.00804116446216679
0.677734375 0.00805479973567028
0.6787109375 0.00806844145537604
0.6796875 0.00808208962396766
0.6806640625 0.0080957442441295
0.681640625 0.00810940531854667
0.6826171875 0.00812307284990502
0.68359375 0.00813674684089117
0.6845703125 0.00815042729419248
0.685546875 0.00816411421249707
0.6865234375 0.0081778075984938
0.6875 0.00819150745487229
0.6884765625 0.00820521378432292
0.689453125 0.00821892658953679
0.6904296875 0.00823264587320578
0.69140625 0.00824637163802252
0.6923828125 0.00826010388668038
0.693359375 0.00827384262187347
0.6943359375 0.00828758784629667
0.6953125 0.0083013395626456
0.6962890625 0.00831509777361664
0.697265625 0.0083288624819069
0.6982421875 0.00834263369021426
0.69921875 0.00835641140123734
0.7001953125 0.0083701956176755
0.701171875 0.00838398634222886
0.7021484375 0.00839778357759829
0.703125 0.00841158732648541
0.7041015625 0.00842539759159257
0.705078125 0.00843921437562289
0.7060546875 0.00845303768128023
0.70703125 0.00846686751126919
0.7080078125 0.00848070386829513
0.708984375 0.00849454675506414
0.7099609375 0.00850839617428308
0.7109375 0.00852225212865954
0.7119140625 0.00853611462090187
0.712890625 0.00854998365371915
0.7138671875 0.00856385922982121
0.71484375 0.00857774135191864
0.7158203125 0.00859163002272277
0.716796875 0.00860552524494566
0.7177734375 0.00861942702130013
0.71875 0.00863333535449976
0.7197265625 0.00864725024725884
0.720703125 0.00866117170229243
0.7216796875 0.00867509972231633
0.72265625 0.00868903431004708
0.7236328125 0.00870297546820197
0.724609375 0.00871692319949903
0.7255859375 0.00873087750665703
0.7265625 0.0087448383923955
0.7275390625 0.0087588058594347
0.728515625 0.00877277991049563
0.7294921875 0.00878676054830005
0.73046875 0.00880074777557044
0.7314453125 0.00881474159503004
0.732421875 0.00882874200940283
0.7333984375 0.00884274902141352
0.734375 0.00885676263378759
0.7353515625 0.00887078284925123
0.736328125 0.00888480967053139
0.7373046875 0.00889884310035576
0.73828125 0.00891288314145276
0.7392578125 0.00892692979655157
0.740234375 0.0089409830683821
0.7412109375 0.008955042959675
0.7421875 0.00896910947316166
0.7431640625 0.00898318261157421
0.744140625 0.00899726237764552
0.7451171875 0.00901134877410922
0.74609375 0.00902544180369964
0.7470703125 0.00903954146915189
0.748046875 0.00905364777320178
0.7490234375 0.0090677607185859
0.75 0.00908188030804155
0.7509765625 0.00909600654430678
0.751953125 0.00911013943012037
0.7529296875 0.00912427896822185
0.75390625 0.00913842516135148
0.7548828125 0.00915257801225025
0.755859375 0.00916673752365992
0.7568359375 0.00918090369832294
0.7578125 0.00919507653898253
0.7587890625 0.00920925604838265
0.759765625 0.00922344222926797
0.7607421875 0.00923763508438391
0.76171875 0.00925183461647664
0.7626953125 0.00926604082829305
0.763671875 0.00928025372258077
0.7646484375 0.00929447330208816
0.765625 0.00930869956956433
0.7666015625 0.0093229325277591
0.767578125 0.00933717217942306
0.7685546875 0.0093514185273075
0.76953125 0.00936567157416446
0.7705078125 0.00937993132274673
0.771484375 0.0093941977758078
0.7724609375 0.00940847093610192
0.7734375 0.00942275080638407
0.7744140625 0.00943703738940994
0.775390625 0.009451330687936
0.7763671875 0.0094656307047194
0.77734375 0.00947993744251806
0.7783203125 0.00949425090409062
0.779296875 0.00950857109219644
0.7802734375 0.00952289800959564
0.78125 0.00953723165904904
0.7822265625 0.00955157204331822
0.783203125 0.00956591916516548
0.7841796875 0.00958027302735383
0.78515625 0.00959463363264705
0.7861328125 0.00960900098380963
0.787109375 0.00962337508360678
0.7880859375 0.00963775593480445
0.7890625 0.00965214354016934
0.7900390625 0.00966653790246884
0.791015625 0.0096809390244711
0.7919921875 0.00969534690894499
0.79296875 0.00970976155866011
0.7939453125 0.00972418297638677
0.794921875 0.00973861116489605
0.7958984375 0.00975304612695972
0.796875 0.0097674878653503
0.7978515625 0.00978193638284102
0.798828125 0.00979639168220584
0.7998046875 0.00981085376621948
0.80078125 0.00982532263765733
0.8017578125 0.00983979829929556
0.802734375 0.00985428075391104
0.8037109375 0.00986877000428137
0.8046875 0.00988326605318487
0.8056640625 0.00989776890340059
0.806640625 0.00991227855770833
0.8076171875 0.00992679501888856
0.80859375 0.00994131828972254
0.8095703125 0.00995584837299221
0.810546875 0.00997038527148024
0.8115234375 0.00998492898797004
0.8125 0.00999947952524574
0.8134765625 0.0100140368860922
0.814453125 0.0100286010732949
0.8154296875 0.0100431720896403
0.81640625 0.0100577499379153
0.8173828125 0.0100723346209077
0.818359375 0.0100869261414059
0.8193359375 0.0101015245021992
0.8203125 0.0101161297060774
0.8212890625 0.0101307417558311
0.822265625 0.0101453606542518
0.8232421875 0.0101599864041315
0.82421875 0.010174619008263
0.8251953125 0.0101892584694398
0.826171875 0.0102039047904561
0.8271484375 0.0102185579741069
0.828125 0.0102332180231879
0.8291015625 0.0102478849404955
0.830078125 0.0102625587288267
0.8310546875 0.0102772393909795
0.83203125 0.0102919269297524
0.8330078125 0.0103066213479446
0.833984375 0.0103213226483561
0.8349609375 0.0103360308337877
0.8359375 0.0103507459070408
0.8369140625 0.0103654678709175
0.837890625 0.0103801967282207
0.8388671875 0.0103949324817539
0.83984375 0.0104096751343215
0.8408203125 0.0104244246887284
0.841796875 0.0104391811477805
0.8427734375 0.0104539445142841
0.84375 0.0104687147910464
0.8447265625 0.0104834919808753
0.845703125 0.0104982760865793
0.8466796875 0.0105130671109679
0.84765625 0.0105278650568509
0.8486328125 0.0105426699270392
0.849609375 0.0105574817243441
0.8505859375 0.0105723004515779
0.8515625 0.0105871261115534
0.8525390625 0.0106019587070842
0.853515625 0.0106167982409847
0.8544921875 0.0106316447160697
0.85546875 0.0106464981351552
0.8564453125 0.0106613585010574
0.857421875 0.0106762258165936
0.8583984375 0.0106911000845816
0.859375 0.01070598130784
0.8603515625 0.0107208694891881
0.861328125 0.0107357646314458
0.8623046875 0.010750666737434
0.86328125 0.0107655758099739
0.8642578125 0.0107804918518878
0.865234375 0.0107954148659985
0.8662109375 0.0108103448551294
0.8671875 0.010825281822105
0.8681640625 0.0108402257697501
0.869140625 0.0108551767008904
0.8701171875 0.0108701346183523
0.87109375 0.0108850995249629
0.8720703125 0.01090007142355
0.873046875 0.0109150503169421
0.8740234375 0.0109300362079684
0.875 0.0109450290994588
0.8759765625 0.0109600289942439
0.876953125 0.0109750358951552
0.8779296875 0.0109900498050245
0.87890625 0.0110050707266848
0.8798828125 0.0110200986629693
0.880859375 0.0110351336167123
0.8818359375 0.0110501755907487
0.8828125 0.0110652245879139
0.8837890625 0.0110802806110443
0.884765625 0.0110953436629769
0.8857421875 0.0111104137465492
0.88671875 0.0111254908645998
0.8876953125 0.0111405750199676
0.888671875 0.0111556662154925
0.8896484375 0.0111707644540149
0.890625 0.011185869738376
0.8916015625 0.0112009820714178
0.892578125 0.0112161014559828
0.8935546875 0.0112312278949143
0.89453125 0.0112463613910563
0.8955078125 0.0112615019472535
0.896484375 0.0112766495663513
0.8974609375 0.0112918042511958
0.8984375 0.0113069660046338
0.8994140625 0.0113221348295128
0.900390625 0.011337310728681
0.9013671875 0.0113524937049873
0.90234375 0.0113676837612812
0.9033203125 0.011382880900413
0.904296875 0.0113980851252339
0.9052734375 0.0114132964385953
0.90625 0.0114285148433498
0.9072265625 0.0114437403423503
0.908203125 0.0114589729384508
0.9091796875 0.0114742126345056
0.91015625 0.0114894594333699
0.9111328125 0.0115047133378995
0.912109375 0.0115199743509511
0.9130859375 0.0115352424753819
0.9140625 0.0115505177140499
0.9150390625 0.0115658000698136
0.916015625 0.0115810895455325
0.9169921875 0.0115963861440665
0.91796875 0.0116116898682765
0.9189453125 0.0116270007210237
0.919921875 0.0116423187051703
0.9208984375 0.0116576438235792
0.921875 0.0116729760791138
0.9228515625 0.0116883154746383
0.923828125 0.0117036620130176
0.9248046875 0.0117190156971173
0.92578125 0.0117343765298036
0.9267578125 0.0117497445139435
0.927734375 0.0117651196524046
0.9287109375 0.0117805019480553
0.9296875 0.0117958914037646
0.9306640625 0.0118112880224021
0.931640625 0.0118266918068384
0.9326171875 0.0118421027599445
0.93359375 0.0118575208845921
0.9345703125 0.0118729461836538
0.935546875 0.0118883786600026
0.9365234375 0.0119038183165126
0.9375 0.0119192651560581
0.9384765625 0.0119347191815143
0.939453125 0.0119501803957573
0.9404296875 0.0119656488016635
0.94140625 0.0119811244021103
0.9423828125 0.0119966071999757
0.943359375 0.0120120971981381
0.9443359375 0.0120275943994771
0.9453125 0.0120430988068726
0.9462890625 0.0120586104232053
0.947265625 0.0120741292513565
0.9482421875 0.0120896552942085
0.94921875 0.0121051885546438
0.9501953125 0.012120729035546
0.951171875 0.0121362767397991
0.9521484375 0.012151831670288
0.953125 0.0121673938298981
0.9541015625 0.0121829632215156
0.955078125 0.0121985398480273
0.9560546875 0.0122141237123207
0.95703125 0.0122297148172841
0.9580078125 0.0122453131658064
0.958984375 0.012260918760777
0.9599609375 0.0122765316050863
0.9609375 0.0122921517016251
0.9619140625 0.0123077790532851
0.962890625 0.0123234136629585
0.9638671875 0.0123390555335383
0.96484375 0.0123547046679181
0.9658203125 0.0123703610689922
0.966796875 0.0123860247396557
0.9677734375 0.0124016956828041
0.96875 0.0124173739013339
0.9697265625 0.0124330593981419
0.970703125 0.012448752176126
0.9716796875 0.0124644522381845
0.97265625 0.0124801595872164
0.9736328125 0.0124958742261215
0.974609375 0.0125115961578001
0.9755859375 0.0125273253851533
0.9765625 0.0125430619110828
0.9775390625 0.0125588057384911
0.978515625 0.0125745568702812
0.9794921875 0.0125903153093568
0.98046875 0.0126060810586225
0.9814453125 0.0126218541209833
0.982421875 0.0126376344993449
0.9833984375 0.0126534221966139
0.984375 0.0126692172156972
0.9853515625 0.0126850195595028
0.986328125 0.0127008292309391
0.9873046875 0.0127166462329151
0.98828125 0.0127324705683406
0.9892578125 0.0127483022401262
0.990234375 0.012764141251183
0.9912109375 0.0127799876044226
0.9921875 0.0127958413027577
0.9931640625 0.0128117023491013
0.994140625 0.0128275707463673
0.9951171875 0.01284344649747
0.99609375 0.0128593296053246
0.9970703125 0.012875220072847
0.998046875 0.0128911179029535
0.9990234375 0.0129070230985613
1 0.0129229356625882
Total steps: 4096
