0 0
0.00093984962406015 9.40291481950875e-06
0.0018796992481203 1.88102501298484e-05
0.00281954887218045 2.82220078426315e-05
0.0037593984962406 3.76381898701343e-05
0.00469924812030075 4.7058798125297e-05
0.0056390977443609 5.64838345217235e-05
0.00657894736842105 6.59133009736819e-05
0.0075187969924812 7.53471993961042e-05
0.00845864661654135 8.47855317045866e-05
0.0093984962406015 9.42282998153895e-05
0.0103383458646617 0.000103675505645437
0.0112781954887218 0.000113127151112319
0.012218045112782 0.000122583238134288
0.0131578947368421 0.000132043768630261
0.0140977443609023 0.000141508744519822
0.0150375939849624 0.000150978167723216
0.0159774436090226 0.000160452040161355
0.0169172932330827 0.000169930363755815
0.0178571428571429 0.000179413140428837
0.018796992481203 0.000188900372103326
0.0197368421052632 0.000198392060702853
0.0206766917293233 0.000207888208151653
0.0216165413533835 0.000217388816374626
0.0225563909774436 0.000226893887297339
0.0234962406015038 0.000236403422846022
0.0244360902255639 0.00024591742494757
0.0253759398496241 0.000255435895529544
0.0263157894736842 0.000264958836520171
0.0272556390977444 0.000274486249848343
0.0281954887218045 0.000284018137443616
0.0291353383458647 0.000293554501236214
0.0300751879699248 0.000303095343157025
0.031015037593985 0.000312640665137602
0.0319548872180451 0.000322190469110164
0.0328947368421053 0.000331744757007598
0.0338345864661654 0.000341303530763455
0.0347744360902256 0.00035086679231195
0.0357142857142857 0.000360434543587967
0.0366541353383459 0.000370006786527055
0.037593984962406 0.000379583523065429
0.0385338345864662 0.000389164755139969
0.0394736842105263 0.000398750484688223
0.0404135338345865 0.000408340713648404
0.0413533834586466 0.000417935443959392
0.0422932330827068 0.000427534677560732
0.0432330827067669 0.000437138416392637
0.0441729323308271 0.000446746662395985
0.0451127819548872 0.000456359417512323
0.0460526315789474 0.000465976683683861
0.0469924812030075 0.000475598462853478
0.0479323308270677 0.00048522475696472
0.0488721804511278 0.000494855567961798
0.049812030075188 0.000504490897789592
0.0507518796992481 0.000514130748393645
0.0516917293233083 0.000523775121720172
0.0526315789473684 0.000533424019716051
0.0535714285714286 0.000543077444328828
0.0545112781954887 0.000552735397506718
0.0554511278195489 0.000562397881198601
0.056390977443609 0.000572064897354024
0.0573308270676692 0.000581736447923204
0.0582706766917293 0.000591412534857021
0.0592105263157895 0.000601093160107027
0.0601503759398496 0.000610778325625437
0.0610902255639098 0.000620468033365137
0.0620300751879699 0.000630162285279678
0.0629699248120301 0.000639861083323281
0.0639097744360902 0.000649564429450833
0.0648496240601504 0.000659272325617888
0.0657894736842105 0.000668984773780669
0.0667293233082706 0.000678701775896068
0.0676691729323308 0.000688423333921641
0.0686090225563909 0.000698149449815616
0.0695488721804511 0.000707880125536886
0.0704887218045112 0.000717615363045014
0.0714285714285714 0.000727355164300229
0.0723684210526315 0.000737099531263431
0.0733082706766916 0.000746848465896185
0.0742481203007518 0.000756601970160727
0.0751879699248119 0.000766360046019959
0.0761278195488721 0.000776122695437452
0.0770676691729322 0.000785889920377447
0.0780075187969924 0.00079566172280485
0.0789473684210525 0.000805438104685239
0.0798872180451126 0.000815219067984858
0.0808270676691728 0.000825004614670621
0.0817669172932329 0.00083479474671011
0.0827067669172931 0.000844589466071575
0.0836466165413532 0.000854388774723937
0.0845864661654134 0.000864192674636784
0.0855263157894735 0.000874001167780372
0.0864661654135336 0.000883814256125627
0.0874060150375938 0.000893631941644145
0.0883458646616539 0.000903454226308189
0.0892857142857141 0.000913281112090692
0.0902255639097742 0.000923112600965255
0.0911654135338344 0.00093294869490615
0.0921052631578945 0.000942789395888317
0.0930451127819547 0.000952634705887365
0.0939849624060148 0.000962484626879572
0.0949248120300749 0.000972339160841886
0.0958646616541351 0.000982198309751924
0.0968045112781952 0.000992062075587974
0.0977443609022554 0.00100193046032899
0.0986842105263155 0.0010118034659546
0.0996240601503757 0.00102168109444509
0.100563909774436 0.00103156334778144
0.101503759398496 0.00104145022794527
0.102443609022556 0.00105134173691889
0.103383458646616 0.00106123787668528
0.104323308270676 0.00107113864922807
0.105263157894737 0.00108104405653158
0.106203007518797 0.00109095410058079
0.107142857142857 0.00110086878336136
0.108082706766917 0.0011107881068596
0.109022556390977 0.00112071207306251
0.109962406015037 0.00113064068395776
0.110902255639097 0.00114057394153367
0.111842105263158 0.00115051184777925
0.112781954887218 0.00116045440468417
0.113721804511278 0.00117040161423877
0.114661654135338 0.00118035347843408
0.115601503759398 0.00119030999926176
0.116541353383458 0.00120027117871417
0.117481203007518 0.00121023701878435
0.118421052631579 0.00122020752146598
0.119360902255639 0.00123018268875343
0.120300751879699 0.00124016252264173
0.121240601503759 0.00125014702512659
0.122180451127819 0.00126013619820439
0.123120300751879 0.00127013004387217
0.124060150375939 0.00128012856412766
0.125 0.00129013176096923
0.12593984962406 0.00130013963639596
0.12687969924812 0.00131015219240757
0.12781954887218 0.00132016943100445
0.12875939849624 0.00133019135418769
0.1296992481203 0.00134021796395903
0.13063909774436 0.00135024926232087
0.131578947368421 0.0013602852512763
0.132518796992481 0.00137032593282909
0.133458646616541 0.00138037130898365
0.134398496240601 0.00139042138174508
0.135338345864661 0.00140047615311915
0.136278195488721 0.0014105356251123
0.137218045112782 0.00142059979973165
0.138157894736842 0.00143066867898497
0.139097744360902 0.00144074226488071
0.140037593984962 0.00145082055942801
0.140977443609022 0.00146090356463666
0.141917293233082 0.00147099128251712
0.142857142857143 0.00148108371508054
0.143796992481203 0.00149118086433872
0.144736842105263 0.00150128273230415
0.145676691729323 0.00151138932098997
0.146616541353383 0.00152150063241002
0.147556390977443 0.0015316166685788
0.148496240601503 0.00154173743151146
0.149436090225564 0.00155186292322385
0.150375939849624 0.00156199314573248
0.151315789473684 0.00157212810105453
0.152255639097744 0.00158226779120786
0.153195488721804 0.00159241221821099
0.154135338345864 0.00160256138408313
0.155075187969925 0.00161271529084414
0.156015037593985 0.00162287394051456
0.156954887218045 0.00163303733511561
0.157894736842105 0.00164320547666918
0.158834586466165 0.00165337836719782
0.159774436090225 0.00166355600872477
0.160714285714286 0.00167373840327391
0.161654135338346 0.00168392555286984
0.162593984962406 0.00169411745953779
0.163533834586466 0.00170431412530368
0.164473684210526 0.00171451555219411
0.165413533834586 0.00172472174223634
0.166353383458646 0.00173493269745829
0.167293233082707 0.00174514841988859
0.168233082706767 0.0017553689115565
0.169172932330827 0.00176559417449198
0.170112781954887 0.00177582421072565
0.171052631578947 0.00178605902228882
0.171992481203007 0.00179629861121344
0.172932330827068 0.00180654297953217
0.173872180451128 0.00181679212927831
0.174812030075188 0.00182704606248585
0.175751879699248 0.00183730478118944
0.176691729323308 0.00184756828742443
0.177631578947368 0.00185783658322682
0.178571428571428 0.00186810967063327
0.179511278195489 0.00187838755168114
0.180451127819549 0.00188867022840846
0.181390977443609 0.00189895770285391
0.182330827067669 0.00190924997705686
0.183270676691729 0.00191954705305736
0.184210526315789 0.00192984893289611
0.18515037593985 0.00194015561861451
0.18609022556391 0.0019504671122546
0.18703007518797 0.00196078341585913
0.18796992481203 0.00197110453147148
0.18890977443609 0.00198143046113575
0.18984962406015 0.00199176120689668
0.190789473684211 0.0020020967707997
0.191729323308271 0.00201243715489089
0.192669172932331 0.00202278236121703
0.193609022556391 0.00203313239182556
0.194548872180451 0.00204348724876459
0.195488721804511 0.00205384693408292
0.196428571428571 0.00206421144983
0.197368421052632 0.00207458079805596
0.198308270676692 0.00208495498081161
0.199248120300752 0.00209533400014844
0.200187969924812 0.0021057178581186
0.201127819548872 0.0021161065567749
0.202067669172932 0.00212650009817086
0.203007518796993 0.00213689848436064
0.203947368421053 0.0021473017173991
0.204887218045113 0.00215770979934174
0.205827067669173 0.00216812273224477
0.206766917293233 0.00217854051816504
0.207706766917293 0.00218896315916011
0.208646616541354 0.00219939065728817
0.209586466165414 0.00220982301460812
0.210526315789474 0.00222026023317952
0.211466165413534 0.00223070231506259
0.212406015037594 0.00224114926231825
0.213345864661654 0.00225160107700807
0.214285714285714 0.00226205776119431
0.215225563909775 0.0022725193169399
0.216165413533835 0.00228298574630842
0.217105263157895 0.00229345705136417
0.218045112781955 0.00230393323417208
0.218984962406015 0.00231441429679777
0.219924812030075 0.00232490024130754
0.220864661654136 0.00233539106976836
0.221804511278196 0.00234588678424786
0.222744360902256 0.00235638738681437
0.223684210526316 0.00236689287953687
0.224624060150376 0.00237740326448502
0.225563909774436 0.00238791854372916
0.226503759398497 0.0023984387193403
0.227443609022557 0.00240896379339012
0.228383458646617 0.00241949376795098
0.229323308270677 0.00243002864509591
0.230263157894737 0.00244056842689861
0.231203007518797 0.00245111311543346
0.232142857142857 0.00246166271277551
0.233082706766918 0.0024722172210005
0.234022556390978 0.00248277664218481
0.234962406015038 0.00249334097840552
0.235902255639098 0.00250391023174038
0.236842105263158 0.0025144844042678
0.237781954887218 0.00252506349806689
0.238721804511279 0.00253564751521741
0.239661654135339 0.00254623645779981
0.240601503759399 0.00255683032789519
0.241541353383459 0.00256742912758536
0.242481203007519 0.00257803285895276
0.243421052631579 0.00258864152408055
0.24436090225564 0.00259925512505253
0.2453007518797 0.00260987366395318
0.24624060150376 0.00262049714286768
0.24718045112782 0.00263112556388184
0.24812030075188 0.00264175892908219
0.24906015037594 0.00265239724055589
0.25 0.00266304050039081
0.250939849624061 0.00267368871067547
0.251879699248121 0.00268434187349907
0.252819548872181 0.0026949999909515
0.253759398496241 0.00270566306512331
0.254699248120301 0.00271633109810571
0.255639097744361 0.00272700409199062
0.256578947368421 0.00273768204887059
0.257518796992481 0.00274836497083889
0.258458646616542 0.00275905285998942
0.259398496240602 0.00276974571841679
0.260338345864662 0.00278044354821627
0.261278195488722 0.00279114635148379
0.262218045112782 0.00280185413031598
0.263157894736842 0.00281256688681012
0.264097744360902 0.00282328462306419
0.265037593984963 0.00283400734117682
0.265977443609023 0.00284473504324732
0.266917293233083 0.00285546773137568
0.267857142857143 0.00286620540766257
0.268796992481203 0.00287694807420931
0.269736842105263 0.00288769573311793
0.270676691729323 0.0028984483864911
0.271616541353383 0.00290920603643218
0.272556390977444 0.0029199686850452
0.273496240601504 0.00293073633443487
0.274436090225564 0.00294150898670656
0.275375939849624 0.00295228664396635
0.276315789473684 0.00296306930832094
0.277255639097744 0.00297385698187774
0.278195488721804 0.00298464966674484
0.279135338345864 0.00299544736503098
0.280075187969925 0.00300625007884558
0.281015037593985 0.00301705781029875
0.281954887218045 0.00302787056150125
0.282894736842105 0.00303868833456453
0.283834586466165 0.00304951113160073
0.284774436090225 0.00306033895472262
0.285714285714285 0.00307117180604368
0.286654135338345 0.00308200968767805
0.287593984962406 0.00309285260174055
0.288533834586466 0.00310370055034667
0.289473684210526 0.00311455353561258
0.290413533834586 0.00312541155965511
0.291353383458646 0.00313627462459179
0.292293233082706 0.00314714273254079
0.293233082706766 0.00315801588562098
0.294172932330827 0.00316889408595189
0.295112781954887 0.00317977733565374
0.296052631578947 0.00319066563684741
0.296992481203007 0.00320155899165445
0.297932330827067 0.0032124574021971
0.298872180451127 0.00322336087059827
0.299812030075187 0.00323426939898152
0.300751879699247 0.00324518298947113
0.301691729323308 0.00325610164419201
0.302631578947368 0.00326702536526978
0.303571428571428 0.00327795415483069
0.304511278195488 0.00328888801500171
0.305451127819548 0.00329982694791046
0.306390977443608 0.00331077095568524
0.307330827067668 0.00332172004045501
0.308270676691728 0.00333267420434943
0.309210526315789 0.00334363344949881
0.310150375939849 0.00335459777803415
0.311090225563909 0.00336556719208712
0.312030075187969 0.00337654169379005
0.312969924812029 0.00338752128527597
0.313909774436089 0.00339850596867856
0.314849624060149 0.00340949574613219
0.31578947368421 0.00342049061977189
0.31672932330827 0.00343149059173338
0.31766917293233 0.00344249566415303
0.31860902255639 0.00345350583916792
0.31954887218045 0.00346452111891576
0.32048872180451 0.00347554150553498
0.32142857142857 0.00348656700116464
0.32236842105263 0.00349759760794451
0.323308270676691 0.00350863332801501
0.324248120300751 0.00351967416351724
0.325187969924811 0.00353072011659298
0.326127819548871 0.00354177118938468
0.327067669172931 0.00355282738403545
0.328007518796991 0.00356388870268911
0.328947368421051 0.00357495514749011
0.329887218045111 0.00358602672058361
0.330827067669172 0.00359710342411542
0.331766917293232 0.00360818526023203
0.332706766917292 0.00361927223108061
0.333646616541352 0.00363036433880899
0.334586466165412 0.00364146158556569
0.335526315789472 0.0036525639734999
0.336466165413532 0.00366367150476147
0.337406015037592 0.00367478418150094
0.338345864661653 0.00368590200586952
0.339285714285713 0.00369702498001908
0.340225563909773 0.00370815310610218
0.341165413533833 0.00371928638627205
0.342105263157893 0.00373042482268258
0.343045112781953 0.00374156841748836
0.343984962406013 0.00375271717284462
0.344924812030074 0.0037638710909073
0.345864661654134 0.00377503017383298
0.346804511278194 0.00378619442377894
0.347744360902254 0.00379736384290311
0.348684210526314 0.00380853843336411
0.349624060150374 0.00381971819732123
0.350563909774434 0.00383090313693443
0.351503759398494 0.00384209325436435
0.352443609022555 0.00385328855177228
0.353383458646615 0.00386448903132022
0.354323308270675 0.00387569469517082
0.355263157894735 0.0038869055454874
0.356203007518795 0.00389812158443397
0.357142857142855 0.0039093428141752
0.358082706766915 0.00392056923687643
0.359022556390975 0.0039318008547037
0.359962406015036 0.00394303766982368
0.360902255639096 0.00395427968440375
0.361842105263156 0.00396552690061195
0.362781954887216 0.00397677932061699
0.363721804511276 0.00398803694658825
0.364661654135336 0.0039992997806958
0.365601503759396 0.00401056782511036
0.366541353383457 0.00402184108200333
0.367481203007517 0.00403311955354681
0.368421052631577 0.00404440324191353
0.369360902255637 0.00405569214927691
0.370300751879697 0.00406698627781106
0.371240601503757 0.00407828562969074
0.372180451127817 0.0040895902070914
0.373120300751877 0.00410090001218914
0.374060150375938 0.00411221504716075
0.374999999999998 0.0041235353141837
0.375939849624058 0.00413486081543611
0.376879699248118 0.00414619155309679
0.377819548872178 0.00415752752934522
0.378759398496238 0.00416886874636154
0.379699248120298 0.00418021520632658
0.380639097744358 0.00419156691142183
0.381578947368419 0.00420292386382946
0.382518796992479 0.00421428606573231
0.383458646616539 0.00422565351931389
0.384398496240599 0.00423702622675838
0.385338345864659 0.00424840419025064
0.386278195488719 0.00425978741197621
0.387218045112779 0.00427117589412127
0.388157894736839 0.00428256963887271
0.3890977443609 0.00429396864841807
0.39003759398496 0.00430537292494556
0.39097744360902 0.00431678247064409
0.39191729323308 0.0043281972877032
0.39285714285714 0.00433961737831313
0.3937969924812 0.0043510427446648
0.39473684210526 0.00436247338894977
0.395676691729321 0.00437390931336029
0.396616541353381 0.0043853505200893
0.397556390977441 0.00439679701133038
0.398496240601501 0.0044082487892778
0.399436090225561 0.00441970585612649
0.400375939849621 0.00443116821407207
0.401315789473681 0.00444263586531081
0.402255639097741 0.00445410881203968
0.403195488721802 0.00446558705645628
0.404135338345862 0.00447707060075893
0.405075187969922 0.00448855944714658
0.406015037593982 0.00450005359781888
0.406954887218042 0.00451155305497613
0.407894736842102 0.00452305782081933
0.408834586466162 0.00453456789755011
0.409774436090222 0.00454608328737081
0.410714285714283 0.00455760399248443
0.411654135338343 0.00456913001509462
0.412593984962403 0.00458066135740574
0.413533834586463 0.00459219802162279
0.414473684210523 0.00460374000995144
0.415413533834583 0.00461528732459807
0.416353383458643 0.00462683996776967
0.417293233082703 0.00463839794167397
0.418233082706764 0.00464996124851931
0.419172932330824 0.00466152989051473
0.420112781954884 0.00467310386986994
0.421052631578944 0.00468468318879533
0.421992481203004 0.00469626784950194
0.422932330827064 0.00470785785420148
0.423872180451124 0.00471945320510636
0.424812030075185 0.00473105390442963
0.425751879699245 0.00474265995438502
0.426691729323305 0.00475427135718695
0.427631578947365 0.00476588811505047
0.428571428571425 0.00477751023019134
0.429511278195485 0.00478913770482597
0.430451127819545 0.00480077054117145
0.431390977443605 0.00481240874144552
0.432330827067666 0.00482405230786662
0.433270676691726 0.00483570124265385
0.434210526315786 0.00484735554802696
0.435150375939846 0.0048590152262064
0.436090225563906 0.00487068027941327
0.437030075187966 0.00488235070986934
0.437969924812026 0.00489402651979708
0.438909774436086 0.00490570771141958
0.439849624060147 0.00491739428696064
0.440789473684207 0.00492908624864472
0.441729323308267 0.00494078359869695
0.442669172932327 0.0049524863393431
0.443609022556387 0.00496419447280967
0.444548872180447 0.00497590800132377
0.445488721804507 0.00498762692711322
0.446428571428568 0.00499935125240649
0.447368421052628 0.00501108097943273
0.448308270676688 0.00502281611042175
0.449248120300748 0.00503455664760403
0.450187969924808 0.00504630259321072
0.451127819548868 0.00505805394947365
0.452067669172928 0.00506981071862532
0.453007518796988 0.00508157290289887
0.453947368421049 0.00509334050452815
0.454887218045109 0.00510511352574764
0.455827067669169 0.00511689196879252
0.456766917293229 0.00512867583589863
0.457706766917289 0.00514046512930247
0.458646616541349 0.00515225985124121
0.459586466165409 0.0051640600039527
0.460526315789469 0.00517586558967546
0.46146616541353 0.00518767661064866
0.46240601503759 0.00519949306911215
0.46334586466165 0.00521131496730645
0.46428571428571 0.00522314230747276
0.46522556390977 0.00523497509185292
0.46616541353383 0.00524681332268945
0.46710526315789 0.00525865700222556
0.46804511278195 0.0052705061327051
0.468984962406011 0.0052823607163726
0.469924812030071 0.00529422075547326
0.470864661654131 0.00530608625225294
0.471804511278191 0.00531795720895818
0.472744360902251 0.00532983362783618
0.473684210526311 0.0053417155111348
0.474624060150371 0.00535360286110259
0.475563909774432 0.00536549567998875
0.476503759398492 0.00537739397004315
0.477443609022552 0.00538929773351633
0.478383458646612 0.00540120697265951
0.479323308270672 0.00541312168972455
0.480263157894732 0.005425041886964
0.481203007518792 0.00543696756663107
0.482142857142852 0.00544889873097964
0.483082706766913 0.00546083538226425
0.484022556390973 0.00547277752274012
0.484962406015033 0.00548472515466312
0.485902255639093 0.00549667828028981
0.486842105263153 0.00550863690187739
0.487781954887213 0.00552060102168375
0.488721804511273 0.00553257064196743
0.489661654135333 0.00554454576498766
0.490601503759394 0.0055565263930043
0.491541353383454 0.00556851252827791
0.492481203007514 0.00558050417306971
0.493421052631574 0.00559250132964157
0.494360902255634 0.00560450400025605
0.495300751879694 0.00561651218717635
0.496240601503754 0.00562852589266636
0.497180451127815 0.00564054511899063
0.498120300751875 0.00565256986841436
0.499060150375935 0.00566460014320344
0.499999999999995 0.00567663594562441
0.500939849624055 0.00568867727794448
0.501879699248115 0.00570072414243154
0.502819548872175 0.00571277654135412
0.503759398496235 0.00572483447698143
0.504699248120296 0.00573689795158335
0.505639097744356 0.00574896696743042
0.506578947368416 0.00576104152679384
0.507518796992476 0.00577312163194549
0.508458646616536 0.0057852072851579
0.509398496240596 0.00579729848870427
0.510338345864656 0.00580939524485847
0.511278195488716 0.00582149755589504
0.512218045112777 0.00583360542408917
0.513157894736837 0.00584571885171673
0.514097744360897 0.00585783784105424
0.515037593984957 0.00586996239437889
0.515977443609017 0.00588209251396855
0.516917293233077 0.00589422820210173
0.517857142857137 0.00590636946105763
0.518796992481197 0.00591851629311608
0.519736842105258 0.00593066870055762
0.520676691729318 0.00594282668566342
0.521616541353378 0.00595499025071532
0.522556390977438 0.00596715939799583
0.523496240601498 0.00597933412978813
0.524436090225558 0.00599151444837606
0.525375939849618 0.00600370035604411
0.526315789473679 0.00601589185507745
0.527255639097739 0.00602808894776191
0.528195488721799 0.00604029163638399
0.529135338345859 0.00605249992323083
0.530075187969919 0.00606471381059027
0.531015037593979 0.00607693330075078
0.531954887218039 0.00608915839600151
0.532894736842099 0.00610138909863227
0.53383458646616 0.00611362541093353
0.53477443609022 0.00612586733519644
0.53571428571428 0.0061381148737128
0.53665413533834 0.00615036802877506
0.5375939849624 0.00616262680267635
0.53853383458646 0.00617489119771046
0.53947368421052 0.00618716121617185
0.54041353383458 0.00619943686035562
0.541353383458641 0.00621171813255756
0.542293233082701 0.0062240050350741
0.543233082706761 0.00623629757020235
0.544172932330821 0.00624859574024008
0.545112781954881 0.0062608995474857
0.546052631578941 0.00627320899423831
0.546992481203001 0.00628552408279765
0.547932330827061 0.00629784481546415
0.548872180451122 0.00631017119453887
0.549812030075182 0.00632250322232356
0.550751879699242 0.0063348409011206
0.551691729323302 0.00634718423323307
0.552631578947362 0.00635953322096468
0.553571428571422 0.00637188786661981
0.554511278195482 0.00638424817250352
0.555451127819543 0.0063966141409215
0.556390977443603 0.00640898577418012
0.557330827067663 0.00642136307458641
0.558270676691723 0.00643374604444806
0.559210526315783 0.00644613468607342
0.560150375939843 0.0064585290017715
0.561090225563903 0.00647092899385196
0.562030075187963 0.00648333466462515
0.562969924812024 0.00649574601640206
0.563909774436084 0.00650816305149433
0.564849624060144 0.00652058577221428
0.565789473684204 0.00653301418087488
0.566729323308264 0.00654544827978977
0.567669172932324 0.00655788807127325
0.568609022556384 0.00657033355764025
0.569548872180444 0.0065827847412064
0.570488721804505 0.00659524162428797
0.571428571428565 0.0066077042092019
0.572368421052625 0.00662017249826577
0.573308270676685 0.00663264649379783
0.574248120300745 0.006645126198117
0.575187969924805 0.00665761161354285
0.576127819548865 0.00667010274239561
0.577067669172926 0.00668259958699616
0.578007518796986 0.00669510214966606
0.578947368421046 0.0067076104327275
0.579887218045106 0.00672012443850335
0.580827067669166 0.00673264416931714
0.581766917293226 0.00674516962749306
0.582706766917286 0.00675770081535593
0.583646616541346 0.00677023773523126
0.584586466165407 0.0067827803894452
0.585526315789467 0.00679532878032457
0.586466165413527 0.00680788291019685
0.587406015037587 0.00682044278139017
0.588345864661647 0.0068330083962333
0.589285714285707 0.00684557975705571
0.590225563909767 0.00685815686618749
0.591165413533827 0.00687073972595941
0.592105263157888 0.00688332833870288
0.593045112781948 0.00689592270674999
0.593984962406008 0.00690852283243346
0.594924812030068 0.00692112871808668
0.595864661654128 0.00693374036604371
0.596804511278188 0.00694635777863925
0.597744360902248 0.00695898095820865
0.598684210526308 0.00697160990708795
0.599624060150369 0.0069842446276138
0.600563909774429 0.00699688512212354
0.601503759398489 0.00700953139295517
0.602443609022549 0.00702218344244731
0.603383458646609 0.00703484127293928
0.604323308270669 0.00704750488677102
0.605263157894729 0.00706017428628315
0.60620300751879 0.00707284947381693
0.60714285714285 0.00708553045171429
0.60808270676691 0.00709821722231781
0.60902255639097 0.00711090978797071
0.60996240601503 0.00712360815101689
0.61090225563909 0.00713631231380089
0.61184210526315 0.00714902227866791
0.61278195488721 0.0071617380479638
0.613721804511271 0.00717445962403507
0.614661654135331 0.00718718700922889
0.615601503759391 0.00719992020589307
0.616541353383451 0.00721265921637608
0.617481203007511 0.00722540404302706
0.618421052631571 0.00723815468819578
0.619360902255631 0.00725091115423268
0.620300751879691 0.00726367344348885
0.621240601503752 0.00727644155831603
0.622180451127812 0.00728921550106661
0.623120300751872 0.00730199527409365
0.624060150375932 0.00731478087975086
0.624999999999992 0.00732757232039258
0.625939849624052 0.00734036959837384
0.626879699248112 0.00735317271605028
0.627819548872173 0.00736598167577824
0.628759398496233 0.00737879647991469
0.629699248120293 0.00739161713081723
0.630639097744353 0.00740444363084415
0.631578947368413 0.00741727598235438
0.632518796992473 0.0074301141877075
0.633458646616533 0.00744295824926374
0.634398496240593 0.00745580816938398
0.635338345864654 0.00746866395042976
0.636278195488714 0.00748152559476328
0.637218045112774 0.00749439310474737
0.638157894736834 0.00750726648274552
0.639097744360894 0.00752014573112188
0.640037593984954 0.00753303085224124
0.640977443609014 0.00754592184846906
0.641917293233074 0.00755881872217142
0.642857142857135 0.00757172147571508
0.643796992481195 0.00758463011146743
0.644736842105255 0.00759754463179654
0.645676691729315 0.00761046503907109
0.646616541353375 0.00762339133566044
0.647556390977435 0.0076363235239346
0.648496240601495 0.00764926160626422
0.649436090225555 0.00766220558502059
0.650375939849616 0.00767515546257568
0.651315789473676 0.00768811124130208
0.652255639097736 0.00770107292357305
0.653195488721796 0.00771404051176248
0.654135338345856 0.00772701400824494
0.655075187969916 0.00773999341539562
0.656015037593976 0.00775297873559038
0.656954887218037 0.0077659699712057
0.657894736842097 0.00777896712461874
0.658834586466157 0.00779197019820731
0.659774436090217 0.00780497919434983
0.660714285714277 0.00781799411542541
0.661654135338337 0.00783101496381379
0.662593984962397 0.00784404174189536
0.663533834586457 0.00785707445205117
0.664473684210518 0.00787011309666289
0.665413533834578 0.00788315767811286
0.666353383458638 0.00789620819878407
0.667293233082698 0.00790926466106014
0.668233082706758 0.00792232706732536
0.669172932330818 0.00793539541996465
0.670112781954878 0.00794846972136357
0.671052631578938 0.00796154997390837
0.671992481202999 0.00797463617998588
0.672932330827059 0.00798772834198364
0.673872180451119 0.0080008264622898
0.674812030075179 0.00801393054329317
0.675751879699239 0.0080270405873832
0.676691729323299 0.00804015659694998
0.677631578947359 0.00805327857438427
0.678571428571419 0.00806640652207745
0.67951127819548 0.00807954044242157
0.68045112781954 0.00809268033780929
0.6813909774436 0.00810582621063396
0.68233082706766 0.00811897806328954
0.68327067669172 0.00813213589817065
0.68421052631578 0.00814529971767256
0.68515037593984 0.00815846952419117
0.686090225563901 0.00817164532012304
0.687030075187961 0.00818482710786536
0.687969924812021 0.00819801488981598
0.688909774436081 0.00821120866837338
0.689849624060141 0.00822440844593669
0.690789473684201 0.00823761422490569
0.691729323308261 0.0082508260076808
0.692669172932321 0.00826404379666307
0.693609022556382 0.00827726759425422
0.694548872180442 0.00829049740285659
0.695488721804502 0.00830373322487318
0.696428571428562 0.00831697506270761
0.697368421052622 0.00833022291876418
0.698308270676682 0.0083434767954478
0.699248120300742 0.00835673669516403
0.700187969924802 0.00837000262031908
0.701127819548863 0.0083832745733198
0.702067669172923 0.00839655255657368
0.703007518796983 0.00840983657248885
0.703947368421043 0.00842312662347409
0.704887218045103 0.00843642271193882
0.705827067669163 0.00844972484029309
0.706766917293223 0.00846303301094761
0.707706766917284 0.00847634722631371
0.708646616541344 0.00848966748880338
0.709586466165404 0.00850299380082923
0.710526315789464 0.00851632616480455
0.711466165413524 0.00852966458314322
0.712406015037584 0.00854300905825979
0.713345864661644 0.00855635959256945
0.714285714285704 0.00856971618848803
0.715225563909765 0.00858307884843198
0.716165413533825 0.00859644757481842
0.717105263157885 0.0086098223700651
0.718045112781945 0.00862320323659038
0.718984962406005 0.00863659017681331
0.719924812030065 0.00864998319315354
0.720864661654125 0.00866338228803138
0.721804511278185 0.00867678746386776
0.722744360902246 0.00869019872308427
0.723684210526306 0.00870361606810312
0.724624060150366 0.00871703950134717
0.725563909774426 0.00873046902523992
0.726503759398486 0.0087439046422055
0.727443609022546 0.00875734635466868
0.728383458646606 0.00877079416505488
0.729323308270666 0.00878424807579012
0.730263157894727 0.00879770808930111
0.731203007518787 0.00881117420801516
0.732142857142847 0.00882464643436023
0.733082706766907 0.00883812477076492
0.734022556390967 0.00885160921965845
0.734962406015027 0.00886509978347069
0.735902255639087 0.00887859646463215
0.736842105263148 0.00889209926557398
0.737781954887208 0.00890560818872794
0.738721804511268 0.00891912323652645
0.739661654135328 0.00893264441140256
0.740601503759388 0.00894617171578996
0.741541353383448 0.00895970515212296
0.742481203007508 0.00897324472283651
0.743421052631568 0.00898679043036622
0.744360902255629 0.00900034227714829
0.745300751879689 0.0090139002656196
0.746240601503749 0.00902746439821763
0.747180451127809 0.00904103467738052
0.748120300751869 0.00905461110554702
0.749060150375929 0.00906819368515654
0.749999999999989 0.0090817824186491
0.750939849624049 0.00909537730846536
0.75187969924811 0.00910897835704663
0.75281954887217 0.00912258556683484
0.75375939849623 0.00913619894027254
0.75469924812029 0.00914981847980294
0.75563909774435 0.00916344418786986
0.75657894736841 0.00917707606691777
0.75751879699247 0.00919071411939176
0.758458646616531 0.00920435834773756
0.759398496240591 0.00921800875440153
0.760338345864651 0.00923166534183065
0.761278195488711 0.00924532811247255
0.762218045112771 0.00925899706877548
0.763157894736831 0.00927267221318833
0.764097744360891 0.00928635354816062
0.765037593984951 0.00930004107614248
0.765977443609012 0.00931373479958471
0.766917293233072 0.0093274347209387
0.767857142857132 0.0093411408426565
0.768796992481192 0.00935485316719077
0.769736842105252 0.00936857169699482
0.770676691729312 0.00938229643452257
0.771616541353372 0.00939602738222858
0.772556390977432 0.00940976454256804
0.773496240601493 0.00942350791799676
0.774436090225553 0.00943725751097121
0.775375939849613 0.00945101332394844
0.776315789473673 0.00946477535938616
0.777255639097733 0.00947854361974271
0.778195488721793 0.00949231810747704
0.779135338345853 0.00950609882504875
0.780075187969913 0.00951988577491805
0.781015037593974 0.00953367895954579
0.781954887218034 0.00954747838139344
0.782894736842094 0.0095612840429231
0.783834586466154 0.00957509594659749
0.784774436090214 0.00958891409487998
0.785714285714274 0.00960273849023453
0.786654135338334 0.00961656913512577
0.787593984962395 0.00963040603201892
0.788533834586455 0.00964424918337984
0.789473684210515 0.00965809859167502
0.790413533834575 0.00967195425937157
0.791353383458635 0.00968581618893724
0.792293233082695 0.00969968438284037
0.793233082706755 0.00971355884354996
0.794172932330815 0.00972743957353563
0.795112781954876 0.00974132657526761
0.796052631578936 0.00975521985121677
0.796992481202996 0.00976911940385459
0.797932330827056 0.00978302523565318
0.798872180451116 0.00979693734908528
0.799812030075176 0.00981085574662426
0.800751879699236 0.00982478043074409
0.801691729323296 0.00983871140391938
0.802631578947357 0.00985264866862536
0.803571428571417 0.00986659222733788
0.804511278195477 0.00988054208253342
0.805451127819537 0.00989449823668908
0.806390977443597 0.00990846069228258
0.807330827067657 0.00992242945179227
0.808270676691717 0.00993640451769711
0.809210526315778 0.00995038589247667
0.810150375939838 0.00996437357861119
0.811090225563898 0.00997836757858148
0.812030075187958 0.009992367894869
0.812969924812018 0.0100063745299558
0.813909774436078 0.0100203874863246
0.814849624060138 0.0100344067664588
0.815789473684198 0.0100484323728421
0.816729323308259 0.0100624643079593
0.817669172932319 0.0100765025742954
0.818609022556379 0.0100905471743363
0.819548872180439 0.0101045981105684
0.820488721804499 0.0101186553854787
0.821428571428559 0.0101327190015549
0.822368421052619 0.0101467889612852
0.823308270676679 0.0101608652671585
0.82424812030074 0.0101749479216644
0.8251879699248 0.0101890369272929
0.82612781954886 0.0102031322865349
0.82706766917292 0.0102172340018816
0.82800751879698 0.0102313420758251
0.82894736842104 0.0102454565108579
0.8298872180451 0.0102595773094733
0.83082706766916 0.0102737044741652
0.831766917293221 0.0102878380074278
0.832706766917281 0.0103019779117564
0.833646616541341 0.0103161241896466
0.834586466165401 0.0103302768435947
0.835526315789461 0.0103444358760975
0.836466165413521 0.0103586012896528
0.837406015037581 0.0103727730867585
0.838345864661642 0.0103869512699135
0.839285714285702 0.0104011358416171
0.840225563909762 0.0104153268043693
0.841165413533822 0.0104295241606708
0.842105263157882 0.0104437279130226
0.843045112781942 0.0104579380639268
0.843984962406002 0.0104721546158857
0.844924812030062 0.0104863775714024
0.845864661654123 0.0105006069329805
0.846804511278183 0.0105148427031244
0.847744360902243 0.010529084884339
0.848684210526303 0.0105433334791297
0.849624060150363 0.0105575884900027
0.850563909774423 0.0105718499194648
0.851503759398483 0.0105861177700232
0.852443609022543 0.010600392044186
0.853383458646604 0.0106146727444618
0.854323308270664 0.0106289598733596
0.855263157894724 0.0106432534333894
0.856203007518784 0.0106575534270615
0.857142857142844 0.0106718598568869
0.858082706766904 0.0106861727253773
0.859022556390964 0.0107004920350449
0.859962406015024 0.0107148177884026
0.860902255639085 0.0107291499879638
0.861842105263145 0.0107434886362426
0.862781954887205 0.0107578337357537
0.863721804511265 0.0107721852890124
0.864661654135325 0.0107865432985345
0.865601503759385 0.0108009077668366
0.866541353383445 0.0108152786964358
0.867481203007506 0.0108296560898498
0.868421052631566 0.010844039949597
0.869360902255626 0.0108584302781962
0.870300751879686 0.0108728270781671
0.871240601503746 0.0108872303520298
0.872180451127806 0.010901640102305
0.873120300751866 0.0109160563315142
0.874060150375926 0.0109304790421792
0.874999999999987 0.0109449082368227
0.875939849624047 0.0109593439179679
0.876879699248107 0.0109737860881386
0.877819548872167 0.0109882347498591
0.878759398496227 0.0110026899056544
0.879699248120287 0.0110171515580503
0.880639097744347 0.0110316197095728
0.881578947368407 0.0110460943627489
0.882518796992468 0.0110605755201058
0.883458646616528 0.0110750631841718
0.884398496240588 0.0110895573574753
0.885338345864648 0.0111040580425457
0.886278195488708 0.0111185652419127
0.887218045112768 0.0111330789581068
0.888157894736828 0.0111475991936591
0.889097744360889 0.0111621259511012
0.890037593984949 0.0111766592329654
0.890977443609009 0.0111911990417845
0.891917293233069 0.0112057453800919
0.892857142857129 0.0112202982504218
0.893796992481189 0.0112348576553088
0.894736842105249 0.0112494235972881
0.895676691729309 0.0112639960788956
0.89661654135337 0.0112785751026677
0.89755639097743 0.0112931606711416
0.89849624060149 0.0113077527868549
0.89943609022555 0.0113223514523459
0.90037593984961 0.0113369566701533
0.90131578947367 0.0113515684428167
0.90225563909773 0.0113661867728762
0.90319548872179 0.0113808116628724
0.904135338345851 0.0113954431153465
0.905075187969911 0.0114100811328405
0.906015037593971 0.0114247257178967
0.906954887218031 0.0114393768730582
0.907894736842091 0.0114540346008687
0.908834586466151 0.0114686989038725
0.909774436090211 0.0114833697846143
0.910714285714271 0.0114980472456396
0.911654135338332 0.0115127312894945
0.912593984962392 0.0115274219187256
0.913533834586452 0.0115421191358801
0.914473684210512 0.0115568229435058
0.915413533834572 0.0115715333441513
0.916353383458632 0.0115862503403654
0.917293233082692 0.0116009739346978
0.918233082706753 0.0116157041296988
0.919172932330813 0.011630440927919
0.920112781954873 0.01164518433191
0.921052631578933 0.0116599343442237
0.921992481202993 0.0116746909674128
0.922932330827053 0.0116894542040303
0.923872180451113 0.01170422405663
0.924812030075173 0.0117190005277664
0.925751879699234 0.0117337836199943
0.926691729323294 0.0117485733358694
0.927631578947354 0.0117633696779478
0.928571428571414 0.0117781726487862
0.929511278195474 0.0117929822509419
0.930451127819534 0.0118077984869729
0.931390977443594 0.0118226213594376
0.932330827067654 0.0118374508708952
0.933270676691715 0.0118522870239054
0.934210526315775 0.0118671298210285
0.935150375939835 0.0118819792648252
0.936090225563895 0.0118968353578572
0.937030075187955 0.0119116981026863
0.937969924812015 0.0119265675018754
0.938909774436075 0.0119414435579875
0.939849624060136 0.0119563262735866
0.940789473684196 0.011971215651237
0.941729323308256 0.0119861116935037
0.942669172932316 0.0120010144029524
0.943609022556376 0.0120159237821491
0.944548872180436 0.0120308398336607
0.945488721804496 0.0120457625600544
0.946428571428556 0.0120606919638983
0.947368421052617 0.0120756280477608
0.948308270676677 0.0120905708142111
0.949248120300737 0.0121055202658187
0.950187969924797 0.0121204764051541
0.951127819548857 0.0121354392347881
0.952067669172917 0.0121504087572921
0.953007518796977 0.0121653849752382
0.953947368421037 0.0121803678911989
0.954887218045098 0.0121953575077475
0.955827067669158 0.0122103538274578
0.956766917293218 0.012225356852904
0.957706766917278 0.0122403665866613
0.958646616541338 0.0122553830313051
0.959586466165398 0.0122704061894115
0.960526315789458 0.0122854360635573
0.961466165413518 0.0123004726563196
0.962406015037579 0.0123155159702765
0.963345864661639 0.0123305660080063
0.964285714285699 0.012345622772088
0.965225563909759 0.0123606862651014
0.966165413533819 0.0123757564896264
0.967105263157879 0.0123908334482441
0.968045112781939 0.0124059171435356
0.968984962406 0.0124210075780829
0.96992481203006 0.0124361047544686
0.97086466165412 0.0124512086752756
0.97180451127818 0.0124663193430878
0.97274436090224 0.0124814367604893
0.9736842105263 0.012496560930065
0.97462406015036 0.0125116918544003
0.97556390977442 0.0125268295360811
0.976503759398481 0.012541973977694
0.977443609022541 0.0125571251818262
0.978383458646601 0.0125722831510653
0.979323308270661 0.0125874478879998
0.980263157894721 0.0126026193952183
0.981203007518781 0.0126177976753105
0.982142857142841 0.0126329827308662
0.983082706766901 0.0126481745644762
0.984022556390962 0.0126633731787315
0.984962406015022 0.012678578576224
0.985902255639082 0.0126937907595459
0.986842105263142 0.0127090097312901
0.987781954887202 0.0127242354940501
0.988721804511262 0.01273946805042
0.989661654135322 0.0127547074029944
0.990601503759382 0.0127699535543684
0.991541353383443 0.0127852065071379
0.992481203007503 0.0128004662638991
0.993421052631563 0.012815732827249
0.994360902255623 0.012831006199785
0.995300751879683 0.0128462863841053
0.996240601503743 0.0128615733828084
0.997180451127803 0.0128768671984935
0.998120300751864 0.0128921678337604
0.999060150375924 0.0129074752912094
0.999999999999984 0.0129227895734415
Total steps: 4256
