0 0
9.3984962406015e-05 9.398717074704e-07
0.00018796992481203 1.87978758271607e-06
0.000281954887218045 2.81974762764654e-06
0.00037593984962406 3.75975184417139e-06
0.000469924812030075 4.6998002342003e-06
0.00056390977443609 5.63989279964297e-06
0.000657894736842105 6.58002954240921e-06
0.00075187969924812 7.52021046440887e-06
0.000845864661654135 8.46043556755188e-06
0.00093984962406015 9.40070485374822e-06
0.00103383458646617 1.0341018324908e-05
0.00112781954887218 1.12813759829412e-05
0.0012218045112782 1.22217778297582e-05
0.00131578947368421 1.31622238672691e-05
0.00140977443609023 1.41027140973843e-05
0.00150375939849624 1.50432485220141e-05
0.00159774436090226 1.59838271430691e-05
0.00169172932330827 1.69244499624598e-05
0.00178571428571429 1.78651169820966e-05
0.0018796992481203 1.88058282038904e-05
0.00197368421052631 1.97465836297518e-05
0.00206766917293233 2.06873832615915e-05
0.00216165413533835 2.16282271013205e-05
0.00225563909774436 2.25691151508497e-05
0.00234962406015038 2.351004741209e-05
0.00244360902255639 2.44510238869525e-05
0.00253759398496241 2.53920445773484e-05
0.00263157894736842 2.63331094851887e-05
0.00272556390977444 2.72742186123848e-05
0.00281954887218045 2.82153719608479e-05
0.00291353383458647 2.91565695324896e-05
0.00300751879699248 3.00978113292211e-05
0.0031015037593985 3.1039097352954e-05
0.00319548872180451 3.19804276056e-05
0.00328947368421053 3.29218020890706e-05
0.00338345864661654 3.38632208052775e-05
0.00347744360902256 3.48046837561326e-05
0.00357142857142857 3.57461909435477e-05
0.00366541353383459 3.66877423694348e-05
0.0037593984962406 3.76293380357057e-05
0.00385338345864662 3.85709779442725e-05
0.00394736842105263 3.95126620970474e-05
0.00404135338345865 4.04543904959425e-05
0.00413533834586466 4.13961631428701e-05
0.00422932330827068 4.23379800397425e-05
0.0043233082706767 4.3279841188472e-05
0.00441729323308271 4.42217465909711e-05
0.00451127819548873 4.51636962491524e-05
0.00460526315789474 4.61056901649284e-05
0.00469924812030076 4.70477283402117e-05
0.00479323308270677 4.79898107769151e-05
0.00488721804511279 4.89319374769513e-05
0.0049812030075188 4.98741084422331e-05
0.00507518796992482 5.08163236746736e-05
0.00516917293233083 5.17585831761856e-05
0.00526315789473685 5.27008869486822e-05
0.00535714285714286 5.36432349940765e-05
0.00545112781954888 5.45856273142817e-05
0.00554511278195489 5.5528063911211e-05
0.00563909774436091 5.64705447867778e-05
0.00573308270676692 5.74130699428953e-05
0.00582706766917294 5.83556393814771e-05
0.00592105263157895 5.92982531044367e-05
0.00601503759398497 6.02409111136875e-05
0.00610902255639098 6.11836134111434e-05
0.006203007518797 6.21263599987179e-05
0.00629699248120301 6.30691508783248e-05
0.00639097744360903 6.40119860518781e-05
0.00648496240601504 6.49548655212915e-05
0.00657894736842106 6.5897789288479e-05
0.00667293233082708 6.68407573553548e-05
0.00676691729323309 6.77837697238329e-05
0.00686090225563911 6.87268263958274e-05
0.00695488721804512 6.96699273732526e-05
0.00704887218045114 7.06130726580229e-05
0.00714285714285715 7.15562622520525e-05
0.00723684210526317 7.24994961572559e-05
0.00733082706766918 7.34427743755476e-05
0.0074248120300752 7.43860969088422e-05
0.00751879699248121 7.53294637590544e-05
0.00761278195488723 7.62728749280987e-05
0.00770676691729324 7.72163304178901e-05
0.00780075187969926 7.81598302303432e-05
0.00789473684210527 7.91033743673731e-05
0.00798872180451129 8.00469628308946e-05
0.0080827067669173 8.09905956228229e-05
0.00817669172932332 8.1934272745073e-05
0.00827067669172933 8.28779941995601e-05
0.00836466165413534 8.38217599881994e-05
0.00845864661654136 8.47655701129062e-05
0.00855263157894737 8.57094245755959e-05
0.00864661654135339 8.66533233781839e-05
0.0087406015037594 8.75972665225857e-05
0.00883458646616542 8.85412540107169e-05
0.00892857142857143 8.94852858444931e-05
0.00902255639097744 9.042936202583e-05
0.00911654135338346 9.13734825566434e-05
0.00921052631578947 9.2317647438849e-05
0.00930451127819549 9.32618566743628e-05
0.0093984962406015 9.42061102651008e-05
0.00949248120300752 9.5150408212979e-05
0.00958646616541353 9.60947505199134e-05
0.00968045112781954 9.70391371878203e-05
0.00977443609022556 9.79835682186159e-05
0.00986842105263157 9.89280436142164e-05
0.00996240601503759 9.98725633765382e-05
0.0100563909774436 0.000100817127507498
0.0101503759398496 0.000101761736009012
0.0102443609022556 0.000102706388882996
0.0103383458646616 0.000103651086131368
0.0104323308270677 0.000104595827756044
0.0105263157894737 0.000105540613758941
0.0106203007518797 0.000106485444141976
0.0107142857142857 0.000107430318907065
0.0108082706766917 0.000108375238056126
0.0109022556390977 0.000109320201591076
0.0109962406015037 0.000110265209513831
0.0110902255639098 0.000111210261826309
0.0111842105263158 0.000112155358530427
0.0112781954887218 0.000113100499628102
0.0113721804511278 0.000114045685121252
0.0114661654135338 0.000114990915011795
0.0115601503759398 0.000115936189301646
0.0116541353383458 0.000116881507992725
0.0117481203007519 0.000117826871086949
0.0118421052631579 0.000118772278586235
0.0119360902255639 0.000119717730492502
0.0120300751879699 0.000120663226807666
0.0121240601503759 0.000121608767533647
0.0122180451127819 0.000122554352672361
0.0123120300751879 0.000123499982225727
0.012406015037594 0.000124445656195663
0.0125 0.000125391374584088
0.012593984962406 0.000126337137392919
0.012687969924812 0.000127282944624074
0.012781954887218 0.000128228796279473
0.012875939849624 0.000129174692361032
0.01296992481203 0.000130120632870672
0.0130639097744361 0.000131066617810311
0.0131578947368421 0.000132012647181866
0.0132518796992481 0.000132958720987257
0.0133458646616541 0.000133904839228403
0.0134398496240601 0.000134851001907222
0.0135338345864661 0.000135797209025633
0.0136278195488721 0.000136743460585555
0.0137218045112782 0.000137689756588908
0.0138157894736842 0.00013863609703761
0.0139097744360902 0.00013958248193358
0.0140037593984962 0.000140528911278738
0.0140977443609022 0.000141475385075003
0.0141917293233082 0.000142421903324294
0.0142857142857142 0.000143368466028531
0.0143796992481203 0.000144315073189633
0.0144736842105263 0.00014526172480952
0.0145676691729323 0.000146208420890111
0.0146616541353383 0.000147155161433326
0.0147556390977443 0.000148101946441085
0.0148496240601503 0.000149048775915308
0.0149436090225563 0.000149995649857914
0.0150375939849624 0.000150942568270823
0.0151315789473684 0.000151889531155956
0.0152255639097744 0.000152836538515232
0.0153195488721804 0.000153783590350572
0.0154135338345864 0.000154730686663895
0.0155075187969924 0.000155677827457123
0.0156015037593984 0.000156625012732176
0.0156954887218045 0.000157572242490973
0.0157894736842105 0.000158519516735435
0.0158834586466165 0.000159466835467484
0.0159774436090225 0.000160414198689039
0.0160714285714285 0.000161361606402021
0.0161654135338345 0.000162309058608351
0.0162593984962405 0.00016325655530995
0.0163533834586466 0.000164204096508739
0.0164473684210526 0.000165151682206638
0.0165413533834586 0.000166099312405569
0.0166353383458646 0.000167046987107452
0.0167293233082706 0.000167994706314209
0.0168233082706766 0.000168942470027762
0.0169172932330827 0.00016989027825003
0.0170112781954887 0.000170838130982936
0.0171052631578947 0.000171786028228401
0.0171992481203007 0.000172733969988347
0.0172932330827067 0.000173681956264695
0.0173872180451127 0.000174629987059366
0.0174812030075187 0.000175578062374283
0.0175751879699248 0.000176526182211367
0.0176691729323308 0.00017747434657254
0.0177631578947368 0.000178422555459723
0.0178571428571428 0.000179370808874839
0.0179511278195488 0.00018031910681981
0.0180451127819548 0.000181267449296558
0.0181390977443608 0.000182215836307004
0.0182330827067669 0.000183164267853072
0.0183270676691729 0.000184112743936683
0.0184210526315789 0.00018506126455976
0.0185150375939849 0.000186009829724225
0.0186090225563909 0.000186958439432
0.0187030075187969 0.000187907093685009
0.0187969924812029 0.000188855792485173
0.018890977443609 0.000189804535834416
0.018984962406015 0.00019075332373466
0.019078947368421 0.000191702156187828
0.019172932330827 0.000192651033195843
0.019266917293233 0.000193599954760627
0.019360902255639 0.000194548920884105
0.019454887218045 0.000195497931568198
0.0195488721804511 0.00019644698681483
0.0196428571428571 0.000197396086625924
0.0197368421052631 0.000198345231003404
0.0198308270676691 0.000199294419949192
0.0199248120300751 0.000200243653465213
0.0200187969924811 0.000201192931553389
0.0201127819548871 0.000202142254215645
0.0202067669172932 0.000203091621453903
0.0203007518796992 0.000204041033270088
0.0203947368421052 0.000204990489666123
0.0204887218045112 0.000205939990643932
0.0205827067669172 0.000206889536205439
0.0206766917293232 0.000207839126352567
0.0207706766917292 0.000208788761087242
0.0208646616541353 0.000209738440411386
0.0209586466165413 0.000210688164326924
0.0210526315789473 0.00021163793283578
0.0211466165413533 0.000212587745939879
0.0212406015037593 0.000213537603641145
0.0213345864661653 0.000214487505941502
0.0214285714285713 0.000215437452842874
0.0215225563909774 0.000216387444347187
0.0216165413533834 0.000217337480456364
0.0217105263157894 0.000218287561172331
0.0218045112781954 0.000219237686497012
0.0218984962406014 0.000220187856432332
0.0219924812030074 0.000221138070980216
0.0220864661654134 0.000222088330142588
0.0221804511278195 0.000223038633921375
0.0222744360902255 0.0002239889823185
0.0223684210526315 0.000224939375335889
0.0224624060150375 0.000225889812975467
0.0225563909774435 0.00022684029523916
0.0226503759398495 0.000227790822128892
0.0227443609022555 0.00022874139364659
0.0228383458646616 0.000229692009794178
0.0229323308270676 0.000230642670573582
0.0230263157894736 0.000231593375986728
0.0231203007518796 0.000232544126035542
0.0232142857142856 0.000233494920721948
0.0233082706766916 0.000234445760047873
0.0234022556390976 0.000235396644015244
0.0234962406015037 0.000236347572625984
0.0235902255639097 0.000237298545882022
0.0236842105263157 0.000238249563785282
0.0237781954887217 0.000239200626337691
0.0238721804511277 0.000240151733541176
0.0239661654135337 0.000241102885397661
0.0240601503759397 0.000242054081909074
0.0241541353383458 0.000243005323077342
0.0242481203007518 0.000243956608904389
0.0243421052631578 0.000244907939392144
0.0244360902255638 0.000245859314542533
0.0245300751879698 0.000246810734357481
0.0246240601503758 0.000247762198838917
0.0247180451127818 0.000248713707988767
0.0248120300751879 0.000249665261808957
0.0249060150375939 0.000250616860301415
0.0249999999999999 0.000251568503468067
0.0250939849624059 0.000252520191310841
0.0251879699248119 0.000253471923831664
0.0252819548872179 0.000254423701032462
0.0253759398496239 0.000255375522915164
0.02546992481203 0.000256327389481697
0.025563909774436 0.000257279300733987
0.025657894736842 0.000258231256673963
0.025751879699248 0.000259183257303551
0.025845864661654 0.00026013530262468
0.02593984962406 0.000261087392639277
0.026033834586466 0.000262039527349271
0.0261278195488721 0.000262991706756587
0.0262218045112781 0.000263943930863156
0.0263157894736841 0.000264896199670903
0.0264097744360901 0.000265848513181758
0.0265037593984961 0.000266800871397649
0.0265977443609021 0.000267753274320503
0.0266917293233081 0.000268705721952249
0.0267857142857142 0.000269658214294815
0.0268796992481202 0.00027061075135013
0.0269736842105262 0.000271563333120121
0.0270676691729322 0.000272515959606717
0.0271616541353382 0.000273468630811847
0.0272556390977442 0.00027442134673744
0.0273496240601502 0.000275374107385423
0.0274436090225563 0.000276326912757726
0.0275375939849623 0.000277279762856278
0.0276315789473683 0.000278232657683007
0.0277255639097743 0.000279185597239842
0.0278195488721803 0.000280138581528712
0.0279135338345863 0.000281091610551547
0.0280075187969923 0.000282044684310275
0.0281015037593984 0.000282997802806826
0.0281954887218044 0.000283950966043128
0.0282894736842104 0.000284904174021112
0.0283834586466164 0.000285857426742706
0.0284774436090224 0.00028681072420984
0.0285714285714284 0.000287764066424444
0.0286654135338344 0.000288717453388447
0.0287593984962405 0.000289670885103778
0.0288533834586465 0.000290624361572369
0.0289473684210525 0.000291577882796147
0.0290413533834585 0.000292531448777043
0.0291353383458645 0.000293485059516988
0.0292293233082705 0.00029443871501791
0.0293233082706765 0.000295392415281741
0.0294172932330826 0.000296346160310409
0.0295112781954886 0.000297299950105846
0.0296052631578946 0.000298253784669982
0.0296992481203006 0.000299207664004747
0.0297932330827066 0.000300161588112071
0.0298872180451126 0.000301115556993884
0.0299812030075186 0.000302069570652118
0.0300751879699247 0.000303023629088703
0.0301691729323307 0.000303977732305569
0.0302631578947367 0.000304931880304648
0.0303571428571427 0.000305886073087869
0.0304511278195487 0.000306840310657165
0.0305451127819547 0.000307794593014465
0.0306390977443607 0.000308748920161701
0.0307330827067668 0.000309703292100804
0.0308270676691728 0.000310657708833704
0.0309210526315788 0.000311612170362334
0.0310150375939848 0.000312566676688624
0.0311090225563908 0.000313521227814506
0.0312030075187968 0.000314475823741911
0.0312969924812028 0.00031543046447277
0.0313909774436089 0.000316385150009015
0.0314849624060149 0.000317339880352578
0.0315789473684209 0.00031829465550539
0.0316729323308269 0.000319249475469383
0.0317669172932329 0.000320204340246489
0.0318609022556389 0.00032115924983864
0.0319548872180449 0.000322114204247766
0.032048872180451 0.000323069203475802
0.032142857142857 0.000324024247524677
0.032236842105263 0.000324979336396326
0.032330827067669 0.000325934470092679
0.032424812030075 0.000326889648615669
0.032518796992481 0.000327844871967229
0.032612781954887 0.00032880014014929
0.0327067669172931 0.000329755453163786
0.0328007518796991 0.000330710811012648
0.0328947368421051 0.00033166621369781
0.0329887218045111 0.000332621661221203
0.0330827067669171 0.000333577153584761
0.0331766917293231 0.000334532690790417
0.0332706766917291 0.000335488272840102
0.0333646616541352 0.000336443899735751
0.0334586466165412 0.000337399571479296
0.0335526315789472 0.000338355288072671
0.0336466165413532 0.000339311049517807
0.0337406015037592 0.000340266855816639
0.0338345864661652 0.0003412227069711
0.0339285714285712 0.000342178602983123
0.0340225563909773 0.000343134543854641
0.0341165413533833 0.000344090529587588
0.0342105263157893 0.000345046560183897
0.0343045112781953 0.000346002635645503
0.0343984962406013 0.000346958755974338
0.0344924812030073 0.000347914921172336
0.0345864661654133 0.000348871131241431
0.0346804511278194 0.000349827386183557
0.0347744360902254 0.000350783686000648
0.0348684210526314 0.000351740030694638
0.0349624060150374 0.000352696420267461
0.0350563909774434 0.000353652854721051
0.0351503759398494 0.000354609334057341
0.0352443609022554 0.000355565858278268
0.0353383458646615 0.000356522427385763
0.0354323308270675 0.000357479041381763
0.0355263157894735 0.000358435700268202
0.0356203007518795 0.000359392404047013
0.0357142857142855 0.000360349152720132
0.0358082706766915 0.000361305946289493
0.0359022556390975 0.000362262784757031
0.0359962406015036 0.000363219668124681
0.0360902255639096 0.000364176596394377
0.0361842105263156 0.000365133569568055
0.0362781954887216 0.000366090587647649
0.0363721804511276 0.000367047650635095
0.0364661654135336 0.000368004758532327
0.0365601503759396 0.000368961911341281
0.0366541353383457 0.000369919109063892
0.0367481203007517 0.000370876351702096
0.0368421052631577 0.000371833639257827
0.0369360902255637 0.000372790971733021
0.0370300751879697 0.000373748349129614
0.0371240601503757 0.000374705771449541
0.0372180451127817 0.000375663238694738
0.0373120300751878 0.00037662075086714
0.0374060150375938 0.000377578307968684
0.0374999999999998 0.000378535910001304
0.0375939849624058 0.000379493556966938
0.0376879699248118 0.000380451248867521
0.0377819548872178 0.000381408985704989
0.0378759398496238 0.000382366767481278
0.0379699248120299 0.000383324594198325
0.0380639097744359 0.000384282465858065
0.0381578947368419 0.000385240382462435
0.0382518796992479 0.000386198344013371
0.0383458646616539 0.00038715635051281
0.0384398496240599 0.000388114401962688
0.0385338345864659 0.000389072498364942
0.038627819548872 0.000390030639721509
0.038721804511278 0.000390988826034325
0.038815789473684 0.000391947057305326
0.03890977443609 0.00039290533353645
0.039003759398496 0.000393863654729634
0.039097744360902 0.000394822020886815
0.039191729323308 0.000395780432009929
0.0392857142857141 0.000396738888100914
0.0393796992481201 0.000397697389161707
0.0394736842105261 0.000398655935194245
0.0395676691729321 0.000399614526200465
0.0396616541353381 0.000400573162182306
0.0397556390977441 0.000401531843141703
0.0398496240601501 0.000402490569080596
0.0399436090225562 0.000403449340000921
0.0400375939849622 0.000404408155904615
0.0401315789473682 0.000405367016793618
0.0402255639097742 0.000406325922669866
0.0403195488721802 0.000407284873535297
0.0404135338345862 0.00040824386939185
0.0405075187969922 0.000409202910241462
0.0406015037593983 0.000410161996086071
0.0406954887218043 0.000411121126927615
0.0407894736842103 0.000412080302768033
0.0408834586466163 0.000413039523609262
0.0409774436090223 0.000413998789453242
0.0410714285714283 0.00041495810030191
0.0411654135338343 0.000415917456157205
0.0412593984962404 0.000416876857021065
0.0413533834586464 0.000417836302895429
0.0414473684210524 0.000418795793782236
0.0415413533834584 0.000419755329683423
0.0416353383458644 0.000420714910600931
0.0417293233082704 0.000421674536536698
0.0418233082706765 0.000422634207492663
0.0419172932330825 0.000423593923470764
0.0420112781954885 0.000424553684472941
0.0421052631578945 0.000425513490501133
0.0421992481203005 0.000426473341557279
0.0422932330827065 0.000427433237643319
0.0423872180451125 0.00042839317876119
0.0424812030075186 0.000429353164912834
0.0425751879699246 0.000430313196100189
0.0426691729323306 0.000431273272325196
0.0427631578947366 0.000432233393589792
0.0428571428571426 0.000433193559895919
0.0429511278195486 0.000434153771245515
0.0430451127819546 0.000435114027640521
0.0431390977443607 0.000436074329082877
0.0432330827067667 0.000437034675574521
0.0433270676691727 0.000437995067117395
0.0434210526315787 0.000438955503713439
0.0435150375939847 0.000439915985364592
0.0436090225563907 0.000440876512072794
0.0437030075187967 0.000441837083839986
0.0437969924812028 0.000442797700668108
0.0438909774436088 0.000443758362559101
0.0439849624060148 0.000444719069514905
0.0440789473684208 0.00044567982153746
0.0441729323308268 0.000446640618628707
0.0442669172932328 0.000447601460790586
0.0443609022556388 0.000448562348025039
0.0444548872180449 0.000449523280334006
0.0445488721804509 0.000450484257719428
0.0446428571428569 0.000451445280183246
0.0447368421052629 0.000452406347727401
0.0448308270676689 0.000453367460353833
0.0449248120300749 0.000454328618064485
0.0450187969924809 0.000455289820861296
0.045112781954887 0.000456251068746209
0.045206766917293 0.000457212361721164
0.045300751879699 0.000458173699788104
0.045394736842105 0.000459135082948969
0.045488721804511 0.000460096511205701
0.045582706766917 0.000461057984560241
0.045676691729323 0.000462019503014531
0.0457706766917291 0.000462981066570514
0.0458646616541351 0.00046394267523013
0.0459586466165411 0.000464904328995321
0.0460526315789471 0.00046586602786803
0.0461466165413531 0.000466827771850198
0.0462406015037591 0.000467789560943767
0.0463345864661651 0.00046875139515068
0.0464285714285712 0.000469713274472878
0.0465225563909772 0.000470675198912304
0.0466165413533832 0.0004716371684709
0.0467105263157892 0.000472599183150609
0.0468045112781952 0.000473561242953373
0.0468984962406012 0.000474523347881134
0.0469924812030072 0.000475485497935836
0.0470864661654133 0.000476447693119419
0.0471804511278193 0.000477409933433829
0.0472744360902253 0.000478372218881006
0.0473684210526313 0.000479334549462894
0.0474624060150373 0.000480296925181436
0.0475563909774433 0.000481259346038575
0.0476503759398493 0.000482221812036254
0.0477443609022554 0.000483184323176415
0.0478383458646614 0.000484146879461003
0.0479323308270674 0.00048510948089196
0.0480263157894734 0.00048607212747123
0.0481203007518794 0.000487034819200756
0.0482142857142854 0.000487997556082481
0.0483082706766914 0.000488960338118349
0.0484022556390975 0.000489923165310304
0.0484962406015035 0.000490886037660288
0.0485902255639095 0.000491848955170247
0.0486842105263155 0.000492811917842123
0.0487781954887215 0.000493774925677861
0.0488721804511275 0.000494737978679404
0.0489661654135335 0.000495701076848696
0.0490601503759396 0.000496664220187681
0.0491541353383456 0.000497627408698304
0.0492481203007516 0.000498590642382509
0.0493421052631576 0.000499553921242239
0.0494360902255636 0.00050051724527944
0.0495300751879696 0.000501480614496055
0.0496240601503756 0.000502444028894029
0.0497180451127817 0.000503407488475306
0.0498120300751877 0.000504370993241832
0.0499060150375937 0.00050533454319555
0.0499999999999997 0.000506298138338405
0.0500939849624057 0.000507261778672342
0.0501879699248117 0.000508225464199307
0.0502819548872177 0.000509189194921243
0.0503759398496238 0.000510152970840096
0.0504699248120298 0.000511116791957811
0.0505639097744358 0.000512080658276332
0.0506578947368418 0.000513044569797606
0.0507518796992478 0.000514008526523577
0.0508458646616538 0.000514972528456191
0.0509398496240598 0.000515936575597392
0.0510338345864659 0.000516900667949128
0.0511278195488719 0.000517864805513342
0.0512218045112779 0.00051882898829198
0.0513157894736839 0.000519793216286989
0.0514097744360899 0.000520757489500313
0.0515037593984959 0.000521721807933899
0.0515977443609019 0.000522686171589692
0.051691729323308 0.000523650580469639
0.051785714285714 0.000524615034575685
0.05187969924812 0.000525579533909776
0.051973684210526 0.000526544078473859
0.052067669172932 0.000527508668269879
0.052161654135338 0.000528473303299783
0.052255639097744 0.000529437983565517
0.0523496240601501 0.000530402709069027
0.0524436090225561 0.000531367479812261
0.0525375939849621 0.000532332295797164
0.0526315789473681 0.000533297157025683
0.0527255639097741 0.000534262063499764
0.0528195488721801 0.000535227015221355
0.0529135338345861 0.000536192012192401
0.0530075187969922 0.000537157054414851
0.0531015037593982 0.000538122141890651
0.0531954887218042 0.000539087274621747
0.0532894736842102 0.000540052452610087
0.0533834586466162 0.000541017675857618
0.0534774436090222 0.000541982944366286
0.0535714285714282 0.000542948258138041
0.0536654135338343 0.000543913617174827
0.0537593984962403 0.000544879021478594
0.0538533834586463 0.000545844471051288
0.0539473684210523 0.000546809965894857
0.0540413533834583 0.000547775506011248
0.0541353383458643 0.00054874109140241
0.0542293233082703 0.000549706722070289
0.0543233082706764 0.000550672398016834
0.0544172932330824 0.000551638119243992
0.0545112781954884 0.000552603885753711
0.0546052631578944 0.00055356969754794
0.0546992481203004 0.000554535554628626
0.0547932330827064 0.000555501456997717
0.0548872180451124 0.000556467404657162
0.0549812030075185 0.000557433397608909
0.0550751879699245 0.000558399435854905
0.0551691729323305 0.000559365519397101
0.0552631578947365 0.000560331648237443
0.0553571428571425 0.00056129782237788
0.0554511278195485 0.000562264041820361
0.0555451127819545 0.000563230306566835
0.0556390977443606 0.00056419661661925
0.0557330827067666 0.000565162971979555
0.0558270676691726 0.000566129372649699
0.0559210526315786 0.000567095818631631
0.0560150375939846 0.000568062309927299
0.0561090225563906 0.000569028846538653
0.0562030075187966 0.000569995428467642
0.0562969924812027 0.000570962055716215
0.0563909774436087 0.000571928728286322
0.0564849624060147 0.000572895446179911
0.0565789473684207 0.000573862209398931
0.0566729323308267 0.000574829017945333
0.0567669172932327 0.000575795871821066
0.0568609022556387 0.00057676277102808
0.0569548872180448 0.000577729715568323
0.0570488721804508 0.000578696705443746
0.0571428571428568 0.000579663740656299
0.0572368421052628 0.000580630821207931
0.0573308270676688 0.000581597947100592
0.0574248120300748 0.000582565118336233
0.0575187969924808 0.000583532334916802
0.0576127819548869 0.000584499596844251
0.0577067669172929 0.00058546690412053
0.0578007518796989 0.000586434256747588
0.0578947368421049 0.000587401654727377
0.0579887218045109 0.000588369098061846
0.0580827067669169 0.000589336586752945
0.0581766917293229 0.000590304120802626
0.058270676691729 0.000591271700212839
0.058364661654135 0.000592239324985534
0.058458646616541 0.000593206995122663
0.058552631578947 0.000594174710626175
0.058646616541353 0.000595142471498023
0.058740601503759 0.000596110277740156
0.058834586466165 0.000597078129354526
0.0589285714285711 0.000598046026343083
0.0590225563909771 0.00059901396870778
0.0591165413533831 0.000599981956450566
0.0592105263157891 0.000600949989573394
0.0593045112781951 0.000601918068078214
0.0593984962406011 0.000602886191966979
0.0594924812030071 0.000603854361241638
0.0595864661654132 0.000604822575904144
0.0596804511278192 0.000605790835956449
0.0597744360902252 0.000606759141400504
0.0598684210526312 0.00060772749223826
0.0599624060150372 0.00060869588847167
0.0600563909774432 0.000609664330102686
0.0601503759398492 0.000610632817133258
0.0602443609022553 0.00061160134956534
0.0603383458646613 0.000612569927400883
0.0604323308270673 0.00061353855064184
0.0605263157894733 0.000614507219290161
0.0606203007518793 0.000615475933347801
0.0607142857142853 0.000616444692816711
0.0608082706766913 0.000617413497698843
0.0609022556390974 0.00061838234799615
0.0609962406015034 0.000619351243710584
0.0610902255639094 0.000620320184844098
0.0611842105263154 0.000621289171398645
0.0612781954887214 0.000622258203376177
0.0613721804511274 0.000623227280778647
0.0614661654135334 0.000624196403608008
0.0615601503759395 0.000625165571866212
0.0616541353383455 0.000626134785555214
0.0617481203007515 0.000627104044676965
0.0618421052631575 0.000628073349233419
0.0619360902255635 0.000629042699226529
0.0620300751879695 0.000630012094658248
0.0621240601503755 0.00063098153553053
0.0622180451127816 0.000631951021845327
0.0623120300751876 0.000632920553604594
0.0624060150375936 0.000633890130810284
0.0624999999999996 0.000634859753464351
0.0625939849624056 0.000635829421568747
0.0626879699248116 0.000636799135125428
0.0627819548872177 0.000637768894136345
0.0628759398496237 0.000638738698603454
0.0629699248120297 0.000639708548528709
0.0630639097744357 0.000640678443914062
0.0631578947368417 0.000641648384761469
0.0632518796992478 0.000642618371072884
0.0633458646616538 0.00064358840285026
0.0634398496240598 0.000644558480095551
0.0635338345864658 0.000645528602810713
0.0636278195488719 0.000646498770997699
0.0637218045112779 0.000647468984658464
0.0638157894736839 0.000648439243794963
0.0639097744360899 0.000649409548409149
0.0640037593984959 0.000650379898502978
0.064097744360902 0.000651350294078405
0.064191729323308 0.000652320735137383
0.064285714285714 0.000653291221681868
0.06437969924812 0.000654261753713815
0.064473684210526 0.000655232331235179
0.0645676691729321 0.000656202954247915
0.0646616541353381 0.000657173622753978
0.0647556390977441 0.000658144336755322
0.0648496240601501 0.000659115096253905
0.0649436090225562 0.000660085901251679
0.0650375939849622 0.000661056751750602
0.0651315789473682 0.000662027647752628
0.0652255639097742 0.000662998589259713
0.0653195488721802 0.000663969576273813
0.0654135338345863 0.000664940608796882
0.0655075187969923 0.000665911686830878
0.0656015037593983 0.000666882810377755
0.0656954887218043 0.00066785397943947
0.0657894736842103 0.000668825194017978
0.0658834586466164 0.000669796454115235
0.0659774436090224 0.000670767759733198
0.0660714285714284 0.000671739110873822
0.0661654135338344 0.000672710507539064
0.0662593984962404 0.000673681949730879
0.0663533834586465 0.000674653437451225
0.0664473684210525 0.000675624970702058
0.0665413533834585 0.000676596549485333
0.0666353383458645 0.000677568173803008
0.0667293233082706 0.000678539843657039
0.0668233082706766 0.000679511559049383
0.0669172932330826 0.000680483319981996
0.0670112781954886 0.000681455126456835
0.0671052631578946 0.000682426978475858
0.0671992481203007 0.00068339887604102
0.0672932330827067 0.000684370819154279
0.0673872180451127 0.000685342807817592
0.0674812030075187 0.000686314842032916
0.0675751879699247 0.000687286921802209
0.0676691729323308 0.000688259047127427
0.0677631578947368 0.000689231218010527
0.0678571428571428 0.000690203434453468
0.0679511278195488 0.000691175696458206
0.0680451127819549 0.0006921480040267
0.0681390977443609 0.000693120357160906
0.0682330827067669 0.000694092755862782
0.0683270676691729 0.000695065200134286
0.0684210526315789 0.000696037689977376
0.068515037593985 0.00069701022539401
0.068609022556391 0.000697982806386145
0.068703007518797 0.00069895543295574
0.068796992481203 0.000699928105104752
0.068890977443609 0.00070090082283514
0.0689849624060151 0.000701873586148862
0.0690789473684211 0.000702846395047876
0.0691729323308271 0.00070381924953414
0.0692669172932331 0.000704792149609612
0.0693609022556392 0.000705765095276252
0.0694548872180452 0.000706738086536018
0.0695488721804512 0.000707711123390868
0.0696428571428572 0.000708684205842761
0.0697368421052632 0.000709657333893655
0.0698308270676693 0.00071063050754551
0.0699248120300753 0.000711603726800284
0.0700187969924813 0.000712576991659936
0.0701127819548873 0.000713550302126425
0.0702067669172933 0.00071452365820171
0.0703007518796994 0.000715497059887751
0.0703947368421054 0.000716470507186506
0.0704887218045114 0.000717444000099935
0.0705827067669174 0.000718417538629996
0.0706766917293234 0.00071939112277865
0.0707706766917295 0.000720364752547856
0.0708646616541355 0.000721338427939573
0.0709586466165415 0.000722312148955761
0.0710526315789475 0.000723285915598379
0.0711466165413536 0.000724259727869388
0.0712406015037596 0.000725233585770747
0.0713345864661656 0.000726207489304415
0.0714285714285716 0.000727181438472353
0.0715225563909776 0.000728155433276521
0.0716165413533837 0.000729129473718879
0.0717105263157897 0.000730103559801387
0.0718045112781957 0.000731077691526004
0.0718984962406017 0.000732051868894692
0.0719924812030077 0.000733026091909411
0.0720864661654138 0.000734000360572121
0.0721804511278198 0.000734974674884782
0.0722744360902258 0.000735949034849355
0.0723684210526318 0.0007369234404678
0.0724624060150379 0.000737897891742079
0.0725563909774439 0.000738872388674151
0.0726503759398499 0.000739846931265978
0.0727443609022559 0.000740821519519521
0.0728383458646619 0.00074179615343674
0.072932330827068 0.000742770833019596
0.073026315789474 0.000743745558270051
0.07312030075188 0.000744720329190065
0.073214285714286 0.000745695145781601
0.073308270676692 0.000746670008046618
0.0734022556390981 0.000747644915987078
0.0734962406015041 0.000748619869604943
0.0735902255639101 0.000749594868902174
0.0736842105263161 0.000750569913880732
0.0737781954887222 0.00075154500454258
0.0738721804511282 0.000752520140889679
0.0739661654135342 0.00075349532292399
0.0740601503759402 0.000754470550647476
0.0741541353383462 0.000755445824062097
0.0742481203007523 0.000756421143169817
0.0743421052631583 0.000757396507972597
0.0744360902255643 0.000758371918472399
0.0745300751879703 0.000759347374671185
0.0746240601503763 0.000760322876570918
0.0747180451127824 0.000761298424173559
0.0748120300751884 0.000762274017481071
0.0749060150375944 0.000763249656495417
0.0750000000000004 0.000764225341218558
0.0750939849624064 0.000765201071652457
0.0751879699248125 0.000766176847799078
0.0752819548872185 0.000767152669660382
0.0753759398496245 0.000768128537238332
0.0754699248120305 0.000769104450534892
0.0755639097744366 0.000770080409552023
0.0756578947368426 0.000771056414291689
0.0757518796992486 0.000772032464755852
0.0758458646616546 0.000773008560946477
0.0759398496240606 0.000773984702865525
0.0760338345864667 0.00077496089051496
0.0761278195488727 0.000775937123896746
0.0762218045112787 0.000776913403012846
0.0763157894736847 0.000777889727865223
0.0764097744360907 0.00077886609845584
0.0765037593984968 0.000779842514786661
0.0765977443609028 0.00078081897685965
0.0766917293233088 0.000781795484676769
0.0767857142857148 0.000782772038239984
0.0768796992481209 0.000783748637551258
0.0769736842105269 0.000784725282612554
0.0770676691729329 0.000785701973425837
0.0771616541353389 0.00078667870999307
0.0772556390977449 0.000787655492316218
0.077349624060151 0.000788632320397245
0.077443609022557 0.000789609194238114
0.077537593984963 0.000790586113840791
0.077631578947369 0.000791563079207239
0.077725563909775 0.000792540090339423
0.0778195488721811 0.000793517147239307
0.0779135338345871 0.000794494249908855
0.0780075187969931 0.000795471398350034
0.0781015037593991 0.000796448592564806
0.0781954887218052 0.000797425832555137
0.0782894736842112 0.000798403118322991
0.0783834586466172 0.000799380449870334
0.0784774436090232 0.00080035782719913
0.0785714285714292 0.000801335250311344
0.0786654135338353 0.000802312719208942
0.0787593984962413 0.000803290233893888
0.0788533834586473 0.000804267794368147
0.0789473684210533 0.000805245400633686
0.0790413533834593 0.000806223052692469
0.0791353383458654 0.000807200750546461
0.0792293233082714 0.000808178494197628
0.0793233082706774 0.000809156283647936
0.0794172932330834 0.00081013411889935
0.0795112781954894 0.000811111999953836
0.0796052631578955 0.00081208992681336
0.0796992481203015 0.000813067899479886
0.0797932330827075 0.000814045917955382
0.0798872180451135 0.000815023982241813
0.0799812030075196 0.000816002092341145
0.0800751879699256 0.000816980248255344
0.0801691729323316 0.000817958449986377
0.0802631578947376 0.000818936697536208
0.0803571428571436 0.000819914990906806
0.0804511278195497 0.000820893330100135
0.0805451127819557 0.000821871715118163
0.0806390977443617 0.000822850145962856
0.0807330827067677 0.00082382862263618
0.0808270676691737 0.000824807145140102
0.0809210526315798 0.000825785713476589
0.0810150375939858 0.000826764327647607
0.0811090225563918 0.000827742987655123
0.0812030075187978 0.000828721693501104
0.0812969924812039 0.000829700445187518
0.0813909774436099 0.00083067924271633
0.0814849624060159 0.000831658086089507
0.0815789473684219 0.000832636975309019
0.0816729323308279 0.00083361591037683
0.081766917293234 0.000834594891294909
0.08186090225564 0.000835573918065222
0.081954887218046 0.000836552990689738
0.082048872180452 0.000837532109170424
0.082142857142858 0.000838511273509246
0.0822368421052641 0.000839490483708174
0.0823308270676701 0.000840469739769174
0.0824248120300761 0.000841449041694215
0.0825187969924821 0.000842428389485263
0.0826127819548882 0.000843407783144287
0.0827067669172942 0.000844387222673255
0.0828007518797002 0.000845366708074135
0.0828947368421062 0.000846346239348894
0.0829887218045122 0.000847325816499502
0.0830827067669183 0.000848305439527926
0.0831766917293243 0.000849285108436134
0.0832706766917303 0.000850264823226095
0.0833646616541363 0.000851244583899777
0.0834586466165423 0.000852224390459148
0.0835526315789484 0.000853204242906178
0.0836466165413544 0.000854184141242834
0.0837406015037604 0.000855164085471086
0.0838345864661664 0.000856144075592902
0.0839285714285724 0.00085712411161025
0.0840225563909785 0.000858104193525101
0.0841165413533845 0.000859084321339422
0.0842105263157905 0.000860064495055183
0.0843045112781965 0.000861044714674352
0.0843984962406026 0.0008620249801989
0.0844924812030086 0.000863005291630794
0.0845864661654146 0.000863985648972005
0.0846804511278206 0.000864966052224502
0.0847744360902266 0.000865946501390253
0.0848684210526327 0.000866926996471229
0.0849624060150387 0.000867907537469399
0.0850563909774447 0.000868888124386733
0.0851503759398507 0.0008698687572252
0.0852443609022567 0.00087084943598677
0.0853383458646628 0.000871830160673413
0.0854323308270688 0.000872810931287098
0.0855263157894748 0.000873791747829796
0.0856203007518808 0.000874772610303477
0.0857142857142869 0.000875753518710111
0.0858082706766929 0.000876734473051667
0.0859022556390989 0.000877715473330116
0.0859962406015049 0.000878696519547429
0.0860902255639109 0.000879677611705575
0.086184210526317 0.000880658749806526
0.086278195488723 0.00088163993385225
0.086372180451129 0.00088262116384472
0.086466165413535 0.000883602439785905
0.086560150375941 0.000884583761677777
0.0866541353383471 0.000885565129522306
0.0867481203007531 0.000886546543321462
0.0868421052631591 0.000887528003077217
0.0869360902255651 0.000888509508791542
0.0870300751879712 0.000889491060466407
0.0871240601503772 0.000890472658103784
0.0872180451127832 0.000891454301705644
0.0873120300751892 0.000892435991273958
0.0874060150375952 0.000893417726810697
0.0875000000000013 0.000894399508317833
0.0875939849624073 0.000895381335797337
0.0876879699248133 0.00089636320925118
0.0877819548872193 0.000897345128681334
0.0878759398496253 0.000898327094089771
0.0879699248120314 0.000899309105478462
0.0880639097744374 0.00090029116284938
0.0881578947368434 0.000901273266204495
0.0882518796992494 0.000902255415545779
0.0883458646616554 0.000903237610875206
0.0884398496240615 0.000904219852194746
0.0885338345864675 0.000905202139506372
0.0886278195488735 0.000906184472812055
0.0887218045112795 0.000907166852113769
0.0888157894736856 0.000908149277413485
0.0889097744360916 0.000909131748713175
0.0890037593984976 0.000910114266014813
0.0890977443609036 0.00091109682932037
0.0891917293233096 0.00091207943863182
0.0892857142857157 0.000913062093951134
0.0893796992481217 0.000914044795280285
0.0894736842105277 0.000915027542621246
0.0895676691729337 0.00091601033597599
0.0896616541353397 0.000916993175346491
0.0897556390977458 0.000917976060734719
0.0898496240601518 0.00091895899214265
0.0899436090225578 0.000919941969572255
0.0900375939849638 0.000920924993025508
0.0901315789473699 0.000921908062504383
0.0902255639097759 0.000922891178010851
0.0903195488721819 0.000923874339546888
0.0904135338345879 0.000924857547114465
0.0905075187969939 0.000925840800715558
0.0906015037594 0.000926824100352138
0.090695488721806 0.000927807446026181
0.090789473684212 0.000928790837739658
0.090883458646618 0.000929774275494545
0.090977443609024 0.000930757759292815
0.0910714285714301 0.000931741289136442
0.0911654135338361 0.0009327248650274
0.0912593984962421 0.000933708486967662
0.0913533834586481 0.000934692154959203
0.0914473684210542 0.000935675869003998
0.0915413533834602 0.000936659629104019
0.0916353383458662 0.000937643435261243
0.0917293233082722 0.000938627287477642
0.0918233082706782 0.000939611185755191
0.0919172932330843 0.000940595130095865
0.0920112781954903 0.000941579120501639
0.0921052631578963 0.000942563156974486
0.0921992481203023 0.000943547239516382
0.0922932330827083 0.000944531368129302
0.0923872180451144 0.000945515542815219
0.0924812030075204 0.00094649976357611
0.0925751879699264 0.000947484030413948
0.0926691729323324 0.00094846834333071
0.0927631578947384 0.000949452702328369
0.0928571428571445 0.000950437107408902
0.0929511278195505 0.000951421558574283
0.0930451127819565 0.000952406055826488
0.0931390977443625 0.000953390599167493
0.0932330827067686 0.000954375188599271
0.0933270676691746 0.0009553598241238
0.0934210526315806 0.000956344505743054
0.0935150375939866 0.000957329233459009
0.0936090225563926 0.000958314007273641
0.0937030075187987 0.000959298827188925
0.0937969924812047 0.000960283693206838
0.0938909774436107 0.000961268605329355
0.0939849624060167 0.000962253563558453
0.0940789473684227 0.000963238567896106
0.0941729323308288 0.000964223618344292
0.0942669172932348 0.000965208714904986
0.0943609022556408 0.000966193857580165
0.0944548872180468 0.000967179046371805
0.0945488721804529 0.000968164281281882
0.0946428571428589 0.000969149562312373
0.0947368421052649 0.000970134889465255
0.0948308270676709 0.000971120262742502
0.0949248120300769 0.000972105682146094
0.095018796992483 0.000973091147678005
0.095112781954889 0.000974076659340213
0.095206766917295 0.000975062217134695
0.095300751879701 0.000976047821063427
0.095394736842107 0.000977033471128387
0.0954887218045131 0.000978019167331551
0.0955827067669191 0.000979004909674897
0.0956766917293251 0.000979990698160401
0.0957706766917311 0.000980976532790042
0.0958646616541372 0.000981962413565796
0.0959586466165432 0.00098294834048964
0.0960526315789492 0.000983934313563552
0.0961466165413552 0.00098492033278951
0.0962406015037612 0.000985906398169491
0.0963345864661673 0.000986892509705473
0.0964285714285733 0.000987878667399432
0.0965225563909793 0.000988864871253348
0.0966165413533853 0.000989851121269198
0.0967105263157913 0.00099083741744896
0.0968045112781974 0.000991823759794612
0.0968984962406034 0.000992810148308131
0.0969924812030094 0.000993796582991496
0.0970864661654154 0.000994783063846685
0.0971804511278214 0.000995769590875677
0.0972744360902275 0.000996756164080449
0.0973684210526335 0.000997742783462979
0.0974624060150395 0.000998729449025248
0.0975563909774455 0.000999716160769232
0.0976503759398516 0.00100070291869691
0.0977443609022576 0.00100168972281026
0.0978383458646636 0.00100267657311127
0.0979323308270696 0.0010036634696019
0.0980263157894756 0.00100465041228414
0.0981203007518817 0.00100563740115997
0.0982142857142877 0.00100662443623137
0.0983082706766937 0.00100761151750032
0.0984022556390997 0.00100859864496879
0.0984962406015057 0.00100958581863876
0.0985902255639118 0.00101057303851222
0.0986842105263178 0.00101156030459114
0.0987781954887238 0.0010125476168775
0.0988721804511298 0.00101353497537329
0.0989661654135359 0.00101452238008047
0.0990601503759419 0.00101550983100104
0.0991541353383479 0.00101649732813697
0.0992481203007539 0.00101748487149023
0.0993421052631599 0.00101847246106282
0.099436090225566 0.00101946009685671
0.099530075187972 0.00102044777887388
0.099624060150378 0.0010214355071163
0.099718045112784 0.00102242328158597
0.09981203007519 0.00102341110228485
0.0999060150375961 0.00102439896921494
0.100000000000002 0.0010253868823782
Total steps: 4256
