0 0
0.00093984962406015 9.40070501121849e-06
0.0018796992481203 1.88058285189596e-05
0.00281954887218045 2.82153724336449e-05
0.0037593984962406 3.76293386663592e-05
0.00469924812030075 4.70477291288506e-05
0.0056390977443609 5.64705457335311e-05
0.00657894736842105 6.58977903934757e-05
0.0075187969924812 7.53294650224235e-05
0.00845864661654135 8.47655715347769e-05
0.0093984962406015 9.42061118456022e-05
0.0103383458646617 0.00010365108787063
0.0112781954887218 0.000113100501526253
0.012218045112782 0.00012255435472953
0.0131578947368421 0.000132012649398183
0.0140977443609023 0.000141475387450598
0.0150375939849624 0.000150942570805825
0.0159774436090226 0.000160414201383578
0.0169172932330827 0.000169890281104235
0.0178571428571429 0.00017937081188884
0.018796992481203 0.0001888557956591
0.0197368421052632 0.000198345234337387
0.0206766917293233 0.000207839129846736
0.0216165413533835 0.000217337484110848
0.0225563909774436 0.00022684029905409
0.0234962406015038 0.00023634757660149
0.0244360902255639 0.000245859318678744
0.0253759398496241 0.000255375527212212
0.0263157894736842 0.000264896204128918
0.0272556390977444 0.000274421351356551
0.0281954887218045 0.000283950970823466
0.0291353383458647 0.000293485064458683
0.0300751879699248 0.000303023634191887
0.031015037593985 0.000312566681953427
0.0319548872180451 0.000322114209674318
0.0328947368421053 0.000331666219286241
0.0338345864661654 0.000341222712721542
0.0347744360902256 0.000350783691913232
0.0357142857142857 0.000360349158794988
0.0366541353383459 0.000369919115301152
0.037593984962406 0.000379493563366732
0.0385338345864662 0.000389072504927402
0.0394736842105263 0.000398655941919501
0.0404135338345865 0.000408243876280033
0.0413533834586466 0.000417836309946671
0.0422932330827068 0.000427433244857751
0.0432330827067669 0.000437034682952276
0.0441729323308271 0.000446640626169914
0.0451127819548872 0.000456251076451001
0.0460526315789474 0.000465866035736538
0.0469924812030075 0.000475485505968191
0.0479323308270677 0.000485109489088295
0.0488721804511278 0.00049473798703985
0.049812030075188 0.000504371001766521
0.0507518796992481 0.000514008535212641
0.0516917293233083 0.000523650589323209
0.0526315789473684 0.000533297166043891
0.0535714285714286 0.00054294826732102
0.0545112781954887 0.000552603895101594
0.0554511278195489 0.000562264051333278
0.056390977443609 0.000571928737964405
0.0573308270676692 0.000581597956943975
0.0582706766917293 0.000591271710221653
0.0592105263157895 0.000600949999747773
0.0601503759398496 0.000610632827473333
0.0610902255639098 0.000620320195350002
0.0620300751879699 0.000630012105330114
0.0629699248120301 0.000639708559366669
0.0639097744360902 0.000649409559413336
0.0648496240601504 0.000659115107424451
0.0657894736842105 0.000668825205355016
0.0667293233082706 0.000678539855160703
0.0676691729323308 0.000688259058797849
0.0686090225563909 0.000697982818223459
0.0695488721804511 0.000707711135395206
0.0704887218045112 0.00071744401227143
0.0714285714285714 0.00072718145081114
0.0723684210526315 0.00073692345297401
0.0733082706766916 0.000746670020720385
0.0742481203007518 0.000756421156011275
0.0751879699248119 0.000766176860808359
0.0761278195488721 0.000775937137073985
0.0770676691729322 0.000785701986771167
0.0780075187969924 0.000795471411863587
0.0789473684210525 0.000805245414315598
0.0798872180451126 0.000815023996092217
0.0808270676691728 0.000824807159159131
0.0817669172932329 0.000834594905482697
0.0827067669172931 0.000844387237029937
0.0836466165413532 0.000854184155768543
0.0845864661654134 0.000863985663666875
0.0855263157894735 0.000873791762693962
0.0864661654135336 0.000883602454819501
0.0874060150375938 0.000893417742013856
0.0883458646616539 0.000903237626248063
0.0892857142857141 0.000913062109493823
0.0902255639097742 0.000922891193723508
0.0911654135338344 0.000932724880910157
0.0921052631578945 0.000942563173027479
0.0930451127819547 0.000952406072049852
0.0939849624060148 0.000962253579952321
0.0949248120300749 0.000972105698710601
0.0958646616541351 0.000981962430301077
0.0968045112781952 0.000991823776700802
0.0977443609022554 0.0010016897398875
0.0986842105263155 0.00101156032183955
0.0996240601503757 0.00102143552453603
0.100563909774436 0.00103131534995666
0.101503759398496 0.00104119980008183
0.102443609022556 0.00105108887689263
0.103383458646616 0.00106098258237077
0.104323308270676 0.00107088091849868
0.105263157894737 0.00108078388725942
0.106203007518797 0.00109069149063674
0.107142857142857 0.00110060373061506
0.108082706766917 0.00111052060917945
0.109022556390977 0.00112044212831568
0.109962406015037 0.00113036829001016
0.110902255639097 0.00114029909624999
0.111842105263158 0.00115023454902293
0.112781954887218 0.00116017465031742
0.113721804511278 0.00117011940212254
0.114661654135338 0.00118006880642809
0.115601503759398 0.00119002286522449
0.116541353383458 0.00119998158050287
0.117481203007518 0.00120994495425499
0.118421052631579 0.00121991298847332
0.119360902255639 0.00122988568515097
0.120300751879699 0.00123986304628174
0.121240601503759 0.00124984507386009
0.122180451127819 0.00125983176988114
0.123120300751879 0.0012698231363407
0.124060150375939 0.00127981917523525
0.125 0.00128981988856192
0.12593984962406 0.00129982527831854
0.12687969924812 0.00130983534650357
0.12781954887218 0.00131985009511618
0.12875939849624 0.00132986952615618
0.1296992481203 0.00133989364162408
0.13063909774436 0.00134992244352104
0.131578947368421 0.00135995593384889
0.132518796992481 0.00136999411461014
0.133458646616541 0.00138003698780797
0.134398496240601 0.00139008455544622
0.135338345864661 0.00140013681952941
0.136278195488721 0.00141019378206273
0.137218045112782 0.00142025544505204
0.138157894736842 0.00143032181050387
0.139097744360902 0.00144039288042542
0.140037593984962 0.00145046865682456
0.140977443609022 0.00146054914170984
0.141917293233082 0.00147063433709047
0.142857142857143 0.00148072424497634
0.143796992481203 0.00149081886737799
0.144736842105263 0.00150091820630666
0.145676691729323 0.00151102226377425
0.146616541353383 0.00152113104179332
0.147556390977443 0.00153124454237711
0.148496240601503 0.00154136276753954
0.149436090225564 0.00155148571929519
0.150375939849624 0.00156161339965932
0.151315789473684 0.00157174581064784
0.152255639097744 0.00158188295427736
0.153195488721804 0.00159202483256514
0.154135338345864 0.00160217144752912
0.155075187969925 0.00161232280118792
0.156015037593985 0.00162247889556082
0.156954887218045 0.00163263973266776
0.157894736842105 0.00164280531452938
0.158834586466165 0.00165297564316697
0.159774436090225 0.0016631507206025
0.160714285714286 0.00167333054885862
0.161654135338346 0.00168351512995862
0.162593984962406 0.00169370446592651
0.163533834586466 0.00170389855878692
0.164473684210526 0.0017140974105652
0.165413533834586 0.00172430102328733
0.166353383458646 0.00173450939897999
0.167293233082707 0.00174472253967052
0.168233082706767 0.00175494044738694
0.169172932330827 0.00176516312415793
0.170112781954887 0.00177539057201285
0.171052631578947 0.00178562279298173
0.171992481203007 0.00179585978909528
0.172932330827068 0.00180610156238486
0.173872180451128 0.00181634811488252
0.174812030075188 0.00182659944862099
0.175751879699248 0.00183685556563365
0.176691729323308 0.00184711646795456
0.177631578947368 0.00185738215761846
0.178571428571428 0.00186765263666076
0.179511278195489 0.00187792790711753
0.180451127819549 0.00188820797102554
0.181390977443609 0.00189849283042219
0.182330827067669 0.00190878248734559
0.183270676691729 0.0019190769438345
0.184210526315789 0.00192937620192838
0.18515037593985 0.00193968026366732
0.18609022556391 0.00194998913109211
0.18703007518797 0.00196030280624422
0.18796992481203 0.00197062129116577
0.18890977443609 0.00198094458789957
0.18984962406015 0.00199127269848909
0.190789473684211 0.00200160562497847
0.191729323308271 0.00201194336941255
0.192669172932331 0.00202228593383681
0.193609022556391 0.00203263332029742
0.194548872180451 0.00204298553084122
0.195488721804511 0.00205334256751571
0.196428571428571 0.00206370443236908
0.197368421052632 0.0020740711274502
0.198308270676692 0.00208444265480857
0.199248120300752 0.00209481901649442
0.200187969924812 0.00210520021455861
0.201127819548872 0.00211558625105268
0.202067669172932 0.00212597712802887
0.203007518796993 0.00213637284754006
0.203947368421053 0.00214677341163982
0.204887218045113 0.00215717882238238
0.205827067669173 0.00216758908182267
0.206766917293233 0.00217800419201625
0.207706766917293 0.0021884241550194
0.208646616541354 0.00219884897288904
0.209586466165414 0.00220927864768277
0.210526315789474 0.00221971318145887
0.211466165413534 0.00223015257627628
0.212406015037594 0.00224059683419464
0.213345864661654 0.00225104595727424
0.214285714285714 0.00226149994757604
0.215225563909775 0.00227195880716168
0.216165413533835 0.00228242253809349
0.217105263157895 0.00229289114243444
0.218045112781955 0.00230336462224821
0.218984962406015 0.00231384297959911
0.219924812030075 0.00232432621655216
0.220864661654136 0.00233481433517305
0.221804511278196 0.00234530733752811
0.222744360902256 0.00235580522568439
0.223684210526316 0.00236630800170958
0.224624060150376 0.00237681566767204
0.225563909774436 0.00238732822564084
0.226503759398497 0.00239784567768569
0.227443609022557 0.00240836802587697
0.228383458646617 0.00241889527228577
0.229323308270677 0.00242942741898381
0.230263157894737 0.00243996446804351
0.231203007518797 0.00245050642153795
0.232142857142857 0.0024610532815409
0.233082706766918 0.00247160505012679
0.234022556390978 0.00248216172937073
0.234962406015038 0.00249272332134849
0.235902255639098 0.00250328982813652
0.236842105263158 0.00251386125181196
0.237781954887218 0.0025244375944526
0.238721804511279 0.00253501885813692
0.239661654135339 0.00254560504494407
0.240601503759399 0.00255619615695385
0.241541353383459 0.00256679219624678
0.242481203007519 0.00257739316490401
0.243421052631579 0.00258799906500739
0.24436090225564 0.00259860989863942
0.2453007518797 0.00260922566788331
0.24624060150376 0.0026198463748229
0.24718045112782 0.00263047202154274
0.24812030075188 0.00264110261012803
0.24906015037594 0.00265173814266465
0.25 0.00266237862123917
0.250939849624061 0.0026730240479388
0.251879699248121 0.00268367442485146
0.252819548872181 0.00269432975406571
0.253759398496241 0.00270499003767081
0.254699248120301 0.00271565527775668
0.255639097744361 0.00272632547641393
0.256578947368421 0.00273700063573381
0.257518796992481 0.00274768075780827
0.258458646616542 0.00275836584472994
0.259398496240602 0.00276905589859209
0.260338345864662 0.00277975092148871
0.261278195488722 0.00279045091551442
0.262218045112782 0.00280115588276455
0.263157894736842 0.00281186582533507
0.264097744360902 0.00282258074532264
0.265037593984963 0.00283330064482461
0.265977443609023 0.00284402552593897
0.266917293233083 0.00285475539076441
0.267857142857143 0.00286549024140028
0.268796992481203 0.00287623007994661
0.269736842105263 0.0028869749085041
0.270676691729323 0.00289772472917413
0.271616541353383 0.00290847954405874
0.272556390977444 0.00291923935526067
0.273496240601504 0.00293000416488331
0.274436090225564 0.00294077397503072
0.275375939849624 0.00295154878780765
0.276315789473684 0.00296232860531952
0.277255639097744 0.00297311342967243
0.278195488721804 0.00298390326297313
0.279135338345864 0.00299469810732906
0.280075187969925 0.00300549796484834
0.281015037593985 0.00301630283763976
0.281954887218045 0.00302711272781276
0.282894736842105 0.0030379276374775
0.283834586466165 0.00304874756874477
0.284774436090225 0.00305957252372606
0.285714285714285 0.00307040250453352
0.286654135338345 0.00308123751327998
0.287593984962406 0.00309207755207894
0.288533834586466 0.00310292262304458
0.289473684210526 0.00311377272829175
0.290413533834586 0.00312462786993597
0.291353383458646 0.00313548805009343
0.292293233082706 0.00314635327088102
0.293233082706766 0.00315722353441627
0.294172932330827 0.0031680988428174
0.295112781954887 0.0031789791982033
0.296052631578947 0.00318986460269354
0.296992481203007 0.00320075505840836
0.297932330827067 0.00321165056746867
0.298872180451127 0.00322255113199605
0.299812030075187 0.00323345675411278
0.300751879699247 0.00324436743594177
0.301691729323308 0.00325528317960664
0.302631578947368 0.00326620398723167
0.303571428571428 0.00327712986094181
0.304511278195488 0.0032880608028627
0.305451127819548 0.00329899681512063
0.306390977443608 0.00330993789984258
0.307330827067668 0.00332088405915619
0.308270676691728 0.0033318352951898
0.309210526315789 0.00334279161007239
0.310150375939849 0.00335375300593364
0.311090225563909 0.00336471948490389
0.312030075187969 0.00337569104911416
0.312969924812029 0.00338666770069613
0.313909774436089 0.00339764944178217
0.314849624060149 0.00340863627450533
0.31578947368421 0.0034196282009993
0.31672932330827 0.00343062522339848
0.31766917293233 0.00344162734383792
0.31860902255639 0.00345263456445336
0.31954887218045 0.00346364688738119
0.32048872180451 0.0034746643147585
0.32142857142857 0.00348568684872304
0.32236842105263 0.00349671449141324
0.323308270676691 0.00350774724496818
0.324248120300751 0.00351878511152766
0.325187969924811 0.0035298280932321
0.326127819548871 0.00354087619222264
0.327067669172931 0.00355192941064106
0.328007518796991 0.00356298775062982
0.328947368421051 0.00357405121433207
0.329887218045111 0.00358511980389163
0.330827067669172 0.00359619352145297
0.331766917293232 0.00360727236916125
0.332706766917292 0.00361835634916231
0.333646616541352 0.00362944546360265
0.334586466165412 0.00364053971462945
0.335526315789472 0.00365163910439057
0.336466165413532 0.00366274363503452
0.337406015037592 0.00367385330871051
0.338345864661653 0.00368496812756841
0.339285714285713 0.00369608809375877
0.340225563909773 0.00370721320943279
0.341165413533833 0.00371834347674238
0.342105263157893 0.00372947889784009
0.343045112781953 0.00374061947487917
0.343984962406013 0.00375176521001353
0.344924812030074 0.00376291610539774
0.345864661654134 0.00377407216318707
0.346804511278194 0.00378523338553744
0.347744360902254 0.00379639977460546
0.348684210526314 0.0038075713325484
0.349624060150374 0.00381874806152422
0.350563909774434 0.00382992996369152
0.351503759398494 0.00384111704120962
0.352443609022555 0.00385230929623847
0.353383458646615 0.00386350673093871
0.354323308270675 0.00387470934747166
0.355263157894735 0.00388591714799931
0.356203007518795 0.00389713013468431
0.357142857142855 0.00390834830968999
0.358082706766915 0.00391957167518036
0.359022556390975 0.0039308002333201
0.359962406015036 0.00394203398627456
0.360902255639096 0.00395327293620975
0.361842105263156 0.00396451708529238
0.362781954887216 0.0039757664356898
0.363721804511276 0.00398702098957007
0.364661654135336 0.00399828074910189
0.365601503759396 0.00400954571645466
0.366541353383457 0.00402081589379842
0.367481203007517 0.00403209128330391
0.368421052631577 0.00404337188714254
0.369360902255637 0.00405465770748637
0.370300751879697 0.00406594874650816
0.371240601503757 0.00407724500638132
0.372180451127817 0.00408854648927996
0.373120300751877 0.00409985319737883
0.374060150375938 0.00411116513285337
0.374999999999998 0.0041224822978797
0.375939849624058 0.00413380469463459
0.376879699248118 0.0041451323252955
0.377819548872178 0.00415646519204056
0.378759398496238 0.00416780329704856
0.379699248120298 0.00417914664249898
0.380639097744358 0.00419049523057196
0.381578947368419 0.00420184906344832
0.382518796992479 0.00421320814330954
0.383458646616539 0.00422457247233778
0.384398496240599 0.00423594205271587
0.385338345864659 0.00424731688662732
0.386278195488719 0.0042586969762563
0.387218045112779 0.00427008232378766
0.388157894736839 0.00428147293140692
0.3890977443609 0.00429286880130027
0.39003759398496 0.00430426993565457
0.39097744360902 0.00431567633665736
0.39191729323308 0.00432708800649684
0.39285714285714 0.0043385049473619
0.3937969924812 0.00434992716144207
0.39473684210526 0.00436135465092759
0.395676691729321 0.00437278741800935
0.396616541353381 0.0043842254648789
0.397556390977441 0.00439566879372849
0.398496240601501 0.00440711740675103
0.399436090225561 0.00441857130614009
0.400375939849621 0.00443003049408993
0.401315789473681 0.00444149497279546
0.402255639097741 0.00445296474445228
0.403195488721802 0.00446443981125666
0.404135338345862 0.00447592017540552
0.405075187969922 0.00448740583909648
0.406015037593982 0.00449889680452782
0.406954887218042 0.00451039307389849
0.407894736842102 0.0045218946494081
0.408834586466162 0.00453340153325695
0.409774436090222 0.004544913727646
0.410714285714283 0.00455643123477688
0.411654135338343 0.00456795405685191
0.412593984962403 0.00457948219607404
0.413533834586463 0.00459101565464695
0.414473684210523 0.00460255443477493
0.415413533834583 0.00461409853866298
0.416353383458643 0.00462564796851675
0.417293233082703 0.00463720272654258
0.418233082706764 0.00464876281494747
0.419172932330824 0.00466032823593909
0.420112781954884 0.00467189899172578
0.421052631578944 0.00468347508451656
0.421992481203004 0.00469505651652109
0.422932330827064 0.00470664328994975
0.423872180451124 0.00471823540701355
0.424812030075185 0.00472983286992418
0.425751879699245 0.00474143568089402
0.426691729323305 0.00475304384213609
0.427631578947365 0.00476465735586411
0.428571428571425 0.00477627622429244
0.429511278195485 0.00478790044963613
0.430451127819545 0.0047995300341109
0.431390977443605 0.00481116497993313
0.432330827067666 0.00482280528931988
0.433270676691726 0.00483445096448887
0.434210526315786 0.0048461020076585
0.435150375939846 0.00485775842104783
0.436090225563906 0.00486942020687661
0.437030075187966 0.00488108736736523
0.437969924812026 0.00489275990473476
0.438909774436086 0.00490443782120696
0.439849624060147 0.00491612111900424
0.440789473684207 0.00492780980034967
0.441729323308267 0.00493950386746702
0.442669172932327 0.0049512033225807
0.443609022556387 0.00496290816791582
0.444548872180447 0.00497461840569812
0.445488721804507 0.00498633403815404
0.446428571428568 0.00499805506751068
0.447368421052628 0.00500978149599581
0.448308270676688 0.00502151332583786
0.449248120300748 0.00503325055926595
0.450187969924808 0.00504499319850985
0.451127819548868 0.00505674124580001
0.452067669172928 0.00506849470336753
0.453007518796988 0.00508025357344421
0.453947368421049 0.00509201785826249
0.454887218045109 0.0051037875600555
0.455827067669169 0.00511556268105703
0.456766917293229 0.00512734322350153
0.457706766917289 0.00513912918962413
0.458646616541349 0.00515092058166063
0.459586466165409 0.00516271740184749
0.460526315789469 0.00517451965242185
0.46146616541353 0.00518632733562149
0.46240601503759 0.00519814045368491
0.46334586466165 0.00520995900885122
0.46428571428571 0.00522178300336024
0.46522556390977 0.00523361243945244
0.46616541353383 0.00524544731936896
0.46710526315789 0.00525728764535161
0.46804511278195 0.00526913341964287
0.468984962406011 0.0052809846444859
0.469924812030071 0.00529284132212449
0.470864661654131 0.00530470345480313
0.471804511278191 0.00531657104476697
0.472744360902251 0.00532844409426184
0.473684210526311 0.0053403226055342
0.474624060150371 0.00535220658083122
0.475563909774432 0.00536409602240072
0.476503759398492 0.00537599093249118
0.477443609022552 0.00538789131335175
0.478383458646612 0.00539979716723227
0.479323308270672 0.00541170849638321
0.480263157894732 0.00542362530305573
0.481203007518792 0.00543554758950166
0.482142857142852 0.00544747535797349
0.483082706766913 0.00545940861072438
0.484022556390973 0.00547134735000815
0.484962406015033 0.00548329157807929
0.485902255639093 0.00549524129719295
0.486842105263153 0.00550719650960497
0.487781954887213 0.00551915721757184
0.488721804511273 0.00553112342335071
0.489661654135333 0.00554309512919941
0.490601503759394 0.00555507233737643
0.491541353383454 0.00556705505014092
0.492481203007514 0.00557904326975272
0.493421052631574 0.0055910369984723
0.494360902255634 0.00560303623856084
0.495300751879694 0.00561504099228014
0.496240601503754 0.0056270512618927
0.497180451127815 0.00563906704966167
0.498120300751875 0.00565108835785088
0.499060150375935 0.0056631151887248
0.499999999999995 0.00567514754454859
0.500939849624055 0.00568718542758808
0.501879699248115 0.00569922884010973
0.502819548872175 0.0057112777843807
0.503759398496235 0.00572333226266881
0.504699248120296 0.00573539227724254
0.505639097744356 0.00574745783037102
0.506578947368416 0.00575952892432407
0.507518796992476 0.00577160556137217
0.508458646616536 0.00578368774378645
0.509398496240596 0.00579577547383873
0.510338345864656 0.00580786875380146
0.511278195488716 0.0058199675859478
0.512218045112777 0.00583207197255153
0.513157894736837 0.00584418191588713
0.514097744360897 0.00585629741822972
0.515037593984957 0.00586841848185509
0.515977443609017 0.00588054510903972
0.516917293233077 0.00589267730206071
0.517857142857137 0.00590481506319586
0.518796992481197 0.00591695839472362
0.519736842105258 0.0059291072989231
0.520676691729318 0.0059412617780741
0.521616541353378 0.00595342183445704
0.522556390977438 0.00596558747035304
0.523496240601498 0.00597775868804387
0.524436090225558 0.00598993548981196
0.525375939849618 0.00600211787794043
0.526315789473679 0.00601430585471302
0.527255639097739 0.00602649942241417
0.528195488721799 0.00603869858332897
0.529135338345859 0.00605090333974317
0.530075187969919 0.00606311369394319
0.531015037593979 0.0060753296482161
0.531954887218039 0.00608755120484966
0.532894736842099 0.00609977836613227
0.53383458646616 0.006112011134353
0.53477443609022 0.00612424951180157
0.53571428571428 0.0061364935007684
0.53665413533834 0.00614874310354453
0.5375939849624 0.00616099832242168
0.53853383458646 0.00617325915969225
0.53947368421052 0.00618552561764927
0.54041353383458 0.00619779769858645
0.541353383458641 0.00621007540479817
0.542293233082701 0.00622235873857945
0.543233082706761 0.00623464770222599
0.544172932330821 0.00624694229803416
0.545112781954881 0.00625924252830095
0.546052631578941 0.00627154839532407
0.546992481203001 0.00628385990140185
0.547932330827061 0.00629617704883329
0.548872180451122 0.00630849983991807
0.549812030075182 0.0063208282769565
0.550751879699242 0.00633316236224958
0.551691729323302 0.00634550209809896
0.552631578947362 0.00635784748680695
0.553571428571422 0.00637019853067651
0.554511278195482 0.0063825552320113
0.555451127819543 0.00639491759311559
0.556390977443603 0.00640728561629435
0.557330827067663 0.00641965930385319
0.558270676691723 0.00643203865809839
0.559210526315783 0.00644442368133688
0.560150375939843 0.00645681437587627
0.561090225563903 0.00646921074402482
0.562030075187963 0.00648161278809143
0.562969924812024 0.0064940205103857
0.563909774436084 0.00650643391321785
0.564849624060144 0.0065188529988988
0.565789473684204 0.00653127776974009
0.566729323308264 0.00654370822805396
0.567669172932324 0.00655614437615327
0.568609022556384 0.00656858621635156
0.569548872180444 0.00658103375096304
0.570488721804505 0.00659348698230256
0.571428571428565 0.00660594591268564
0.572368421052625 0.00661841054442845
0.573308270676685 0.00663088087984783
0.574248120300745 0.00664335692126128
0.575187969924805 0.00665583867098694
0.576127819548865 0.00666832613134363
0.577067669172926 0.00668081930465082
0.578007518796986 0.00669331819322864
0.578947368421046 0.00670582279939788
0.579887218045106 0.00671833312547999
0.580827067669166 0.00673084917379706
0.581766917293226 0.00674337094667187
0.582706766917286 0.00675589844642783
0.583646616541346 0.00676843167538903
0.584586466165407 0.0067809706358802
0.585526315789467 0.00679351533022674
0.586466165413527 0.00680606576075469
0.587406015037587 0.00681862192979078
0.588345864661647 0.00683118383966237
0.589285714285707 0.00684375149269748
0.590225563909767 0.00685632489122479
0.591165413533827 0.00686890403757366
0.592105263157888 0.00688148893407407
0.593045112781948 0.00689407958305669
0.593984962406008 0.00690667598685281
0.594924812030068 0.00691927814779441
0.595864661654128 0.00693188606821412
0.596804511278188 0.00694449975044521
0.597744360902248 0.00695711919682163
0.598684210526308 0.00696974440967796
0.599624060150369 0.00698237539134946
0.600563909774429 0.00699501214417203
0.601503759398489 0.00700765467048224
0.602443609022549 0.00702030297261731
0.603383458646609 0.0070329570529151
0.604323308270669 0.00704561691371416
0.605263157894729 0.00705828255735366
0.60620300751879 0.00707095398617345
0.60714285714285 0.00708363120251402
0.60808270676691 0.00709631420871653
0.60902255639097 0.00710900300712277
0.60996240601503 0.00712169760007522
0.61090225563909 0.00713439798991699
0.61184210526315 0.00714710417899186
0.61278195488721 0.00715981616964424
0.613721804511271 0.00717253396421922
0.614661654135331 0.00718525756506254
0.615601503759391 0.00719798697452058
0.616541353383451 0.00721072219494038
0.617481203007511 0.00722346322866966
0.618421052631571 0.00723621007805675
0.619360902255631 0.00724896274545066
0.620300751879691 0.00726172123320106
0.621240601503752 0.00727448554365826
0.622180451127812 0.00728725567917322
0.623120300751872 0.00730003164209756
0.624060150375932 0.00731281343478356
0.624999999999992 0.00732560105958415
0.625939849624052 0.0073383945188529
0.626879699248112 0.00735119381494404
0.627819548872173 0.00736399895021247
0.628759398496233 0.00737680992701372
0.629699248120293 0.00738962674770397
0.630639097744353 0.00740244941464008
0.631578947368413 0.00741527793017954
0.632518796992473 0.0074281122966805
0.633458646616533 0.00744095251650175
0.634398496240593 0.00745379859200275
0.635338345864654 0.0074666505255436
0.636278195488714 0.00747950831948505
0.637218045112774 0.00749237197618852
0.638157894736834 0.00750524149801606
0.639097744360894 0.00751811688733038
0.640037593984954 0.00753099814649484
0.640977443609014 0.00754388527787346
0.641917293233074 0.00755677828383089
0.642857142857135 0.00756967716673245
0.643796992481195 0.0075825819289441
0.644736842105255 0.00759549257283246
0.645676691729315 0.00760840910076479
0.646616541353375 0.00762133151510901
0.647556390977435 0.00763425981823369
0.648496240601495 0.00764719401250804
0.649436090225555 0.00766013410030192
0.650375939849616 0.00767308008398585
0.651315789473676 0.007686031965931
0.652255639097736 0.00769898974850918
0.653195488721796 0.00771195343409285
0.654135338345856 0.00772492302505513
0.655075187969916 0.00773789852376979
0.656015037593976 0.00775087993261122
0.656954887218037 0.0077638672539545
0.657894736842097 0.00777686049017532
0.658834586466157 0.00778985964365006
0.659774436090217 0.0078028647167557
0.660714285714277 0.00781587571186992
0.661654135338337 0.00782889263137101
0.662593984962397 0.00784191547763792
0.663533834586457 0.00785494425305025
0.664473684210518 0.00786797895998825
0.665413533834578 0.00788101960083281
0.666353383458638 0.00789406617796547
0.667293233082698 0.00790711869376842
0.668233082706758 0.0079201771506245
0.669172932330818 0.00793324155091719
0.670112781954878 0.00794631189703062
0.671052631578938 0.00795938819134956
0.671992481202999 0.00797247043625945
0.672932330827059 0.00798555863414635
0.673872180451119 0.00799865278739697
0.674812030075179 0.00801175289839869
0.675751879699239 0.00802485896953951
0.676691729323299 0.00803797100320807
0.677631578947359 0.0080510890017937
0.678571428571419 0.00806421296768632
0.67951127819548 0.00807734290327654
0.68045112781954 0.00809047881095559
0.6813909774436 0.00810362069311536
0.68233082706766 0.00811676855214837
0.68327067669172 0.00812992239044778
0.68421052631578 0.00814308221040744
0.68515037593984 0.00815624801442178
0.686090225563901 0.00816941980488593
0.687030075187961 0.00818259758419563
0.687969924812021 0.00819578135474727
0.688909774436081 0.00820897111893791
0.689849624060141 0.00822216687916521
0.690789473684201 0.00823536863782751
0.691729323308261 0.00824857639732378
0.692669172932321 0.00826179016005363
0.693609022556382 0.00827500992841733
0.694548872180442 0.00828823570481576
0.695488721804502 0.00830146749165049
0.696428571428562 0.00831470529132368
0.697368421052622 0.00832794910623818
0.698308270676682 0.00834119893879745
0.699248120300742 0.00835445479140562
0.700187969924802 0.00836771666646743
0.701127819548863 0.00838098456638829
0.702067669172923 0.00839425849357423
0.703007518796983 0.00840753845043195
0.703947368421043 0.00842082443936876
0.704887218045103 0.00843411646279263
0.705827067669163 0.00844741452311218
0.706766917293223 0.00846071862273664
0.707706766917284 0.00847402876407591
0.708646616541344 0.00848734494954052
0.709586466165404 0.00850066718154164
0.710526315789464 0.00851399546249108
0.711466165413524 0.0085273297948013
0.712406015037584 0.0085406701808854
0.713345864661644 0.00855401662315709
0.714285714285704 0.00856736912403076
0.715225563909765 0.00858072768592141
0.716165413533825 0.00859409231124471
0.717105263157885 0.00860746300241694
0.718045112781945 0.00862083976185503
0.718984962406005 0.00863422259197656
0.719924812030065 0.00864761149519974
0.720864661654125 0.0086610064739434
0.721804511278185 0.00867440753062705
0.722744360902246 0.00868781466767081
0.723684210526306 0.00870122788749543
0.724624060150366 0.00871464719252233
0.725563909774426 0.00872807258517353
0.726503759398486 0.00874150406787173
0.727443609022546 0.00875494164304024
0.728383458646606 0.00876838531310301
0.729323308270666 0.00878183508048462
0.730263157894727 0.00879529094761032
0.731203007518787 0.00880875291690596
0.732142857142847 0.00882222099079804
0.733082706766907 0.00883569517171371
0.734022556390967 0.00884917546208074
0.734962406015027 0.00886266186432754
0.735902255639087 0.00887615438088316
0.736842105263148 0.00888965301417728
0.737781954887208 0.00890315776664023
0.738721804511268 0.00891666864070295
0.739661654135328 0.00893018563879704
0.740601503759388 0.00894370876335472
0.741541353383448 0.00895723801680886
0.742481203007508 0.00897077340159296
0.743421052631568 0.00898431492014114
0.744360902255629 0.00899786257488817
0.745300751879689 0.00901141636826945
0.746240601503749 0.00902497630272102
0.747180451127809 0.00903854238067954
0.748120300751869 0.00905211460458231
0.749060150375929 0.00906569297686729
0.749999999999989 0.00907927749997303
0.750939849624049 0.00909286817633873
0.75187969924811 0.00910646500840425
0.75281954887217 0.00912006799861004
0.75375939849623 0.00913367714939721
0.75469924812029 0.00914729246320749
0.75563909774435 0.00916091394248326
0.75657894736841 0.00917454158966752
0.75751879699247 0.0091881754072039
0.758458646616531 0.00920181539753665
0.759398496240591 0.00921546156311069
0.760338345864651 0.00922911390637154
0.761278195488711 0.00924277242976536
0.762218045112771 0.00925643713573894
0.763157894736831 0.00927010802673971
0.764097744360891 0.00928378510521571
0.765037593984951 0.00929746837361563
0.765977443609012 0.00931115783438879
0.766917293233072 0.00932485348998514
0.767857142857132 0.00933855534285524
0.768796992481192 0.00935226339545031
0.769736842105252 0.00936597765022218
0.770676691729312 0.00937969810962331
0.771616541353372 0.00939342477610681
0.772556390977432 0.00940715765212639
0.773496240601493 0.0094208967401364
0.774436090225553 0.00943464204259184
0.775375939849613 0.0094483935619483
0.776315789473673 0.00946215130066204
0.777255639097733 0.00947591526118991
0.778195488721793 0.00948968544598942
0.779135338345853 0.00950346185751868
0.780075187969913 0.00951724449823646
0.781015037593974 0.00953103337060212
0.781954887218034 0.00954482847707568
0.782894736842094 0.00955862982011777
0.783834586466154 0.00957243740218964
0.784774436090214 0.0095862512257532
0.785714285714274 0.00960007129327095
0.786654135338334 0.00961389760720604
0.787593984962395 0.00962773017002223
0.788533834586455 0.00964156898418391
0.789473684210515 0.00965541405215611
0.790413533834575 0.00966926537640446
0.791353383458635 0.00968312295939525
0.792293233082695 0.00969698680359537
0.793233082706755 0.00971085691147233
0.794172932330815 0.00972473328549428
0.795112781954876 0.00973861592812999
0.796052631578936 0.00975250484184887
0.796992481202996 0.00976640002912092
0.797932330827056 0.00978030149241679
0.798872180451116 0.00979420923420775
0.799812030075176 0.00980812325696569
0.800751879699236 0.00982204356316313
0.801691729323296 0.00983597015527319
0.802631578947357 0.00984990303576966
0.803571428571417 0.0098638422071269
0.804511278195477 0.00987778767181992
0.805451127819537 0.00989173943232436
0.806390977443597 0.00990569749111646
0.807330827067657 0.0099196618506731
0.808270676691717 0.00993363251347178
0.809210526315778 0.00994760948199061
0.810150375939838 0.00996159275870834
0.811090225563898 0.00997558234610431
0.812030075187958 0.00998957824665851
0.812969924812018 0.0100035804628516
0.813909774436078 0.0100175889971647
0.814849624060138 0.0100316038520797
0.815789473684198 0.010045625030079
0.816729323308259 0.0100596525336458
0.817669172932319 0.0100736863652638
0.818609022556379 0.0100877265274172
0.819548872180439 0.0101017730225911
0.820488721804499 0.0101158258532709
0.821428571428559 0.0101298850219429
0.822368421052619 0.0101439505310939
0.823308270676679 0.0101580223832112
0.82424812030074 0.010172100580783
0.8251879699248 0.0101861851262978
0.82612781954886 0.010200276022245
0.82706766917292 0.0102143732711144
0.82800751879698 0.0102284768753965
0.82894736842104 0.0102425868375825
0.8298872180451 0.0102567031601641
0.83082706766916 0.0102708258456337
0.831766917293221 0.0102849548964843
0.832706766917281 0.0102990903152093
0.833646616541341 0.0103132321043032
0.834586466165401 0.0103273802662606
0.835526315789461 0.010341534803577
0.836466165413521 0.0103556957187484
0.837406015037581 0.0103698630142717
0.838345864661642 0.0103840366926439
0.839285714285702 0.0103982167563631
0.840225563909762 0.0104124032079277
0.841165413533822 0.0104265960498369
0.842105263157882 0.0104407952845905
0.843045112781942 0.0104550009146887
0.843984962406002 0.0104692129426325
0.844924812030062 0.0104834313709236
0.845864661654123 0.0104976562020642
0.846804511278183 0.010511887438557
0.847744360902243 0.0105261250829055
0.848684210526303 0.0105403691376137
0.849624060150363 0.0105546196051863
0.850563909774423 0.0105688764881286
0.851503759398483 0.0105831397889463
0.852443609022543 0.0105974095101461
0.853383458646604 0.0106116856542349
0.854323308270664 0.0106259682237206
0.855263157894724 0.0106402572211114
0.856203007518784 0.0106545526489163
0.857142857142844 0.0106688545096448
0.858082706766904 0.0106831628058071
0.859022556390964 0.0106974775399139
0.859962406015024 0.0107117987144766
0.860902255639085 0.0107261263320072
0.861842105263145 0.0107404603950182
0.862781954887205 0.010754800906023
0.863721804511265 0.0107691478675353
0.864661654135325 0.0107835012820695
0.865601503759385 0.0107978611521406
0.866541353383445 0.0108122274802644
0.867481203007506 0.0108266002689569
0.868421052631566 0.0108409795207352
0.869360902255626 0.0108553652381166
0.870300751879686 0.0108697574236193
0.871240601503746 0.0108841560797618
0.872180451127806 0.0108985612090635
0.873120300751866 0.0109129728140443
0.874060150375926 0.0109273908972247
0.874999999999987 0.0109418154611257
0.875939849624047 0.0109562465082692
0.876879699248107 0.0109706840411773
0.877819548872167 0.010985128062373
0.878759398496227 0.0109995785743799
0.879699248120287 0.0110140355797221
0.880639097744347 0.0110284990809243
0.881578947368407 0.0110429690805118
0.882518796992468 0.0110574455810106
0.883458646616528 0.0110719285849473
0.884398496240588 0.011086418094849
0.885338345864648 0.0111009141132435
0.886278195488708 0.011115416642659
0.887218045112768 0.0111299256856247
0.888157894736828 0.0111444412446699
0.889097744360889 0.011158963322325
0.890037593984949 0.0111734919211207
0.890977443609009 0.0111880270435884
0.891917293233069 0.01120256869226
0.892857142857129 0.0112171168696681
0.893796992481189 0.0112316715783459
0.894736842105249 0.0112462328208271
0.895676691729309 0.0112608005996463
0.89661654135337 0.0112753749173382
0.89755639097743 0.0112899557764386
0.89849624060149 0.0113045431794835
0.89943609022555 0.0113191371290099
0.90037593984961 0.011333737627555
0.90131578947367 0.0113483446776568
0.90225563909773 0.011362958281854
0.90319548872179 0.0113775784426857
0.904135338345851 0.0113922051626916
0.905075187969911 0.0114068384444122
0.906015037593971 0.0114214782903884
0.906954887218031 0.0114361247031619
0.907894736842091 0.0114507776852747
0.908834586466151 0.0114654372392696
0.909774436090211 0.01148010336769
0.910714285714271 0.01149477607308
0.911654135338332 0.0115094553579839
0.912593984962392 0.011524141224947
0.913533834586452 0.011538833676515
0.914473684210512 0.0115535327152344
0.915413533834572 0.0115682383436519
0.916353383458632 0.0115829505643152
0.917293233082692 0.0115976693797724
0.918233082706753 0.0116123947925722
0.919172932330813 0.0116271268052639
0.920112781954873 0.0116418654203975
0.921052631578933 0.0116566106405234
0.921992481202993 0.0116713624681928
0.922932330827053 0.0116861209059574
0.923872180451113 0.0117008859563695
0.924812030075173 0.0117156576219818
0.925751879699234 0.011730435905348
0.926691729323294 0.0117452208090221
0.927631578947354 0.0117600123355587
0.928571428571414 0.0117748104875132
0.929511278195474 0.0117896152674413
0.930451127819534 0.0118044266778994
0.931390977443594 0.0118192447214447
0.932330827067654 0.0118340694006347
0.933270676691715 0.0118489007180276
0.934210526315775 0.0118637386761823
0.935150375939835 0.0118785832776581
0.936090225563895 0.011893434525015
0.937030075187955 0.0119082924208136
0.937969924812015 0.011923156967615
0.938909774436075 0.011938028167981
0.939849624060136 0.0119529060244739
0.940789473684196 0.0119677905396566
0.941729323308256 0.0119826817160927
0.942669172932316 0.0119975795563463
0.943609022556376 0.012012484062982
0.944548872180436 0.0120273952385651
0.945488721804496 0.0120423130856614
0.946428571428556 0.0120572376068375
0.947368421052617 0.0120721688046604
0.948308270676677 0.0120871066816976
0.949248120300737 0.0121020512405175
0.950187969924797 0.0121170024836887
0.951127819548857 0.0121319604137806
0.952067669172917 0.0121469250333633
0.953007518796977 0.0121618963450073
0.953947368421037 0.0121768743512837
0.954887218045098 0.0121918590547642
0.955827067669158 0.0122068504580211
0.956766917293218 0.0122218485636273
0.957706766917278 0.0122368533741563
0.958646616541338 0.0122518648921821
0.959586466165398 0.0122668831202794
0.960526315789458 0.0122819080610234
0.961466165413518 0.0122969397169899
0.962406015037579 0.0123119780907552
0.963345864661639 0.0123270231848963
0.964285714285699 0.0123420750019909
0.965225563909759 0.0123571335446169
0.966165413533819 0.0123721988153531
0.967105263157879 0.0123872708167788
0.968045112781939 0.0124023495514738
0.968984962406 0.0124174350220187
0.96992481203006 0.0124325272309944
0.97086466165412 0.0124476261809825
0.97180451127818 0.0124627318745653
0.97274436090224 0.0124778443143254
0.9736842105263 0.0124929635028463
0.97462406015036 0.0125080894427118
0.97556390977442 0.0125232221365065
0.976503759398481 0.0125383615868154
0.977443609022541 0.0125535077962242
0.978383458646601 0.0125686607673191
0.979323308270661 0.0125838205026869
0.980263157894721 0.012598987004915
0.981203007518781 0.0126141602765914
0.982142857142841 0.0126293403203046
0.983082706766901 0.0126445271386437
0.984022556390962 0.0126597207341984
0.984962406015022 0.012674921109559
0.985902255639082 0.0126901282673163
0.986842105263142 0.0127053422100617
0.987781954887202 0.0127205629403872
0.988721804511262 0.0127357904608854
0.989661654135322 0.0127510247741493
0.990601503759382 0.0127662658827728
0.991541353383443 0.01278151378935
0.992481203007503 0.0127967684964759
0.993421052631563 0.0128120300067458
0.994360902255623 0.0128272983227558
0.995300751879683 0.0128425734471024
0.996240601503743 0.0128578553823827
0.997180451127803 0.0128731441311946
0.998120300751864 0.0128884396961362
0.999060150375924 0.0129037420798063
0.999999999999984 0.0129190512848045
Total steps: 4256
