0.015625 -0.000308844273287505 0.195324771114159
0.03125 -0.000610402827221903 0.190674344857354
0.046875 -0.000904714726803348 0.186049121306422
0.0625 -0.00119181967231856 0.181449513657204
0.078125 -0.00147175802034624 0.176875948880624
0.09375 -0.00174457080582196 0.17232886842324
0.109375 -0.00201029976523477 0.167808728956131
0.125 -0.00226898736103458 0.163316003176352
0.140625 -0.00252067680733576 0.15885118066564
0.15625 -0.00276541209701066 0.154414768811599
0.171875 -0.00300323803027497 0.150007293797133
0.1875 -0.00323420024487654 0.145629301664577
0.203125 -0.00345834524800988 0.141281359461713
0.21875 -0.00367572045009047 0.136964056477684
0.234375 -0.00388637420053617 0.132678005577831
0.25 -0.00409035582571815 0.128423844647516
0.265625 -0.00428771566926015 0.124202238156319
0.28125 -0.00447850513488416 0.120013878855397
0.296875 -0.00466277673202154 0.115859489622499
0.3125 -0.0048405841244328 0.111739825471046
0.328125 -0.00501198218210687 0.107655675741935
0.34375 -0.00517702703674131 0.103607866499312
0.359375 -0.00533577614114095 0.099597263154624
0.375 -0.0054882883329128 0.0956247733467903
0.390625 -0.00563462390288188 0.0916913501105435
0.40625 -0.00577484466870634 0.0877979953698916
0.421875 -0.00590901405423268 0.0839457637995181
0.4375 -0.00603719717520358 0.0801357671038726
0.453125 -0.00615946093201541 0.0763691787720079
0.46875 -0.00627587411032029 0.0726472393761774
0.484375 -0.00638650749038327 0.0689712624942247
0.5 -0.00649143396624101 0.0653426413503594
0.515625 -0.0065907286758697 0.0617628562866702
0.53125 -0.00668446914376185 0.0582334831994945
0.546875 -0.00677273543754139 0.0547562031016214
0.5625 -0.00685561034052324 0.0513328130046518
0.578125 -0.00693317954245822 0.0479652383575363
0.59375 -0.00700553185111264 0.0446555473298393
0.609375 -0.00707275942783267 0.0414059672949674
0.625 -0.00713495805086238 0.0382189039540063
0.640625 -0.00719222741095557 0.0350969636511681
0.65625 -0.00724467144478954 0.0320429795758811
0.671875 -0.00729239871291653 0.0290600427365164
0.6875 -0.00733552283055934 0.0261515388442022
0.703125 -0.00737416296159034 0.0233211925875983
0.71875 -0.00740844438869308 0.0205731212484919
0.734375 -0.00743849917623309 0.0179119002600969
0.75 -0.00746446694710611 0.0153426442315114
0.765625 -0.00748649580130839 0.0128711082883508
0.78125 -0.00750474341297138 0.0105038165283313
0.796875 -0.00751937835535059 0.00824822731932656
0.8125 -0.00753058172171576 0.00611294968365186
0.828125 -0.0075385491374866 0.00410803218337733
0.84375 -0.0075434933008008 0.00224535749749756
0.859375 -0.00754564725475004 0.000539195991104739
0.875 -0.00754526870290229 -0.000992992464365953
0.890625 -0.00754264586599521 -0.00232935121055301
0.90625 -0.00753810571629883 -0.00344171947708339
0.921875 -0.00753202608623685 -0.00429242807663285
0.9375 -0.00752485455511313 -0.0048284576362034
0.953125 -0.00751714039840122 -0.00496948665118883
0.96875 -0.00750959549390749 -0.00457861610079255
0.984375 -0.00750323528117363 -0.00335990990224813
1 -0.00749979654947917 inf
