0.0025 4.12118397961997e-08 3.38835098461472e-08
0.005 6.44591376541811e-08 6.26085624730001e-08
0.0075 8.1331950102624e-08 8.18020290113709e-08
0.01 8.68405708083927e-08 8.854187817e-08
0.0125 7.95691914767781e-08 8.18020290113709e-08
0.015 6.03876961162395e-08 6.26085624730002e-08
0.0175 3.20925345496846e-08 3.38835098461472e-08
0.02 8.09702977692139e-09 0
0.0225 -2.06199269991635e-23 0
0.025 -3.43581811107547e-22 0
0.0275 2.62667287382516e-22 0
0.03 -2.15411617852351e-22 0
0.0325 -3.66225266203811e-22 0
0.035 3.13953662497011e-23 0
0.0375 2.98296772308249e-22 0
0.04 2.53774144553244e-23 0
0.0425 -2.86556474292431e-22 0
0.045 2.0156362458168e-22 0
0.0475 1.18089700560533e-22 0
0.05 3.21986316422198e-22 0
0.0525 -1.14091799364264e-22 0
0.055 -6.49375697081858e-23 0
0.0575 9.46144513680201e-24 0
0.06 6.71298047057213e-23 0
0.0625 5.73061151836673e-23 0
0.065 2.31183818155382e-22 0
0.0675 -1.4775263339844e-22 0
0.07 7.40957229556075e-23 0
0.0725 9.83165514332036e-23 0
0.075 -1.44527284180275e-22 0
0.0775 -1.32623621312166e-23 0
0.08 1.16315054609035e-23 0
0.0825 -1.1287972822367e-23 0
0.085 2.08894063263748e-23 0
0.0875 5.06512293323846e-25 0
0.09 -5.19206281098375e-23 0
0.0925 -2.44521295940506e-23 0
0.095 1.49791631786931e-23 0
0.0975 -8.22993547399706e-25 0
