0 1.18738340753336
0.00125 1.18661764862453
0.0025 1.18383929364426
0.00375 1.17712878422502
0.005 1.16474880353128
0.00625 1.1452259651884
0.0075 1.11742160598449
0.00875 1.08058873577328
0.01 1.03441275072326
0.01125 0.979034164992761
0.0125 0.915052335518295
0.01375 0.843509916540569
0.015 0.765858554723047
0.01625 0.683907091684853
0.0175 0.599754248594397
0.01875 0.515708399118294
0.02 0.4341975674031
0.02125 0.408830550185065
0.0225 0.385627031237225
0.02375 0.364313967417137
0.025 0.344663461121476
0.02625 0.326483624191077
0.0275 0.309611608087919
0.02875 0.293908216476754
0.03 0.27925369131309
0.03125 0.265544381176359
0.0325 0.252690081168638
0.03375 0.240611889840628
0.035 0.229240468329095
0.03625 0.21851461539539
0.0375 0.208380092778015
0.03875 0.198788650519477
0.04 0.189697213270909
0.04125 0.181067197103948
0.0425 0.172863932829459
0.04375 0.165056176776556
0.045 0.157615693810238
0.04625 0.150516900342177
0.0475 0.143736557422216
0.04875 0.137253505839626
0.05 0.131048436626182
0.05125 0.125103691522644
0.0525 0.119403088910524
0.05375 0.11393177147134
0.055 0.108676072453405
0.05625 0.103623397930916
0.0575 0.0987621228542892
0.05875 0.0940814990321228
0.06 0.0895715734678722
0.06125 0.0852231157093263
0.0625 0.0810275530651221
0.06375 0.0769769127068489
0.065 0.0730637698134519
0.06625 0.0692812010312007
0.0675 0.0656227426211499
0.06875 0.062082352749806
0.07 0.0586543774500716
0.07125 0.0553335198405089
0.0725 0.0521148122431895
0.07375 0.0489935908852658
0.075 0.0459654729080447
0.07625 0.0430263354407145
0.0775 0.0401722965247593
0.07875 0.0373996977001639
0.08 0.0347050880863034
0.08125 0.0320852098094155
0.0825 0.0295369846451442
0.08375 0.0270575017591709
0.085 0.0246440064416865
0.08625 0.0222938897426546
0.0875 0.0200046789246697
0.08875 0.0177740286589096
0.09 0.0155997128973638
0.09125 0.0134796173613153
0.0925 0.0114117325920877
0.09375 0.00939414751541876
0.095 0.0074250434755865
0.09625 0.00550268869965698
0.0975 0.00362543315600734
0.09875 0.00179170377466117
0.1 0
