0.000625 0.612607127059839 5.4241385610206e-12
0.001875 2.22268398421352 1.96800614540644e-11
0.003125 5.36840753539512 4.75328885965864e-11
0.004375 9.90398455499228 8.76917393865688e-11
0.005625 15.6182706743069 1.38287101927056e-10
0.006875 22.2434873631242 1.96948014818168e-10
0.008125 29.466296168966 2.60900120551372e-10
0.009375 36.9407880400211 3.27080675414334e-10
0.010625 44.3028685843974 3.92265919278123e-10
0.011875 51.1854635795727 4.5320570803375e-10
0.013125 57.233935182181 5.06760011609034e-10
0.014375 62.121089454018 5.50031793422533e-10
0.015625 65.5611704305552 5.80490916494482e-10
0.016875 67.3222744723643 5.96084062445938e-10
0.018125 67.2366795808826 5.95326189200583e-10
0.019375 65.2086653721555 5.77369770500969e-10
0.020625 20.2936137744279 5.47473066088536e-10
0.021875 18.562815158272 5.16188890883479e-10
0.023125 17.0504510560704 4.8828678867356e-10
0.024375 15.7204050365287 4.63246440536454e-10
0.025625 14.5438695443193 4.40649053193212e-10
0.026875 13.4976128825265 4.20153748393529e-10
0.028125 12.5627132889316 4.01480248464929e-10
0.029375 11.7236201309313 3.84395982572804e-10
0.030625 10.9674481093847 3.68706350631056e-10
0.031875 10.2834400061771 3.54247278057288e-10
0.033125 9.66255306240797 3.40879456243806e-10
0.034375 9.09713720922631 3.28483839653122e-10
0.035625 8.58068234696391 3.16958090893364e-10
0.036875 8.10761809389979 3.06213748829182e-10
0.038125 7.67315380683024 2.96173953785603e-10
0.039375 7.27314979885511 2.86771606046376e-10
0.040625 6.90401293356828 2.77947864321873e-10
0.041875 6.56261141959111 2.69650913148085e-10
0.043125 6.24620484232283 2.61834944651039e-10
0.044375 5.95238637305451 2.54459312407347e-10
0.045625 5.67903477444848 2.47487824396187e-10
0.046875 5.42427433596854 2.40888149078955e-10
0.048125 5.18644126607263 2.34631314037943e-10
0.049375 4.96405537075463 2.28691280771159e-10
0.050625 4.75579608283047 2.23044582480512e-10
0.051875 4.56048208969589 2.1767001422797e-10
0.053125 4.37705395134714 2.1254836683437e-10
0.054375 4.20455921434824 2.07662197481857e-10
0.055625 4.04213961799121 2.02995631246309e-10
0.056875 3.88902006130148 1.98534188801336e-10
0.058125 3.74449905773312 1.94264636353995e-10
0.059375 3.60794045140053 1.90174854536016e-10
0.060625 3.47876620683669 1.86253723514655e-10
0.061875 3.35645011536337 1.82491022029511e-10
0.063125 3.2405122866186 1.78877338424967e-10
0.064375 3.13051431471756 1.75403992047783e-10
0.065625 3.02605502580101 1.72062963627825e-10
0.066875 2.92676672804058 1.68846833466557e-10
0.068125 2.83231189707513 1.65748726430474e-10
0.069375 2.74238023978754 1.62762262891186e-10
0.070625 2.65668608765014 1.59881514875413e-10
0.071875 2.57496607785553 1.57100966790623e-10
0.073125 2.496977086339 1.54415480178818e-10
0.074375 2.42249438177683 1.51820262024553e-10
0.075625 2.3513099738642 1.49310836205965e-10
0.076875 2.28323113276412 1.46883017731071e-10
0.078125 2.21807905967632 1.44532889447373e-10
0.079375 2.15568769108839 1.42256780952139e-10
0.080625 2.09590262151032 1.4005124946451e-10
0.081875 2.03858013141704 1.37913062449785e-10
0.083125 1.98358630877867 1.35839181811442e-10
0.084375 1.93079625398749 1.3382674948831e-10
0.085625 1.8800933592255 1.31873074313297e-10
0.086875 1.83136865438798 1.29975620006631e-10
0.088125 1.78452021260804 1.28131994190935e-10
0.089375 1.73945260923668 1.26339938328124e-10
0.090625 1.69607642883881 1.24597318489116e-10
0.091875 1.65430781538205 1.22902116877019e-10
0.093125 1.61406806133516 1.21252424033032e-10
0.094375 1.57528323186581 1.19646431661733e-10
0.095625 1.53788382074361 1.18082426019096e-10
0.096875 1.50180443491971 1.16558781812398e-10
0.098125 1.46698350507694 1.15073956566381e-10
0.099375 1.43336301972893 1.13626485414602e-10
