0 1.19711533353819
0.0025 1.19101876097519
0.005 1.16959280948465
0.0075 1.12033687133676
0.01 1.03594492880106
0.0125 0.915818680139773
0.015 0.766473245840322
0.0175 0.600756487095155
0.02 0.435992029808725
0.0225 0.387261611313343
0.025 0.346152190597689
0.0275 0.310968452147356
0.03 0.280491568339207
0.0325 0.253820578313929
0.035 0.23027383862753
0.0375 0.209325359872044
0.04 0.190562309236554
0.0425 0.173655837513666
0.045 0.158340563129403
0.0475 0.14439983657361
0.05 0.131654957890203
0.0525 0.119957155247537
0.055 0.109181528611388
0.0575 0.0992224157604194
0.06 0.0899898035429559
0.0625 0.0814065178990283
0.065 0.0734060014296371
0.0675 0.0659305393634874
0.07 0.0589298313542916
0.0725 0.0523598326097808
0.075 0.0461818066717221
0.0775 0.0403615459146624
0.08 0.0348687259878169
0.0825 0.0296763680056879
0.085 0.0247603880064234
0.0875 0.0200992175416477
0.09 0.0156734825933056
0.0925 0.0114657305883941
0.095 0.00746019728789455
0.0975 0.00364260689885537
0.1 0
