0.00125 2.14464183204691e-08 1.72736635240981e-08
0.0025 3.57248517241478e-08 3.38835098461472e-08
0.00375 5.015703102974e-08 4.91912318869001e-08
0.005 6.30741741637525e-08 6.26085624730001e-08
0.00625 7.3747539652507e-08 7.36198811145491e-08
0.0075 8.16848936111998e-08 8.18020290113709e-08
0.00875 8.65433465169808e-08 8.68405708083921e-08
0.01 8.81155248256546e-08 8.854187817e-08
0.01125 8.63283477739179e-08 8.68405708083921e-08
0.0125 8.12420716459389e-08 8.18020290113709e-08
0.01375 7.30462183610377e-08 7.36198811145491e-08
0.015 6.20513887881264e-08 6.26085624730002e-08
0.01625 4.86768238054854e-08 4.91912318869001e-08
0.0175 3.34339943079024e-08 3.38835098461472e-08
0.01875 1.69067572990165e-08 1.72736635240981e-08
0.02 4.2037073847916e-09 0
0.02125 1.50574832129699e-21 0
0.0225 -8.43487963153203e-22 0
0.02375 9.57110767759567e-23 0
0.025 -3.73786348508693e-22 0
0.02625 1.1271186268198e-21 0
0.0275 4.68693434094808e-22 0
0.02875 -4.38595992455615e-22 0
0.03 -6.80988783982254e-22 0
0.03125 -5.03681920118384e-22 0
0.0325 7.07532749452378e-22 0
0.03375 -8.17862982283773e-23 0
0.035 3.78964739844769e-22 0
0.03625 2.89424131924118e-23 0
0.0375 -1.21542780558679e-23 0
0.03875 -6.04733501609449e-22 0
0.04 7.44422336020428e-22 0
0.04125 -8.19756946443494e-22 0
0.0425 -1.13592038960118e-22 0
0.04375 -6.3485303196197e-22 0
0.045 -1.60555536829459e-22 0
0.04625 -2.65480264163978e-22 0
0.0475 2.32406118217486e-22 0
0.04875 -9.91441955580797e-22 0
0.05 -3.09421766101153e-22 0
0.05125 -7.26726896340425e-23 0
0.0525 -2.04967885777174e-23 0
0.05375 2.38639776972256e-22 0
0.055 -6.8979739189129e-23 0
0.05625 5.12593609859979e-22 0
0.0575 2.06147460459854e-23 0
0.05875 -2.50281927966505e-22 0
0.06 2.32817116192223e-22 0
0.06125 2.27206606273762e-22 0
0.0625 3.24078233982918e-22 0
0.06375 -9.89209671733056e-23 0
0.065 -3.54025310322394e-22 0
0.06625 3.01727927353319e-22 0
0.0675 1.06893131906014e-22 0
0.06875 -1.67406850906152e-22 0
0.07 5.67607147389682e-23 0
0.07125 5.00847071062107e-22 0
0.0725 4.87670384252515e-23 0
0.07375 3.38530846229689e-22 0
0.075 2.33469789067596e-23 0
0.07625 -1.08159581472075e-22 0
0.0775 -3.87740912134231e-22 0
0.07875 4.8543654161829e-23 0
0.08 4.50627398523919e-22 0
0.08125 3.33486126285633e-22 0
0.0825 -1.29977147167766e-22 0
0.08375 -8.33623346559342e-24 0
0.085 -1.72677983555181e-22 0
0.08625 -2.70447606127309e-23 0
0.0875 1.07598665711075e-22 0
0.08875 -1.23987827820838e-22 0
0.09 3.42639957212259e-23 0
0.09125 -8.3662612811375e-23 0
0.0925 6.98400046559336e-23 0
0.09375 -5.22350493535878e-24 0
0.095 2.43762295229953e-23 0
0.09625 -5.43811300639395e-23 0
0.0975 -9.85228086292509e-24 0
0.09875 3.27387598524316e-23 0
