0.00125 2.4386290252016 2.15920794051226e-11
0.00375 8.57038059621278 7.58837594620404e-11
0.00625 19.7023752591566 1.74448530985586e-10
0.00875 33.7567770142821 2.98888843781042e-10
0.01125 48.0504994645135 4.25448146959461e-10
0.01375 59.7381737197804 5.28933009959509e-10
0.01625 66.286703498067 5.86914922541676e-10
0.01875 65.905782914572 5.8354218015205e-10
0.02125 19.4921673981529 5.33941993726918e-10
0.02375 16.4437682862613 4.77737573334611e-10
0.02625 14.0734953801335 4.32238756826552e-10
0.02875 12.1907535232595 3.9465277797207e-10
0.03125 10.668396010111 3.63080555734303e-10
0.03375 9.41869587455964 3.36185699753984e-10
0.03625 8.37939150219444 3.13000479081295e-10
0.03875 7.50522025419614 2.92806899785729e-10
0.04125 6.76258868915509 2.75061027071442e-10
0.04375 6.12610975370518 2.5934325409593e-10
0.04625 5.57629062231707 2.45324699820475e-10
0.04875 5.09795147336307 2.32743945983528e-10
0.05125 4.67912105706625 2.2139058276482e-10
0.05375 4.31025065445952 2.11093346357154e-10
0.05625 3.98364514038754 2.01711419852391e-10
0.05875 3.69304488698541 1.93127955177821e-10
0.06125 3.43331425757105 1.85245181497094e-10
0.06375 3.20020658775646 1.7798066457564e-10
0.06625 2.9901848264599 1.7126441308222e-10
0.06875 2.80028320367832 1.65036616242866e-10
0.07125 2.62799949780434 1.59245857778204e-10
0.07375 2.47121037522347 1.53847693107757e-10
0.07625 2.32810430282389 1.48803506448486e-10
0.07875 2.19712797073816 1.44079585608851e-10
0.08125 2.07694319285163 1.39646367590117e-10
0.08375 1.96639199970578 1.35477819303845e-10
0.08625 1.86446818591029 1.3155092599069e-10
0.08875 1.77029397933687 1.27845266103629e-10
0.09125 1.68310080196457 1.24342656073392e-10
0.09375 1.60221332019983 1.21026851911435e-10
0.09625 1.52703615561567 1.17883297316333e-10
0.09875 1.45704275954215 1.14898910042502e-10
