0.015625 -0.00154907864828751 0.982824771114159
0.03125 -0.0030713403272219 0.965674344857354
0.046875 -0.00456682410180335 0.948549121306422
0.0625 -0.00603556967231856 0.931449513657204
0.078125 -0.00747761739534624 0.914375948880624
0.09375 -0.00889300830582196 0.89732886842324
0.109375 -0.0102817841402348 0.880308728956131
0.125 -0.0116439873610346 0.863316003176352
0.140625 -0.0129796611823358 0.846351180665641
0.15625 -0.0142888495970107 0.829414768811599
0.171875 -0.015571597405275 0.812507293797133
0.1875 -0.0168279502448765 0.795629301664577
0.203125 -0.0180579546230099 0.778781359461713
0.21875 -0.0192616579500905 0.761964056477684
0.234375 -0.0204391085755362 0.745178005577831
0.25 -0.0215903558257181 0.728423844647516
0.265625 -0.0227154500442601 0.711702238156319
0.28125 -0.0238144426348842 0.695013878855397
0.296875 -0.0248873861070215 0.678359489622499
0.3125 -0.0259343341244328 0.661739825471046
0.328125 -0.0269553415571069 0.645155675741935
0.34375 -0.0279504645367413 0.628607866499312
0.359375 -0.0289197605161409 0.612097263154624
0.375 -0.0298632883329128 0.59562477334679
0.390625 -0.0307811082778819 0.579191350110544
0.40625 -0.0316732821687063 0.562797995369892
0.421875 -0.0325398734292327 0.546445763799518
0.4375 -0.0333809471752036 0.530135767103873
0.453125 -0.0341965703070154 0.513869178772008
0.46875 -0.0349868116103203 0.497647239376177
0.484375 -0.0357517418653833 0.481471262494225
0.5 -0.036491433966241 0.46534264135036
0.515625 -0.0372059630508697 0.44926285628667
0.53125 -0.0378954066437618 0.433233483199495
0.546875 -0.0385598448125414 0.417256203101621
0.5625 -0.0391993603405232 0.401332813004652
0.578125 -0.0398140389174582 0.385465238357536
0.59375 -0.0404039693511126 0.369655547329839
0.609375 -0.0409692438028327 0.353905967294967
0.625 -0.0415099580508624 0.338218903954006
0.640625 -0.0420262117859556 0.322596963651168
0.65625 -0.0425181089447895 0.307042979575881
0.671875 -0.0429857580879165 0.291560042736516
0.6875 -0.0434292728305593 0.276151538844202
0.703125 -0.0438487723365903 0.260821192587598
0.71875 -0.0442443818886931 0.245573121248492
0.734375 -0.0446162335512331 0.230411900260097
0.75 -0.0449644669471061 0.215342644231511
0.765625 -0.0452892301763084 0.200371108288351
0.78125 -0.0455906809129714 0.185503816528331
0.796875 -0.0458689877303506 0.170748227319327
0.8125 -0.0461243317217157 0.156112949683652
0.828125 -0.0463569085124866 0.141608032183377
0.84375 -0.0465669308008008 0.127245357497498
0.859375 -0.04675463162975 0.113039195991105
0.875 -0.0469202687029023 0.0990070075356341
0.890625 -0.0470641302409952 0.085170648789447
0.90625 -0.0471865432162988 0.0715582805229166
0.921875 -0.0472878854612368 0.0582075719233672
0.9375 -0.0473686045551131 0.0451715423637966
0.953125 -0.0474292497734012 0.0325305133488112
0.96875 -0.0474705329939075 0.0204213838992075
0.984375 -0.0474934696561736 0.00914009009775187
1 -0.0474997965494791 inf
