0.0003125 0.153336482273048 1.35767001324365e-12
0.0009375 0.560757054188343 4.96504827749124e-12
0.0015625 1.3708869343148 1.21380903922946e-11
0.0021875 2.57435221793116 2.2793798044673e-11
0.0028125 4.15721311902253 3.68087457511218e-11
0.0034375 6.10110790050627 5.4020355242865e-11
0.0040625 8.38344253709379 7.42285747764554e-11
0.0046875 10.9776242157118 9.71979465903593e-11
0.0053125 13.8533363399184 1.22660041845708e-10
0.0059375 16.9768522891981 1.50316238710027e-10
0.0065625 20.3113847956043 1.79840815803639e-10
0.0071875 23.8174674427043 2.10884330062987e-10
0.0078125 27.4533644687153 2.4307724521456e-10
0.0084375 31.1755047703187 2.76033774526181e-10
0.0090625 34.9389357587051 3.09355899333672e-10
0.0096875 38.6977925173511 3.42637523051924e-10
0.0103125 42.4057775539065 3.75468718988211e-10
0.0109375 46.0166463279283 4.07440029295941e-10
0.0115625 49.4846936731216 4.3814677184853e-10
0.0121875 52.7652362179564 4.67193311682157e-10
0.0128125 55.8150859420956 4.94197253953311e-10
0.0134375 58.5930100878176 5.18793516080913e-10
0.0140625 61.0601727746537 5.40638237885254e-10
0.0146875 63.1805538406464 5.59412490087164e-10
0.0153125 64.921340653221 5.74825743475056e-10
0.0159375 66.2532888945543 5.86619063366344e-10
0.0165625 67.1510486279764 5.94567996660603e-10
0.0171875 67.5934522904196 5.98485121778804e-10
0.0178125 67.5637616279281 5.98222235076693e-10
0.0184375 67.0498709931704 5.93672150879151e-10
0.0190625 66.0444648517996 5.84770096071089e-10
0.0196875 64.5451277942228 5.71494684162316e-10
0.02125 19.37494117371 5.30730857545004e-10
0.02375 16.3448751856411 4.74864451487635e-10
0.02625 13.988857140864 4.2963926563167e-10
0.02875 12.1174381253638 3.92279329489786e-10
0.03125 10.60423609605 3.60896983130601e-10
0.03375 9.36205167825262 3.34163873269076e-10
0.03625 8.32899769996266 3.11118088905691e-10
0.03875 7.46008373263644 2.91045954137582e-10
0.04125 6.72191836638917 2.73406805401971e-10
0.04375 6.08926722602312 2.57783559379001e-10
0.04625 5.54275471619137 2.43849312926082e-10
0.04875 5.06729230697031 2.31344219955515e-10
0.05125 4.65098074388162 2.20059136055246e-10
0.05375 4.28432873411562 2.09823827401514e-10
0.05625 3.95968743112981 2.00498323961446e-10
0.05875 3.67083485256715 1.91966480388619e-10
0.06125 3.41266624755144 1.84131113842145e-10
0.06375 3.18096049120613 1.76910285848335e-10
0.06625 2.97220180433453 1.70234426005002e-10
0.06875 2.78344225312455 1.64044083241184e-10
0.07125 2.61219466437188 1.58288150495879e-10
0.07375 2.4563484742263 1.5292245047907e-10
0.07625 2.31410304416678 1.4790859964369e-10
0.07875 2.18391440595768 1.43213088543891e-10
0.08125 2.06445242135828 1.38806531973309e-10
0.08375 1.95456608495799 1.34663053406942e-10
0.08625 1.8532552427027 1.30759776496596e-10
0.08875 1.75964740140058 1.27076402510776e-10
0.09125 1.67297860527187 1.23594857236508e-10
0.09375 1.59257758219067 1.20298994376868e-10
0.09625 1.51785253434595 1.17174345172274e-10
0.09875 1.44828007974035 1.14207906053989e-10
