0.000625 3.84787014853076e-09 980.171403295606
0.00125 4.59074695347412e-09 1950.90322016128
0.001875 4.87118064108731e-09 2902.84677254462
0.0025 4.98309251784847e-09 3826.8343236509
0.003125 5.00701367032529e-09 4713.96736825998
0.00375 4.97433096211456e-09 5555.70233019602
0.004375 4.90013265363282e-09 6343.93284163646
0.005 4.7928649892422e-09 7071.06781186548
0.005625 4.65788578767468e-09 7730.10453362737
0.00625 4.49898317616947e-09 8314.69612302545
0.006875 4.31909763608316e-09 8819.21264348355
0.0075 4.12069313940136e-09 9238.79532511287
0.008125 3.90595902952547e-09 9569.40335732209
0.00875 3.67692411668869e-09 9807.85280403231
0.009375 3.43552244833563e-09 9951.84726672197
0.01 3.18363112109453e-09 10000
0.010625 2.92309122813531e-09 9951.84726672197
0.01125 2.65571827481851e-09 9807.85280403231
0.011875 2.3833058325027e-09 9569.40335732209
0.0125 2.10762476262669e-09 9238.79532511287
0.013125 1.83041950717034e-09 8819.21264348355
0.01375 1.55340243941983e-09 8314.69612302545
0.014375 1.2782469584279e-09 7730.10453362737
0.015 1.00657981308683e-09 7071.06781186548
0.015625 7.39973012786712e-10 6343.93284163646
0.01625 4.7993559512508e-10 5555.70233019602
0.016875 2.27905461422576e-10 4713.96736825998
0.0175 -1.47585516974154e-11 3826.83432365089
0.018125 -2.4678422766331e-10 2902.84677254462
0.01875 -4.66993039111467e-10 1950.90322016129
0.019375 -6.74306636636091e-10 980.171403295608
0.02046875 -1.91829772316762e-09 0
0.0225 -2.35226972873133e-09 0
0.025 -1.72286422308437e-09 0
0.0275 -1.29947603971771e-09 0
0.03 -1.0042350834939e-09 0
0.0325 -7.92092144045204e-10 0
0.035 -6.35745775541652e-10 0
0.0375 -5.17990574660867e-10 0
0.04 -4.27615726923905e-10 0
0.0425 -3.57102766239321e-10 0
0.045 -3.01281004387432e-10 0
0.0475 -2.56514727601385e-10 0
0.05 -2.20196759029629e-10 0
0.0525 -1.90424347046187e-10 0
0.055 -1.65786727823419e-10 0
0.0575 -1.45222869324723e-10 0
0.06 -1.27924351779172e-10 0
0.0625 -1.13267890098973e-10 0
0.065 -1.00767695748418e-10 0
0.0675 -9.00413492919063e-11 0
0.07 -8.078502098673e-11 0
0.0725 -7.27552544652104e-11 0
0.075 -6.5755420791865e-11 0
0.0775 -5.96255377752329e-11 0
0.08 -5.42345424071547e-11 0
0.0825 -4.94743709417023e-11 0
0.085 -4.52553844677804e-11 0
0.0875 -4.15028054740236e-11 0
0.09 -3.81539208138956e-11 0
0.0925 -3.51558705028293e-11 0
0.095 -3.24638878399371e-11 0
0.0975 -3.00398898054219e-11 0
