0 1.1845867732385
0.000625 1.18449093793708
0.00125 1.18414046477821
0.001875 1.18328366044427
0.0025 1.18167469030806
0.003125 1.17907643210867
0.00375 1.17526323967085
0.004375 1.17002358808517
0.005 1.16316257295035
0.005625 1.1545042377379
0.00625 1.14389370505715
0.006875 1.1311990895599
0.0075 1.11631317240821
0.008125 1.09915481961526
0.00875 1.07967012913381
0.009375 1.05783329428462
0.01 1.03364717396128
0.010625 1.00714356299009
0.01125 0.978383159035131
0.011875 0.94745522548943
0.0125 0.914476952853207
0.013125 0.879592524139397
0.01375 0.842971892834511
0.014375 0.804809284850353
0.015 0.765321438699949
0.015625 0.724745600791686
0.01625 0.683337295232589
0.016875 0.641367889840104
0.0175 0.599121982158592
0.018125 0.556894631141137
0.01875 0.514988461770405
0.019375 0.47371067123803
0.02 0.433369966366641
0.0225 0.384932613432366
0.025 0.344070425468263
0.0275 0.309098282616104
0.03 0.278804687302694
0.0325 0.252294097062569
0.035 0.228888967866937
0.0375 0.208066473617031
0.04 0.18941626428544
0.0425 0.172611468369467
0.045 0.157388300304409
0.0475 0.143531413513931
0.05 0.130863182746505
0.0525 0.119235730886801
0.055 0.108524909051512
0.0575 0.0986256904736871
0.06 0.0894486033422692
0.0625 0.0809169377233906
0.065 0.0729645364953753
0.0675 0.065534031984539
0.07 0.0585754263517276
0.0725 0.0520449396907979
0.075 0.0459040685052322
0.0775 0.0401188108948152
0.08 0.034659024879921
0.0825 0.0294978938265253
0.085 0.0246114786141303
0.0875 0.0199783405073736
0.09 0.0155792220038721
0.0925 0.0113967754906925
0.095 0.00741533153521577
0.0975 0.00362070019935089
0.1 0
