0 0
1 0.0192578265297266
2 0.0529141584828395
3 0.104137611863404
4 0.170281062308627
5 0.242726255050388
6 0.31145100802204
7 0.369639849993746
8 0.414930339405017
9 0.4481591429032
10 0.47157005537776
11 0.48761541763472
12 0.498413429304783
13 0.505592560063478
14 0.510327567378258
15 0.51342634695267
16 0.515454653026662
17 0.516786656104721
18 0.51764427198958
19 0.518204616974024
20 0.518577856480285
21 0.51881013290364
22 0.518963127192699
23 0.519071059617724
24 0.519131068727571
25 0.519171838915283
26 0.519206798867563
27 0.519227614573244
28 0.51924000771294
29 0.51924738596736
30 0.519251778502409
31 0.519254393495165
32 0.519255950256232
Total steps: 258
