0 0
1 0.0192582399638765
2 0.0529162251760839
3 0.104141530571678
4 0.170287436930227
5 0.242734651237056
6 0.311457611415974
7 0.369643130701944
8 0.414938443683059
9 0.448167923970038
10 0.471573232749475
11 0.487613194551608
12 0.498407109257642
13 0.505583957878763
14 0.510318331921886
15 0.513425398242048
16 0.515457633325931
17 0.516783950160005
18 0.517648330553309
19 0.518211127765151
20 0.518577335058756
21 0.518815546572018
22 0.518970449934723
23 0.519071155532553
24 0.519136635991702
25 0.519179200217136
26 0.519206859625942
27 0.5192248491006
28 0.519236540248917
29 0.519244131146003
30 0.519249075095384
31 0.519252276547974
32 0.519254359728707
Total steps: 537
