0 0
1 0.0192582363595175
2 0.0529162068551537
3 0.104141481929831
4 0.170287373227492
5 0.24273455903038
6 0.311457544110137
7 0.369643049955055
8 0.41493840258346
9 0.448167919045006
10 0.471573175236282
11 0.487613211326217
12 0.498407079878473
13 0.505583892687278
14 0.510318246629519
15 0.513425395411115
16 0.515457680780097
17 0.516783928591066
18 0.517648271242621
19 0.518211134361579
20 0.51857728348015
21 0.518815466643865
22 0.518970442799106
23 0.519071096473451
24 0.519136552813742
25 0.519179189100147
26 0.519206800518544
27 0.519224768046832
28 0.51923652841487
29 0.519244074241873
30 0.519249097763017
31 0.519252339883111
32 0.519254354810271
Total steps: 439
