0 0
1 0.0192581996854246
2 0.0529160746768077
3 0.10414102767686
4 0.170286566615168
5 0.242733740514635
6 0.311456694726584
7 0.369641902881392
8 0.414936904812702
9 0.448166350315221
10 0.471572709858272
11 0.487612376319713
12 0.498405964753831
13 0.50558260397472
14 0.51031693034361
15 0.513424082919365
16 0.515457320438346
17 0.516784126983109
18 0.517647961792189
19 0.518211478951559
20 0.518577961687267
21 0.518815467822557
22 0.518970978959308
23 0.519071884905875
24 0.519136644512222
25 0.519179759585814
26 0.519206558841948
27 0.519224207005294
28 0.519236658412483
29 0.519243577307813
30 0.519248278089308
31 0.519252309608606
32 0.519254709674852
Total steps: 337
