0 0
1 0.0192154044948502
2 0.0526998624406316
3 0.103696433538703
4 0.169688671239779
5 0.242124435636502
6 0.310969491896494
7 0.369101625373904
8 0.414058373330179
9 0.447838411983075
10 0.471728758260885
11 0.488097632567687
12 0.498088507022408
13 0.504881841610953
14 0.509495690405292
15 0.513376837809147
16 0.515731561433451
17 0.517149598816223
18 0.517999655807392
19 0.51850781739444
20 0.518811086930229
21 0.518991895897824
22 0.519099629361373
23 0.519163798438283
24 0.519202011185255
25 0.519224764018739
26 0.51923831060346
27 0.519246375606841
28 0.519251177003923
29 0.519254035408832
30 0.519255737080384
31 0.519256750117287
32 0.519257353195068
Total steps: 150
