0 0
1 0.0132168760228772
2 0.0344536339955104
3 0.0669743139166045
4 0.113394593719573
5 0.173649364184691
6 0.243211612193764
7 0.31366213510499
8 0.376175561721293
9 0.425342872064863
10 0.460347308832787
11 0.483470159135331
12 0.497971157826077
13 0.506762757049983
14 0.511981925697898
15 0.515041228112305
16 0.516821058950126
17 0.517851986205101
18 0.518447593251705
19 0.518791189504066
20 0.518989228354961
21 0.519103322734523
22 0.51916904478358
23 0.51920688807598
24 0.519228676493897
25 0.519241214510687
26 0.519248435273412
27 0.519252601176672
28 0.519254997117672
29 0.519256365909849
30 0.519257157011692
31 0.519257614233002
32 0.519257885068175
Total steps: 284
