0 0
1 0.0132167406824946
2 0.0344529322875364
3 0.0669719112738114
4 0.113390938391628
5 0.173641880565857
6 0.243203340873109
7 0.313653783917627
8 0.376170156013371
9 0.425345977278298
10 0.460346613520033
11 0.483466120592819
12 0.497965382839896
13 0.506756813588196
14 0.511984825630607
15 0.515046906546534
16 0.516826754184752
17 0.517849985981618
18 0.518443339668642
19 0.518795438328419
20 0.518995500432781
21 0.51910910998677
22 0.519173604468403
23 0.519210210228683
24 0.519230984721012
25 0.519242773948906
26 0.519249463939777
27 0.519253260211578
28 0.519255414403102
29 0.519256636789828
30 0.519257330425477
31 0.519257724023869
32 0.519257947368096
Total steps: 169
