0 0
1 0.0132168743256316
2 0.0344536266543639
3 0.0669742961813459
4 0.113394563552407
5 0.173649310982913
6 0.24321155453858
7 0.313662116051298
8 0.376175573402923
9 0.425342835561731
10 0.460347315687852
11 0.483470206730992
12 0.497971234157278
13 0.50676284201016
14 0.511982013721696
15 0.515041210520156
16 0.516821006387337
17 0.517851921230931
18 0.518447611228046
19 0.518791232165066
20 0.518989183372743
21 0.51910325663164
22 0.519168974988005
23 0.51920689755074
24 0.51922871052574
25 0.519241173048212
26 0.519248376098739
27 0.519252642913863
28 0.51925506411915
29 0.51925643802308
30 0.519257217636658
31 0.519257660022731
32 0.51925791105118
Total steps: 237
