0 0
1 0.0132066740974435
2 0.0343887709269466
3 0.0668371631148089
4 0.113063521342073
5 0.173202209353085
6 0.242726623393809
7 0.313210858453482
8 0.375895726501743
9 0.425366016220329
10 0.460665525969112
11 0.483955260311681
12 0.498482814563303
13 0.507212653914176
14 0.512336877145942
15 0.515302334380594
16 0.517004210101207
17 0.517976196694312
18 0.518529781096123
19 0.51884456788435
20 0.519023404102875
21 0.51912495191059
22 0.519182596480363
23 0.519215313520437
24 0.519233880813681
25 0.519244417399502
26 0.519250396529698
27 0.519253789410598
28 0.519255714695323
29 0.519256807188922
30 0.519257427117229
31 0.519257778890839
32 0.519257978501901
Total steps: 132
