0.015625 -0.00157599794367949 1.01732247943679
0.03125 -0.00317947412556172 1.03517426128449
0.046875 -0.00481127564381259 1.05358116405353
0.0625 -0.00647229126261365 1.07257071316882
0.078125 -0.00816345419036247 1.09217228439814
0.09375 -0.00988574509336239 1.11241726199
0.109375 -0.0116401953693686 1.13333921331145
0.125 -0.0134278907083506 1.15497408202984
0.140625 -0.0152499749712532 1.1773604021773
0.15625 -0.0171076544214548 1.20053953577965
0.171875 -0.0190022023481248 1.22455593713277
0.1875 -0.0209349641258565 1.24945744727897
0.203125 -0.022907362760933 1.2752956227876
0.21875 -0.0249209049814939 1.30212610359464
0.234375 -0.0269771879368916 1.33000902542373
0.25 -0.0290779065808597 1.3590094832225
0.265625 -0.0312248618239982 1.38919805313101
0.28125 -0.033419969553825 1.42065138179248
0.296875 -0.0356652706355957 1.45345285336495
0.3125 -0.0379629420247167 1.48769334645467
0.328125 -0.0403153091423944 1.52347209543907
0.34375 -0.042724859690865 1.56089767336979
0.359375 -0.0451942591139544 1.60008911695973
0.375 -0.0477263679438648 1.64117721820711
0.390625 -0.0503242613172655 1.68430601218152
0.40625 -0.0529912509946064 1.72963449663019
0.421875 -0.0557309102781208 1.77733862666833
0.4375 -0.0585471022988534 1.82761363729722
0.453125 -0.061444012234568 1.88067675837659
0.46875 -0.0644261841328432 1.93677040165933
0.484375 -0.0674985631526006 1.99616591850183
0.5 -0.0706665442099628 2.05916805112946
0.515625 -0.0739360282301894 2.12612023153399
0.53125 -0.0773134874790581 2.19741092247838
0.546875 -0.0808060417911853 2.27348124780376
0.5625 -0.0844215479519518 2.35483422859309
0.578125 -0.0881687050545051 2.4420460337943
0.59375 -0.0920571793856914 2.5357797772002
0.609375 -0.0960977533528256 2.63680255946812
0.625 -0.100302504228315 2.74600668188066
0.640625 -0.104685020176674 2.8644362738369
0.65625 -0.109260663304002 2.99332101737994
0.671875 -0.114046892574659 3.13411927798087
0.6875 -0.119063663729762 3.28857385127923
0.703125 -0.124333929352025 3.45878485119166
0.71875 -0.129884270768376 3.64730621995295
0.734375 -0.135745705838095 3.85727530020963
0.75 -0.141954734863683 4.09258948117293
0.765625 -0.148554714177846 4.35815115373945
0.78125 -0.155597688902496 4.66021390865786
0.796875 -0.16314688239259 5.00688239677645
0.8125 -0.171280146727876 5.40885175635977
0.828125 -0.180094857118351 5.88053214385174
0.84375 -0.18971504230131 6.44181450904209
0.859375 -0.200302101588272 7.12094880340763
0.875 -0.212071519122061 7.95944766136601
0.890625 -0.225320118230391 9.02089809003239
0.90625 -0.240473004003175 10.4078672892584
0.921875 -0.258170204449773 12.2971311702288
0.9375 -0.279441704673122 15.0214456988175
0.953125 -0.306107688757632 19.2895656523391
0.96875 -0.341876986534804 26.9219116781358
0.984375 -0.396432114569112 44.3811151491144
1 -0.514899060116879 120.201522799685
