0.015625 -7.75146484375e-05 0.04921875
0.03125 -0.00015380859375 0.0484375
0.046875 -0.0002288818359375 0.04765625
0.0625 -0.000302734375 0.046875
0.078125 -0.0003753662109375 0.04609375
0.09375 -0.00044677734375 0.0453125
0.109375 -0.0005169677734375 0.04453125
0.125 -0.0005859375 0.04375
0.140625 -0.0006536865234375 0.04296875
0.15625 -0.00072021484375 0.0421875
0.171875 -0.0007855224609375 0.04140625
0.1875 -0.000849609375 0.040625
0.203125 -0.0009124755859375 0.03984375
0.21875 -0.00097412109375 0.0390625
0.234375 -0.0010345458984375 0.03828125
0.25 -0.00109375 0.0375
0.265625 -0.0011517333984375 0.03671875
0.28125 -0.00120849609375 0.0359375000000001
0.296875 -0.0012640380859375 0.0351562500000001
0.3125 -0.001318359375 0.0343750000000001
0.328125 -0.0013714599609375 0.0335937500000001
0.34375 -0.00142333984375 0.0328125000000001
0.359375 -0.0014739990234375 0.0320312500000001
0.375 -0.0015234375 0.0312500000000001
0.390625 -0.0015716552734375 0.0304687500000001
0.40625 -0.00161865234375 0.0296875000000001
0.421875 -0.0016644287109375 0.0289062500000001
0.4375 -0.001708984375 0.0281250000000001
0.453125 -0.0017523193359375 0.0273437500000001
0.46875 -0.00179443359375 0.0265625000000001
0.484375 -0.0018353271484375 0.0257812500000001
0.5 -0.001875 0.0250000000000001
0.515625 -0.0019134521484375 0.0242187500000001
0.53125 -0.00195068359375 0.0234375000000001
0.546875 -0.0019866943359375 0.0226562500000001
0.5625 -0.002021484375 0.0218750000000001
0.578125 -0.0020550537109375 0.0210937500000001
0.59375 -0.00208740234375 0.0203125000000001
0.609375 -0.0021185302734375 0.0195312500000001
0.625 -0.0021484375 0.0187500000000001
0.640625 -0.0021771240234375 0.0179687500000001
0.65625 -0.00220458984375 0.0171875000000001
0.671875 -0.0022308349609375 0.0164062500000001
0.6875 -0.002255859375 0.0156250000000001
0.703125 -0.0022796630859375 0.0148437500000001
0.71875 -0.00230224609375 0.0140625000000002
0.734375 -0.0023236083984375 0.0132812500000002
0.75 -0.00234375000000001 0.0125000000000002
0.765625 -0.00236267089843751 0.0117187500000002
0.78125 -0.00238037109375001 0.0109375000000002
0.796875 -0.00239685058593751 0.0101562500000002
0.8125 -0.00241210937500001 0.00937500000000023
0.828125 -0.00242614746093751 0.00859375000000025
0.84375 -0.00243896484375001 0.00781250000000028
0.859375 -0.00245056152343751 0.00703125000000031
0.875 -0.00246093750000001 0.00625000000000035
0.890625 -0.00247009277343751 0.0054687500000004
0.90625 -0.00247802734375001 0.00468750000000046
0.921875 -0.00248474121093751 0.00390625000000056
0.9375 -0.00249023437500001 0.0031250000000007
0.953125 -0.00249450683593751 0.00234375000000093
0.96875 -0.00249755859375001 0.00156250000000139
0.984375 -0.00249938964843752 0.000781250000002783
