0.015625 -0.000156256433118335 0.100012400793651
0.03125 -0.000312552084990002 0.100050403225806
0.046875 -0.000468927931348861 0.100115266393443
0.0625 -0.000625426979963886 0.100208333333333
0.078125 -0.000782094407262113 0.100331038135593
0.09375 -0.000938977706630415 0.100484913793103
0.109375 -0.00109612684961494 0.100671600877193
0.125 -0.00125359446138813 0.100892857142857
0.140625 -0.00141143601202602 0.101150568181818
0.15625 -0.00156971002533679 0.101446759259259
0.171875 -0.00172847830720916 0.101783608490566
0.1875 -0.00188780619571215 0.102163461538462
0.203125 -0.00204776283548059 0.102588848039216
0.21875 -0.00220842147927271 0.1030625
0.234375 -0.00236985981999395 0.10358737244898
0.25 -0.00253216035695693 0.104166666666667
0.265625 -0.00269541080070324 0.104803856382979
0.28125 -0.00285970452136405 0.105502717391304
0.296875 -0.00302514104630229 0.106267361111111
0.3125 -0.00319182661368314 0.107102272727273
0.328125 -0.00335987478968916 0.108012354651163
0.34375 -0.00352940715836796 0.109002976190476
0.359375 -0.00370055409461677 0.110080030487805
0.375 -0.00387345563262465 0.11125
0.390625 -0.00404826244427718 0.112520032051282
0.40625 -0.00422513694466691 0.113898026315789
0.421875 -0.00440425454505437 0.115392736486486
0.4375 -0.00458580507752781 0.117013888888889
0.453125 -0.00476999442039358 0.118772321428571
0.46875 -0.00495704635922261 0.120680147058824
0.484375 -0.00514720472578011 0.122750946969697
0.5 -0.00534073586616594 0.125
0.515625 -0.00553793150090614 0.127444556451613
0.53125 -0.00573911205414477 0.130104166666667
0.546875 -0.00594463054740422 0.133001077586207
0.5625 -0.00615487717684784 0.136160714285714
0.578125 -0.00637028472327615 0.139612268518519
0.59375 -0.00659133498354094 0.143389423076923
0.609375 -0.00681856646390346 0.14753125
0.625 -0.00705258364465171 0.152083333333333
0.640625 -0.00729406821752502 0.157099184782609
0.65625 -0.00754379282256217 0.162642045454545
0.671875 -0.00780263798265873 0.168787202380952
0.6875 -0.00807161317288073 0.175625
0.703125 -0.00835188329845772 0.183264802631579
0.71875 -0.00864480233819193 0.191840277777778
0.734375 -0.00895195661398887 0.201516544117647
0.75 -0.00927522119325755 0.2125
0.765625 -0.00961683451820389 0.225052083333333
0.78125 -0.00997949882150071 0.239508928571429
0.796875 -0.0103665178189279 0.256310096153846
0.8125 -0.0107819896257419 0.276041666666667
0.828125 -0.011231083809838 0.299502840909091
0.84375 -0.0117204508575119 0.3278125
0.859375 -0.012258848091216 0.362586805555556
0.875 -0.0128581357399274 0.40625
0.890625 -0.0135349414763279 0.462611607142857
0.90625 -0.0143136162954026 0.538020833333333
0.921875 -0.0152319080628043 0.64390625
0.9375 -0.0163530390869491 0.803125
0.953125 -0.0177954493029887 1.06901041666667
0.96875 -0.0198244269867271 1.6015625
0.984375 -0.0232753321154887 3.20078125
