0.015625 -0.000313740002480005 0.201599702380952
0.03125 -0.000630039067470006 0.203276209677419
0.046875 -0.000949020122171584 0.205033299180328
0.0625 -0.00127081218989166 0.206875
0.078125 -0.00159555079991134 0.20880561440678
0.09375 -0.00192337843239125 0.21082974137931
0.109375 -0.00225444500196982 0.212952302631579
0.125 -0.00258890838416438 0.215178571428571
0.140625 -0.00292693498920306 0.217514204545455
0.15625 -0.00326870038851036 0.219965277777778
0.171875 -0.00361438999975249 0.222538325471698
0.1875 -0.00396419983713644 0.225240384615385
0.203125 -0.00431833733456677 0.228079044117647
0.21875 -0.00467702225031814 0.2310625
0.234375 -0.00504048766310686 0.234199617346939
0.25 -0.00540898107087078 0.2375
0.265625 -0.00578276560523471 0.240974069148936
0.28125 -0.00616212137659214 0.244633152173913
0.296875 -0.00654734696703186 0.248489583333333
0.3125 -0.00693876109104942 0.252556818181818
0.328125 -0.00733670444719249 0.256849563953488
0.34375 -0.00774154178760388 0.261383928571429
0.359375 -0.00815366423697531 0.266177591463415
0.375 -0.00857349189787396 0.27125
0.390625 -0.00900147678595655 0.276622596153846
0.40625 -0.00943810614650074 0.282319078947369
0.421875 -0.00988390621328812 0.28836570945946
0.4375 -0.0103394464825834 0.294791666666667
0.453125 -0.0108053445893057 0.301629464285714
0.46875 -0.0112822718901678 0.308915441176471
0.484375 -0.0117709598804653 0.316690340909091
0.5 -0.0122722075984978 0.325
0.515625 -0.0127868902058434 0.333896169354839
0.53125 -0.0133159689749343 0.3434375
0.546875 -0.0138605029703377 0.353690732758621
0.5625 -0.0144216627805435 0.364732142857143
0.578125 -0.0150007467479534 0.376649305555556
0.59375 -0.0155992002631228 0.389543269230769
0.609375 -0.0162186388448354 0.40353125
0.625 -0.0168608759339551 0.41875
0.640625 -0.0175279566057001 0.435360054347826
0.65625 -0.0182221987801865 0.453551136363637
0.671875 -0.0189462440261012 0.473549107142857
0.6875 -0.0197031207686422 0.495625
0.703125 -0.0204963237234982 0.520106907894737
0.71875 -0.0213299148270758 0.547395833333334
0.734375 -0.0222086530450916 0.577987132352941
0.75 -0.0231381635797726 0.6125
0.765625 -0.0241251617577367 0.65171875
0.78125 -0.0251777542770021 0.696651785714286
0.796875 -0.0263058522849087 0.748617788461539
0.8125 -0.0275217501272256 0.809375
0.828125 -0.0288409565076391 0.881321022727273
0.84375 -0.0302834228850356 0.9678125
0.859375 -0.031875421226773 1.07369791666667
0.875 -0.0336525322197822 1.20625
0.890625 -0.0356646388821086 1.37689732142857
0.90625 -0.0379847941987077 1.6046875
0.921875 -0.040726241766538 1.92390625
0.9375 -0.0440786485108474 2.403125
0.953125 -0.0483973342370911 3.20234375
0.96875 -0.0544781637726814 4.8015625
0.984375 -0.0648272170495911 9.60078125
