0.015625 -3.81437560970825e-05 0.0238219246031746
0.03125 -7.44368481299991e-05 0.0226310483870968
0.046875 -0.000108858788231819 0.0214267418032787
0.0625 -0.000141388072518057 0.0202083333333333
0.078125 -0.000172002112775194 0.0189751059322034
0.09375 -0.000200677162309792 0.0177262931034483
0.109375 -0.00022738823534878 0.0164610745614035
0.125 -0.000252109019305937 0.0151785714285714
0.140625 -0.00027481177914324 0.0138778409090909
0.15625 -0.000295467252956607 0.0125578703703704
0.171875 -0.000314044537801669 0.011217570754717
0.1875 -0.000330510964643926 0.00985576923076923
0.203125 -0.000344831961165955 0.00847120098039215
0.21875 -0.000356970900988643 0.0070625
0.234375 -0.000366888937659274 0.0056281887755102
0.25 -0.000374544821521537 0.00416666666666666
0.265625 -0.000379894697304631 0.00267619680851064
0.28125 -0.000382891879942977 0.00115489130434782
0.296875 -0.000383486605755107 -0.000399305555555558
0.3125 -0.00038162575565843 -0.00198863636363637
0.328125 -0.000377252546561669 -0.0036155523255814
0.34375 -0.000370306186441021 -0.0052827380952381
0.359375 -0.000360721487847865 -0.00699314024390244
0.375 -0.000348428433687673 -0.00875
0.390625 -0.000333351688017658 -0.010556891025641
0.40625 -0.000315410043291543 -0.0124177631578947
0.421875 -0.000294515793879064 -0.0143369932432432
0.4375 -0.000270574023736096 -0.0163194444444444
0.453125 -0.000243481793709461 -0.0183705357142857
0.46875 -0.000213127211013693 -0.0204963235294118
0.484375 -0.000179388359766193 -0.0227035984848485
0.5 -0.000142132066917031 -0.025
0.515625 -0.000101212472203181 -0.0273941532258065
0.53125 -5.64693635526157e-05 -0.0298958333333333
0.546875 -7.72623020413736e-06 -0.0325161637931035
0.5625 4.52120259239192e-05 -0.0352678571428572
0.578125 0.000102561795231823 -0.0381655092592593
0.59375 0.000164563976145469 -0.0412259615384616
0.609375 0.000231487821795478 -0.04446875
0.625 0.000303635572325856 -0.0479166666666667
0.640625 0.000381348073606261 -0.0515964673913044
0.65625 0.000465011645656087 -0.0555397727272727
0.671875 0.000555066549923115 -0.0597842261904762
0.6875 0.000652017523940363 -0.064375
0.703125 0.000756447020322609 -0.0693667763157895
0.71875 0.000869032028470967 -0.0748263888888889
0.734375 0.000990565709338183 -0.0808363970588236
0.75 0.00112198559662877 -0.0875
0.765625 0.0012644109114457 -0.0949479166666667
0.78125 0.00141919277012536 -0.103348214285714
0.796875 0.0015879830305577 -0.112920673076923
0.8125 0.00177283075037094 -0.123958333333333
0.828125 0.00197632071351276 -0.136860795454545
0.84375 0.00220177816313094 -0.1521875
0.859375 0.00245358176045175 -0.170746527777778
0.875 0.00273766161996369 -0.19375
0.890625 0.00306233157800767 -0.223102678571429
0.90625 0.00343976713207629 -0.261979166666667
0.921875 0.00388884221499592 -0.31609375
0.9375 0.00444116798097457 -0.396875
0.953125 0.00515596439758809 -0.530989583333334
0.96875 0.00616587560273856 -0.7984375
0.984375 0.0078885815850881 -1.59921875
