0.015625 -1.84583099268738e-05 0.0111235119047619
0.03125 -3.47509753199986e-05 0.00972782258064516
0.046875 -4.8847264378979e-05 0.00831198770491803
0.0625 -6.07149212770859e-05 0.006875
0.078125 -7.03200636940404e-05 0.00541578389830508
0.09375 -7.76270715896885e-05 0.00393318965517241
0.109375 -8.259846630442e-05 0.00242598684210526
0.125 -8.5194778958905e-05 0.000892857142857142
0.140625 -8.53744069961095e-05 -0.000667613636363638
0.15625 -8.30934575599101e-05 -0.00225694444444445
0.171875 -7.83055762337536e-05 -0.00387676886792453
0.1875 -7.0961759465889e-05 -0.00552884615384616
0.203125 -6.1010148780183e-05 -0.00721507352941177
0.21875 -4.83958046079642e-05 -0.0089375
0.234375 -3.30604572701606e-05 -0.0106983418367347
0.25 -1.4942232282306e-05 -0.0125
0.265625 6.02465326180371e-06 -0.014345079787234
0.28125 2.99102269605345e-05 -0.0162364130434783
0.296875 5.67891343360901e-05 -0.0181770833333333
0.3125 8.67410540123545e-05 -0.0201704545454546
0.328125 0.000119851160626247 -0.0222202034883721
0.34375 0.000156210642213469 -0.0243303571428571
0.359375 0.000195917279946952 -0.0265053353658537
0.375 0.000239076099468491 -0.02875
0.390625 0.000285800104692263 -0.0310697115384615
0.40625 0.000336211106937686 -0.0334703947368421
0.421875 0.000390440664650155 -0.0359586148648649
0.4375 0.000448631151895856 -0.0385416666666667
0.453125 0.000510936977404559 -0.0412276785714286
0.46875 0.000577525980354461 -0.0440257352941177
0.484375 0.00064858103456946 -0.0469460227272727
0.5 0.000724301899624453 -0.05
0.515625 0.000804907365913978 -0.0532006048387097
0.53125 0.000890637751546076 -0.0565625
0.546875 0.000981757822662544 -0.0601023706896552
0.5625 0.00107856022638588 -0.0638392857142857
0.578125 0.00118136954831648 -0.0677951388888889
0.59375 0.0012905471360932 -0.0719951923076923
0.609375 0.00140649686941197 -0.07646875
0.625 0.00152967210848878 -0.08125
0.640625 0.00166058412212814 -0.0863790760869565
0.65625 0.00179981239035913 -0.0919034090909091
0.671875 0.00194801730535342 -0.0978794642857143
0.6875 0.00210595597341054 -0.104375
0.703125 0.00227450207345266 -0.111472039473684
0.71875 0.00245467108958145 -0.119270833333333
0.734375 0.00264765276322602 -0.127895220588235
0.75 0.00285485339494316 -0.1375
0.765625 0.00307795181638729 -0.14828125
0.78125 0.00331897470206304 -0.160491071428571
0.796875 0.0035803998388053 -0.174459134615385
0.8125 0.00386530081305641 -0.190625
0.828125 0.00417755480073789 -0.209588068181818
0.84375 0.00452214966657141 -0.2321875
0.859375 0.00490565340239637 -0.259635416666667
0.875 0.00533696117994554 -0.29375
0.890625 0.00582854375373026 -0.337388392857143
0.90625 0.00639866436998943 -0.3953125
0.921875 0.00707563392796263 -0.47609375
0.9375 0.00790686915896186 -0.596875
0.953125 0.00898120001435089 -0.79765625
0.96875 0.0104975927009828 -1.1984375
0.984375 0.0130825672018509 -2.39921875
