0.015625 0.000127213991732671 -0.0828447420634921
0.03125 0.000258924483474005 -0.0857560483870968
0.046875 0.00039523801213204 -0.0887371926229508
0.0625 0.000536266397906102 -0.0917916666666667
0.078125 0.000682127099506493 -0.0949231991525424
0.09375 0.00083294359973908 -0.098135775862069
0.109375 0.000988845824623844 -0.101433662280702
0.125 0.00114997059960913 -0.104821428571429
0.140625 0.00131646214689265 -0.108303977272727
0.15625 0.00148847262837565 -0.111886574074074
0.171875 0.00166616273936882 -0.115574882075472
0.1875 0.00184970235885159 -0.119375
0.203125 0.00203927126287453 -0.123293504901961
0.21875 0.00223505990860906 -0.1273375
0.234375 0.00243727029760928 -0.131514668367347
0.25 0.00264611692808801 -0.135833333333333
0.265625 0.00286182784745342 -0.140302526595745
0.28125 0.00308464581804652 -0.144932065217391
0.296875 0.00331482961101095 -0.149732638888889
0.3125 0.00355265544557616 -0.154715909090909
0.328125 0.00379841859381682 -0.159894622093023
0.34375 0.00405243517425669 -0.165282738095238
0.359375 0.0043150441616286 -0.170895579268293
0.375 0.0045866096448241 -0.17675
0.390625 0.00486752337074568 -0.182864583333333
0.40625 0.00515820761863398 -0.189259868421053
0.421875 0.00545911845776637 -0.195958614864865
0.4375 0.0057707494515723 -0.202986111111111
0.453125 0.0060936358836483 -0.210370535714286
0.46875 0.0064283595964788 -0.218143382352941
0.484375 0.0067755545526533 -0.226339962121212
0.5 0.00713591325203144 -0.235
0.515625 0.00751019416798096 -0.244168346774194
0.53125 0.0078992304032764 -0.253895833333333
0.546875 0.00830393981387599 -0.264240301724138
0.5625 0.00872533690980438 -0.275267857142857
0.578125 0.00916454692114298 -0.287054398148148
0.59375 0.00962282251970644 -0.2996875
0.609375 0.010101563821774 -0.31326875
0.625 0.0106023424760945 -0.327916666666667
0.640625 0.0111269308811901 -0.343770380434783
0.65625 0.0116773379011617 -0.360994318181818
0.671875 0.0122558528955377 -0.379784226190476
0.6875 0.0128651004994899 -0.400375
0.703125 0.0135081094666151 -0.423050986842105
0.71875 0.014188400141799 -0.448159722222222
0.734375 0.0149100969619961 -0.476130514705882
0.75 0.0156780751024696 -0.5075
0.765625 0.0164981545129551 -0.542947916666667
0.78125 0.0173773609984019 -0.583348214285714
0.796875 0.0183242842198375 -0.62984375
0.8125 0.0193495792769289 -0.683958333333333
0.828125 0.0204666870462039 -0.747769886363636
0.84375 0.0216928987920309 -0.8241875
0.859375 0.0230509835527866 -0.917413194444444
0.875 0.0245717779238112 -1.03375
0.890625 0.0262985138540774 -1.18310267857143
0.90625 0.0282945039305467 -1.38197916666667
0.921875 0.0306578926039163 -1.66009375
0.9375 0.0335530578760678 -2.076875
0.953125 0.0372879435783956 -2.77098958333333
0.96875 0.0425522992279905 -4.1584375
0.984375 0.0515180607658956 -8.31921875
