0.015625 4.8472207051836e-05 -0.0320510912698413
0.03125 0.000100180992234003 -0.0341431451612903
0.046875 0.000155191916720678 -0.0362781762295082
0.0625 0.000213573792942217 -0.0384583333333333
0.078125 0.000275398903181881 -0.0406859110169491
0.09375 0.000340743236858665 -0.0429633620689655
0.109375 0.000409686748446404 -0.0452933114035088
0.125 0.000482313638221003 -0.0476785714285714
0.140625 0.000558712658304133 -0.0501221590909091
0.15625 0.000638977446788858 -0.0526273148148148
0.171875 0.000723206893097159 -0.0551975235849056
0.1875 0.000811505538139437 -0.0578365384615384
0.203125 0.000903984013331443 -0.0605484068627451
0.21875 0.00100075952308634 -0.0633375
0.234375 0.00110195637605282 -0.0662085459183673
0.25 0.00120770657113108 -0.0691666666666667
0.265625 0.00131815044518768 -0.0722174202127659
0.28125 0.00143343739043247 -0.0753668478260869
0.296875 0.00155372665064616 -0.0786215277777778
0.3125 0.00167918820689302 -0.0819886363636364
0.328125 0.00181000376506516 -0.0854760174418605
0.34375 0.00194636785963873 -0.0890922619047619
0.359375 0.00208848909044933 -0.0928467987804878
0.375 0.00223659151219945 -0.09675
0.390625 0.00239091619990599 -0.100813301282051
0.40625 0.00255172301771706 -0.105049342105263
0.421875 0.0027192926236495 -0.109472128378378
0.4375 0.00289392874904449 -0.114097222222222
0.453125 0.00307596079919222 -0.118941964285714
0.46875 0.00326574683100618 -0.124025735294118
0.484375 0.00346367697531068 -0.129370265151515
0.5 0.0036701773858655 -0.135
0.515625 0.00388571481551232 -0.140942540322581
0.53125 0.00411080194288163 -0.147229166666667
0.546875 0.00434600360240926 -0.153895474137931
0.5625 0.00459194410795654 -0.160982142857143
0.578125 0.00484931590880433 -0.16853587962963
0.59375 0.0051188898799155 -0.176610576923077
0.609375 0.00540152763130803 -0.18526875
0.625 0.00569819633144274 -0.194583333333333
0.640625 0.00600998668710253 -0.204639945652174
0.65625 0.00633813492234948 -0.215539772727273
0.671875 0.00668404987381647 -0.227403273809524
0.6875 0.00704934670160916 -0.240375
0.703125 0.00743588925409485 -0.254629934210526
0.71875 0.00784584389735709 -0.270381944444444
0.734375 0.00828174874644469 -0.287895220588235
0.75 0.00874660390921207 -0.3075
0.765625 0.00924399089318873 -0.329614583333333
0.78125 0.00977823327065114 -0.354776785714286
0.796875 0.0103546169868471 -0.383689903846154
0.8125 0.010979699026187 -0.417291666666667
0.828125 0.0116617506973033 -0.456860795454545
0.84375 0.012411412778269 -0.5041875
0.859375 0.0132426969850081 -0.561857638888889
0.875 0.0141745796838838 -0.63375
0.890625 0.0152336651511871 -0.725959821428571
0.90625 0.0164589149788941 -0.848645833333333
0.921875 0.0179107257520494 -1.02009375
0.9375 0.0196902531641186 -1.276875
0.953125 0.0219870011113444 -1.70432291666667
0.96875 0.0252254308350134 -2.5584375
0.984375 0.0307421182988444 -5.11921875
