0.015625 -7.74954243689744e-05 0.0492063492063492
0.03125 -0.000153769838014834 0.0484248991935484
0.046875 -0.000228823230933738 0.0476434426229508
0.0625 -0.000302655592625741 0.0468619791666667
0.078125 -0.000375266912061444 0.0460805084745763
0.09375 -0.000446657177645781 0.0452990301724138
0.109375 -0.000516826377178668 0.0445175438596491
0.125 -0.000585774497812161 0.0437360491071429
0.140625 -0.000653501526003763 0.0429545454545455
0.15625 -0.000720007447465433 0.0421730324074074
0.171875 -0.000785292247107844 0.0413915094339623
0.1875 -0.000849355908979318 0.0406099759615385
0.203125 -0.000912198416198842 0.039828431372549
0.21875 -0.000973819750882441 0.039046875
0.234375 -0.00103421989406212 0.038265306122449
0.25 -0.00109339882559645 0.0374837239583333
0.265625 -0.00115135652407171 0.0367021276595745
0.28125 -0.00120809296669248 0.0359205163043478
0.296875 -0.00126360812916007 0.0351388888888889
0.3125 -0.00131790198553743 0.0343572443181818
0.328125 -0.00137097450809845 0.0335755813953488
0.34375 -0.00142282566715952 0.0327938988095238
0.359375 -0.00147345543089083 0.0320121951219512
0.375 -0.00152286376510434 0.03123046875
0.390625 -0.00157105063301493 0.0304487179487179
0.40625 -0.00161801599497048 0.0296669407894737
0.421875 -0.00166375980814597 0.0288851351351351
0.4375 -0.00170828202619567 0.0281032986111111
0.453125 -0.00175158259885633 0.0273214285714286
0.46875 -0.0017936614714928 0.0265395220588235
0.484375 -0.00183451858457584 0.0257575757575758
0.5 -0.00187415387307955 0.0249755859375
0.515625 -0.00191256726578309 0.0241935483870968
0.53125 -0.00194975868445791 0.0234114583333333
0.546875 -0.00198572804291712 0.0226293103448276
0.5625 -0.00202047524589799 0.0218470982142857
0.578125 -0.00205400018774113 0.0210648148148148
0.59375 -0.00208630275082036 0.0202824519230769
0.609375 -0.00211738280366444 0.0195
0.625 -0.00214724019869515 0.0187174479166667
0.640625 -0.00217587476948387 0.0179347826086957
0.65625 -0.00220328632739775 0.0171519886363636
0.671875 -0.0022294746574654 0.0163690476190476
0.6875 -0.00225443951323294 0.0155859375
0.703125 -0.00227818061029968 0.0148026315789474
0.71875 -0.00230069761810438 0.0140190972222222
0.734375 -0.00232199014936144 0.0132352941176471
0.75 -0.00234205774629071 0.012451171875
0.765625 -0.00236089986239752 0.0116666666666667
0.78125 -0.00237851583795709 0.0108816964285714
0.796875 -0.0023949048663982 0.0100961538461539
0.8125 -0.00241006594720441 0.00930989583333334
0.828125 -0.00242399781827419 0.00852272727272728
0.84375 -0.00243669885595367 0.00773437500000001
0.859375 -0.00244816692222466 0.00694444444444446
0.875 -0.00245839912152345 0.00615234375000001
0.890625 -0.00246739139435965 0.00535714285714287
0.90625 -0.0024751377956661 0.00455729166666668
0.921875 -0.00248162910965531 0.00375000000000002
0.9375 -0.00248684990119337 0.00292968750000003
0.953125 -0.0024907712542805 0.00208333333333337
0.96875 -0.00249332840127125 0.00117187500000005
0.984375 -0.00249431739685863 1.00180280737661e-16
